2024-11-17 15:12:09,921 [INFO] Activator:176 - 


2024-11-17 15:12:09,927 [INFO] Activator:177 - !SESSION log4j initialized
2024-11-17 15:12:15,409 [INFO] LogOutputStream:77 - [STDOUT_REDIRECT] 
2024-11-17 15:12:16,209 [ERROR] LogOutputStream:75 - [STDERR_REDIRECT] 
2024-11-17 15:12:20,300 [INFO] LogOutputStream:77 - [STDOUT_REDIRECT] 
2024-11-17 15:12:21,636 [INFO] ApplicationProperties:184 - Using Application install path: /Applications/STM32CubeIDE.app/Contents/Eclipse/plugins/com.st.stm32cube.common.mx_6.12.1.202409122256
2024-11-17 15:12:21,650 [INFO] DbMcusXml:78 - Set database path to: /Applications/STM32CubeIDE.app/Contents/Eclipse/plugins/com.st.stm32cube.common.mx_6.12.1.202409122256//db//mcu/
2024-11-17 15:12:21,650 [INFO] ApiDb:274 - Set plugin database path to: /Applications/STM32CubeIDE.app/Contents/Eclipse/plugins/com.st.stm32cube.common.mx_6.12.1.202409122256//db//plugins/boardmanager/
2024-11-17 15:12:21,651 [WARN] ApiDb:259 - Overriding images path with different value:  => /Applications/STM32CubeIDE.app/Contents/Eclipse/plugins/com.st.stm32cube.common.mx_6.12.1.202409122256//db//plugins/mcufinder/images/
2024-11-17 15:12:21,658 [INFO] ApiDb:250 - Set database path to: /var/root/.stmcufinder/plugins/mcufinder//mcu/
2024-11-17 15:12:21,659 [INFO] DbMcusAds:125 - Set database path to: /var/root/.stmcufinder/plugins/mcufinder//mcu/
2024-11-17 15:12:21,661 [INFO] CrossReferenceDbSqlite:203 - Set database path to: /var/root/.stmcufinder/plugins/mcufinder//mcu/cs/
2024-11-17 15:12:21,800 [INFO] RulesReader:64 - Compatibility file has been processed (297 Rules)
2024-11-17 15:12:21,859 [INFO] DbMcusXml:78 - Set database path to: /Applications/STM32CubeIDE.app/Contents/Eclipse/plugins/com.st.stm32cube.common.mx_6.12.1.202409122256//db//mcu/
2024-11-17 15:12:21,859 [INFO] ApiDb:274 - Set plugin database path to: /Applications/STM32CubeIDE.app/Contents/Eclipse/plugins/com.st.stm32cube.common.mx_6.12.1.202409122256//db//plugins/boardmanager/
2024-11-17 15:12:21,859 [INFO] ApiDb:261 - Set plugin images path to: /Applications/STM32CubeIDE.app/Contents/Eclipse/plugins/com.st.stm32cube.common.mx_6.12.1.202409122256//db//plugins/mcufinder/images/
2024-11-17 15:12:21,859 [WARN] DbFile:41 - Overriding database path with different value: /var/root/.stmcufinder/plugins/mcufinder/ => /var/root/.stmcufinder/plugins/mcufinder
2024-11-17 15:12:21,859 [INFO] ApiDb:250 - Set database path to: /var/root/.stmcufinder/plugins/mcufinder//mcu/
2024-11-17 15:12:21,860 [WARN] DbFile:41 - Overriding database path with different value: /var/root/.stmcufinder/plugins/mcufinder/ => /var/root/.stmcufinder/plugins/mcufinder
2024-11-17 15:12:21,860 [INFO] DbMcusAds:125 - Set database path to: /var/root/.stmcufinder/plugins/mcufinder//mcu/
2024-11-17 15:12:21,860 [WARN] DbFile:41 - Overriding database path with different value: /var/root/.stmcufinder/plugins/mcufinder/ => /var/root/.stmcufinder/plugins/mcufinder
2024-11-17 15:12:21,860 [WARN] DbFile:41 - Overriding database path with different value: /var/root/.stmcufinder/plugins/mcufinder/ => /var/root/.stmcufinder/plugins/mcufinder
2024-11-17 15:12:21,860 [INFO] CrossReferenceDbSqlite:203 - Set database path to: /var/root/.stmcufinder/plugins/mcufinder//mcu/cs/
2024-11-17 15:12:21,960 [INFO] MainPanel:268 - HeapMemory: 268435456
2024-11-17 15:12:22,604 [INFO] DbMcusXml:78 - Set database path to: /Applications/STM32CubeIDE.app/Contents/Eclipse/plugins/com.st.stm32cube.common.mx_6.12.1.202409122256//db//mcu/
2024-11-17 15:12:22,605 [INFO] ApiDb:274 - Set plugin database path to: /Applications/STM32CubeIDE.app/Contents/Eclipse/plugins/com.st.stm32cube.common.mx_6.12.1.202409122256//db//plugins/boardmanager/
2024-11-17 15:12:22,606 [INFO] ApiDb:261 - Set plugin images path to: /Applications/STM32CubeIDE.app/Contents/Eclipse/plugins/com.st.stm32cube.common.mx_6.12.1.202409122256//db//plugins/mcufinder/images/
2024-11-17 15:12:22,607 [WARN] DbFile:41 - Overriding database path with different value: /var/root/.stmcufinder/plugins/mcufinder/ => /var/root/.stmcufinder/plugins/mcufinder
2024-11-17 15:12:22,607 [INFO] ApiDb:250 - Set database path to: /var/root/.stmcufinder/plugins/mcufinder//mcu/
2024-11-17 15:12:22,607 [WARN] DbFile:41 - Overriding database path with different value: /var/root/.stmcufinder/plugins/mcufinder/ => /var/root/.stmcufinder/plugins/mcufinder
2024-11-17 15:12:22,607 [INFO] DbMcusAds:125 - Set database path to: /var/root/.stmcufinder/plugins/mcufinder//mcu/
2024-11-17 15:12:22,607 [WARN] DbFile:41 - Overriding database path with different value: /var/root/.stmcufinder/plugins/mcufinder/ => /var/root/.stmcufinder/plugins/mcufinder
2024-11-17 15:12:22,607 [WARN] DbFile:41 - Overriding database path with different value: /var/root/.stmcufinder/plugins/mcufinder/ => /var/root/.stmcufinder/plugins/mcufinder
2024-11-17 15:12:22,607 [INFO] CrossReferenceDbSqlite:203 - Set database path to: /var/root/.stmcufinder/plugins/mcufinder//mcu/cs/
2024-11-17 15:12:22,632 [INFO] ApplicationProperties:184 - Using Application install path: /Applications/STM32CubeIDE.app/Contents/Eclipse/plugins/com.st.stm32cube.common.mx_6.12.1.202409122256
2024-11-17 15:12:22,633 [INFO] PluginManage:196 - Search for loadable plugins [exclusion list=, ]
2024-11-17 15:12:22,636 [INFO] PluginManage:310 - Check plugin analytics
2024-11-17 15:12:22,872 [INFO] AnalyticsPlugin:253 - Accepted Software Licenses: 
2024-11-17 15:12:22,873 [INFO] AnalyticsPlugin:255 - Accepted CMSIS Pack Licenses: 
2024-11-17 15:12:22,873 [INFO] AnalyticsPlugin:257 - Accepted Firmware Licenses: 
2024-11-17 15:12:22,887 [INFO] PluginManage:359 - Loaded plugin analytics (category:tool,tabindex:-1)
2024-11-17 15:12:22,888 [INFO] PluginManage:310 - Check plugin cadmodel
2024-11-17 15:12:22,902 [INFO] CADModel:105 - Init CAD model plugin
2024-11-17 15:12:22,902 [INFO] PluginManage:359 - Loaded plugin cadmodel (category:power,tabindex:5)
2024-11-17 15:12:22,902 [INFO] PluginManage:310 - Check plugin clock
2024-11-17 15:12:22,913 [INFO] PluginManage:359 - Loaded plugin clock (category:base,tabindex:2)
2024-11-17 15:12:22,913 [INFO] PluginManage:310 - Check plugin ddr
2024-11-17 15:12:22,914 [INFO] PluginManage:359 - Loaded plugin ddr (category:tool,tabindex:6)
2024-11-17 15:12:22,915 [INFO] PluginManage:310 - Check plugin filemanager
2024-11-17 15:12:23,068 [INFO] PluginManage:359 - Loaded plugin filemanager (category:base,tabindex:10)
2024-11-17 15:12:23,069 [INFO] PluginManage:310 - Check plugin ipmanager
2024-11-17 15:12:23,076 [INFO] PluginManage:359 - Loaded plugin ipmanager (category:base,tabindex:5)
2024-11-17 15:12:23,076 [INFO] PluginManage:310 - Check plugin lpbam
2024-11-17 15:12:23,086 [INFO] PluginManage:359 - Loaded plugin lpbam (category:base,tabindex:0)
2024-11-17 15:12:23,086 [INFO] PluginManage:310 - Check plugin memorymap
2024-11-17 15:12:23,098 [INFO] PluginManage:359 - Loaded plugin memorymap (category:base,tabindex:4)
2024-11-17 15:12:23,098 [INFO] PluginManage:310 - Check plugin pinoutandconfiguration
2024-11-17 15:12:23,105 [INFO] PluginManage:359 - Loaded plugin pinoutandconfiguration (category:base,tabindex:1)
2024-11-17 15:12:23,106 [INFO] PluginManage:310 - Check plugin pinoutconfig
2024-11-17 15:12:23,191 [WARN] SupportedApi:132 - Cannot load RTOS API schema: s4s-elt-must-match.1: The content of 'definitions' must match (annotation?, (simpleType | complexType)?, (unique | key | keyref)*)). A problem was found starting at: attribute.
2024-11-17 15:12:23,393 [INFO] PluginManage:359 - Loaded plugin pinoutconfig (category:base,tabindex:0)
2024-11-17 15:12:23,393 [INFO] PluginManage:310 - Check plugin power
2024-11-17 15:12:23,413 [INFO] PluginManage:359 - Loaded plugin power (category:power,tabindex:4)
2024-11-17 15:12:23,413 [INFO] PluginManage:310 - Check plugin projectmanager
2024-11-17 15:12:23,460 [INFO] PluginManage:359 - Loaded plugin projectmanager (category:projectmanager,tabindex:4)
2024-11-17 15:12:23,461 [INFO] PluginManage:310 - Check plugin rif
2024-11-17 15:12:23,465 [INFO] PluginManage:359 - Loaded plugin rif (category:base,tabindex:3)
2024-11-17 15:12:23,465 [INFO] PluginManage:310 - Check plugin thirdparty
2024-11-17 15:12:23,855 [INFO] PluginManage:359 - Loaded plugin thirdparty (category:base,tabindex:-1)
2024-11-17 15:12:23,859 [INFO] PluginManage:310 - Check plugin tools
2024-11-17 15:12:23,855 [WARN] IntegrityCheckThread:84 - waiting for thirdparty lock release [integrity check]
2024-11-17 15:12:23,863 [INFO] IntegrityCheckThread:86 - entering critical section [integrity check]
2024-11-17 15:12:23,865 [INFO] ThirdPartyUpdaterWithRetryManager:70 - Updater plugin not ready yet. [1/15]
2024-11-17 15:12:23,867 [INFO] PluginManage:359 - Loaded plugin tools (category:base,tabindex:7)
2024-11-17 15:12:23,867 [INFO] PluginManage:310 - Check plugin tutovideos
2024-11-17 15:12:24,031 [INFO] PluginManage:359 - Loaded plugin tutovideos (category:base,tabindex:-1)
2024-11-17 15:12:24,031 [INFO] PluginManage:310 - Check plugin updater
2024-11-17 15:12:24,056 [INFO] PluginManage:359 - Loaded plugin updater (category:base,tabindex:12)
2024-11-17 15:12:24,057 [INFO] PluginManage:310 - Check plugin userauth
2024-11-17 15:12:24,066 [INFO] UserAuth:113 - Init User Auth plugin
2024-11-17 15:12:24,066 [INFO] PluginManage:359 - Loaded plugin userauth (category:base,tabindex:14)
2024-11-17 15:12:24,067 [INFO] PluginManage:283 - PluginManage : Loaded plugins [18]
2024-11-17 15:12:24,432 [INFO] PinOutPanel:1561 - setPackage(No Configuration,No Configuration)
2024-11-17 15:12:24,511 [INFO] CADModel:165 - CPN selected for project level
2024-11-17 15:12:24,511 [INFO] CADModel:114 - Register for checkConnection events
2024-11-17 15:12:24,527 [INFO] IPUIPlugin:80 - create IPUIPlugin
2024-11-17 15:12:24,528 [INFO] PluginManager:220 - loadIPPluginJar : add mdma
2024-11-17 15:12:24,533 [INFO] IPUIPlugin:80 - create IPUIPlugin
2024-11-17 15:12:24,534 [INFO] PluginManager:220 - loadIPPluginJar : add freertos
2024-11-17 15:12:24,537 [INFO] IPUIPlugin:80 - create IPUIPlugin
2024-11-17 15:12:24,538 [INFO] PluginManager:220 - loadIPPluginJar : add gic
2024-11-17 15:12:24,545 [INFO] IPUIPlugin:80 - create IPUIPlugin
2024-11-17 15:12:24,545 [INFO] PluginManager:220 - loadIPPluginJar : add adc
2024-11-17 15:12:24,546 [INFO] IPUIPlugin:80 - create IPUIPlugin
2024-11-17 15:12:24,546 [INFO] PluginManager:220 - loadIPPluginJar : add gtzc
2024-11-17 15:12:24,547 [INFO] IPUIPlugin:80 - create IPUIPlugin
2024-11-17 15:12:24,547 [INFO] PluginManager:220 - loadIPPluginJar : add quadspi
2024-11-17 15:12:24,549 [INFO] IPUIPlugin:80 - create IPUIPlugin
2024-11-17 15:12:24,549 [INFO] PluginManager:220 - loadIPPluginJar : add aes
2024-11-17 15:12:24,550 [INFO] IPUIPlugin:80 - create IPUIPlugin
2024-11-17 15:12:24,550 [INFO] PluginManager:220 - loadIPPluginJar : add pdm2pcm
2024-11-17 15:12:24,551 [INFO] IPUIPlugin:80 - create IPUIPlugin
2024-11-17 15:12:24,551 [INFO] PluginManager:220 - loadIPPluginJar : add hash
2024-11-17 15:12:24,553 [INFO] IPUIPlugin:80 - create IPUIPlugin
2024-11-17 15:12:24,553 [INFO] PluginManager:220 - loadIPPluginJar : add tim
2024-11-17 15:12:24,554 [INFO] IPUIPlugin:80 - create IPUIPlugin
2024-11-17 15:12:24,554 [INFO] PluginManager:220 - loadIPPluginJar : add tsc
2024-11-17 15:12:24,556 [INFO] IPUIPlugin:80 - create IPUIPlugin
2024-11-17 15:12:24,556 [INFO] PluginManager:220 - loadIPPluginJar : add extmemmanager
2024-11-17 15:12:24,558 [INFO] IPUIPlugin:80 - create IPUIPlugin
2024-11-17 15:12:24,558 [INFO] PluginManager:220 - loadIPPluginJar : add ts
2024-11-17 15:12:24,560 [INFO] IPUIPlugin:80 - create IPUIPlugin
2024-11-17 15:12:24,560 [INFO] PluginManager:220 - loadIPPluginJar : add radio
2024-11-17 15:12:24,562 [INFO] IPUIPlugin:80 - create IPUIPlugin
2024-11-17 15:12:24,562 [INFO] PluginManager:220 - loadIPPluginJar : add can
2024-11-17 15:12:24,563 [INFO] IPUIPlugin:80 - create IPUIPlugin
2024-11-17 15:12:24,563 [INFO] PluginManager:220 - loadIPPluginJar : add dma3
2024-11-17 15:12:24,564 [INFO] IPUIPlugin:80 - create IPUIPlugin
2024-11-17 15:12:24,564 [INFO] PluginManager:220 - loadIPPluginJar : add dfsdm
2024-11-17 15:12:24,565 [INFO] IPUIPlugin:80 - create IPUIPlugin
2024-11-17 15:12:24,565 [INFO] PluginManager:220 - loadIPPluginJar : add spi
2024-11-17 15:12:24,566 [INFO] IPUIPlugin:80 - create IPUIPlugin
2024-11-17 15:12:24,566 [INFO] PluginManager:220 - loadIPPluginJar : add gfxmmu
2024-11-17 15:12:24,568 [INFO] IPUIPlugin:80 - create IPUIPlugin
2024-11-17 15:12:24,568 [INFO] PluginManager:220 - loadIPPluginJar : add genericplugin
2024-11-17 15:12:24,569 [INFO] IPUIPlugin:80 - create IPUIPlugin
2024-11-17 15:12:24,569 [INFO] PluginManager:220 - loadIPPluginJar : add cryp
2024-11-17 15:12:24,573 [INFO] IPUIPlugin:80 - create IPUIPlugin
2024-11-17 15:12:24,573 [INFO] PluginManager:220 - loadIPPluginJar : add gpio
2024-11-17 15:12:24,575 [INFO] IPUIPlugin:80 - create IPUIPlugin
2024-11-17 15:12:24,575 [INFO] PluginManager:220 - loadIPPluginJar : add ddr_ctrl_phy
2024-11-17 15:12:24,576 [INFO] IPUIPlugin:80 - create IPUIPlugin
2024-11-17 15:12:24,576 [INFO] PluginManager:220 - loadIPPluginJar : add comp
2024-11-17 15:12:24,578 [INFO] IPUIPlugin:80 - create IPUIPlugin
2024-11-17 15:12:24,579 [INFO] PluginManager:220 - loadIPPluginJar : add tracer_emb
2024-11-17 15:12:24,581 [INFO] IPUIPlugin:80 - create IPUIPlugin
2024-11-17 15:12:24,581 [INFO] PluginManager:220 - loadIPPluginJar : add openamp
2024-11-17 15:12:24,584 [INFO] IPUIPlugin:80 - create IPUIPlugin
2024-11-17 15:12:24,584 [INFO] PluginManager:220 - loadIPPluginJar : add stm32_wpan
2024-11-17 15:12:24,587 [INFO] IPUIPlugin:80 - create IPUIPlugin
2024-11-17 15:12:24,596 [INFO] PluginManager:220 - loadIPPluginJar : add plateformsettings
2024-11-17 15:12:24,599 [INFO] IPUIPlugin:80 - create IPUIPlugin
2024-11-17 15:12:24,599 [INFO] PluginManager:220 - loadIPPluginJar : add ipddr
2024-11-17 15:12:24,603 [INFO] IPUIPlugin:80 - create IPUIPlugin
2024-11-17 15:12:24,603 [INFO] PluginManager:220 - loadIPPluginJar : add usart
2024-11-17 15:12:24,604 [INFO] IPUIPlugin:80 - create IPUIPlugin
2024-11-17 15:12:24,604 [INFO] PluginManager:220 - loadIPPluginJar : add ltdc
2024-11-17 15:12:24,606 [INFO] IPUIPlugin:80 - create IPUIPlugin
2024-11-17 15:12:24,606 [INFO] PluginManager:220 - loadIPPluginJar : add nvic
2024-11-17 15:12:24,607 [INFO] IPUIPlugin:80 - create IPUIPlugin
2024-11-17 15:12:24,607 [INFO] PluginManager:220 - loadIPPluginJar : add fatfs
2024-11-17 15:12:24,611 [INFO] IPUIPlugin:80 - create IPUIPlugin
2024-11-17 15:12:24,611 [INFO] PluginManager:220 - loadIPPluginJar : add linkedlist
2024-11-17 15:12:24,615 [INFO] IPUIPlugin:80 - create IPUIPlugin
2024-11-17 15:12:24,615 [INFO] PluginManager:220 - loadIPPluginJar : add dma
2024-11-17 15:12:24,617 [INFO] IPUIPlugin:80 - create IPUIPlugin
2024-11-17 15:12:24,617 [INFO] PluginManager:220 - loadIPPluginJar : add fmc
2024-11-17 15:12:24,619 [INFO] IPUIPlugin:80 - create IPUIPlugin
2024-11-17 15:12:24,619 [INFO] PluginManager:220 - loadIPPluginJar : add i2s
2024-11-17 15:12:24,620 [INFO] IPUIPlugin:80 - create IPUIPlugin
2024-11-17 15:12:24,620 [INFO] PluginManager:220 - loadIPPluginJar : add ucpd
2024-11-17 15:12:24,622 [INFO] IPUIPlugin:80 - create IPUIPlugin
2024-11-17 15:12:24,622 [INFO] PluginManager:220 - loadIPPluginJar : add lorawan
2024-11-17 15:12:24,624 [INFO] IPUIPlugin:80 - create IPUIPlugin
2024-11-17 15:12:24,624 [INFO] PluginManager:220 - loadIPPluginJar : add opamp
2024-11-17 15:12:24,625 [INFO] IPUIPlugin:80 - create IPUIPlugin
2024-11-17 15:12:24,626 [INFO] PluginManager:220 - loadIPPluginJar : add i3c
2024-11-17 15:12:24,627 [INFO] IPUIPlugin:80 - create IPUIPlugin
2024-11-17 15:12:24,627 [INFO] PluginManager:220 - loadIPPluginJar : add touchsensing
2024-11-17 15:12:24,629 [INFO] IPUIPlugin:80 - create IPUIPlugin
2024-11-17 15:12:24,629 [INFO] PluginManager:220 - loadIPPluginJar : add i2c
2024-11-17 15:12:24,630 [INFO] IPUIPlugin:80 - create IPUIPlugin
2024-11-17 15:12:24,630 [INFO] PluginManager:220 - loadIPPluginJar : add resmgrutility
2024-11-17 15:12:24,632 [INFO] IPUIPlugin:80 - create IPUIPlugin
2024-11-17 15:12:24,632 [INFO] PluginManager:220 - loadIPPluginJar : add sai
2024-11-17 15:12:24,633 [INFO] IPUIPlugin:80 - create IPUIPlugin
2024-11-17 15:12:24,633 [INFO] PluginManager:220 - loadIPPluginJar : add usbx
2024-11-17 15:12:24,758 [INFO] CADModel:165 - CPN selected for project level
2024-11-17 15:12:24,758 [INFO] CADModel:114 - Register for checkConnection events
2024-11-17 15:12:24,759 [FATAL] Updater:334 - Updater called before beeing initialized
2024-11-17 15:12:24,759 [ERROR] CADModel:125 - Updater not yet initialized, retry later 
2024-11-17 15:12:24,974 [INFO] CADModel:165 - CPN selected for project level
2024-11-17 15:12:24,974 [INFO] CADModel:114 - Register for checkConnection events
2024-11-17 15:12:24,974 [FATAL] Updater:334 - Updater called before beeing initialized
2024-11-17 15:12:24,974 [ERROR] CADModel:125 - Updater not yet initialized, retry later 
2024-11-17 15:12:24,977 [FATAL] Updater:334 - Updater called before beeing initialized
2024-11-17 15:12:25,148 [FATAL] Updater:334 - Updater called before beeing initialized
2024-11-17 15:12:25,154 [INFO] DbMcusAds:53 - JSON generation date=Fri Sep 20 09:04:38 EDT 2024 (1726837478367)
2024-11-17 15:12:25,155 [FATAL] Updater:334 - Updater called before beeing initialized
2024-11-17 15:12:25,221 [WARN] DetailPanel:346 - Failed to get advertising image, set to default
2024-11-17 15:12:25,290 [FATAL] Updater:334 - Updater called before beeing initialized
2024-11-17 15:12:25,291 [FATAL] Updater:334 - Updater called before beeing initialized
2024-11-17 15:12:25,291 [FATAL] Updater:334 - Updater called before beeing initialized
2024-11-17 15:12:25,291 [WARN] DetailPanel:346 - Failed to get advertising image, set to default
2024-11-17 15:12:25,292 [FATAL] Updater:334 - Updater called before beeing initialized
2024-11-17 15:12:25,358 [ERROR] Updater:1164 - MainUpdater not yet initialized. External WinMGr cannot be set.
2024-11-17 15:12:25,365 [INFO] Updater:1100 - Updater Version found : 6.12.1
2024-11-17 15:12:25,377 [INFO] ApplicationProperties:184 - Using Application install path: /Applications/STM32CubeIDE.app/Contents/Eclipse/plugins/com.st.stm32cube.common.mx_6.12.1.202409122256
2024-11-17 15:12:25,696 [INFO] MainUpdater:2873 - connection check result : 10
2024-11-17 15:12:25,697 [INFO] MainUpdater:290 - Updater Check For Update Now.
2024-11-17 15:12:25,697 [INFO] MicroXplorer:498 - Change Database Version : DB.6.0.121
2024-11-17 15:12:25,705 [INFO] McuFinderGlobals:63 - Set McuFinder mode to 2 (CubeIDE integrated)
2024-11-17 15:12:25,707 [INFO] UserAuth:417 - Internet connection configuration mode: 1
2024-11-17 15:12:25,719 [INFO] JxBrowserEngine:152 - Initiate JxBrowser Engine with user profile folder
2024-11-17 15:12:25,971 [INFO] CheckServerUpdateThread:120 - End of CheckServer Thread
2024-11-17 15:12:27,039 [WARN] PackLoader:240 - Cannot read IP mode file for STMicroelectronics.FP-SNS-MOTENVWB1.1.4.0
2024-11-17 15:12:27,067 [WARN] PackLoader:240 - Cannot read IP mode file for STMicroelectronics.FP-ATR-ASTRA1.2.0.1
2024-11-17 15:12:27,106 [WARN] PackLoader:240 - Cannot read IP mode file for STMicroelectronics.X-CUBE-SMBUS.2.1.0
2024-11-17 15:12:27,117 [WARN] PackLoader:240 - Cannot read IP mode file for STMicroelectronics.X-CUBE-WB05N.1.1.0
2024-11-17 15:12:27,166 [WARN] PackLoader:240 - Cannot read IP mode file for STMicroelectronics.X-CUBE-AZRTOS-F7.1.1.0
2024-11-17 15:12:27,312 [WARN] PackLoader:240 - Cannot read IP mode file for STMicroelectronics.X-CUBE-MEMS1.11.0.0
2024-11-17 15:12:27,571 [WARN] PackLoader:240 - Cannot read IP mode file for STMicroelectronics.FP-SNS-FLIGHT1.5.0.2
2024-11-17 15:12:27,588 [WARN] PackLoader:240 - Cannot read IP mode file for STMicroelectronics.X-CUBE-DISPLAY.3.0.0
2024-11-17 15:12:27,604 [WARN] PackLoader:240 - Cannot read IP mode file for STMicroelectronics.X-CUBE-BLE1.7.0.0
2024-11-17 15:12:27,626 [WARN] PackLoader:240 - Cannot read IP mode file for STMicroelectronics.X-CUBE-NFC10.1.0.0
2024-11-17 15:12:27,649 [WARN] PackLoader:240 - Cannot read IP mode file for emotas.I-CUBE-CANOPEN.1.3.0
2024-11-17 15:12:27,675 [WARN] PackLoader:240 - Cannot read IP mode file for STMicroelectronics.X-CUBE-BLEMGR.3.1.0
2024-11-17 15:12:27,693 [WARN] PackLoader:240 - Cannot read IP mode file for STMicroelectronics.FP-SNS-SMARTAG2.1.2.0
2024-11-17 15:12:27,707 [INFO] LogOutputStream:77 - [STDOUT_REDIRECT] 1 : Invalid condition id : UX_CORESTACK_Condition cause : null
2024-11-17 15:12:27,709 [INFO] LogOutputStream:77 - [STDOUT_REDIRECT] 1 : Invalid condition id : UX_CORESTACK_Condition cause : null
2024-11-17 15:12:27,709 [INFO] LogOutputStream:77 - [STDOUT_REDIRECT] 1 : Invalid condition id : UX_CORESTACK_Condition cause : null
2024-11-17 15:12:27,709 [INFO] LogOutputStream:77 - [STDOUT_REDIRECT] 1 : Invalid condition id : UX_CORESTACK_Condition cause : null
2024-11-17 15:12:27,710 [INFO] LogOutputStream:77 - [STDOUT_REDIRECT] 1 : Invalid condition id : UX_CORESTACK_Condition cause : null
2024-11-17 15:12:27,716 [WARN] PackLoader:240 - Cannot read IP mode file for STMicroelectronics.X-CUBE-AZRTOS-WL.2.0.0
2024-11-17 15:12:27,725 [WARN] PackLoader:240 - Cannot read IP mode file for STMicroelectronics.FP-SNS-MOTENV1.5.0.0
2024-11-17 15:12:27,731 [WARN] PackLoader:240 - Cannot read IP mode file for wolfSSL.I-CUBE-wolfMQTT.1.19.0
2024-11-17 15:12:27,744 [WARN] PackLoader:240 - Cannot read IP mode file for WES.I-CUBE-Cesium.1.3.0
2024-11-17 15:12:27,751 [WARN] PackLoader:240 - Cannot read IP mode file for STMicroelectronics.X-CUBE-BLE2.3.3.0
2024-11-17 15:12:27,768 [WARN] PackLoader:240 - Cannot read IP mode file for STMicroelectronics.X-CUBE-NFC9.1.0.0
2024-11-17 15:12:27,781 [WARN] PackLoader:240 - Cannot read IP mode file for STMicroelectronics.X-CUBE-TCPP.4.1.0
2024-11-17 15:12:27,810 [WARN] PackLoader:240 - Cannot read IP mode file for STMicroelectronics.X-CUBE-AZRTOS-G0.1.1.0
2024-11-17 15:12:27,820 [WARN] PackLoader:240 - Cannot read IP mode file for STMicroelectronics.X-CUBE-SAFEA1.1.2.2
2024-11-17 15:12:27,845 [WARN] PackLoader:240 - Cannot read IP mode file for STMicroelectronics.X-CUBE-NFC4.3.0.0
2024-11-17 15:12:27,863 [WARN] PackLoader:240 - Cannot read IP mode file for EmbeddedOffice.I-CUBE-FS-RTOS.1.0.1
2024-11-17 15:12:27,863 [ERROR] ConditionMgr:805 - Attr not supported : Dmpu
2024-11-17 15:12:27,864 [ERROR] ConditionMgr:805 - Attr not supported : Dmpu
2024-11-17 15:12:27,864 [ERROR] ConditionMgr:805 - Attr not supported : Dmpu
2024-11-17 15:12:27,864 [ERROR] ConditionMgr:805 - Attr not supported : Dmpu
2024-11-17 15:12:27,864 [ERROR] ConditionMgr:805 - Attr not supported : Dmpu
2024-11-17 15:12:27,864 [ERROR] ConditionMgr:805 - Attr not supported : Dmpu
2024-11-17 15:12:27,864 [ERROR] ConditionMgr:805 - Attr not supported : Dmpu
2024-11-17 15:12:27,864 [ERROR] ConditionMgr:805 - Attr not supported : Dmpu
2024-11-17 15:12:27,864 [ERROR] ConditionMgr:805 - Attr not supported : Dmpu
2024-11-17 15:12:27,864 [ERROR] ConditionMgr:805 - Attr not supported : Dmpu
2024-11-17 15:12:27,864 [ERROR] ConditionMgr:805 - Attr not supported : Dmpu
2024-11-17 15:12:27,864 [ERROR] ConditionMgr:805 - Attr not supported : Dmpu
2024-11-17 15:12:27,865 [ERROR] ConditionMgr:805 - Attr not supported : Dmpu
2024-11-17 15:12:27,865 [ERROR] ConditionMgr:805 - Attr not supported : Dmpu
2024-11-17 15:12:27,865 [ERROR] ConditionMgr:805 - Attr not supported : Dmpu
2024-11-17 15:12:27,865 [ERROR] ConditionMgr:805 - Attr not supported : Dmpu
2024-11-17 15:12:27,865 [ERROR] ConditionMgr:805 - Attr not supported : Dmpu
2024-11-17 15:12:27,865 [ERROR] ConditionMgr:805 - Attr not supported : Dmpu
2024-11-17 15:12:27,865 [ERROR] ConditionMgr:805 - Attr not supported : Dmpu
2024-11-17 15:12:27,865 [ERROR] ConditionMgr:805 - Attr not supported : Dmpu
2024-11-17 15:12:27,865 [ERROR] ConditionMgr:805 - Attr not supported : Dmpu
2024-11-17 15:12:27,865 [ERROR] ConditionMgr:805 - Attr not supported : Dmpu
2024-11-17 15:12:27,865 [ERROR] ConditionMgr:805 - Attr not supported : Dmpu
2024-11-17 15:12:27,865 [ERROR] ConditionMgr:805 - Attr not supported : Dmpu
2024-11-17 15:12:27,866 [ERROR] ConditionMgr:805 - Attr not supported : Dmpu
2024-11-17 15:12:27,866 [ERROR] ConditionMgr:805 - Attr not supported : Dmpu
2024-11-17 15:12:27,866 [ERROR] ConditionMgr:805 - Attr not supported : Dmpu
2024-11-17 15:12:27,866 [ERROR] ConditionMgr:805 - Attr not supported : Dmpu
2024-11-17 15:12:27,866 [ERROR] ConditionMgr:805 - Attr not supported : Dmpu
2024-11-17 15:12:27,866 [ERROR] ConditionMgr:805 - Attr not supported : Dmpu
2024-11-17 15:12:27,866 [ERROR] ConditionMgr:805 - Attr not supported : Dmpu
2024-11-17 15:12:27,866 [ERROR] ConditionMgr:805 - Attr not supported : Dmpu
2024-11-17 15:12:27,866 [ERROR] ConditionMgr:805 - Attr not supported : Dmpu
2024-11-17 15:12:27,866 [ERROR] ConditionMgr:805 - Attr not supported : Dmpu
2024-11-17 15:12:27,866 [ERROR] ConditionMgr:805 - Attr not supported : Dmpu
2024-11-17 15:12:27,866 [ERROR] ConditionMgr:805 - Attr not supported : Dmpu
2024-11-17 15:12:27,868 [ERROR] ConditionMgr:805 - Attr not supported : Dmpu
2024-11-17 15:12:27,868 [ERROR] ConditionMgr:805 - Attr not supported : Dmpu
2024-11-17 15:12:27,869 [ERROR] ConditionMgr:805 - Attr not supported : Dmpu
2024-11-17 15:12:27,869 [ERROR] ConditionMgr:805 - Attr not supported : Dmpu
2024-11-17 15:12:27,869 [ERROR] ConditionMgr:805 - Attr not supported : Dmpu
2024-11-17 15:12:27,869 [ERROR] ConditionMgr:805 - Attr not supported : Dmpu
2024-11-17 15:12:27,869 [ERROR] ConditionMgr:805 - Attr not supported : Dmpu
2024-11-17 15:12:27,869 [ERROR] ConditionMgr:805 - Attr not supported : Dmpu
2024-11-17 15:12:27,869 [ERROR] ConditionMgr:805 - Attr not supported : Dmpu
2024-11-17 15:12:27,869 [ERROR] ConditionMgr:805 - Attr not supported : Dmpu
2024-11-17 15:12:27,869 [ERROR] ConditionMgr:805 - Attr not supported : Dmpu
2024-11-17 15:12:27,869 [ERROR] ConditionMgr:805 - Attr not supported : Dmpu
2024-11-17 15:12:27,869 [ERROR] ConditionMgr:805 - Attr not supported : Dmpu
2024-11-17 15:12:27,869 [ERROR] ConditionMgr:805 - Attr not supported : Dmpu
2024-11-17 15:12:27,869 [ERROR] ConditionMgr:805 - Attr not supported : Dmpu
2024-11-17 15:12:27,869 [ERROR] ConditionMgr:805 - Attr not supported : Dmpu
2024-11-17 15:12:27,869 [ERROR] ConditionMgr:805 - Attr not supported : Dmpu
2024-11-17 15:12:27,869 [ERROR] ConditionMgr:805 - Attr not supported : Dmpu
2024-11-17 15:12:27,869 [ERROR] ConditionMgr:805 - Attr not supported : Dmpu
2024-11-17 15:12:27,869 [ERROR] ConditionMgr:805 - Attr not supported : Dmpu
2024-11-17 15:12:27,869 [ERROR] ConditionMgr:805 - Attr not supported : Dmpu
2024-11-17 15:12:27,869 [ERROR] ConditionMgr:805 - Attr not supported : Dmpu
2024-11-17 15:12:27,869 [ERROR] ConditionMgr:805 - Attr not supported : Dmpu
2024-11-17 15:12:27,869 [ERROR] ConditionMgr:805 - Attr not supported : Dmpu
2024-11-17 15:12:27,869 [ERROR] ConditionMgr:805 - Attr not supported : Dmpu
2024-11-17 15:12:27,869 [ERROR] ConditionMgr:805 - Attr not supported : Dmpu
2024-11-17 15:12:27,869 [ERROR] ConditionMgr:805 - Attr not supported : Dmpu
2024-11-17 15:12:27,869 [ERROR] ConditionMgr:805 - Attr not supported : Dmpu
2024-11-17 15:12:27,874 [WARN] PackLoader:240 - Cannot read IP mode file for RealThread.X-CUBE-RT-Thread_Nano.4.1.1
2024-11-17 15:12:27,891 [WARN] PackLoader:240 - Cannot read IP mode file for STMicroelectronics.FP-ATR-SIGFOX1.3.2.0
2024-11-17 15:12:27,915 [WARN] PackLoader:240 - Cannot read IP mode file for wolfSSL.I-CUBE-wolfSSL.5.7.2
2024-11-17 15:12:27,927 [WARN] ConditionMgr:438 - getConditionDescription Invalid condition id : Cortex-A Device cause : null
2024-11-17 15:12:27,969 [WARN] ConditionMgr:1039 - genDependencies : Invalid condition id : Cortex-A Device cause : null
2024-11-17 15:12:27,970 [WARN] ConditionMgr:1039 - genDependencies : Invalid condition id : Cortex-A Device cause : null
2024-11-17 15:12:27,970 [WARN] ConditionMgr:1039 - genDependencies : Invalid condition id : Cortex-A Device cause : null
2024-11-17 15:12:27,988 [WARN] PackLoader:240 - Cannot read IP mode file for STMicroelectronics.X-CUBE-EEPRMA1.5.1.0
2024-11-17 15:12:28,007 [WARN] PackLoader:240 - Cannot read IP mode file for ITTIA_DB.I-CUBE-ITTIADB.8.9.0
2024-11-17 15:12:28,097 [WARN] PackLoader:240 - Cannot read IP mode file for SEGGER.I-CUBE-embOS.1.3.1
2024-11-17 15:12:28,209 [WARN] PackLoader:240 - Cannot read IP mode file for STMicroelectronics.X-CUBE-ALGOBUILD.1.4.0
2024-11-17 15:12:28,218 [WARN] PackLoader:240 - Cannot read IP mode file for STMicroelectronics.X-CUBE-AI.9.1.0
2024-11-17 15:12:28,243 [WARN] PackLoader:240 - Cannot read IP mode file for STMicroelectronics.X-CUBE-AZRTOS-F4.1.1.0
2024-11-17 15:12:28,262 [WARN] PackLoader:240 - Cannot read IP mode file for STMicroelectronics.X-CUBE-ISPU.2.1.0
2024-11-17 15:12:28,276 [WARN] PackLoader:240 - Cannot read IP mode file for STMicroelectronics.X-CUBE-FREERTOS.1.2.0
2024-11-17 15:12:28,301 [WARN] PackLoader:240 - Cannot read IP mode file for STMicroelectronics.X-CUBE-AZRTOS-L5.2.0.0
2024-11-17 15:12:28,314 [WARN] PackLoader:240 - Cannot read IP mode file for STMicroelectronics.X-CUBE-NFC6.3.1.0
2024-11-17 15:12:28,325 [WARN] PackLoader:240 - Cannot read IP mode file for STMicroelectronics.X-CUBE-DPower.1.2.0
2024-11-17 15:12:28,331 [WARN] PackLoader:240 - Cannot read IP mode file for STMicroelectronics.X-CUBE-NFC7.1.0.1
2024-11-17 15:12:28,358 [WARN] ConditionMgr:438 - getConditionDescription Invalid condition id : LAN8742 Phy interface Condition cause : null
2024-11-17 15:12:28,359 [WARN] PackLoader:240 - Cannot read IP mode file for STMicroelectronics.X-CUBE-AZRTOS-L4.2.0.0
2024-11-17 15:12:28,362 [WARN] ConditionMgr:1039 - genDependencies : Invalid condition id : LAN8742 Phy interface Condition cause : null
2024-11-17 15:12:28,362 [WARN] ConditionMgr:1039 - genDependencies : Invalid condition id : LAN8742 Phy interface Condition cause : null
2024-11-17 15:12:28,363 [WARN] ConditionMgr:1039 - genDependencies : Invalid condition id : LAN8742 Phy interface Condition cause : null
2024-11-17 15:12:28,377 [WARN] PackLoader:240 - Cannot read IP mode file for STMicroelectronics.X-CUBE-SFXS2LP1.4.0.0
2024-11-17 15:12:28,408 [WARN] PackLoader:240 - Cannot read IP mode file for STMicroelectronics.X-CUBE-AZRTOS-H7.3.3.0
2024-11-17 15:12:28,427 [WARN] PackLoader:240 - Cannot read IP mode file for STMicroelectronics.X-CUBE-IPS.3.0.0
2024-11-17 15:12:28,450 [WARN] ConditionMgr:438 - getConditionDescription Invalid condition id : UX DEVICE CLASS RTOS Condition cause : null
2024-11-17 15:12:28,450 [WARN] ConditionMgr:438 - getConditionDescription Invalid condition id : UX DEVICE CLASS RTOS Condition cause : null
2024-11-17 15:12:28,454 [WARN] PackLoader:240 - Cannot read IP mode file for STMicroelectronics.X-CUBE-AZRTOS-WB.2.0.0
2024-11-17 15:12:28,455 [WARN] ConditionMgr:1039 - genDependencies : Invalid condition id : UX DEVICE CLASS RTOS Condition cause : null
2024-11-17 15:12:28,455 [WARN] ConditionMgr:1039 - genDependencies : Invalid condition id : UX DEVICE CLASS RTOS Condition cause : null
2024-11-17 15:12:28,456 [WARN] ConditionMgr:1039 - genDependencies : Invalid condition id : UX DEVICE CLASS RTOS Condition cause : null
2024-11-17 15:12:28,456 [WARN] ConditionMgr:1039 - genDependencies : Invalid condition id : UX DEVICE CLASS RTOS Condition cause : null
2024-11-17 15:12:28,456 [WARN] ConditionMgr:1039 - genDependencies : Invalid condition id : UX DEVICE CLASS RTOS Condition cause : null
2024-11-17 15:12:28,463 [WARN] PackLoader:240 - Cannot read IP mode file for STMicroelectronics.X-CUBE-GNSS1.7.0.0
2024-11-17 15:12:28,483 [WARN] PackLoader:240 - Cannot read IP mode file for STMicroelectronics.FP-SNS-STBOX1.2.0.0
2024-11-17 15:12:28,530 [WARN] PackLoader:240 - Cannot read IP mode file for STMicroelectronics.X-CUBE-SUBG2.5.0.0
2024-11-17 15:12:28,557 [WARN] PackLoader:240 - Cannot read IP mode file for Cesanta.I-CUBE-Mongoose.7.13.0
2024-11-17 15:12:28,597 [WARN] PackLoader:240 - Cannot read IP mode file for STMicroelectronics.X-CUBE-AZRTOS-G4.2.0.0
2024-11-17 15:12:28,675 [WARN] PackLoader:240 - Cannot read IP mode file for STMicroelectronics.X-CUBE-ALS.1.0.2
2024-11-17 15:12:28,704 [WARN] PackLoader:240 - Cannot read IP mode file for STMicroelectronics.X-CUBE-TOUCHGFX.4.24.1
2024-11-17 15:12:28,716 [WARN] PackLoader:240 - Cannot read IP mode file for wolfSSL.I-CUBE-wolfTPM.3.4.0
2024-11-17 15:12:28,727 [WARN] PackLoader:240 - Cannot read IP mode file for portGmbH.I-Cube-SoM-uGOAL.1.1.0
2024-11-17 15:12:28,763 [WARN] PackLoader:240 - Cannot read IP mode file for STMicroelectronics.X-CUBE-AZRTOS-H7RS.1.0.0
2024-11-17 15:12:28,779 [WARN] PackLoader:240 - Cannot read IP mode file for STMicroelectronics.FP-ATR-ASTRA1.2.0.0
2024-11-17 15:12:28,795 [WARN] PackLoader:240 - Cannot read IP mode file for STMicroelectronics.X-CUBE-TOF1.3.4.2
2024-11-17 15:12:28,838 [WARN] PackLoader:240 - Cannot read IP mode file for Infineon.AIROC-Wi-Fi-Bluetooth-STM32.1.6.1
2024-11-17 15:12:28,852 [WARN] PackLoader:240 - Cannot read IP mode file for wolfSSL.I-CUBE-wolfSSH.1.4.17
2024-11-17 15:12:28,859 [INFO] ThirdParty:978 - Integrity check success = true
2024-11-17 15:12:28,859 [INFO] IntegrityCheckThread:100 - exiting critical section [integrity check]
2024-11-17 15:12:28,860 [INFO] IntegrityCheckThread:103 - End integrity checks thread
2024-11-17 15:12:30,750 [INFO] WebApp:167 - Instantiating new browser for Auth
2024-11-17 15:12:32,578 [INFO] WebApp:448 - Apply proxy settings
2024-11-17 15:12:32,589 [INFO] WebApp:493 - Chromium authenticates against Manually configured proxy
2024-11-17 15:12:32,610 [INFO] WebApp:501 - Username used for proxy authentication: 
2024-11-17 15:12:32,679 [INFO] WebApp:869 - Register for checkConnection events
2024-11-17 15:12:32,679 [INFO] WebApp:448 - Apply proxy settings
2024-11-17 15:12:32,681 [INFO] WebApp:493 - Chromium authenticates against Manually configured proxy
2024-11-17 15:12:32,683 [INFO] WebApp:501 - Username used for proxy authentication: 
2024-11-17 15:12:32,853 [INFO] WebApp:220 - Starting web application
2024-11-17 15:12:32,853 [INFO] WebApp:578 - Web application path used /Applications/STM32CubeIDE.app/Contents/Eclipse/plugins/com.st.stm32cube.common.mx_6.12.1.202409122256/db/plugins/mcufinder/reactClient1/index.html
2024-11-17 15:12:33,454 [INFO] WebApp:186 - Connection restablished
2024-11-17 15:12:33,538 [INFO] UserAuth:417 - Internet connection configuration mode: 1
