2024-10-17 06:24:24,239 [INFO] Activator:176 - 


2024-10-17 06:24:24,249 [INFO] Activator:177 - !SESSION log4j initialized
2024-10-17 06:24:33,091 [INFO] LogOutputStream:77 - [STDOUT_REDIRECT] 
2024-10-17 06:24:33,747 [ERROR] LogOutputStream:75 - [STDERR_REDIRECT] 
2024-10-17 06:24:39,160 [INFO] LogOutputStream:77 - [STDOUT_REDIRECT] 
2024-10-17 06:24:43,674 [INFO] ApplicationProperties:184 - Using Application install path: /Applications/STM32CubeIDE.app/Contents/Eclipse/plugins/com.st.stm32cube.common.mx_6.12.1.202409122256
2024-10-17 06:24:43,728 [INFO] DbMcusXml:78 - Set database path to: /Applications/STM32CubeIDE.app/Contents/Eclipse/plugins/com.st.stm32cube.common.mx_6.12.1.202409122256//db//mcu/
2024-10-17 06:24:43,729 [INFO] ApiDb:274 - Set plugin database path to: /Applications/STM32CubeIDE.app/Contents/Eclipse/plugins/com.st.stm32cube.common.mx_6.12.1.202409122256//db//plugins/boardmanager/
2024-10-17 06:24:43,734 [WARN] ApiDb:259 - Overriding images path with different value:  => /Applications/STM32CubeIDE.app/Contents/Eclipse/plugins/com.st.stm32cube.common.mx_6.12.1.202409122256//db//plugins/mcufinder/images/
2024-10-17 06:24:43,787 [INFO] ApiDb:250 - Set database path to: /Users/jewoolee/.stmcufinder/plugins/mcufinder//mcu/
2024-10-17 06:24:43,790 [INFO] DbMcusAds:125 - Set database path to: /Users/jewoolee/.stmcufinder/plugins/mcufinder//mcu/
2024-10-17 06:24:43,795 [INFO] CrossReferenceDbSqlite:203 - Set database path to: /Users/jewoolee/.stmcufinder/plugins/mcufinder//mcu/cs/
2024-10-17 06:24:44,355 [INFO] RulesReader:64 - Compatibility file has been processed (297 Rules)
2024-10-17 06:24:44,616 [INFO] DbMcusXml:78 - Set database path to: /Applications/STM32CubeIDE.app/Contents/Eclipse/plugins/com.st.stm32cube.common.mx_6.12.1.202409122256//db//mcu/
2024-10-17 06:24:44,617 [INFO] ApiDb:274 - Set plugin database path to: /Applications/STM32CubeIDE.app/Contents/Eclipse/plugins/com.st.stm32cube.common.mx_6.12.1.202409122256//db//plugins/boardmanager/
2024-10-17 06:24:44,620 [INFO] ApiDb:261 - Set plugin images path to: /Applications/STM32CubeIDE.app/Contents/Eclipse/plugins/com.st.stm32cube.common.mx_6.12.1.202409122256//db//plugins/mcufinder/images/
2024-10-17 06:24:44,623 [WARN] DbFile:41 - Overriding database path with different value: /Users/jewoolee/.stmcufinder/plugins/mcufinder/ => /Users/jewoolee/.stmcufinder/plugins/mcufinder
2024-10-17 06:24:44,624 [INFO] ApiDb:250 - Set database path to: /Users/jewoolee/.stmcufinder/plugins/mcufinder//mcu/
2024-10-17 06:24:44,625 [WARN] DbFile:41 - Overriding database path with different value: /Users/jewoolee/.stmcufinder/plugins/mcufinder/ => /Users/jewoolee/.stmcufinder/plugins/mcufinder
2024-10-17 06:24:44,626 [INFO] DbMcusAds:125 - Set database path to: /Users/jewoolee/.stmcufinder/plugins/mcufinder//mcu/
2024-10-17 06:24:44,626 [WARN] DbFile:41 - Overriding database path with different value: /Users/jewoolee/.stmcufinder/plugins/mcufinder/ => /Users/jewoolee/.stmcufinder/plugins/mcufinder
2024-10-17 06:24:44,626 [WARN] DbFile:41 - Overriding database path with different value: /Users/jewoolee/.stmcufinder/plugins/mcufinder/ => /Users/jewoolee/.stmcufinder/plugins/mcufinder
2024-10-17 06:24:44,627 [INFO] CrossReferenceDbSqlite:203 - Set database path to: /Users/jewoolee/.stmcufinder/plugins/mcufinder//mcu/cs/
2024-10-17 06:24:45,157 [INFO] MainPanel:268 - HeapMemory: 271581184
2024-10-17 06:24:46,643 [INFO] DbMcusXml:78 - Set database path to: /Applications/STM32CubeIDE.app/Contents/Eclipse/plugins/com.st.stm32cube.common.mx_6.12.1.202409122256//db//mcu/
2024-10-17 06:24:46,646 [INFO] ApiDb:274 - Set plugin database path to: /Applications/STM32CubeIDE.app/Contents/Eclipse/plugins/com.st.stm32cube.common.mx_6.12.1.202409122256//db//plugins/boardmanager/
2024-10-17 06:24:46,650 [INFO] ApiDb:261 - Set plugin images path to: /Applications/STM32CubeIDE.app/Contents/Eclipse/plugins/com.st.stm32cube.common.mx_6.12.1.202409122256//db//plugins/mcufinder/images/
2024-10-17 06:24:46,652 [WARN] DbFile:41 - Overriding database path with different value: /Users/jewoolee/.stmcufinder/plugins/mcufinder/ => /Users/jewoolee/.stmcufinder/plugins/mcufinder
2024-10-17 06:24:46,652 [INFO] ApiDb:250 - Set database path to: /Users/jewoolee/.stmcufinder/plugins/mcufinder//mcu/
2024-10-17 06:24:46,652 [WARN] DbFile:41 - Overriding database path with different value: /Users/jewoolee/.stmcufinder/plugins/mcufinder/ => /Users/jewoolee/.stmcufinder/plugins/mcufinder
2024-10-17 06:24:46,653 [INFO] DbMcusAds:125 - Set database path to: /Users/jewoolee/.stmcufinder/plugins/mcufinder//mcu/
2024-10-17 06:24:46,653 [WARN] DbFile:41 - Overriding database path with different value: /Users/jewoolee/.stmcufinder/plugins/mcufinder/ => /Users/jewoolee/.stmcufinder/plugins/mcufinder
2024-10-17 06:24:46,653 [WARN] DbFile:41 - Overriding database path with different value: /Users/jewoolee/.stmcufinder/plugins/mcufinder/ => /Users/jewoolee/.stmcufinder/plugins/mcufinder
2024-10-17 06:24:46,654 [INFO] CrossReferenceDbSqlite:203 - Set database path to: /Users/jewoolee/.stmcufinder/plugins/mcufinder//mcu/cs/
2024-10-17 06:24:46,746 [INFO] ApplicationProperties:184 - Using Application install path: /Applications/STM32CubeIDE.app/Contents/Eclipse/plugins/com.st.stm32cube.common.mx_6.12.1.202409122256
2024-10-17 06:24:46,757 [INFO] PluginManage:196 - Search for loadable plugins [exclusion list=, ]
2024-10-17 06:24:46,809 [INFO] PluginManage:310 - Check plugin analytics
2024-10-17 06:24:48,134 [INFO] AnalyticsPlugin:253 - Accepted Software Licenses: 
2024-10-17 06:24:48,152 [INFO] AnalyticsPlugin:255 - Accepted CMSIS Pack Licenses: 
2024-10-17 06:24:48,152 [INFO] AnalyticsPlugin:257 - Accepted Firmware Licenses: FW.L4.1.18.0
2024-10-17 06:24:48,166 [INFO] PluginManage:359 - Loaded plugin analytics (category:tool,tabindex:-1)
2024-10-17 06:24:48,169 [INFO] PluginManage:310 - Check plugin cadmodel
2024-10-17 06:24:48,294 [INFO] CADModel:105 - Init CAD model plugin
2024-10-17 06:24:48,295 [INFO] PluginManage:359 - Loaded plugin cadmodel (category:power,tabindex:5)
2024-10-17 06:24:48,296 [INFO] PluginManage:310 - Check plugin clock
2024-10-17 06:24:48,606 [INFO] PluginManage:359 - Loaded plugin clock (category:base,tabindex:2)
2024-10-17 06:24:48,630 [INFO] PluginManage:310 - Check plugin ddr
2024-10-17 06:24:48,669 [INFO] PluginManage:359 - Loaded plugin ddr (category:tool,tabindex:6)
2024-10-17 06:24:48,671 [INFO] PluginManage:310 - Check plugin filemanager
2024-10-17 06:24:49,430 [INFO] PluginManage:359 - Loaded plugin filemanager (category:base,tabindex:10)
2024-10-17 06:24:49,431 [INFO] PluginManage:310 - Check plugin ipmanager
2024-10-17 06:24:49,455 [INFO] PluginManage:359 - Loaded plugin ipmanager (category:base,tabindex:5)
2024-10-17 06:24:49,455 [INFO] PluginManage:310 - Check plugin lpbam
2024-10-17 06:24:49,476 [INFO] PluginManage:359 - Loaded plugin lpbam (category:base,tabindex:0)
2024-10-17 06:24:49,476 [INFO] PluginManage:310 - Check plugin memorymap
2024-10-17 06:24:49,516 [INFO] PluginManage:359 - Loaded plugin memorymap (category:base,tabindex:4)
2024-10-17 06:24:49,517 [INFO] PluginManage:310 - Check plugin pinoutandconfiguration
2024-10-17 06:24:49,607 [INFO] PluginManage:359 - Loaded plugin pinoutandconfiguration (category:base,tabindex:1)
2024-10-17 06:24:49,610 [INFO] PluginManage:310 - Check plugin pinoutconfig
2024-10-17 06:24:50,406 [WARN] SupportedApi:132 - Cannot load RTOS API schema: s4s-elt-must-match.1: The content of 'definitions' must match (annotation?, (simpleType | complexType)?, (unique | key | keyref)*)). A problem was found starting at: attribute.
2024-10-17 06:24:50,886 [INFO] PluginManage:359 - Loaded plugin pinoutconfig (category:base,tabindex:0)
2024-10-17 06:24:50,888 [INFO] PluginManage:310 - Check plugin power
2024-10-17 06:24:50,913 [INFO] PluginManage:359 - Loaded plugin power (category:power,tabindex:4)
2024-10-17 06:24:50,914 [INFO] PluginManage:310 - Check plugin projectmanager
2024-10-17 06:24:50,982 [INFO] PluginManage:359 - Loaded plugin projectmanager (category:projectmanager,tabindex:4)
2024-10-17 06:24:50,982 [INFO] PluginManage:310 - Check plugin rif
2024-10-17 06:24:50,990 [INFO] PluginManage:359 - Loaded plugin rif (category:base,tabindex:3)
2024-10-17 06:24:50,991 [INFO] PluginManage:310 - Check plugin thirdparty
2024-10-17 06:24:51,347 [INFO] PluginManage:359 - Loaded plugin thirdparty (category:base,tabindex:-1)
2024-10-17 06:24:51,348 [INFO] PluginManage:310 - Check plugin tools
2024-10-17 06:24:51,346 [WARN] IntegrityCheckThread:84 - waiting for thirdparty lock release [integrity check]
2024-10-17 06:24:51,355 [INFO] IntegrityCheckThread:86 - entering critical section [integrity check]
2024-10-17 06:24:51,356 [INFO] ThirdPartyUpdaterWithRetryManager:70 - Updater plugin not ready yet. [1/15]
2024-10-17 06:24:51,357 [INFO] PluginManage:359 - Loaded plugin tools (category:base,tabindex:7)
2024-10-17 06:24:51,357 [INFO] PluginManage:310 - Check plugin tutovideos
2024-10-17 06:24:51,825 [INFO] PluginManage:359 - Loaded plugin tutovideos (category:base,tabindex:-1)
2024-10-17 06:24:51,829 [INFO] PluginManage:310 - Check plugin updater
2024-10-17 06:24:51,930 [INFO] PluginManage:359 - Loaded plugin updater (category:base,tabindex:12)
2024-10-17 06:24:51,931 [INFO] PluginManage:310 - Check plugin userauth
2024-10-17 06:24:51,944 [INFO] UserAuth:113 - Init User Auth plugin
2024-10-17 06:24:51,944 [INFO] PluginManage:359 - Loaded plugin userauth (category:base,tabindex:14)
2024-10-17 06:24:51,946 [INFO] PluginManage:283 - PluginManage : Loaded plugins [18]
2024-10-17 06:24:53,076 [INFO] PinOutPanel:1561 - setPackage(No Configuration,No Configuration)
2024-10-17 06:24:53,264 [INFO] CADModel:165 - CPN selected for project level
2024-10-17 06:24:53,265 [INFO] CADModel:114 - Register for checkConnection events
2024-10-17 06:24:53,313 [INFO] IPUIPlugin:80 - create IPUIPlugin
2024-10-17 06:24:53,315 [INFO] PluginManager:220 - loadIPPluginJar : add mdma
2024-10-17 06:24:53,325 [INFO] IPUIPlugin:80 - create IPUIPlugin
2024-10-17 06:24:53,327 [INFO] PluginManager:220 - loadIPPluginJar : add freertos
2024-10-17 06:24:53,332 [INFO] IPUIPlugin:80 - create IPUIPlugin
2024-10-17 06:24:53,332 [INFO] PluginManager:220 - loadIPPluginJar : add gic
2024-10-17 06:24:53,344 [INFO] IPUIPlugin:80 - create IPUIPlugin
2024-10-17 06:24:53,344 [INFO] PluginManager:220 - loadIPPluginJar : add adc
2024-10-17 06:24:53,347 [INFO] IPUIPlugin:80 - create IPUIPlugin
2024-10-17 06:24:53,348 [INFO] PluginManager:220 - loadIPPluginJar : add gtzc
2024-10-17 06:24:53,351 [INFO] IPUIPlugin:80 - create IPUIPlugin
2024-10-17 06:24:53,351 [INFO] PluginManager:220 - loadIPPluginJar : add quadspi
2024-10-17 06:24:53,353 [INFO] IPUIPlugin:80 - create IPUIPlugin
2024-10-17 06:24:53,354 [INFO] PluginManager:220 - loadIPPluginJar : add aes
2024-10-17 06:24:53,357 [INFO] IPUIPlugin:80 - create IPUIPlugin
2024-10-17 06:24:53,357 [INFO] PluginManager:220 - loadIPPluginJar : add pdm2pcm
2024-10-17 06:24:53,359 [INFO] IPUIPlugin:80 - create IPUIPlugin
2024-10-17 06:24:53,359 [INFO] PluginManager:220 - loadIPPluginJar : add hash
2024-10-17 06:24:53,361 [INFO] IPUIPlugin:80 - create IPUIPlugin
2024-10-17 06:24:53,361 [INFO] PluginManager:220 - loadIPPluginJar : add tim
2024-10-17 06:24:53,363 [INFO] IPUIPlugin:80 - create IPUIPlugin
2024-10-17 06:24:53,363 [INFO] PluginManager:220 - loadIPPluginJar : add tsc
2024-10-17 06:24:53,366 [INFO] IPUIPlugin:80 - create IPUIPlugin
2024-10-17 06:24:53,366 [INFO] PluginManager:220 - loadIPPluginJar : add extmemmanager
2024-10-17 06:24:53,368 [INFO] IPUIPlugin:80 - create IPUIPlugin
2024-10-17 06:24:53,369 [INFO] PluginManager:220 - loadIPPluginJar : add ts
2024-10-17 06:24:53,372 [INFO] IPUIPlugin:80 - create IPUIPlugin
2024-10-17 06:24:53,373 [INFO] PluginManager:220 - loadIPPluginJar : add radio
2024-10-17 06:24:53,376 [INFO] IPUIPlugin:80 - create IPUIPlugin
2024-10-17 06:24:53,376 [INFO] PluginManager:220 - loadIPPluginJar : add can
2024-10-17 06:24:53,379 [INFO] IPUIPlugin:80 - create IPUIPlugin
2024-10-17 06:24:53,380 [INFO] PluginManager:220 - loadIPPluginJar : add dma3
2024-10-17 06:24:53,382 [INFO] IPUIPlugin:80 - create IPUIPlugin
2024-10-17 06:24:53,382 [INFO] PluginManager:220 - loadIPPluginJar : add dfsdm
2024-10-17 06:24:53,384 [INFO] IPUIPlugin:80 - create IPUIPlugin
2024-10-17 06:24:53,384 [INFO] PluginManager:220 - loadIPPluginJar : add spi
2024-10-17 06:24:53,386 [INFO] IPUIPlugin:80 - create IPUIPlugin
2024-10-17 06:24:53,386 [INFO] PluginManager:220 - loadIPPluginJar : add gfxmmu
2024-10-17 06:24:53,388 [INFO] IPUIPlugin:80 - create IPUIPlugin
2024-10-17 06:24:53,389 [INFO] PluginManager:220 - loadIPPluginJar : add genericplugin
2024-10-17 06:24:53,392 [INFO] IPUIPlugin:80 - create IPUIPlugin
2024-10-17 06:24:53,392 [INFO] PluginManager:220 - loadIPPluginJar : add cryp
2024-10-17 06:24:53,400 [INFO] IPUIPlugin:80 - create IPUIPlugin
2024-10-17 06:24:53,401 [INFO] PluginManager:220 - loadIPPluginJar : add gpio
2024-10-17 06:24:53,404 [INFO] IPUIPlugin:80 - create IPUIPlugin
2024-10-17 06:24:53,404 [INFO] PluginManager:220 - loadIPPluginJar : add ddr_ctrl_phy
2024-10-17 06:24:53,406 [INFO] IPUIPlugin:80 - create IPUIPlugin
2024-10-17 06:24:53,406 [INFO] PluginManager:220 - loadIPPluginJar : add comp
2024-10-17 06:24:53,408 [INFO] IPUIPlugin:80 - create IPUIPlugin
2024-10-17 06:24:53,408 [INFO] PluginManager:220 - loadIPPluginJar : add tracer_emb
2024-10-17 06:24:53,411 [INFO] IPUIPlugin:80 - create IPUIPlugin
2024-10-17 06:24:53,411 [INFO] PluginManager:220 - loadIPPluginJar : add openamp
2024-10-17 06:24:53,415 [INFO] IPUIPlugin:80 - create IPUIPlugin
2024-10-17 06:24:53,416 [INFO] PluginManager:220 - loadIPPluginJar : add stm32_wpan
2024-10-17 06:24:53,422 [INFO] IPUIPlugin:80 - create IPUIPlugin
2024-10-17 06:24:53,429 [INFO] PluginManager:220 - loadIPPluginJar : add plateformsettings
2024-10-17 06:24:53,433 [INFO] IPUIPlugin:80 - create IPUIPlugin
2024-10-17 06:24:53,433 [INFO] PluginManager:220 - loadIPPluginJar : add ipddr
2024-10-17 06:24:53,436 [INFO] IPUIPlugin:80 - create IPUIPlugin
2024-10-17 06:24:53,436 [INFO] PluginManager:220 - loadIPPluginJar : add usart
2024-10-17 06:24:53,437 [INFO] IPUIPlugin:80 - create IPUIPlugin
2024-10-17 06:24:53,438 [INFO] PluginManager:220 - loadIPPluginJar : add ltdc
2024-10-17 06:24:53,443 [INFO] IPUIPlugin:80 - create IPUIPlugin
2024-10-17 06:24:53,444 [INFO] PluginManager:220 - loadIPPluginJar : add nvic
2024-10-17 06:24:53,445 [INFO] IPUIPlugin:80 - create IPUIPlugin
2024-10-17 06:24:53,445 [INFO] PluginManager:220 - loadIPPluginJar : add fatfs
2024-10-17 06:24:53,452 [INFO] IPUIPlugin:80 - create IPUIPlugin
2024-10-17 06:24:53,452 [INFO] PluginManager:220 - loadIPPluginJar : add linkedlist
2024-10-17 06:24:53,458 [INFO] IPUIPlugin:80 - create IPUIPlugin
2024-10-17 06:24:53,458 [INFO] PluginManager:220 - loadIPPluginJar : add dma
2024-10-17 06:24:53,463 [INFO] IPUIPlugin:80 - create IPUIPlugin
2024-10-17 06:24:53,463 [INFO] PluginManager:220 - loadIPPluginJar : add fmc
2024-10-17 06:24:53,466 [INFO] IPUIPlugin:80 - create IPUIPlugin
2024-10-17 06:24:53,466 [INFO] PluginManager:220 - loadIPPluginJar : add i2s
2024-10-17 06:24:53,475 [INFO] IPUIPlugin:80 - create IPUIPlugin
2024-10-17 06:24:53,481 [INFO] PluginManager:220 - loadIPPluginJar : add ucpd
2024-10-17 06:24:53,485 [INFO] IPUIPlugin:80 - create IPUIPlugin
2024-10-17 06:24:53,486 [INFO] PluginManager:220 - loadIPPluginJar : add lorawan
2024-10-17 06:24:53,492 [INFO] IPUIPlugin:80 - create IPUIPlugin
2024-10-17 06:24:53,492 [INFO] PluginManager:220 - loadIPPluginJar : add opamp
2024-10-17 06:24:53,495 [INFO] IPUIPlugin:80 - create IPUIPlugin
2024-10-17 06:24:53,495 [INFO] PluginManager:220 - loadIPPluginJar : add i3c
2024-10-17 06:24:53,499 [INFO] IPUIPlugin:80 - create IPUIPlugin
2024-10-17 06:24:53,499 [INFO] PluginManager:220 - loadIPPluginJar : add touchsensing
2024-10-17 06:24:53,502 [INFO] IPUIPlugin:80 - create IPUIPlugin
2024-10-17 06:24:53,503 [INFO] PluginManager:220 - loadIPPluginJar : add i2c
2024-10-17 06:24:53,506 [INFO] IPUIPlugin:80 - create IPUIPlugin
2024-10-17 06:24:53,506 [INFO] PluginManager:220 - loadIPPluginJar : add resmgrutility
2024-10-17 06:24:53,509 [INFO] IPUIPlugin:80 - create IPUIPlugin
2024-10-17 06:24:53,509 [INFO] PluginManager:220 - loadIPPluginJar : add sai
2024-10-17 06:24:53,512 [INFO] IPUIPlugin:80 - create IPUIPlugin
2024-10-17 06:24:53,512 [INFO] PluginManager:220 - loadIPPluginJar : add usbx
2024-10-17 06:24:53,665 [INFO] CADModel:165 - CPN selected for project level
2024-10-17 06:24:53,667 [INFO] CADModel:114 - Register for checkConnection events
2024-10-17 06:24:53,668 [FATAL] Updater:334 - Updater called before beeing initialized
2024-10-17 06:24:53,668 [ERROR] CADModel:125 - Updater not yet initialized, retry later 
2024-10-17 06:24:54,290 [INFO] CADModel:165 - CPN selected for project level
2024-10-17 06:24:54,292 [INFO] CADModel:114 - Register for checkConnection events
2024-10-17 06:24:54,292 [FATAL] Updater:334 - Updater called before beeing initialized
2024-10-17 06:24:54,293 [ERROR] CADModel:125 - Updater not yet initialized, retry later 
2024-10-17 06:24:54,301 [FATAL] Updater:334 - Updater called before beeing initialized
2024-10-17 06:24:54,362 [INFO] ThirdPartyUpdaterWithRetryManager:70 - Updater plugin not ready yet. [2/15]
2024-10-17 06:24:54,840 [FATAL] Updater:334 - Updater called before beeing initialized
2024-10-17 06:24:54,858 [INFO] DbMcusAds:53 - JSON generation date=Fri Sep 20 09:04:23 EDT 2024 (1726837463113)
2024-10-17 06:24:54,860 [FATAL] Updater:334 - Updater called before beeing initialized
2024-10-17 06:24:55,147 [WARN] DetailPanel:346 - Failed to get advertising image, set to default
2024-10-17 06:24:55,699 [FATAL] Updater:334 - Updater called before beeing initialized
2024-10-17 06:24:55,751 [FATAL] Updater:334 - Updater called before beeing initialized
2024-10-17 06:24:55,754 [FATAL] Updater:334 - Updater called before beeing initialized
2024-10-17 06:24:55,756 [WARN] DetailPanel:346 - Failed to get advertising image, set to default
2024-10-17 06:24:55,778 [FATAL] Updater:334 - Updater called before beeing initialized
2024-10-17 06:24:56,125 [ERROR] Updater:1164 - MainUpdater not yet initialized. External WinMGr cannot be set.
2024-10-17 06:24:56,145 [INFO] Updater:1100 - Updater Version found : 6.12.1
2024-10-17 06:24:56,179 [INFO] ApplicationProperties:184 - Using Application install path: /Applications/STM32CubeIDE.app/Contents/Eclipse/plugins/com.st.stm32cube.common.mx_6.12.1.202409122256
2024-10-17 06:24:57,239 [INFO] MainUpdater:2873 - connection check result : 10
2024-10-17 06:24:57,242 [INFO] MainUpdater:290 - Updater Check For Update Now.
2024-10-17 06:24:57,243 [INFO] MicroXplorer:498 - Change Database Version : DB.6.0.121
2024-10-17 06:24:57,266 [INFO] McuFinderGlobals:63 - Set McuFinder mode to 2 (CubeIDE integrated)
2024-10-17 06:24:57,275 [INFO] UserAuth:417 - Internet connection configuration mode: 1
2024-10-17 06:24:57,310 [INFO] JxBrowserEngine:152 - Initiate JxBrowser Engine with user profile folder
2024-10-17 06:24:57,369 [WARN] MainUpdater:1194 - Updater busy. Cannot search thirdparties
2024-10-17 06:24:57,370 [INFO] ThirdPartyUpdaterWithRetryManager:96 - Updater plugin is busy. [1/15]
2024-10-17 06:24:57,792 [INFO] CheckServerUpdateThread:120 - End of CheckServer Thread
2024-10-17 06:25:00,746 [WARN] PackLoader:240 - Cannot read IP mode file for STMicroelectronics.FP-SNS-MOTENVWB1.1.4.0
2024-10-17 06:25:00,790 [WARN] PackLoader:240 - Cannot read IP mode file for STMicroelectronics.X-CUBE-SMBUS.2.1.0
2024-10-17 06:25:00,810 [WARN] PackLoader:240 - Cannot read IP mode file for STMicroelectronics.X-CUBE-WB05N.1.1.0
2024-10-17 06:25:00,866 [WARN] PackLoader:240 - Cannot read IP mode file for STMicroelectronics.X-CUBE-AZRTOS-F7.1.1.0
2024-10-17 06:25:01,044 [WARN] PackLoader:240 - Cannot read IP mode file for STMicroelectronics.X-CUBE-MEMS1.11.0.0
2024-10-17 06:25:01,502 [WARN] PackLoader:240 - Cannot read IP mode file for STMicroelectronics.FP-SNS-FLIGHT1.5.0.2
2024-10-17 06:25:01,546 [WARN] PackLoader:240 - Cannot read IP mode file for STMicroelectronics.X-CUBE-DISPLAY.3.0.0
2024-10-17 06:25:01,585 [WARN] PackLoader:240 - Cannot read IP mode file for STMicroelectronics.X-CUBE-BLE1.7.0.0
2024-10-17 06:25:01,637 [WARN] PackLoader:240 - Cannot read IP mode file for STMicroelectronics.X-CUBE-NFC10.1.0.0
2024-10-17 06:25:01,669 [WARN] PackLoader:240 - Cannot read IP mode file for emotas.I-CUBE-CANOPEN.1.3.0
2024-10-17 06:25:01,711 [WARN] PackLoader:240 - Cannot read IP mode file for STMicroelectronics.X-CUBE-BLEMGR.3.1.0
2024-10-17 06:25:01,768 [WARN] PackLoader:240 - Cannot read IP mode file for STMicroelectronics.FP-SNS-SMARTAG2.1.2.0
2024-10-17 06:25:01,851 [INFO] LogOutputStream:77 - [STDOUT_REDIRECT] 1 : Invalid condition id : UX_CORESTACK_Condition cause : null
2024-10-17 06:25:01,858 [INFO] LogOutputStream:77 - [STDOUT_REDIRECT] 1 : Invalid condition id : UX_CORESTACK_Condition cause : null
2024-10-17 06:25:01,859 [INFO] LogOutputStream:77 - [STDOUT_REDIRECT] 1 : Invalid condition id : UX_CORESTACK_Condition cause : null
2024-10-17 06:25:01,860 [INFO] LogOutputStream:77 - [STDOUT_REDIRECT] 1 : Invalid condition id : UX_CORESTACK_Condition cause : null
2024-10-17 06:25:01,860 [INFO] LogOutputStream:77 - [STDOUT_REDIRECT] 1 : Invalid condition id : UX_CORESTACK_Condition cause : null
2024-10-17 06:25:01,875 [WARN] PackLoader:240 - Cannot read IP mode file for STMicroelectronics.X-CUBE-AZRTOS-WL.2.0.0
2024-10-17 06:25:01,933 [WARN] PackLoader:240 - Cannot read IP mode file for STMicroelectronics.FP-SNS-MOTENV1.5.0.0
2024-10-17 06:25:01,946 [WARN] PackLoader:240 - Cannot read IP mode file for wolfSSL.I-CUBE-wolfMQTT.1.19.0
2024-10-17 06:25:01,987 [WARN] PackLoader:240 - Cannot read IP mode file for WES.I-CUBE-Cesium.1.3.0
2024-10-17 06:25:02,027 [WARN] PackLoader:240 - Cannot read IP mode file for STMicroelectronics.X-CUBE-BLE2.3.3.0
2024-10-17 06:25:02,055 [WARN] PackLoader:240 - Cannot read IP mode file for STMicroelectronics.X-CUBE-NFC9.1.0.0
2024-10-17 06:25:02,091 [WARN] PackLoader:240 - Cannot read IP mode file for STMicroelectronics.X-CUBE-TCPP.4.1.0
2024-10-17 06:25:02,144 [WARN] PackLoader:240 - Cannot read IP mode file for STMicroelectronics.X-CUBE-AZRTOS-G0.1.1.0
2024-10-17 06:25:02,188 [WARN] PackLoader:240 - Cannot read IP mode file for STMicroelectronics.X-CUBE-SAFEA1.1.2.2
2024-10-17 06:25:02,220 [WARN] PackLoader:240 - Cannot read IP mode file for STMicroelectronics.X-CUBE-NFC4.3.0.0
2024-10-17 06:25:02,256 [WARN] PackLoader:240 - Cannot read IP mode file for EmbeddedOffice.I-CUBE-FS-RTOS.1.0.1
2024-10-17 06:25:02,258 [ERROR] ConditionMgr:805 - Attr not supported : Dmpu
2024-10-17 06:25:02,260 [ERROR] ConditionMgr:805 - Attr not supported : Dmpu
2024-10-17 06:25:02,260 [ERROR] ConditionMgr:805 - Attr not supported : Dmpu
2024-10-17 06:25:02,260 [ERROR] ConditionMgr:805 - Attr not supported : Dmpu
2024-10-17 06:25:02,260 [ERROR] ConditionMgr:805 - Attr not supported : Dmpu
2024-10-17 06:25:02,260 [ERROR] ConditionMgr:805 - Attr not supported : Dmpu
2024-10-17 06:25:02,260 [ERROR] ConditionMgr:805 - Attr not supported : Dmpu
2024-10-17 06:25:02,260 [ERROR] ConditionMgr:805 - Attr not supported : Dmpu
2024-10-17 06:25:02,260 [ERROR] ConditionMgr:805 - Attr not supported : Dmpu
2024-10-17 06:25:02,260 [ERROR] ConditionMgr:805 - Attr not supported : Dmpu
2024-10-17 06:25:02,260 [ERROR] ConditionMgr:805 - Attr not supported : Dmpu
2024-10-17 06:25:02,260 [ERROR] ConditionMgr:805 - Attr not supported : Dmpu
2024-10-17 06:25:02,261 [ERROR] ConditionMgr:805 - Attr not supported : Dmpu
2024-10-17 06:25:02,261 [ERROR] ConditionMgr:805 - Attr not supported : Dmpu
2024-10-17 06:25:02,261 [ERROR] ConditionMgr:805 - Attr not supported : Dmpu
2024-10-17 06:25:02,261 [ERROR] ConditionMgr:805 - Attr not supported : Dmpu
2024-10-17 06:25:02,261 [ERROR] ConditionMgr:805 - Attr not supported : Dmpu
2024-10-17 06:25:02,261 [ERROR] ConditionMgr:805 - Attr not supported : Dmpu
2024-10-17 06:25:02,261 [ERROR] ConditionMgr:805 - Attr not supported : Dmpu
2024-10-17 06:25:02,261 [ERROR] ConditionMgr:805 - Attr not supported : Dmpu
2024-10-17 06:25:02,261 [ERROR] ConditionMgr:805 - Attr not supported : Dmpu
2024-10-17 06:25:02,261 [ERROR] ConditionMgr:805 - Attr not supported : Dmpu
2024-10-17 06:25:02,261 [ERROR] ConditionMgr:805 - Attr not supported : Dmpu
2024-10-17 06:25:02,261 [ERROR] ConditionMgr:805 - Attr not supported : Dmpu
2024-10-17 06:25:02,261 [ERROR] ConditionMgr:805 - Attr not supported : Dmpu
2024-10-17 06:25:02,262 [ERROR] ConditionMgr:805 - Attr not supported : Dmpu
2024-10-17 06:25:02,262 [ERROR] ConditionMgr:805 - Attr not supported : Dmpu
2024-10-17 06:25:02,262 [ERROR] ConditionMgr:805 - Attr not supported : Dmpu
2024-10-17 06:25:02,262 [ERROR] ConditionMgr:805 - Attr not supported : Dmpu
2024-10-17 06:25:02,262 [ERROR] ConditionMgr:805 - Attr not supported : Dmpu
2024-10-17 06:25:02,262 [ERROR] ConditionMgr:805 - Attr not supported : Dmpu
2024-10-17 06:25:02,262 [ERROR] ConditionMgr:805 - Attr not supported : Dmpu
2024-10-17 06:25:02,262 [ERROR] ConditionMgr:805 - Attr not supported : Dmpu
2024-10-17 06:25:02,263 [ERROR] ConditionMgr:805 - Attr not supported : Dmpu
2024-10-17 06:25:02,263 [ERROR] ConditionMgr:805 - Attr not supported : Dmpu
2024-10-17 06:25:02,263 [ERROR] ConditionMgr:805 - Attr not supported : Dmpu
2024-10-17 06:25:02,264 [ERROR] ConditionMgr:805 - Attr not supported : Dmpu
2024-10-17 06:25:02,265 [ERROR] ConditionMgr:805 - Attr not supported : Dmpu
2024-10-17 06:25:02,266 [ERROR] ConditionMgr:805 - Attr not supported : Dmpu
2024-10-17 06:25:02,266 [ERROR] ConditionMgr:805 - Attr not supported : Dmpu
2024-10-17 06:25:02,266 [ERROR] ConditionMgr:805 - Attr not supported : Dmpu
2024-10-17 06:25:02,266 [ERROR] ConditionMgr:805 - Attr not supported : Dmpu
2024-10-17 06:25:02,266 [ERROR] ConditionMgr:805 - Attr not supported : Dmpu
2024-10-17 06:25:02,266 [ERROR] ConditionMgr:805 - Attr not supported : Dmpu
2024-10-17 06:25:02,266 [ERROR] ConditionMgr:805 - Attr not supported : Dmpu
2024-10-17 06:25:02,266 [ERROR] ConditionMgr:805 - Attr not supported : Dmpu
2024-10-17 06:25:02,266 [ERROR] ConditionMgr:805 - Attr not supported : Dmpu
2024-10-17 06:25:02,266 [ERROR] ConditionMgr:805 - Attr not supported : Dmpu
2024-10-17 06:25:02,266 [ERROR] ConditionMgr:805 - Attr not supported : Dmpu
2024-10-17 06:25:02,266 [ERROR] ConditionMgr:805 - Attr not supported : Dmpu
2024-10-17 06:25:02,266 [ERROR] ConditionMgr:805 - Attr not supported : Dmpu
2024-10-17 06:25:02,267 [ERROR] ConditionMgr:805 - Attr not supported : Dmpu
2024-10-17 06:25:02,267 [ERROR] ConditionMgr:805 - Attr not supported : Dmpu
2024-10-17 06:25:02,267 [ERROR] ConditionMgr:805 - Attr not supported : Dmpu
2024-10-17 06:25:02,267 [ERROR] ConditionMgr:805 - Attr not supported : Dmpu
2024-10-17 06:25:02,267 [ERROR] ConditionMgr:805 - Attr not supported : Dmpu
2024-10-17 06:25:02,267 [ERROR] ConditionMgr:805 - Attr not supported : Dmpu
2024-10-17 06:25:02,267 [ERROR] ConditionMgr:805 - Attr not supported : Dmpu
2024-10-17 06:25:02,267 [ERROR] ConditionMgr:805 - Attr not supported : Dmpu
2024-10-17 06:25:02,267 [ERROR] ConditionMgr:805 - Attr not supported : Dmpu
2024-10-17 06:25:02,267 [ERROR] ConditionMgr:805 - Attr not supported : Dmpu
2024-10-17 06:25:02,267 [ERROR] ConditionMgr:805 - Attr not supported : Dmpu
2024-10-17 06:25:02,267 [ERROR] ConditionMgr:805 - Attr not supported : Dmpu
2024-10-17 06:25:02,267 [ERROR] ConditionMgr:805 - Attr not supported : Dmpu
2024-10-17 06:25:02,279 [WARN] PackLoader:240 - Cannot read IP mode file for RealThread.X-CUBE-RT-Thread_Nano.4.1.1
2024-10-17 06:25:02,283 [WARN] PackLoader:240 - Cannot read IP mode file for STMicroelectronics.FP-ATR-SIGFOX1.3.2.0
2024-10-17 06:25:02,295 [WARN] PackLoader:240 - Cannot read IP mode file for wolfSSL.I-CUBE-wolfSSL.5.7.2
2024-10-17 06:25:02,303 [WARN] PackLoader:240 - Cannot read IP mode file for STMicroelectronics.X-CUBE-EEPRMA1.5.1.0
2024-10-17 06:25:02,312 [WARN] PackLoader:240 - Cannot read IP mode file for ITTIA_DB.I-CUBE-ITTIADB.8.9.0
2024-10-17 06:25:02,405 [WARN] PackLoader:240 - Cannot read IP mode file for SEGGER.I-CUBE-embOS.1.3.1
2024-10-17 06:25:02,512 [WARN] PackLoader:240 - Cannot read IP mode file for STMicroelectronics.X-CUBE-ALGOBUILD.1.4.0
2024-10-17 06:25:02,518 [WARN] PackLoader:240 - Cannot read IP mode file for STMicroelectronics.X-CUBE-AI.9.1.0
2024-10-17 06:25:02,534 [WARN] PackLoader:240 - Cannot read IP mode file for STMicroelectronics.X-CUBE-GNSS1.6.0.0
2024-10-17 06:25:02,608 [WARN] PackLoader:240 - Cannot read IP mode file for STMicroelectronics.X-CUBE-AZRTOS-F4.1.1.0
2024-10-17 06:25:02,632 [WARN] PackLoader:240 - Cannot read IP mode file for STMicroelectronics.X-CUBE-ISPU.2.1.0
2024-10-17 06:25:02,653 [WARN] PackLoader:240 - Cannot read IP mode file for STMicroelectronics.X-CUBE-FREERTOS.1.2.0
2024-10-17 06:25:02,694 [WARN] PackLoader:240 - Cannot read IP mode file for STMicroelectronics.X-CUBE-AZRTOS-L5.2.0.0
2024-10-17 06:25:02,715 [WARN] PackLoader:240 - Cannot read IP mode file for STMicroelectronics.X-CUBE-NFC6.3.1.0
2024-10-17 06:25:02,746 [WARN] PackLoader:240 - Cannot read IP mode file for STMicroelectronics.X-CUBE-DPower.1.2.0
2024-10-17 06:25:02,757 [WARN] PackLoader:240 - Cannot read IP mode file for STMicroelectronics.X-CUBE-AI.9.0.0
2024-10-17 06:25:02,764 [WARN] PackLoader:240 - Cannot read IP mode file for STMicroelectronics.X-CUBE-NFC7.1.0.1
2024-10-17 06:25:02,831 [WARN] ConditionMgr:438 - getConditionDescription Invalid condition id : LAN8742 Phy interface Condition cause : null
2024-10-17 06:25:02,837 [WARN] PackLoader:240 - Cannot read IP mode file for STMicroelectronics.X-CUBE-AZRTOS-L4.2.0.0
2024-10-17 06:25:02,851 [WARN] ConditionMgr:1039 - genDependencies : Invalid condition id : LAN8742 Phy interface Condition cause : null
2024-10-17 06:25:02,853 [WARN] ConditionMgr:1039 - genDependencies : Invalid condition id : LAN8742 Phy interface Condition cause : null
2024-10-17 06:25:02,858 [WARN] ConditionMgr:1039 - genDependencies : Invalid condition id : LAN8742 Phy interface Condition cause : null
2024-10-17 06:25:02,938 [WARN] PackLoader:240 - Cannot read IP mode file for STMicroelectronics.X-CUBE-SFXS2LP1.4.0.0
2024-10-17 06:25:03,036 [WARN] PackLoader:240 - Cannot read IP mode file for STMicroelectronics.X-CUBE-AZRTOS-H7.3.3.0
2024-10-17 06:25:03,152 [WARN] PackLoader:240 - Cannot read IP mode file for STMicroelectronics.X-CUBE-IPS.3.0.0
2024-10-17 06:25:03,216 [WARN] ConditionMgr:438 - getConditionDescription Invalid condition id : UX DEVICE CLASS RTOS Condition cause : null
2024-10-17 06:25:03,219 [WARN] ConditionMgr:438 - getConditionDescription Invalid condition id : UX DEVICE CLASS RTOS Condition cause : null
2024-10-17 06:25:03,226 [WARN] PackLoader:240 - Cannot read IP mode file for STMicroelectronics.X-CUBE-AZRTOS-WB.2.0.0
2024-10-17 06:25:03,241 [WARN] ConditionMgr:1039 - genDependencies : Invalid condition id : UX DEVICE CLASS RTOS Condition cause : null
2024-10-17 06:25:03,243 [WARN] ConditionMgr:1039 - genDependencies : Invalid condition id : UX DEVICE CLASS RTOS Condition cause : null
2024-10-17 06:25:03,245 [WARN] ConditionMgr:1039 - genDependencies : Invalid condition id : UX DEVICE CLASS RTOS Condition cause : null
2024-10-17 06:25:03,248 [WARN] ConditionMgr:1039 - genDependencies : Invalid condition id : UX DEVICE CLASS RTOS Condition cause : null
2024-10-17 06:25:03,251 [WARN] ConditionMgr:1039 - genDependencies : Invalid condition id : UX DEVICE CLASS RTOS Condition cause : null
2024-10-17 06:25:03,270 [WARN] PackLoader:240 - Cannot read IP mode file for STMicroelectronics.X-CUBE-GNSS1.7.0.0
2024-10-17 06:25:03,300 [WARN] PackLoader:240 - Cannot read IP mode file for STMicroelectronics.FP-SNS-STBOX1.2.0.0
2024-10-17 06:25:03,336 [WARN] PackLoader:240 - Cannot read IP mode file for STMicroelectronics.X-CUBE-SUBG2.5.0.0
2024-10-17 06:25:03,357 [WARN] PackLoader:240 - Cannot read IP mode file for Cesanta.I-CUBE-Mongoose.7.13.0
2024-10-17 06:25:03,388 [WARN] PackLoader:240 - Cannot read IP mode file for STMicroelectronics.X-CUBE-AZRTOS-G4.2.0.0
2024-10-17 06:25:03,401 [WARN] PackLoader:240 - Cannot read IP mode file for STMicroelectronics.X-CUBE-ISPU.2.0.0
2024-10-17 06:25:03,407 [WARN] PackLoader:240 - Cannot read IP mode file for STMicroelectronics.X-CUBE-ALS.1.0.2
2024-10-17 06:25:03,417 [WARN] PackLoader:240 - Cannot read IP mode file for STMicroelectronics.X-CUBE-TOUCHGFX.4.24.0
2024-10-17 06:25:03,421 [WARN] PackLoader:240 - Cannot read IP mode file for STMicroelectronics.X-CUBE-TOUCHGFX.4.24.1
2024-10-17 06:25:03,426 [WARN] PackLoader:240 - Cannot read IP mode file for wolfSSL.I-CUBE-wolfTPM.3.4.0
2024-10-17 06:25:03,434 [WARN] PackLoader:240 - Cannot read IP mode file for portGmbH.I-Cube-SoM-uGOAL.1.1.0
2024-10-17 06:25:03,467 [WARN] PackLoader:240 - Cannot read IP mode file for STMicroelectronics.X-CUBE-AZRTOS-H7RS.1.0.0
2024-10-17 06:25:03,477 [INFO] WebApp:167 - Instantiating new browser for Auth
2024-10-17 06:25:03,481 [WARN] PackLoader:240 - Cannot read IP mode file for STMicroelectronics.FP-ATR-ASTRA1.2.0.0
2024-10-17 06:25:03,527 [WARN] PackLoader:240 - Cannot read IP mode file for STMicroelectronics.X-CUBE-TOF1.3.4.2
2024-10-17 06:25:03,638 [WARN] PackLoader:240 - Cannot read IP mode file for Infineon.AIROC-Wi-Fi-Bluetooth-STM32.1.6.1
2024-10-17 06:25:03,682 [WARN] PackLoader:240 - Cannot read IP mode file for wolfSSL.I-CUBE-wolfSSH.1.4.17
2024-10-17 06:25:03,685 [INFO] ThirdParty:978 - Integrity check success = true
2024-10-17 06:25:03,685 [INFO] IntegrityCheckThread:100 - exiting critical section [integrity check]
2024-10-17 06:25:03,685 [INFO] IntegrityCheckThread:103 - End integrity checks thread
2024-10-17 06:25:06,569 [INFO] WebApp:448 - Apply proxy settings
2024-10-17 06:25:06,608 [INFO] WebApp:493 - Chromium authenticates against Manually configured proxy
2024-10-17 06:25:06,643 [INFO] WebApp:501 - Username used for proxy authentication: 
2024-10-17 06:25:06,754 [INFO] WebApp:869 - Register for checkConnection events
2024-10-17 06:25:06,755 [INFO] WebApp:448 - Apply proxy settings
2024-10-17 06:25:06,759 [INFO] WebApp:493 - Chromium authenticates against Manually configured proxy
2024-10-17 06:25:06,759 [INFO] WebApp:501 - Username used for proxy authentication: 
2024-10-17 06:25:07,040 [INFO] WebApp:220 - Starting web application
2024-10-17 06:25:07,040 [INFO] WebApp:578 - Web application path used /Applications/STM32CubeIDE.app/Contents/Eclipse/plugins/com.st.stm32cube.common.mx_6.12.1.202409122256/db/plugins/mcufinder/reactClient1/index.html
2024-10-17 06:25:07,996 [INFO] WebApp:186 - Connection restablished
2024-10-17 06:25:08,117 [INFO] UserAuth:417 - Internet connection configuration mode: 1
2024-10-17 07:14:48,847 [ERROR] LogOutputStream:75 - [STDERR_REDIRECT] 
