2024-09-27 11:50:06,419 [INFO] Activator:176 - 


2024-09-27 11:50:06,424 [INFO] Activator:177 - !SESSION log4j initialized
2024-09-27 11:50:11,433 [INFO] LogOutputStream:77 - [STDOUT_REDIRECT] 
2024-09-27 11:50:11,795 [ERROR] LogOutputStream:75 - [STDERR_REDIRECT] 
2024-09-27 11:50:14,040 [INFO] LogOutputStream:77 - [STDOUT_REDIRECT] 
2024-09-27 11:50:15,214 [INFO] ApplicationProperties:184 - Using Application install path: /Applications/STM32CubeIDE.app/Contents/Eclipse/plugins/com.st.stm32cube.common.mx_6.12.0.202406281431
2024-09-27 11:50:15,230 [INFO] DbMcusXml:78 - Set database path to: /Applications/STM32CubeIDE.app/Contents/Eclipse/plugins/com.st.stm32cube.common.mx_6.12.0.202406281431//db//mcu/
2024-09-27 11:50:15,230 [INFO] ApiDb:274 - Set plugin database path to: /Applications/STM32CubeIDE.app/Contents/Eclipse/plugins/com.st.stm32cube.common.mx_6.12.0.202406281431//db//plugins/boardmanager/
2024-09-27 11:50:15,231 [WARN] ApiDb:259 - Overriding images path with different value:  => /Applications/STM32CubeIDE.app/Contents/Eclipse/plugins/com.st.stm32cube.common.mx_6.12.0.202406281431//db//plugins/mcufinder/images/
2024-09-27 11:50:15,239 [INFO] ApiDb:250 - Set database path to: /Users/jewoolee/.stmcufinder/plugins/mcufinder//mcu/
2024-09-27 11:50:15,240 [INFO] DbMcusAds:125 - Set database path to: /Users/jewoolee/.stmcufinder/plugins/mcufinder//mcu/
2024-09-27 11:50:15,242 [INFO] CrossReferenceDbSqlite:203 - Set database path to: /Users/jewoolee/.stmcufinder/plugins/mcufinder//mcu/cs/
2024-09-27 11:50:15,392 [INFO] RulesReader:64 - Compatibility file has been processed (297 Rules)
2024-09-27 11:50:15,536 [INFO] DbMcusXml:78 - Set database path to: /Applications/STM32CubeIDE.app/Contents/Eclipse/plugins/com.st.stm32cube.common.mx_6.12.0.202406281431//db//mcu/
2024-09-27 11:50:15,538 [INFO] ApiDb:274 - Set plugin database path to: /Applications/STM32CubeIDE.app/Contents/Eclipse/plugins/com.st.stm32cube.common.mx_6.12.0.202406281431//db//plugins/boardmanager/
2024-09-27 11:50:15,542 [INFO] ApiDb:261 - Set plugin images path to: /Applications/STM32CubeIDE.app/Contents/Eclipse/plugins/com.st.stm32cube.common.mx_6.12.0.202406281431//db//plugins/mcufinder/images/
2024-09-27 11:50:15,545 [WARN] DbFile:41 - Overriding database path with different value: /Users/jewoolee/.stmcufinder/plugins/mcufinder/ => /Users/jewoolee/.stmcufinder/plugins/mcufinder
2024-09-27 11:50:15,546 [INFO] ApiDb:250 - Set database path to: /Users/jewoolee/.stmcufinder/plugins/mcufinder//mcu/
2024-09-27 11:50:15,546 [WARN] DbFile:41 - Overriding database path with different value: /Users/jewoolee/.stmcufinder/plugins/mcufinder/ => /Users/jewoolee/.stmcufinder/plugins/mcufinder
2024-09-27 11:50:15,546 [INFO] DbMcusAds:125 - Set database path to: /Users/jewoolee/.stmcufinder/plugins/mcufinder//mcu/
2024-09-27 11:50:15,546 [WARN] DbFile:41 - Overriding database path with different value: /Users/jewoolee/.stmcufinder/plugins/mcufinder/ => /Users/jewoolee/.stmcufinder/plugins/mcufinder
2024-09-27 11:50:15,546 [WARN] DbFile:41 - Overriding database path with different value: /Users/jewoolee/.stmcufinder/plugins/mcufinder/ => /Users/jewoolee/.stmcufinder/plugins/mcufinder
2024-09-27 11:50:15,546 [INFO] CrossReferenceDbSqlite:203 - Set database path to: /Users/jewoolee/.stmcufinder/plugins/mcufinder//mcu/cs/
2024-09-27 11:50:15,654 [INFO] MainPanel:268 - HeapMemory: 268435456
2024-09-27 11:50:16,141 [INFO] DbMcusXml:78 - Set database path to: /Applications/STM32CubeIDE.app/Contents/Eclipse/plugins/com.st.stm32cube.common.mx_6.12.0.202406281431//db//mcu/
2024-09-27 11:50:16,141 [INFO] ApiDb:274 - Set plugin database path to: /Applications/STM32CubeIDE.app/Contents/Eclipse/plugins/com.st.stm32cube.common.mx_6.12.0.202406281431//db//plugins/boardmanager/
2024-09-27 11:50:16,141 [INFO] ApiDb:261 - Set plugin images path to: /Applications/STM32CubeIDE.app/Contents/Eclipse/plugins/com.st.stm32cube.common.mx_6.12.0.202406281431//db//plugins/mcufinder/images/
2024-09-27 11:50:16,141 [WARN] DbFile:41 - Overriding database path with different value: /Users/jewoolee/.stmcufinder/plugins/mcufinder/ => /Users/jewoolee/.stmcufinder/plugins/mcufinder
2024-09-27 11:50:16,142 [INFO] ApiDb:250 - Set database path to: /Users/jewoolee/.stmcufinder/plugins/mcufinder//mcu/
2024-09-27 11:50:16,142 [WARN] DbFile:41 - Overriding database path with different value: /Users/jewoolee/.stmcufinder/plugins/mcufinder/ => /Users/jewoolee/.stmcufinder/plugins/mcufinder
2024-09-27 11:50:16,142 [INFO] DbMcusAds:125 - Set database path to: /Users/jewoolee/.stmcufinder/plugins/mcufinder//mcu/
2024-09-27 11:50:16,142 [WARN] DbFile:41 - Overriding database path with different value: /Users/jewoolee/.stmcufinder/plugins/mcufinder/ => /Users/jewoolee/.stmcufinder/plugins/mcufinder
2024-09-27 11:50:16,142 [WARN] DbFile:41 - Overriding database path with different value: /Users/jewoolee/.stmcufinder/plugins/mcufinder/ => /Users/jewoolee/.stmcufinder/plugins/mcufinder
2024-09-27 11:50:16,142 [INFO] CrossReferenceDbSqlite:203 - Set database path to: /Users/jewoolee/.stmcufinder/plugins/mcufinder//mcu/cs/
2024-09-27 11:50:16,164 [INFO] ApplicationProperties:184 - Using Application install path: /Applications/STM32CubeIDE.app/Contents/Eclipse/plugins/com.st.stm32cube.common.mx_6.12.0.202406281431
2024-09-27 11:50:16,165 [INFO] PluginManage:196 - Search for loadable plugins [exclusion list=, ]
2024-09-27 11:50:16,168 [INFO] PluginManage:310 - Check plugin analytics
2024-09-27 11:50:16,448 [INFO] AnalyticsPlugin:253 - Accepted Software Licenses: 
2024-09-27 11:50:16,449 [INFO] AnalyticsPlugin:255 - Accepted CMSIS Pack Licenses: 
2024-09-27 11:50:16,449 [INFO] AnalyticsPlugin:257 - Accepted Firmware Licenses: FW.L4.1.18.0
2024-09-27 11:50:16,462 [INFO] PluginManage:359 - Loaded plugin analytics (category:tool,tabindex:-1)
2024-09-27 11:50:16,466 [INFO] PluginManage:310 - Check plugin cadmodel
2024-09-27 11:50:16,493 [INFO] CADModel:105 - Init CAD model plugin
2024-09-27 11:50:16,494 [INFO] PluginManage:359 - Loaded plugin cadmodel (category:power,tabindex:5)
2024-09-27 11:50:16,494 [INFO] PluginManage:310 - Check plugin clock
2024-09-27 11:50:16,509 [INFO] PluginManage:359 - Loaded plugin clock (category:base,tabindex:2)
2024-09-27 11:50:16,509 [INFO] PluginManage:310 - Check plugin ddr
2024-09-27 11:50:16,513 [INFO] PluginManage:359 - Loaded plugin ddr (category:tool,tabindex:6)
2024-09-27 11:50:16,513 [INFO] PluginManage:310 - Check plugin filemanager
2024-09-27 11:50:16,749 [INFO] PluginManage:359 - Loaded plugin filemanager (category:base,tabindex:10)
2024-09-27 11:50:16,750 [INFO] PluginManage:310 - Check plugin ipmanager
2024-09-27 11:50:16,758 [INFO] PluginManage:359 - Loaded plugin ipmanager (category:base,tabindex:5)
2024-09-27 11:50:16,758 [INFO] PluginManage:310 - Check plugin lpbam
2024-09-27 11:50:16,777 [INFO] PluginManage:359 - Loaded plugin lpbam (category:base,tabindex:0)
2024-09-27 11:50:16,777 [INFO] PluginManage:310 - Check plugin memorymap
2024-09-27 11:50:16,794 [INFO] PluginManage:359 - Loaded plugin memorymap (category:base,tabindex:4)
2024-09-27 11:50:16,795 [INFO] PluginManage:310 - Check plugin pinoutandconfiguration
2024-09-27 11:50:16,803 [INFO] PluginManage:359 - Loaded plugin pinoutandconfiguration (category:base,tabindex:1)
2024-09-27 11:50:16,804 [INFO] PluginManage:310 - Check plugin pinoutconfig
2024-09-27 11:50:16,958 [WARN] SupportedApi:132 - Cannot load RTOS API schema: s4s-elt-must-match.1: The content of 'definitions' must match (annotation?, (simpleType | complexType)?, (unique | key | keyref)*)). A problem was found starting at: attribute.
2024-09-27 11:50:17,388 [INFO] PluginManage:359 - Loaded plugin pinoutconfig (category:base,tabindex:0)
2024-09-27 11:50:17,389 [INFO] PluginManage:310 - Check plugin power
2024-09-27 11:50:17,402 [INFO] PluginManage:359 - Loaded plugin power (category:power,tabindex:4)
2024-09-27 11:50:17,402 [INFO] PluginManage:310 - Check plugin projectmanager
2024-09-27 11:50:17,648 [INFO] PluginManage:359 - Loaded plugin projectmanager (category:projectmanager,tabindex:4)
2024-09-27 11:50:17,649 [INFO] PluginManage:310 - Check plugin rif
2024-09-27 11:50:17,660 [INFO] PluginManage:359 - Loaded plugin rif (category:base,tabindex:3)
2024-09-27 11:50:17,661 [INFO] PluginManage:310 - Check plugin thirdparty
2024-09-27 11:50:17,822 [INFO] PluginManage:359 - Loaded plugin thirdparty (category:base,tabindex:-1)
2024-09-27 11:50:17,822 [INFO] PluginManage:310 - Check plugin tools
2024-09-27 11:50:17,822 [WARN] IntegrityCheckThread:84 - waiting for thirdparty lock release [integrity check]
2024-09-27 11:50:17,823 [INFO] IntegrityCheckThread:86 - entering critical section [integrity check]
2024-09-27 11:50:17,824 [INFO] ThirdPartyUpdaterWithRetryManager:70 - Updater plugin not ready yet. [1/15]
2024-09-27 11:50:17,825 [INFO] PluginManage:359 - Loaded plugin tools (category:base,tabindex:7)
2024-09-27 11:50:17,825 [INFO] PluginManage:310 - Check plugin tutovideos
2024-09-27 11:50:18,036 [INFO] PluginManage:359 - Loaded plugin tutovideos (category:base,tabindex:-1)
2024-09-27 11:50:18,037 [INFO] PluginManage:310 - Check plugin updater
2024-09-27 11:50:18,092 [INFO] PluginManage:359 - Loaded plugin updater (category:base,tabindex:12)
2024-09-27 11:50:18,093 [INFO] PluginManage:310 - Check plugin userauth
2024-09-27 11:50:18,104 [INFO] UserAuth:113 - Init User Auth plugin
2024-09-27 11:50:18,104 [INFO] PluginManage:359 - Loaded plugin userauth (category:base,tabindex:14)
2024-09-27 11:50:18,105 [INFO] PluginManage:283 - PluginManage : Loaded plugins [18]
2024-09-27 11:50:18,361 [INFO] PinOutPanel:1561 - setPackage(No Configuration,No Configuration)
2024-09-27 11:50:18,520 [INFO] CADModel:165 - CPN selected for project level
2024-09-27 11:50:18,521 [INFO] CADModel:114 - Register for checkConnection events
2024-09-27 11:50:18,539 [INFO] IPUIPlugin:80 - create IPUIPlugin
2024-09-27 11:50:18,540 [INFO] PluginManager:220 - loadIPPluginJar : add mdma
2024-09-27 11:50:18,546 [INFO] IPUIPlugin:80 - create IPUIPlugin
2024-09-27 11:50:18,547 [INFO] PluginManager:220 - loadIPPluginJar : add freertos
2024-09-27 11:50:18,552 [INFO] IPUIPlugin:80 - create IPUIPlugin
2024-09-27 11:50:18,552 [INFO] PluginManager:220 - loadIPPluginJar : add gic
2024-09-27 11:50:18,558 [INFO] IPUIPlugin:80 - create IPUIPlugin
2024-09-27 11:50:18,559 [INFO] PluginManager:220 - loadIPPluginJar : add adc
2024-09-27 11:50:18,560 [INFO] IPUIPlugin:80 - create IPUIPlugin
2024-09-27 11:50:18,560 [INFO] PluginManager:220 - loadIPPluginJar : add gtzc
2024-09-27 11:50:18,561 [INFO] IPUIPlugin:80 - create IPUIPlugin
2024-09-27 11:50:18,561 [INFO] PluginManager:220 - loadIPPluginJar : add quadspi
2024-09-27 11:50:18,562 [INFO] IPUIPlugin:80 - create IPUIPlugin
2024-09-27 11:50:18,562 [INFO] PluginManager:220 - loadIPPluginJar : add aes
2024-09-27 11:50:18,565 [INFO] IPUIPlugin:80 - create IPUIPlugin
2024-09-27 11:50:18,565 [INFO] PluginManager:220 - loadIPPluginJar : add pdm2pcm
2024-09-27 11:50:18,566 [INFO] IPUIPlugin:80 - create IPUIPlugin
2024-09-27 11:50:18,566 [INFO] PluginManager:220 - loadIPPluginJar : add hash
2024-09-27 11:50:18,567 [INFO] IPUIPlugin:80 - create IPUIPlugin
2024-09-27 11:50:18,567 [INFO] PluginManager:220 - loadIPPluginJar : add tim
2024-09-27 11:50:18,567 [INFO] IPUIPlugin:80 - create IPUIPlugin
2024-09-27 11:50:18,567 [INFO] PluginManager:220 - loadIPPluginJar : add tsc
2024-09-27 11:50:18,569 [INFO] IPUIPlugin:80 - create IPUIPlugin
2024-09-27 11:50:18,569 [INFO] PluginManager:220 - loadIPPluginJar : add extmemmanager
2024-09-27 11:50:18,571 [INFO] IPUIPlugin:80 - create IPUIPlugin
2024-09-27 11:50:18,571 [INFO] PluginManager:220 - loadIPPluginJar : add ts
2024-09-27 11:50:18,573 [INFO] IPUIPlugin:80 - create IPUIPlugin
2024-09-27 11:50:18,573 [INFO] PluginManager:220 - loadIPPluginJar : add radio
2024-09-27 11:50:18,574 [INFO] IPUIPlugin:80 - create IPUIPlugin
2024-09-27 11:50:18,574 [INFO] PluginManager:220 - loadIPPluginJar : add can
2024-09-27 11:50:18,575 [INFO] IPUIPlugin:80 - create IPUIPlugin
2024-09-27 11:50:18,575 [INFO] PluginManager:220 - loadIPPluginJar : add dma3
2024-09-27 11:50:18,576 [INFO] IPUIPlugin:80 - create IPUIPlugin
2024-09-27 11:50:18,576 [INFO] PluginManager:220 - loadIPPluginJar : add dfsdm
2024-09-27 11:50:18,577 [INFO] IPUIPlugin:80 - create IPUIPlugin
2024-09-27 11:50:18,577 [INFO] PluginManager:220 - loadIPPluginJar : add spi
2024-09-27 11:50:18,578 [INFO] IPUIPlugin:80 - create IPUIPlugin
2024-09-27 11:50:18,578 [INFO] PluginManager:220 - loadIPPluginJar : add gfxmmu
2024-09-27 11:50:18,580 [INFO] IPUIPlugin:80 - create IPUIPlugin
2024-09-27 11:50:18,580 [INFO] PluginManager:220 - loadIPPluginJar : add genericplugin
2024-09-27 11:50:18,581 [INFO] IPUIPlugin:80 - create IPUIPlugin
2024-09-27 11:50:18,581 [INFO] PluginManager:220 - loadIPPluginJar : add cryp
2024-09-27 11:50:18,584 [INFO] IPUIPlugin:80 - create IPUIPlugin
2024-09-27 11:50:18,585 [INFO] PluginManager:220 - loadIPPluginJar : add gpio
2024-09-27 11:50:18,587 [INFO] IPUIPlugin:80 - create IPUIPlugin
2024-09-27 11:50:18,587 [INFO] PluginManager:220 - loadIPPluginJar : add ddr_ctrl_phy
2024-09-27 11:50:18,588 [INFO] IPUIPlugin:80 - create IPUIPlugin
2024-09-27 11:50:18,588 [INFO] PluginManager:220 - loadIPPluginJar : add comp
2024-09-27 11:50:18,589 [INFO] IPUIPlugin:80 - create IPUIPlugin
2024-09-27 11:50:18,589 [INFO] PluginManager:220 - loadIPPluginJar : add tracer_emb
2024-09-27 11:50:18,591 [INFO] IPUIPlugin:80 - create IPUIPlugin
2024-09-27 11:50:18,592 [INFO] PluginManager:220 - loadIPPluginJar : add openamp
2024-09-27 11:50:18,595 [INFO] IPUIPlugin:80 - create IPUIPlugin
2024-09-27 11:50:18,595 [INFO] PluginManager:220 - loadIPPluginJar : add stm32_wpan
2024-09-27 11:50:18,598 [INFO] IPUIPlugin:80 - create IPUIPlugin
2024-09-27 11:50:18,607 [INFO] PluginManager:220 - loadIPPluginJar : add plateformsettings
2024-09-27 11:50:18,610 [INFO] IPUIPlugin:80 - create IPUIPlugin
2024-09-27 11:50:18,610 [INFO] PluginManager:220 - loadIPPluginJar : add ipddr
2024-09-27 11:50:18,612 [INFO] IPUIPlugin:80 - create IPUIPlugin
2024-09-27 11:50:18,612 [INFO] PluginManager:220 - loadIPPluginJar : add usart
2024-09-27 11:50:18,613 [INFO] IPUIPlugin:80 - create IPUIPlugin
2024-09-27 11:50:18,613 [INFO] PluginManager:220 - loadIPPluginJar : add ltdc
2024-09-27 11:50:18,616 [INFO] IPUIPlugin:80 - create IPUIPlugin
2024-09-27 11:50:18,616 [INFO] PluginManager:220 - loadIPPluginJar : add nvic
2024-09-27 11:50:18,617 [INFO] IPUIPlugin:80 - create IPUIPlugin
2024-09-27 11:50:18,617 [INFO] PluginManager:220 - loadIPPluginJar : add fatfs
2024-09-27 11:50:18,622 [INFO] IPUIPlugin:80 - create IPUIPlugin
2024-09-27 11:50:18,622 [INFO] PluginManager:220 - loadIPPluginJar : add linkedlist
2024-09-27 11:50:18,625 [INFO] IPUIPlugin:80 - create IPUIPlugin
2024-09-27 11:50:18,625 [INFO] PluginManager:220 - loadIPPluginJar : add dma
2024-09-27 11:50:18,628 [INFO] IPUIPlugin:80 - create IPUIPlugin
2024-09-27 11:50:18,628 [INFO] PluginManager:220 - loadIPPluginJar : add fmc
2024-09-27 11:50:18,630 [INFO] IPUIPlugin:80 - create IPUIPlugin
2024-09-27 11:50:18,630 [INFO] PluginManager:220 - loadIPPluginJar : add i2s
2024-09-27 11:50:18,631 [INFO] IPUIPlugin:80 - create IPUIPlugin
2024-09-27 11:50:18,632 [INFO] PluginManager:220 - loadIPPluginJar : add ucpd
2024-09-27 11:50:18,633 [INFO] IPUIPlugin:80 - create IPUIPlugin
2024-09-27 11:50:18,633 [INFO] PluginManager:220 - loadIPPluginJar : add lorawan
2024-09-27 11:50:18,635 [INFO] IPUIPlugin:80 - create IPUIPlugin
2024-09-27 11:50:18,635 [INFO] PluginManager:220 - loadIPPluginJar : add opamp
2024-09-27 11:50:18,637 [INFO] IPUIPlugin:80 - create IPUIPlugin
2024-09-27 11:50:18,637 [INFO] PluginManager:220 - loadIPPluginJar : add i3c
2024-09-27 11:50:18,638 [INFO] IPUIPlugin:80 - create IPUIPlugin
2024-09-27 11:50:18,639 [INFO] PluginManager:220 - loadIPPluginJar : add touchsensing
2024-09-27 11:50:18,640 [INFO] IPUIPlugin:80 - create IPUIPlugin
2024-09-27 11:50:18,640 [INFO] PluginManager:220 - loadIPPluginJar : add i2c
2024-09-27 11:50:18,642 [INFO] IPUIPlugin:80 - create IPUIPlugin
2024-09-27 11:50:18,642 [INFO] PluginManager:220 - loadIPPluginJar : add resmgrutility
2024-09-27 11:50:18,643 [INFO] IPUIPlugin:80 - create IPUIPlugin
2024-09-27 11:50:18,644 [INFO] PluginManager:220 - loadIPPluginJar : add sai
2024-09-27 11:50:18,646 [INFO] IPUIPlugin:80 - create IPUIPlugin
2024-09-27 11:50:18,646 [INFO] PluginManager:220 - loadIPPluginJar : add usbx
2024-09-27 11:50:18,772 [INFO] CADModel:165 - CPN selected for project level
2024-09-27 11:50:18,773 [INFO] CADModel:114 - Register for checkConnection events
2024-09-27 11:50:18,773 [FATAL] Updater:334 - Updater called before beeing initialized
2024-09-27 11:50:18,773 [ERROR] CADModel:125 - Updater not yet initialized, retry later 
2024-09-27 11:50:19,005 [INFO] CADModel:165 - CPN selected for project level
2024-09-27 11:50:19,006 [INFO] CADModel:114 - Register for checkConnection events
2024-09-27 11:50:19,006 [FATAL] Updater:334 - Updater called before beeing initialized
2024-09-27 11:50:19,006 [ERROR] CADModel:125 - Updater not yet initialized, retry later 
2024-09-27 11:50:19,011 [FATAL] Updater:334 - Updater called before beeing initialized
2024-09-27 11:50:19,165 [FATAL] Updater:334 - Updater called before beeing initialized
2024-09-27 11:50:19,171 [INFO] DbMcusAds:53 - JSON generation date=Mon Sep 16 10:40:22 EDT 2024 (1726497622318)
2024-09-27 11:50:19,172 [FATAL] Updater:334 - Updater called before beeing initialized
2024-09-27 11:50:19,237 [WARN] DetailPanel:346 - Failed to get advertising image, set to default
2024-09-27 11:50:19,305 [FATAL] Updater:334 - Updater called before beeing initialized
2024-09-27 11:50:19,308 [FATAL] Updater:334 - Updater called before beeing initialized
2024-09-27 11:50:19,308 [FATAL] Updater:334 - Updater called before beeing initialized
2024-09-27 11:50:19,308 [WARN] DetailPanel:346 - Failed to get advertising image, set to default
2024-09-27 11:50:19,310 [FATAL] Updater:334 - Updater called before beeing initialized
2024-09-27 11:50:19,384 [ERROR] Updater:1164 - MainUpdater not yet initialized. External WinMGr cannot be set.
2024-09-27 11:50:19,390 [INFO] Updater:1100 - Updater Version found : 6.12.0
2024-09-27 11:50:19,403 [INFO] ApplicationProperties:184 - Using Application install path: /Applications/STM32CubeIDE.app/Contents/Eclipse/plugins/com.st.stm32cube.common.mx_6.12.0.202406281431
2024-09-27 11:50:19,783 [INFO] MainUpdater:2873 - connection check result : 10
2024-09-27 11:50:19,784 [INFO] MainUpdater:290 - Updater Check For Update Now.
2024-09-27 11:50:19,784 [INFO] MicroXplorer:498 - Change Database Version : DB.6.0.120
2024-09-27 11:50:19,789 [INFO] McuFinderGlobals:63 - Set McuFinder mode to 2 (CubeIDE integrated)
2024-09-27 11:50:19,793 [INFO] UserAuth:417 - Internet connection configuration mode: 1
2024-09-27 11:50:19,807 [INFO] JxBrowserEngine:152 - Initiate JxBrowser Engine with user profile folder
2024-09-27 11:50:20,053 [INFO] CheckServerUpdateThread:120 - End of CheckServer Thread
2024-09-27 11:50:21,008 [WARN] PackLoader:240 - Cannot read IP mode file for STMicroelectronics.FP-SNS-MOTENVWB1.1.4.0
2024-09-27 11:50:21,036 [WARN] PackLoader:240 - Cannot read IP mode file for STMicroelectronics.X-CUBE-SMBUS.2.1.0
2024-09-27 11:50:21,082 [WARN] PackLoader:240 - Cannot read IP mode file for STMicroelectronics.X-CUBE-AZRTOS-F7.1.1.0
2024-09-27 11:50:21,256 [WARN] PackLoader:240 - Cannot read IP mode file for STMicroelectronics.X-CUBE-MEMS1.11.0.0
2024-09-27 11:50:21,481 [WARN] PackLoader:240 - Cannot read IP mode file for STMicroelectronics.FP-SNS-FLIGHT1.5.0.2
2024-09-27 11:50:21,501 [WARN] PackLoader:240 - Cannot read IP mode file for STMicroelectronics.X-CUBE-DISPLAY.3.0.0
2024-09-27 11:50:21,519 [WARN] PackLoader:240 - Cannot read IP mode file for STMicroelectronics.X-CUBE-BLE1.7.0.0
2024-09-27 11:50:21,534 [WARN] PackLoader:240 - Cannot read IP mode file for emotas.I-CUBE-CANOPEN.1.3.0
2024-09-27 11:50:21,575 [WARN] PackLoader:240 - Cannot read IP mode file for STMicroelectronics.X-CUBE-BLEMGR.3.1.0
2024-09-27 11:50:21,587 [WARN] PackLoader:240 - Cannot read IP mode file for STMicroelectronics.FP-SNS-SMARTAG2.1.2.0
2024-09-27 11:50:21,596 [INFO] LogOutputStream:77 - [STDOUT_REDIRECT] 1 : Invalid condition id : UX_CORESTACK_Condition cause : null
2024-09-27 11:50:21,597 [INFO] LogOutputStream:77 - [STDOUT_REDIRECT] 1 : Invalid condition id : UX_CORESTACK_Condition cause : null
2024-09-27 11:50:21,598 [INFO] LogOutputStream:77 - [STDOUT_REDIRECT] 1 : Invalid condition id : UX_CORESTACK_Condition cause : null
2024-09-27 11:50:21,598 [INFO] LogOutputStream:77 - [STDOUT_REDIRECT] 1 : Invalid condition id : UX_CORESTACK_Condition cause : null
2024-09-27 11:50:21,598 [INFO] LogOutputStream:77 - [STDOUT_REDIRECT] 1 : Invalid condition id : UX_CORESTACK_Condition cause : null
2024-09-27 11:50:21,607 [WARN] PackLoader:240 - Cannot read IP mode file for STMicroelectronics.X-CUBE-AZRTOS-WL.2.0.0
2024-09-27 11:50:21,614 [WARN] PackLoader:240 - Cannot read IP mode file for STMicroelectronics.FP-SNS-MOTENV1.5.0.0
2024-09-27 11:50:21,635 [WARN] PackLoader:240 - Cannot read IP mode file for wolfSSL.I-CUBE-wolfMQTT.1.19.0
2024-09-27 11:50:21,648 [WARN] PackLoader:240 - Cannot read IP mode file for WES.I-CUBE-Cesium.1.3.0
2024-09-27 11:50:21,660 [WARN] PackLoader:240 - Cannot read IP mode file for STMicroelectronics.X-CUBE-BLE2.3.3.0
2024-09-27 11:50:21,668 [WARN] PackLoader:240 - Cannot read IP mode file for STMicroelectronics.X-CUBE-TCPP.4.1.0
2024-09-27 11:50:21,707 [WARN] PackLoader:240 - Cannot read IP mode file for STMicroelectronics.X-CUBE-AZRTOS-G0.1.1.0
2024-09-27 11:50:21,724 [WARN] PackLoader:240 - Cannot read IP mode file for STMicroelectronics.X-CUBE-SAFEA1.1.2.2
2024-09-27 11:50:21,735 [WARN] PackLoader:240 - Cannot read IP mode file for STMicroelectronics.X-CUBE-NFC4.3.0.0
2024-09-27 11:50:21,759 [WARN] PackLoader:240 - Cannot read IP mode file for EmbeddedOffice.I-CUBE-FS-RTOS.1.0.1
2024-09-27 11:50:21,760 [ERROR] ConditionMgr:805 - Attr not supported : Dmpu
2024-09-27 11:50:21,761 [ERROR] ConditionMgr:805 - Attr not supported : Dmpu
2024-09-27 11:50:21,762 [ERROR] ConditionMgr:805 - Attr not supported : Dmpu
2024-09-27 11:50:21,762 [ERROR] ConditionMgr:805 - Attr not supported : Dmpu
2024-09-27 11:50:21,762 [ERROR] ConditionMgr:805 - Attr not supported : Dmpu
2024-09-27 11:50:21,762 [ERROR] ConditionMgr:805 - Attr not supported : Dmpu
2024-09-27 11:50:21,762 [ERROR] ConditionMgr:805 - Attr not supported : Dmpu
2024-09-27 11:50:21,762 [ERROR] ConditionMgr:805 - Attr not supported : Dmpu
2024-09-27 11:50:21,762 [ERROR] ConditionMgr:805 - Attr not supported : Dmpu
2024-09-27 11:50:21,762 [ERROR] ConditionMgr:805 - Attr not supported : Dmpu
2024-09-27 11:50:21,762 [ERROR] ConditionMgr:805 - Attr not supported : Dmpu
2024-09-27 11:50:21,762 [ERROR] ConditionMgr:805 - Attr not supported : Dmpu
2024-09-27 11:50:21,762 [ERROR] ConditionMgr:805 - Attr not supported : Dmpu
2024-09-27 11:50:21,762 [ERROR] ConditionMgr:805 - Attr not supported : Dmpu
2024-09-27 11:50:21,762 [ERROR] ConditionMgr:805 - Attr not supported : Dmpu
2024-09-27 11:50:21,762 [ERROR] ConditionMgr:805 - Attr not supported : Dmpu
2024-09-27 11:50:21,762 [ERROR] ConditionMgr:805 - Attr not supported : Dmpu
2024-09-27 11:50:21,762 [ERROR] ConditionMgr:805 - Attr not supported : Dmpu
2024-09-27 11:50:21,762 [ERROR] ConditionMgr:805 - Attr not supported : Dmpu
2024-09-27 11:50:21,762 [ERROR] ConditionMgr:805 - Attr not supported : Dmpu
2024-09-27 11:50:21,762 [ERROR] ConditionMgr:805 - Attr not supported : Dmpu
2024-09-27 11:50:21,762 [ERROR] ConditionMgr:805 - Attr not supported : Dmpu
2024-09-27 11:50:21,762 [ERROR] ConditionMgr:805 - Attr not supported : Dmpu
2024-09-27 11:50:21,762 [ERROR] ConditionMgr:805 - Attr not supported : Dmpu
2024-09-27 11:50:21,762 [ERROR] ConditionMgr:805 - Attr not supported : Dmpu
2024-09-27 11:50:21,762 [ERROR] ConditionMgr:805 - Attr not supported : Dmpu
2024-09-27 11:50:21,763 [ERROR] ConditionMgr:805 - Attr not supported : Dmpu
2024-09-27 11:50:21,763 [ERROR] ConditionMgr:805 - Attr not supported : Dmpu
2024-09-27 11:50:21,763 [ERROR] ConditionMgr:805 - Attr not supported : Dmpu
2024-09-27 11:50:21,763 [ERROR] ConditionMgr:805 - Attr not supported : Dmpu
2024-09-27 11:50:21,763 [ERROR] ConditionMgr:805 - Attr not supported : Dmpu
2024-09-27 11:50:21,763 [ERROR] ConditionMgr:805 - Attr not supported : Dmpu
2024-09-27 11:50:21,764 [ERROR] ConditionMgr:805 - Attr not supported : Dmpu
2024-09-27 11:50:21,764 [ERROR] ConditionMgr:805 - Attr not supported : Dmpu
2024-09-27 11:50:21,764 [ERROR] ConditionMgr:805 - Attr not supported : Dmpu
2024-09-27 11:50:21,764 [ERROR] ConditionMgr:805 - Attr not supported : Dmpu
2024-09-27 11:50:21,765 [ERROR] ConditionMgr:805 - Attr not supported : Dmpu
2024-09-27 11:50:21,768 [ERROR] ConditionMgr:805 - Attr not supported : Dmpu
2024-09-27 11:50:21,771 [ERROR] ConditionMgr:805 - Attr not supported : Dmpu
2024-09-27 11:50:21,771 [ERROR] ConditionMgr:805 - Attr not supported : Dmpu
2024-09-27 11:50:21,771 [ERROR] ConditionMgr:805 - Attr not supported : Dmpu
2024-09-27 11:50:21,771 [ERROR] ConditionMgr:805 - Attr not supported : Dmpu
2024-09-27 11:50:21,771 [ERROR] ConditionMgr:805 - Attr not supported : Dmpu
2024-09-27 11:50:21,771 [ERROR] ConditionMgr:805 - Attr not supported : Dmpu
2024-09-27 11:50:21,771 [ERROR] ConditionMgr:805 - Attr not supported : Dmpu
2024-09-27 11:50:21,771 [ERROR] ConditionMgr:805 - Attr not supported : Dmpu
2024-09-27 11:50:21,771 [ERROR] ConditionMgr:805 - Attr not supported : Dmpu
2024-09-27 11:50:21,771 [ERROR] ConditionMgr:805 - Attr not supported : Dmpu
2024-09-27 11:50:21,771 [ERROR] ConditionMgr:805 - Attr not supported : Dmpu
2024-09-27 11:50:21,771 [ERROR] ConditionMgr:805 - Attr not supported : Dmpu
2024-09-27 11:50:21,771 [ERROR] ConditionMgr:805 - Attr not supported : Dmpu
2024-09-27 11:50:21,771 [ERROR] ConditionMgr:805 - Attr not supported : Dmpu
2024-09-27 11:50:21,771 [ERROR] ConditionMgr:805 - Attr not supported : Dmpu
2024-09-27 11:50:21,771 [ERROR] ConditionMgr:805 - Attr not supported : Dmpu
2024-09-27 11:50:21,771 [ERROR] ConditionMgr:805 - Attr not supported : Dmpu
2024-09-27 11:50:21,771 [ERROR] ConditionMgr:805 - Attr not supported : Dmpu
2024-09-27 11:50:21,772 [ERROR] ConditionMgr:805 - Attr not supported : Dmpu
2024-09-27 11:50:21,772 [ERROR] ConditionMgr:805 - Attr not supported : Dmpu
2024-09-27 11:50:21,772 [ERROR] ConditionMgr:805 - Attr not supported : Dmpu
2024-09-27 11:50:21,772 [ERROR] ConditionMgr:805 - Attr not supported : Dmpu
2024-09-27 11:50:21,772 [ERROR] ConditionMgr:805 - Attr not supported : Dmpu
2024-09-27 11:50:21,772 [ERROR] ConditionMgr:805 - Attr not supported : Dmpu
2024-09-27 11:50:21,772 [ERROR] ConditionMgr:805 - Attr not supported : Dmpu
2024-09-27 11:50:21,772 [ERROR] ConditionMgr:805 - Attr not supported : Dmpu
2024-09-27 11:50:21,781 [WARN] PackLoader:240 - Cannot read IP mode file for RealThread.X-CUBE-RT-Thread_Nano.4.1.1
2024-09-27 11:50:21,789 [WARN] PackLoader:240 - Cannot read IP mode file for STMicroelectronics.FP-ATR-SIGFOX1.3.2.0
2024-09-27 11:50:21,795 [WARN] PackLoader:240 - Cannot read IP mode file for wolfSSL.I-CUBE-wolfSSL.5.7.2
2024-09-27 11:50:21,801 [WARN] PackLoader:240 - Cannot read IP mode file for STMicroelectronics.X-CUBE-EEPRMA1.5.1.0
2024-09-27 11:50:21,808 [WARN] PackLoader:240 - Cannot read IP mode file for ITTIA_DB.I-CUBE-ITTIADB.8.9.0
2024-09-27 11:50:21,869 [WARN] PackLoader:240 - Cannot read IP mode file for SEGGER.I-CUBE-embOS.1.3.1
2024-09-27 11:50:21,970 [WARN] PackLoader:240 - Cannot read IP mode file for STMicroelectronics.X-CUBE-ALGOBUILD.1.4.0
2024-09-27 11:50:21,990 [WARN] PackLoader:240 - Cannot read IP mode file for STMicroelectronics.X-CUBE-GNSS1.6.0.0
2024-09-27 11:50:22,017 [WARN] PackLoader:240 - Cannot read IP mode file for STMicroelectronics.X-CUBE-AZRTOS-F4.1.1.0
2024-09-27 11:50:22,076 [WARN] PackLoader:240 - Cannot read IP mode file for STMicroelectronics.X-CUBE-ISPU.2.1.0
2024-09-27 11:50:22,100 [WARN] PackLoader:240 - Cannot read IP mode file for STMicroelectronics.X-CUBE-FREERTOS.1.2.0
2024-09-27 11:50:22,159 [WARN] PackLoader:240 - Cannot read IP mode file for STMicroelectronics.X-CUBE-AZRTOS-L5.2.0.0
2024-09-27 11:50:22,217 [WARN] PackLoader:240 - Cannot read IP mode file for STMicroelectronics.X-CUBE-NFC6.3.1.0
2024-09-27 11:50:22,278 [WARN] PackLoader:240 - Cannot read IP mode file for STMicroelectronics.X-CUBE-DPower.1.2.0
2024-09-27 11:50:22,310 [WARN] PackLoader:240 - Cannot read IP mode file for STMicroelectronics.X-CUBE-AI.9.0.0
2024-09-27 11:50:22,335 [WARN] PackLoader:240 - Cannot read IP mode file for STMicroelectronics.X-CUBE-NFC7.1.0.1
2024-09-27 11:50:22,382 [WARN] ConditionMgr:438 - getConditionDescription Invalid condition id : LAN8742 Phy interface Condition cause : null
2024-09-27 11:50:22,384 [WARN] PackLoader:240 - Cannot read IP mode file for STMicroelectronics.X-CUBE-AZRTOS-L4.2.0.0
2024-09-27 11:50:22,393 [WARN] ConditionMgr:1039 - genDependencies : Invalid condition id : LAN8742 Phy interface Condition cause : null
2024-09-27 11:50:22,394 [WARN] ConditionMgr:1039 - genDependencies : Invalid condition id : LAN8742 Phy interface Condition cause : null
2024-09-27 11:50:22,396 [WARN] ConditionMgr:1039 - genDependencies : Invalid condition id : LAN8742 Phy interface Condition cause : null
2024-09-27 11:50:22,417 [WARN] PackLoader:240 - Cannot read IP mode file for STMicroelectronics.X-CUBE-SFXS2LP1.4.0.0
2024-09-27 11:50:22,447 [WARN] PackLoader:240 - Cannot read IP mode file for STMicroelectronics.X-CUBE-AZRTOS-H7.3.3.0
2024-09-27 11:50:22,505 [WARN] ConditionMgr:438 - getConditionDescription Invalid condition id : UX DEVICE CLASS RTOS Condition cause : null
2024-09-27 11:50:22,508 [WARN] ConditionMgr:438 - getConditionDescription Invalid condition id : UX DEVICE CLASS RTOS Condition cause : null
2024-09-27 11:50:22,514 [WARN] PackLoader:240 - Cannot read IP mode file for STMicroelectronics.X-CUBE-AZRTOS-WB.2.0.0
2024-09-27 11:50:22,517 [WARN] ConditionMgr:1039 - genDependencies : Invalid condition id : UX DEVICE CLASS RTOS Condition cause : null
2024-09-27 11:50:22,517 [WARN] ConditionMgr:1039 - genDependencies : Invalid condition id : UX DEVICE CLASS RTOS Condition cause : null
2024-09-27 11:50:22,519 [WARN] ConditionMgr:1039 - genDependencies : Invalid condition id : UX DEVICE CLASS RTOS Condition cause : null
2024-09-27 11:50:22,520 [WARN] ConditionMgr:1039 - genDependencies : Invalid condition id : UX DEVICE CLASS RTOS Condition cause : null
2024-09-27 11:50:22,520 [WARN] ConditionMgr:1039 - genDependencies : Invalid condition id : UX DEVICE CLASS RTOS Condition cause : null
2024-09-27 11:50:22,560 [WARN] PackLoader:240 - Cannot read IP mode file for STMicroelectronics.X-CUBE-GNSS1.7.0.0
2024-09-27 11:50:22,582 [WARN] PackLoader:240 - Cannot read IP mode file for STMicroelectronics.FP-SNS-STBOX1.2.0.0
2024-09-27 11:50:22,622 [WARN] PackLoader:240 - Cannot read IP mode file for STMicroelectronics.X-CUBE-SUBG2.5.0.0
2024-09-27 11:50:22,651 [WARN] PackLoader:240 - Cannot read IP mode file for Cesanta.I-CUBE-Mongoose.7.13.0
2024-09-27 11:50:22,675 [WARN] PackLoader:240 - Cannot read IP mode file for STMicroelectronics.X-CUBE-AZRTOS-G4.2.0.0
2024-09-27 11:50:22,686 [WARN] PackLoader:240 - Cannot read IP mode file for STMicroelectronics.X-CUBE-ISPU.2.0.0
2024-09-27 11:50:22,691 [WARN] PackLoader:240 - Cannot read IP mode file for STMicroelectronics.X-CUBE-ALS.1.0.2
2024-09-27 11:50:22,699 [WARN] PackLoader:240 - Cannot read IP mode file for STMicroelectronics.X-CUBE-TOUCHGFX.4.24.0
2024-09-27 11:50:22,706 [WARN] PackLoader:240 - Cannot read IP mode file for STMicroelectronics.X-CUBE-TOUCHGFX.4.24.1
2024-09-27 11:50:22,708 [WARN] PackLoader:240 - Cannot read IP mode file for wolfSSL.I-CUBE-wolfTPM.3.4.0
2024-09-27 11:50:22,714 [WARN] PackLoader:240 - Cannot read IP mode file for portGmbH.I-Cube-SoM-uGOAL.1.1.0
2024-09-27 11:50:22,737 [WARN] PackLoader:240 - Cannot read IP mode file for STMicroelectronics.X-CUBE-AZRTOS-H7RS.1.0.0
2024-09-27 11:50:22,746 [WARN] PackLoader:240 - Cannot read IP mode file for STMicroelectronics.FP-ATR-ASTRA1.2.0.0
2024-09-27 11:50:22,758 [WARN] PackLoader:240 - Cannot read IP mode file for STMicroelectronics.X-CUBE-TOF1.3.4.2
2024-09-27 11:50:22,795 [WARN] PackLoader:240 - Cannot read IP mode file for Infineon.AIROC-Wi-Fi-Bluetooth-STM32.1.6.1
2024-09-27 11:50:22,802 [WARN] PackLoader:240 - Cannot read IP mode file for wolfSSL.I-CUBE-wolfSSH.1.4.17
2024-09-27 11:50:22,809 [INFO] ThirdParty:978 - Integrity check success = true
2024-09-27 11:50:22,809 [INFO] IntegrityCheckThread:100 - exiting critical section [integrity check]
2024-09-27 11:50:22,809 [INFO] IntegrityCheckThread:103 - End integrity checks thread
2024-09-27 11:50:24,931 [INFO] WebApp:167 - Instantiating new browser for Auth
2024-09-27 11:50:26,757 [INFO] WebApp:448 - Apply proxy settings
2024-09-27 11:50:26,767 [INFO] WebApp:493 - Chromium authenticates against Manually configured proxy
2024-09-27 11:50:26,793 [INFO] WebApp:501 - Username used for proxy authentication: 
2024-09-27 11:50:26,862 [INFO] WebApp:869 - Register for checkConnection events
2024-09-27 11:50:26,863 [INFO] WebApp:448 - Apply proxy settings
2024-09-27 11:50:26,866 [INFO] WebApp:493 - Chromium authenticates against Manually configured proxy
2024-09-27 11:50:26,866 [INFO] WebApp:501 - Username used for proxy authentication: 
2024-09-27 11:50:27,026 [INFO] WebApp:220 - Starting web application
2024-09-27 11:50:27,026 [INFO] WebApp:578 - Web application path used /Applications/STM32CubeIDE.app/Contents/Eclipse/plugins/com.st.stm32cube.common.mx_6.12.0.202406281431/db/plugins/mcufinder/reactClient1/index.html
2024-09-27 11:50:27,614 [INFO] WebApp:186 - Connection restablished
2024-09-27 11:50:27,699 [INFO] UserAuth:417 - Internet connection configuration mode: 1
