2024-10-21 00:40:24,181 [ERROR] LogOutputStream:75 - [STDERR_REDIRECT] 
2024-10-21 08:25:26,164 [INFO] Activator:176 - 


2024-10-21 08:25:26,168 [INFO] Activator:177 - !SESSION log4j initialized
2024-10-21 08:25:32,743 [INFO] LogOutputStream:77 - [STDOUT_REDIRECT] 
2024-10-21 08:25:34,138 [ERROR] LogOutputStream:75 - [STDERR_REDIRECT] 
2024-10-21 08:25:38,748 [INFO] LogOutputStream:77 - [STDOUT_REDIRECT] 
2024-10-21 08:25:42,212 [INFO] ApplicationProperties:184 - Using Application install path: /Applications/STM32CubeIDE.app/Contents/Eclipse/plugins/com.st.stm32cube.common.mx_6.12.1.202409122256
2024-10-21 08:25:42,240 [INFO] DbMcusXml:78 - Set database path to: /Applications/STM32CubeIDE.app/Contents/Eclipse/plugins/com.st.stm32cube.common.mx_6.12.1.202409122256//db//mcu/
2024-10-21 08:25:42,240 [INFO] ApiDb:274 - Set plugin database path to: /Applications/STM32CubeIDE.app/Contents/Eclipse/plugins/com.st.stm32cube.common.mx_6.12.1.202409122256//db//plugins/boardmanager/
2024-10-21 08:25:42,241 [WARN] ApiDb:259 - Overriding images path with different value:  => /Applications/STM32CubeIDE.app/Contents/Eclipse/plugins/com.st.stm32cube.common.mx_6.12.1.202409122256//db//plugins/mcufinder/images/
2024-10-21 08:25:42,253 [INFO] ApiDb:250 - Set database path to: /var/root/.stmcufinder/plugins/mcufinder//mcu/
2024-10-21 08:25:42,255 [INFO] DbMcusAds:125 - Set database path to: /var/root/.stmcufinder/plugins/mcufinder//mcu/
2024-10-21 08:25:42,259 [INFO] CrossReferenceDbSqlite:203 - Set database path to: /var/root/.stmcufinder/plugins/mcufinder//mcu/cs/
2024-10-21 08:25:42,842 [INFO] RulesReader:64 - Compatibility file has been processed (297 Rules)
2024-10-21 08:25:43,143 [INFO] DbMcusXml:78 - Set database path to: /Applications/STM32CubeIDE.app/Contents/Eclipse/plugins/com.st.stm32cube.common.mx_6.12.1.202409122256//db//mcu/
2024-10-21 08:25:43,148 [INFO] ApiDb:274 - Set plugin database path to: /Applications/STM32CubeIDE.app/Contents/Eclipse/plugins/com.st.stm32cube.common.mx_6.12.1.202409122256//db//plugins/boardmanager/
2024-10-21 08:25:43,156 [INFO] ApiDb:261 - Set plugin images path to: /Applications/STM32CubeIDE.app/Contents/Eclipse/plugins/com.st.stm32cube.common.mx_6.12.1.202409122256//db//plugins/mcufinder/images/
2024-10-21 08:25:43,160 [WARN] DbFile:41 - Overriding database path with different value: /var/root/.stmcufinder/plugins/mcufinder/ => /var/root/.stmcufinder/plugins/mcufinder
2024-10-21 08:25:43,161 [INFO] ApiDb:250 - Set database path to: /var/root/.stmcufinder/plugins/mcufinder//mcu/
2024-10-21 08:25:43,161 [WARN] DbFile:41 - Overriding database path with different value: /var/root/.stmcufinder/plugins/mcufinder/ => /var/root/.stmcufinder/plugins/mcufinder
2024-10-21 08:25:43,162 [INFO] DbMcusAds:125 - Set database path to: /var/root/.stmcufinder/plugins/mcufinder//mcu/
2024-10-21 08:25:43,162 [WARN] DbFile:41 - Overriding database path with different value: /var/root/.stmcufinder/plugins/mcufinder/ => /var/root/.stmcufinder/plugins/mcufinder
2024-10-21 08:25:43,162 [WARN] DbFile:41 - Overriding database path with different value: /var/root/.stmcufinder/plugins/mcufinder/ => /var/root/.stmcufinder/plugins/mcufinder
2024-10-21 08:25:43,164 [INFO] CrossReferenceDbSqlite:203 - Set database path to: /var/root/.stmcufinder/plugins/mcufinder//mcu/cs/
2024-10-21 08:25:43,403 [INFO] MainPanel:268 - HeapMemory: 268435456
2024-10-21 08:25:44,092 [INFO] DbMcusXml:78 - Set database path to: /Applications/STM32CubeIDE.app/Contents/Eclipse/plugins/com.st.stm32cube.common.mx_6.12.1.202409122256//db//mcu/
2024-10-21 08:25:44,093 [INFO] ApiDb:274 - Set plugin database path to: /Applications/STM32CubeIDE.app/Contents/Eclipse/plugins/com.st.stm32cube.common.mx_6.12.1.202409122256//db//plugins/boardmanager/
2024-10-21 08:25:44,093 [INFO] ApiDb:261 - Set plugin images path to: /Applications/STM32CubeIDE.app/Contents/Eclipse/plugins/com.st.stm32cube.common.mx_6.12.1.202409122256//db//plugins/mcufinder/images/
2024-10-21 08:25:44,094 [WARN] DbFile:41 - Overriding database path with different value: /var/root/.stmcufinder/plugins/mcufinder/ => /var/root/.stmcufinder/plugins/mcufinder
2024-10-21 08:25:44,094 [INFO] ApiDb:250 - Set database path to: /var/root/.stmcufinder/plugins/mcufinder//mcu/
2024-10-21 08:25:44,094 [WARN] DbFile:41 - Overriding database path with different value: /var/root/.stmcufinder/plugins/mcufinder/ => /var/root/.stmcufinder/plugins/mcufinder
2024-10-21 08:25:44,094 [INFO] DbMcusAds:125 - Set database path to: /var/root/.stmcufinder/plugins/mcufinder//mcu/
2024-10-21 08:25:44,094 [WARN] DbFile:41 - Overriding database path with different value: /var/root/.stmcufinder/plugins/mcufinder/ => /var/root/.stmcufinder/plugins/mcufinder
2024-10-21 08:25:44,094 [WARN] DbFile:41 - Overriding database path with different value: /var/root/.stmcufinder/plugins/mcufinder/ => /var/root/.stmcufinder/plugins/mcufinder
2024-10-21 08:25:44,094 [INFO] CrossReferenceDbSqlite:203 - Set database path to: /var/root/.stmcufinder/plugins/mcufinder//mcu/cs/
2024-10-21 08:25:44,199 [INFO] ApplicationProperties:184 - Using Application install path: /Applications/STM32CubeIDE.app/Contents/Eclipse/plugins/com.st.stm32cube.common.mx_6.12.1.202409122256
2024-10-21 08:25:44,203 [INFO] PluginManage:196 - Search for loadable plugins [exclusion list=, ]
2024-10-21 08:25:44,220 [INFO] PluginManage:310 - Check plugin analytics
2024-10-21 08:25:44,922 [INFO] AnalyticsPlugin:253 - Accepted Software Licenses: 
2024-10-21 08:25:44,922 [INFO] AnalyticsPlugin:255 - Accepted CMSIS Pack Licenses: 
2024-10-21 08:25:44,922 [INFO] AnalyticsPlugin:257 - Accepted Firmware Licenses: 
2024-10-21 08:25:44,940 [INFO] PluginManage:359 - Loaded plugin analytics (category:tool,tabindex:-1)
2024-10-21 08:25:44,940 [INFO] PluginManage:310 - Check plugin cadmodel
2024-10-21 08:25:44,959 [INFO] CADModel:105 - Init CAD model plugin
2024-10-21 08:25:44,959 [INFO] PluginManage:359 - Loaded plugin cadmodel (category:power,tabindex:5)
2024-10-21 08:25:44,961 [INFO] PluginManage:310 - Check plugin clock
2024-10-21 08:25:44,977 [INFO] PluginManage:359 - Loaded plugin clock (category:base,tabindex:2)
2024-10-21 08:25:44,979 [INFO] PluginManage:310 - Check plugin ddr
2024-10-21 08:25:44,983 [INFO] PluginManage:359 - Loaded plugin ddr (category:tool,tabindex:6)
2024-10-21 08:25:44,983 [INFO] PluginManage:310 - Check plugin filemanager
2024-10-21 08:25:45,257 [INFO] PluginManage:359 - Loaded plugin filemanager (category:base,tabindex:10)
2024-10-21 08:25:45,258 [INFO] PluginManage:310 - Check plugin ipmanager
2024-10-21 08:25:45,267 [INFO] PluginManage:359 - Loaded plugin ipmanager (category:base,tabindex:5)
2024-10-21 08:25:45,268 [INFO] PluginManage:310 - Check plugin lpbam
2024-10-21 08:25:45,286 [INFO] PluginManage:359 - Loaded plugin lpbam (category:base,tabindex:0)
2024-10-21 08:25:45,287 [INFO] PluginManage:310 - Check plugin memorymap
2024-10-21 08:25:45,305 [INFO] PluginManage:359 - Loaded plugin memorymap (category:base,tabindex:4)
2024-10-21 08:25:45,305 [INFO] PluginManage:310 - Check plugin pinoutandconfiguration
2024-10-21 08:25:45,315 [INFO] PluginManage:359 - Loaded plugin pinoutandconfiguration (category:base,tabindex:1)
2024-10-21 08:25:45,315 [INFO] PluginManage:310 - Check plugin pinoutconfig
2024-10-21 08:25:45,450 [WARN] SupportedApi:132 - Cannot load RTOS API schema: s4s-elt-must-match.1: The content of 'definitions' must match (annotation?, (simpleType | complexType)?, (unique | key | keyref)*)). A problem was found starting at: attribute.
2024-10-21 08:25:45,718 [INFO] PluginManage:359 - Loaded plugin pinoutconfig (category:base,tabindex:0)
2024-10-21 08:25:45,719 [INFO] PluginManage:310 - Check plugin power
2024-10-21 08:25:45,743 [INFO] PluginManage:359 - Loaded plugin power (category:power,tabindex:4)
2024-10-21 08:25:45,744 [INFO] PluginManage:310 - Check plugin projectmanager
2024-10-21 08:25:45,787 [INFO] PluginManage:359 - Loaded plugin projectmanager (category:projectmanager,tabindex:4)
2024-10-21 08:25:45,788 [INFO] PluginManage:310 - Check plugin rif
2024-10-21 08:25:45,794 [INFO] PluginManage:359 - Loaded plugin rif (category:base,tabindex:3)
2024-10-21 08:25:45,794 [INFO] PluginManage:310 - Check plugin thirdparty
2024-10-21 08:25:46,033 [INFO] PluginManage:359 - Loaded plugin thirdparty (category:base,tabindex:-1)
2024-10-21 08:25:46,033 [INFO] PluginManage:310 - Check plugin tools
2024-10-21 08:25:46,032 [WARN] IntegrityCheckThread:84 - waiting for thirdparty lock release [integrity check]
2024-10-21 08:25:46,035 [INFO] IntegrityCheckThread:86 - entering critical section [integrity check]
2024-10-21 08:25:46,036 [INFO] ThirdPartyUpdaterWithRetryManager:70 - Updater plugin not ready yet. [1/15]
2024-10-21 08:25:46,038 [INFO] PluginManage:359 - Loaded plugin tools (category:base,tabindex:7)
2024-10-21 08:25:46,038 [INFO] PluginManage:310 - Check plugin tutovideos
2024-10-21 08:25:46,598 [INFO] PluginManage:359 - Loaded plugin tutovideos (category:base,tabindex:-1)
2024-10-21 08:25:46,602 [INFO] PluginManage:310 - Check plugin updater
2024-10-21 08:25:46,681 [INFO] PluginManage:359 - Loaded plugin updater (category:base,tabindex:12)
2024-10-21 08:25:46,682 [INFO] PluginManage:310 - Check plugin userauth
2024-10-21 08:25:46,695 [INFO] UserAuth:113 - Init User Auth plugin
2024-10-21 08:25:46,695 [INFO] PluginManage:359 - Loaded plugin userauth (category:base,tabindex:14)
2024-10-21 08:25:46,697 [INFO] PluginManage:283 - PluginManage : Loaded plugins [18]
2024-10-21 08:25:47,362 [INFO] PinOutPanel:1561 - setPackage(No Configuration,No Configuration)
2024-10-21 08:25:47,694 [INFO] CADModel:165 - CPN selected for project level
2024-10-21 08:25:47,697 [INFO] CADModel:114 - Register for checkConnection events
2024-10-21 08:25:47,725 [INFO] IPUIPlugin:80 - create IPUIPlugin
2024-10-21 08:25:47,725 [INFO] PluginManager:220 - loadIPPluginJar : add mdma
2024-10-21 08:25:47,733 [INFO] IPUIPlugin:80 - create IPUIPlugin
2024-10-21 08:25:47,733 [INFO] PluginManager:220 - loadIPPluginJar : add freertos
2024-10-21 08:25:47,737 [INFO] IPUIPlugin:80 - create IPUIPlugin
2024-10-21 08:25:47,737 [INFO] PluginManager:220 - loadIPPluginJar : add gic
2024-10-21 08:25:47,746 [INFO] IPUIPlugin:80 - create IPUIPlugin
2024-10-21 08:25:47,746 [INFO] PluginManager:220 - loadIPPluginJar : add adc
2024-10-21 08:25:47,751 [INFO] IPUIPlugin:80 - create IPUIPlugin
2024-10-21 08:25:47,752 [INFO] PluginManager:220 - loadIPPluginJar : add gtzc
2024-10-21 08:25:47,758 [INFO] IPUIPlugin:80 - create IPUIPlugin
2024-10-21 08:25:47,758 [INFO] PluginManager:220 - loadIPPluginJar : add quadspi
2024-10-21 08:25:47,760 [INFO] IPUIPlugin:80 - create IPUIPlugin
2024-10-21 08:25:47,760 [INFO] PluginManager:220 - loadIPPluginJar : add aes
2024-10-21 08:25:47,762 [INFO] IPUIPlugin:80 - create IPUIPlugin
2024-10-21 08:25:47,762 [INFO] PluginManager:220 - loadIPPluginJar : add pdm2pcm
2024-10-21 08:25:47,764 [INFO] IPUIPlugin:80 - create IPUIPlugin
2024-10-21 08:25:47,764 [INFO] PluginManager:220 - loadIPPluginJar : add hash
2024-10-21 08:25:47,765 [INFO] IPUIPlugin:80 - create IPUIPlugin
2024-10-21 08:25:47,765 [INFO] PluginManager:220 - loadIPPluginJar : add tim
2024-10-21 08:25:47,767 [INFO] IPUIPlugin:80 - create IPUIPlugin
2024-10-21 08:25:47,767 [INFO] PluginManager:220 - loadIPPluginJar : add tsc
2024-10-21 08:25:47,770 [INFO] IPUIPlugin:80 - create IPUIPlugin
2024-10-21 08:25:47,770 [INFO] PluginManager:220 - loadIPPluginJar : add extmemmanager
2024-10-21 08:25:47,772 [INFO] IPUIPlugin:80 - create IPUIPlugin
2024-10-21 08:25:47,772 [INFO] PluginManager:220 - loadIPPluginJar : add ts
2024-10-21 08:25:47,774 [INFO] IPUIPlugin:80 - create IPUIPlugin
2024-10-21 08:25:47,775 [INFO] PluginManager:220 - loadIPPluginJar : add radio
2024-10-21 08:25:47,777 [INFO] IPUIPlugin:80 - create IPUIPlugin
2024-10-21 08:25:47,777 [INFO] PluginManager:220 - loadIPPluginJar : add can
2024-10-21 08:25:47,778 [INFO] IPUIPlugin:80 - create IPUIPlugin
2024-10-21 08:25:47,778 [INFO] PluginManager:220 - loadIPPluginJar : add dma3
2024-10-21 08:25:47,780 [INFO] IPUIPlugin:80 - create IPUIPlugin
2024-10-21 08:25:47,780 [INFO] PluginManager:220 - loadIPPluginJar : add dfsdm
2024-10-21 08:25:47,781 [INFO] IPUIPlugin:80 - create IPUIPlugin
2024-10-21 08:25:47,781 [INFO] PluginManager:220 - loadIPPluginJar : add spi
2024-10-21 08:25:47,783 [INFO] IPUIPlugin:80 - create IPUIPlugin
2024-10-21 08:25:47,783 [INFO] PluginManager:220 - loadIPPluginJar : add gfxmmu
2024-10-21 08:25:47,785 [INFO] IPUIPlugin:80 - create IPUIPlugin
2024-10-21 08:25:47,785 [INFO] PluginManager:220 - loadIPPluginJar : add genericplugin
2024-10-21 08:25:47,787 [INFO] IPUIPlugin:80 - create IPUIPlugin
2024-10-21 08:25:47,787 [INFO] PluginManager:220 - loadIPPluginJar : add cryp
2024-10-21 08:25:47,790 [INFO] IPUIPlugin:80 - create IPUIPlugin
2024-10-21 08:25:47,791 [INFO] PluginManager:220 - loadIPPluginJar : add gpio
2024-10-21 08:25:47,794 [INFO] IPUIPlugin:80 - create IPUIPlugin
2024-10-21 08:25:47,794 [INFO] PluginManager:220 - loadIPPluginJar : add ddr_ctrl_phy
2024-10-21 08:25:47,795 [INFO] IPUIPlugin:80 - create IPUIPlugin
2024-10-21 08:25:47,795 [INFO] PluginManager:220 - loadIPPluginJar : add comp
2024-10-21 08:25:47,797 [INFO] IPUIPlugin:80 - create IPUIPlugin
2024-10-21 08:25:47,798 [INFO] PluginManager:220 - loadIPPluginJar : add tracer_emb
2024-10-21 08:25:47,800 [INFO] IPUIPlugin:80 - create IPUIPlugin
2024-10-21 08:25:47,800 [INFO] PluginManager:220 - loadIPPluginJar : add openamp
2024-10-21 08:25:47,804 [INFO] IPUIPlugin:80 - create IPUIPlugin
2024-10-21 08:25:47,804 [INFO] PluginManager:220 - loadIPPluginJar : add stm32_wpan
2024-10-21 08:25:47,809 [INFO] IPUIPlugin:80 - create IPUIPlugin
2024-10-21 08:25:47,815 [INFO] PluginManager:220 - loadIPPluginJar : add plateformsettings
2024-10-21 08:25:47,818 [INFO] IPUIPlugin:80 - create IPUIPlugin
2024-10-21 08:25:47,818 [INFO] PluginManager:220 - loadIPPluginJar : add ipddr
2024-10-21 08:25:47,820 [INFO] IPUIPlugin:80 - create IPUIPlugin
2024-10-21 08:25:47,820 [INFO] PluginManager:220 - loadIPPluginJar : add usart
2024-10-21 08:25:47,821 [INFO] IPUIPlugin:80 - create IPUIPlugin
2024-10-21 08:25:47,821 [INFO] PluginManager:220 - loadIPPluginJar : add ltdc
2024-10-21 08:25:47,824 [INFO] IPUIPlugin:80 - create IPUIPlugin
2024-10-21 08:25:47,824 [INFO] PluginManager:220 - loadIPPluginJar : add nvic
2024-10-21 08:25:47,825 [INFO] IPUIPlugin:80 - create IPUIPlugin
2024-10-21 08:25:47,825 [INFO] PluginManager:220 - loadIPPluginJar : add fatfs
2024-10-21 08:25:47,836 [INFO] IPUIPlugin:80 - create IPUIPlugin
2024-10-21 08:25:47,837 [INFO] PluginManager:220 - loadIPPluginJar : add linkedlist
2024-10-21 08:25:47,842 [INFO] IPUIPlugin:80 - create IPUIPlugin
2024-10-21 08:25:47,842 [INFO] PluginManager:220 - loadIPPluginJar : add dma
2024-10-21 08:25:47,846 [INFO] IPUIPlugin:80 - create IPUIPlugin
2024-10-21 08:25:47,846 [INFO] PluginManager:220 - loadIPPluginJar : add fmc
2024-10-21 08:25:47,848 [INFO] IPUIPlugin:80 - create IPUIPlugin
2024-10-21 08:25:47,848 [INFO] PluginManager:220 - loadIPPluginJar : add i2s
2024-10-21 08:25:47,851 [INFO] IPUIPlugin:80 - create IPUIPlugin
2024-10-21 08:25:47,851 [INFO] PluginManager:220 - loadIPPluginJar : add ucpd
2024-10-21 08:25:47,859 [INFO] IPUIPlugin:80 - create IPUIPlugin
2024-10-21 08:25:47,859 [INFO] PluginManager:220 - loadIPPluginJar : add lorawan
2024-10-21 08:25:47,862 [INFO] IPUIPlugin:80 - create IPUIPlugin
2024-10-21 08:25:47,862 [INFO] PluginManager:220 - loadIPPluginJar : add opamp
2024-10-21 08:25:47,863 [INFO] IPUIPlugin:80 - create IPUIPlugin
2024-10-21 08:25:47,864 [INFO] PluginManager:220 - loadIPPluginJar : add i3c
2024-10-21 08:25:47,866 [INFO] IPUIPlugin:80 - create IPUIPlugin
2024-10-21 08:25:47,866 [INFO] PluginManager:220 - loadIPPluginJar : add touchsensing
2024-10-21 08:25:47,867 [INFO] IPUIPlugin:80 - create IPUIPlugin
2024-10-21 08:25:47,868 [INFO] PluginManager:220 - loadIPPluginJar : add i2c
2024-10-21 08:25:47,870 [INFO] IPUIPlugin:80 - create IPUIPlugin
2024-10-21 08:25:47,870 [INFO] PluginManager:220 - loadIPPluginJar : add resmgrutility
2024-10-21 08:25:47,874 [INFO] IPUIPlugin:80 - create IPUIPlugin
2024-10-21 08:25:47,875 [INFO] PluginManager:220 - loadIPPluginJar : add sai
2024-10-21 08:25:47,879 [INFO] IPUIPlugin:80 - create IPUIPlugin
2024-10-21 08:25:47,879 [INFO] PluginManager:220 - loadIPPluginJar : add usbx
2024-10-21 08:25:48,030 [INFO] CADModel:165 - CPN selected for project level
2024-10-21 08:25:48,030 [INFO] CADModel:114 - Register for checkConnection events
2024-10-21 08:25:48,031 [FATAL] Updater:334 - Updater called before beeing initialized
2024-10-21 08:25:48,031 [ERROR] CADModel:125 - Updater not yet initialized, retry later 
2024-10-21 08:25:48,320 [INFO] CADModel:165 - CPN selected for project level
2024-10-21 08:25:48,320 [INFO] CADModel:114 - Register for checkConnection events
2024-10-21 08:25:48,321 [FATAL] Updater:334 - Updater called before beeing initialized
2024-10-21 08:25:48,321 [ERROR] CADModel:125 - Updater not yet initialized, retry later 
2024-10-21 08:25:48,324 [FATAL] Updater:334 - Updater called before beeing initialized
2024-10-21 08:25:48,570 [FATAL] Updater:334 - Updater called before beeing initialized
2024-10-21 08:25:48,578 [INFO] DbMcusAds:53 - JSON generation date=Thu Sep 30 02:55:09 EDT 2021 (1632984909247)
2024-10-21 08:25:48,578 [FATAL] Updater:334 - Updater called before beeing initialized
2024-10-21 08:25:48,671 [WARN] DetailPanel:346 - Failed to get advertising image, set to default
2024-10-21 08:25:48,780 [FATAL] Updater:334 - Updater called before beeing initialized
2024-10-21 08:25:48,782 [FATAL] Updater:334 - Updater called before beeing initialized
2024-10-21 08:25:48,782 [FATAL] Updater:334 - Updater called before beeing initialized
2024-10-21 08:25:48,782 [WARN] DetailPanel:346 - Failed to get advertising image, set to default
2024-10-21 08:25:48,784 [FATAL] Updater:334 - Updater called before beeing initialized
2024-10-21 08:25:48,898 [ERROR] Updater:1164 - MainUpdater not yet initialized. External WinMGr cannot be set.
2024-10-21 08:25:48,907 [INFO] Updater:1100 - Updater Version found : 6.12.1
2024-10-21 08:25:48,925 [INFO] ApplicationProperties:184 - Using Application install path: /Applications/STM32CubeIDE.app/Contents/Eclipse/plugins/com.st.stm32cube.common.mx_6.12.1.202409122256
2024-10-21 08:25:49,042 [INFO] ThirdPartyUpdaterWithRetryManager:70 - Updater plugin not ready yet. [2/15]
2024-10-21 08:25:50,585 [INFO] MainUpdater:2873 - connection check result : 10
2024-10-21 08:25:50,586 [INFO] MainUpdater:290 - Updater Check For Update Now.
2024-10-21 08:25:50,587 [INFO] MicroXplorer:498 - Change Database Version : DB.6.0.121
2024-10-21 08:25:50,617 [INFO] McuFinderGlobals:63 - Set McuFinder mode to 2 (CubeIDE integrated)
2024-10-21 08:25:50,620 [INFO] UserAuth:417 - Internet connection configuration mode: 1
2024-10-21 08:25:50,638 [INFO] JxBrowserEngine:152 - Initiate JxBrowser Engine with user profile folder
2024-10-21 08:25:50,974 [INFO] CheckServerUpdateThread:120 - End of CheckServer Thread
2024-10-21 08:25:52,312 [WARN] PackLoader:240 - Cannot read IP mode file for STMicroelectronics.FP-SNS-MOTENVWB1.1.4.0
2024-10-21 08:25:52,352 [WARN] PackLoader:240 - Cannot read IP mode file for STMicroelectronics.X-CUBE-SMBUS.2.1.0
2024-10-21 08:25:52,388 [WARN] PackLoader:240 - Cannot read IP mode file for STMicroelectronics.X-CUBE-WB05N.1.1.0
2024-10-21 08:25:52,445 [WARN] PackLoader:240 - Cannot read IP mode file for STMicroelectronics.X-CUBE-AZRTOS-F7.1.1.0
2024-10-21 08:25:52,652 [WARN] PackLoader:240 - Cannot read IP mode file for STMicroelectronics.X-CUBE-MEMS1.11.0.0
2024-10-21 08:25:53,251 [WARN] PackLoader:240 - Cannot read IP mode file for STMicroelectronics.FP-SNS-FLIGHT1.5.0.2
2024-10-21 08:25:53,293 [WARN] PackLoader:240 - Cannot read IP mode file for STMicroelectronics.X-CUBE-DISPLAY.3.0.0
2024-10-21 08:25:53,334 [WARN] PackLoader:240 - Cannot read IP mode file for STMicroelectronics.X-CUBE-BLE1.7.0.0
2024-10-21 08:25:53,373 [WARN] PackLoader:240 - Cannot read IP mode file for STMicroelectronics.X-CUBE-NFC10.1.0.0
2024-10-21 08:25:53,418 [WARN] PackLoader:240 - Cannot read IP mode file for emotas.I-CUBE-CANOPEN.1.3.0
2024-10-21 08:25:53,449 [WARN] PackLoader:240 - Cannot read IP mode file for STMicroelectronics.X-CUBE-BLEMGR.3.1.0
2024-10-21 08:25:53,480 [WARN] PackLoader:240 - Cannot read IP mode file for STMicroelectronics.FP-SNS-SMARTAG2.1.2.0
2024-10-21 08:25:53,502 [INFO] LogOutputStream:77 - [STDOUT_REDIRECT] 1 : Invalid condition id : UX_CORESTACK_Condition cause : null
2024-10-21 08:25:53,508 [INFO] LogOutputStream:77 - [STDOUT_REDIRECT] 1 : Invalid condition id : UX_CORESTACK_Condition cause : null
2024-10-21 08:25:53,508 [INFO] LogOutputStream:77 - [STDOUT_REDIRECT] 1 : Invalid condition id : UX_CORESTACK_Condition cause : null
2024-10-21 08:25:53,509 [INFO] LogOutputStream:77 - [STDOUT_REDIRECT] 1 : Invalid condition id : UX_CORESTACK_Condition cause : null
2024-10-21 08:25:53,509 [INFO] LogOutputStream:77 - [STDOUT_REDIRECT] 1 : Invalid condition id : UX_CORESTACK_Condition cause : null
2024-10-21 08:25:53,518 [WARN] PackLoader:240 - Cannot read IP mode file for STMicroelectronics.X-CUBE-AZRTOS-WL.2.0.0
2024-10-21 08:25:53,531 [WARN] PackLoader:240 - Cannot read IP mode file for STMicroelectronics.FP-SNS-MOTENV1.5.0.0
2024-10-21 08:25:53,541 [WARN] PackLoader:240 - Cannot read IP mode file for wolfSSL.I-CUBE-wolfMQTT.1.19.0
2024-10-21 08:25:53,565 [WARN] PackLoader:240 - Cannot read IP mode file for WES.I-CUBE-Cesium.1.3.0
2024-10-21 08:25:53,576 [WARN] PackLoader:240 - Cannot read IP mode file for STMicroelectronics.X-CUBE-BLE2.3.3.0
2024-10-21 08:25:53,594 [WARN] PackLoader:240 - Cannot read IP mode file for STMicroelectronics.X-CUBE-NFC9.1.0.0
2024-10-21 08:25:53,615 [WARN] PackLoader:240 - Cannot read IP mode file for STMicroelectronics.X-CUBE-TCPP.4.1.0
2024-10-21 08:25:53,669 [WARN] PackLoader:240 - Cannot read IP mode file for STMicroelectronics.X-CUBE-AZRTOS-G0.1.1.0
2024-10-21 08:25:53,730 [WARN] PackLoader:240 - Cannot read IP mode file for STMicroelectronics.X-CUBE-SAFEA1.1.2.2
2024-10-21 08:25:53,802 [WARN] PackLoader:240 - Cannot read IP mode file for STMicroelectronics.X-CUBE-NFC4.3.0.0
2024-10-21 08:25:53,935 [WARN] PackLoader:240 - Cannot read IP mode file for EmbeddedOffice.I-CUBE-FS-RTOS.1.0.1
2024-10-21 08:25:53,947 [ERROR] ConditionMgr:805 - Attr not supported : Dmpu
2024-10-21 08:25:53,953 [ERROR] ConditionMgr:805 - Attr not supported : Dmpu
2024-10-21 08:25:53,953 [ERROR] ConditionMgr:805 - Attr not supported : Dmpu
2024-10-21 08:25:53,953 [ERROR] ConditionMgr:805 - Attr not supported : Dmpu
2024-10-21 08:25:53,953 [ERROR] ConditionMgr:805 - Attr not supported : Dmpu
2024-10-21 08:25:53,953 [ERROR] ConditionMgr:805 - Attr not supported : Dmpu
2024-10-21 08:25:53,954 [ERROR] ConditionMgr:805 - Attr not supported : Dmpu
2024-10-21 08:25:53,954 [ERROR] ConditionMgr:805 - Attr not supported : Dmpu
2024-10-21 08:25:53,954 [ERROR] ConditionMgr:805 - Attr not supported : Dmpu
2024-10-21 08:25:53,954 [ERROR] ConditionMgr:805 - Attr not supported : Dmpu
2024-10-21 08:25:53,954 [ERROR] ConditionMgr:805 - Attr not supported : Dmpu
2024-10-21 08:25:53,954 [ERROR] ConditionMgr:805 - Attr not supported : Dmpu
2024-10-21 08:25:53,955 [ERROR] ConditionMgr:805 - Attr not supported : Dmpu
2024-10-21 08:25:53,955 [ERROR] ConditionMgr:805 - Attr not supported : Dmpu
2024-10-21 08:25:53,956 [ERROR] ConditionMgr:805 - Attr not supported : Dmpu
2024-10-21 08:25:53,956 [ERROR] ConditionMgr:805 - Attr not supported : Dmpu
2024-10-21 08:25:53,959 [ERROR] ConditionMgr:805 - Attr not supported : Dmpu
2024-10-21 08:25:53,959 [ERROR] ConditionMgr:805 - Attr not supported : Dmpu
2024-10-21 08:25:53,959 [ERROR] ConditionMgr:805 - Attr not supported : Dmpu
2024-10-21 08:25:53,959 [ERROR] ConditionMgr:805 - Attr not supported : Dmpu
2024-10-21 08:25:53,959 [ERROR] ConditionMgr:805 - Attr not supported : Dmpu
2024-10-21 08:25:53,959 [ERROR] ConditionMgr:805 - Attr not supported : Dmpu
2024-10-21 08:25:53,960 [ERROR] ConditionMgr:805 - Attr not supported : Dmpu
2024-10-21 08:25:53,960 [ERROR] ConditionMgr:805 - Attr not supported : Dmpu
2024-10-21 08:25:53,960 [ERROR] ConditionMgr:805 - Attr not supported : Dmpu
2024-10-21 08:25:53,960 [ERROR] ConditionMgr:805 - Attr not supported : Dmpu
2024-10-21 08:25:53,960 [ERROR] ConditionMgr:805 - Attr not supported : Dmpu
2024-10-21 08:25:53,960 [ERROR] ConditionMgr:805 - Attr not supported : Dmpu
2024-10-21 08:25:53,960 [ERROR] ConditionMgr:805 - Attr not supported : Dmpu
2024-10-21 08:25:53,960 [ERROR] ConditionMgr:805 - Attr not supported : Dmpu
2024-10-21 08:25:53,960 [ERROR] ConditionMgr:805 - Attr not supported : Dmpu
2024-10-21 08:25:53,961 [ERROR] ConditionMgr:805 - Attr not supported : Dmpu
2024-10-21 08:25:53,962 [ERROR] ConditionMgr:805 - Attr not supported : Dmpu
2024-10-21 08:25:53,962 [ERROR] ConditionMgr:805 - Attr not supported : Dmpu
2024-10-21 08:25:53,962 [ERROR] ConditionMgr:805 - Attr not supported : Dmpu
2024-10-21 08:25:53,962 [ERROR] ConditionMgr:805 - Attr not supported : Dmpu
2024-10-21 08:25:53,965 [ERROR] ConditionMgr:805 - Attr not supported : Dmpu
2024-10-21 08:25:53,967 [ERROR] ConditionMgr:805 - Attr not supported : Dmpu
2024-10-21 08:25:53,967 [ERROR] ConditionMgr:805 - Attr not supported : Dmpu
2024-10-21 08:25:53,967 [ERROR] ConditionMgr:805 - Attr not supported : Dmpu
2024-10-21 08:25:53,968 [ERROR] ConditionMgr:805 - Attr not supported : Dmpu
2024-10-21 08:25:53,968 [ERROR] ConditionMgr:805 - Attr not supported : Dmpu
2024-10-21 08:25:53,968 [ERROR] ConditionMgr:805 - Attr not supported : Dmpu
2024-10-21 08:25:53,970 [ERROR] ConditionMgr:805 - Attr not supported : Dmpu
2024-10-21 08:25:53,971 [ERROR] ConditionMgr:805 - Attr not supported : Dmpu
2024-10-21 08:25:53,971 [ERROR] ConditionMgr:805 - Attr not supported : Dmpu
2024-10-21 08:25:53,971 [ERROR] ConditionMgr:805 - Attr not supported : Dmpu
2024-10-21 08:25:53,971 [ERROR] ConditionMgr:805 - Attr not supported : Dmpu
2024-10-21 08:25:53,972 [ERROR] ConditionMgr:805 - Attr not supported : Dmpu
2024-10-21 08:25:53,972 [ERROR] ConditionMgr:805 - Attr not supported : Dmpu
2024-10-21 08:25:53,972 [ERROR] ConditionMgr:805 - Attr not supported : Dmpu
2024-10-21 08:25:53,972 [ERROR] ConditionMgr:805 - Attr not supported : Dmpu
2024-10-21 08:25:53,972 [ERROR] ConditionMgr:805 - Attr not supported : Dmpu
2024-10-21 08:25:53,972 [ERROR] ConditionMgr:805 - Attr not supported : Dmpu
2024-10-21 08:25:53,972 [ERROR] ConditionMgr:805 - Attr not supported : Dmpu
2024-10-21 08:25:53,972 [ERROR] ConditionMgr:805 - Attr not supported : Dmpu
2024-10-21 08:25:53,972 [ERROR] ConditionMgr:805 - Attr not supported : Dmpu
2024-10-21 08:25:53,972 [ERROR] ConditionMgr:805 - Attr not supported : Dmpu
2024-10-21 08:25:53,972 [ERROR] ConditionMgr:805 - Attr not supported : Dmpu
2024-10-21 08:25:53,972 [ERROR] ConditionMgr:805 - Attr not supported : Dmpu
2024-10-21 08:25:53,974 [ERROR] ConditionMgr:805 - Attr not supported : Dmpu
2024-10-21 08:25:53,975 [ERROR] ConditionMgr:805 - Attr not supported : Dmpu
2024-10-21 08:25:53,975 [ERROR] ConditionMgr:805 - Attr not supported : Dmpu
2024-10-21 08:25:53,975 [ERROR] ConditionMgr:805 - Attr not supported : Dmpu
2024-10-21 08:25:54,022 [WARN] PackLoader:240 - Cannot read IP mode file for RealThread.X-CUBE-RT-Thread_Nano.4.1.1
2024-10-21 08:25:54,033 [WARN] PackLoader:240 - Cannot read IP mode file for STMicroelectronics.FP-ATR-SIGFOX1.3.2.0
2024-10-21 08:25:54,051 [WARN] PackLoader:240 - Cannot read IP mode file for wolfSSL.I-CUBE-wolfSSL.5.7.2
2024-10-21 08:25:54,100 [WARN] PackLoader:240 - Cannot read IP mode file for STMicroelectronics.X-CUBE-EEPRMA1.5.1.0
2024-10-21 08:25:54,155 [WARN] PackLoader:240 - Cannot read IP mode file for ITTIA_DB.I-CUBE-ITTIADB.8.9.0
2024-10-21 08:25:54,336 [WARN] PackLoader:240 - Cannot read IP mode file for SEGGER.I-CUBE-embOS.1.3.1
2024-10-21 08:25:54,483 [WARN] PackLoader:240 - Cannot read IP mode file for STMicroelectronics.X-CUBE-ALGOBUILD.1.4.0
2024-10-21 08:25:54,500 [WARN] PackLoader:240 - Cannot read IP mode file for STMicroelectronics.X-CUBE-AI.9.1.0
2024-10-21 08:25:54,537 [WARN] PackLoader:240 - Cannot read IP mode file for STMicroelectronics.X-CUBE-AZRTOS-F4.1.1.0
2024-10-21 08:25:54,567 [WARN] PackLoader:240 - Cannot read IP mode file for STMicroelectronics.X-CUBE-ISPU.2.1.0
2024-10-21 08:25:54,589 [WARN] PackLoader:240 - Cannot read IP mode file for STMicroelectronics.X-CUBE-FREERTOS.1.2.0
2024-10-21 08:25:54,627 [WARN] PackLoader:240 - Cannot read IP mode file for STMicroelectronics.X-CUBE-AZRTOS-L5.2.0.0
2024-10-21 08:25:54,645 [WARN] PackLoader:240 - Cannot read IP mode file for STMicroelectronics.X-CUBE-NFC6.3.1.0
2024-10-21 08:25:54,658 [WARN] PackLoader:240 - Cannot read IP mode file for STMicroelectronics.X-CUBE-DPower.1.2.0
2024-10-21 08:25:54,669 [WARN] PackLoader:240 - Cannot read IP mode file for STMicroelectronics.X-CUBE-NFC7.1.0.1
2024-10-21 08:25:54,712 [WARN] ConditionMgr:438 - getConditionDescription Invalid condition id : LAN8742 Phy interface Condition cause : null
2024-10-21 08:25:54,714 [WARN] PackLoader:240 - Cannot read IP mode file for STMicroelectronics.X-CUBE-AZRTOS-L4.2.0.0
2024-10-21 08:25:54,719 [WARN] ConditionMgr:1039 - genDependencies : Invalid condition id : LAN8742 Phy interface Condition cause : null
2024-10-21 08:25:54,720 [WARN] ConditionMgr:1039 - genDependencies : Invalid condition id : LAN8742 Phy interface Condition cause : null
2024-10-21 08:25:54,722 [WARN] ConditionMgr:1039 - genDependencies : Invalid condition id : LAN8742 Phy interface Condition cause : null
2024-10-21 08:25:54,747 [WARN] PackLoader:240 - Cannot read IP mode file for STMicroelectronics.X-CUBE-SFXS2LP1.4.0.0
2024-10-21 08:25:54,799 [WARN] PackLoader:240 - Cannot read IP mode file for STMicroelectronics.X-CUBE-AZRTOS-H7.3.3.0
2024-10-21 08:25:54,878 [WARN] PackLoader:240 - Cannot read IP mode file for STMicroelectronics.X-CUBE-IPS.3.0.0
2024-10-21 08:25:54,927 [WARN] ConditionMgr:438 - getConditionDescription Invalid condition id : UX DEVICE CLASS RTOS Condition cause : null
2024-10-21 08:25:54,928 [WARN] ConditionMgr:438 - getConditionDescription Invalid condition id : UX DEVICE CLASS RTOS Condition cause : null
2024-10-21 08:25:54,940 [WARN] PackLoader:240 - Cannot read IP mode file for STMicroelectronics.X-CUBE-AZRTOS-WB.2.0.0
2024-10-21 08:25:54,943 [WARN] ConditionMgr:1039 - genDependencies : Invalid condition id : UX DEVICE CLASS RTOS Condition cause : null
2024-10-21 08:25:54,943 [WARN] ConditionMgr:1039 - genDependencies : Invalid condition id : UX DEVICE CLASS RTOS Condition cause : null
2024-10-21 08:25:54,945 [WARN] ConditionMgr:1039 - genDependencies : Invalid condition id : UX DEVICE CLASS RTOS Condition cause : null
2024-10-21 08:25:54,946 [WARN] ConditionMgr:1039 - genDependencies : Invalid condition id : UX DEVICE CLASS RTOS Condition cause : null
2024-10-21 08:25:54,947 [WARN] ConditionMgr:1039 - genDependencies : Invalid condition id : UX DEVICE CLASS RTOS Condition cause : null
2024-10-21 08:25:54,986 [WARN] PackLoader:240 - Cannot read IP mode file for STMicroelectronics.X-CUBE-GNSS1.7.0.0
2024-10-21 08:25:55,028 [WARN] PackLoader:240 - Cannot read IP mode file for STMicroelectronics.FP-SNS-STBOX1.2.0.0
2024-10-21 08:25:55,301 [WARN] PackLoader:240 - Cannot read IP mode file for STMicroelectronics.X-CUBE-SUBG2.5.0.0
2024-10-21 08:25:55,370 [WARN] PackLoader:240 - Cannot read IP mode file for Cesanta.I-CUBE-Mongoose.7.13.0
2024-10-21 08:25:55,537 [WARN] PackLoader:240 - Cannot read IP mode file for STMicroelectronics.X-CUBE-AZRTOS-G4.2.0.0
2024-10-21 08:25:55,653 [WARN] PackLoader:240 - Cannot read IP mode file for STMicroelectronics.X-CUBE-ALS.1.0.2
2024-10-21 08:25:55,750 [WARN] PackLoader:240 - Cannot read IP mode file for STMicroelectronics.X-CUBE-TOUCHGFX.4.24.1
2024-10-21 08:25:55,760 [WARN] PackLoader:240 - Cannot read IP mode file for wolfSSL.I-CUBE-wolfTPM.3.4.0
2024-10-21 08:25:55,803 [WARN] PackLoader:240 - Cannot read IP mode file for portGmbH.I-Cube-SoM-uGOAL.1.1.0
2024-10-21 08:25:55,883 [WARN] PackLoader:240 - Cannot read IP mode file for STMicroelectronics.X-CUBE-AZRTOS-H7RS.1.0.0
2024-10-21 08:25:55,910 [WARN] PackLoader:240 - Cannot read IP mode file for STMicroelectronics.FP-ATR-ASTRA1.2.0.0
2024-10-21 08:25:55,945 [WARN] PackLoader:240 - Cannot read IP mode file for STMicroelectronics.X-CUBE-TOF1.3.4.2
2024-10-21 08:25:56,061 [WARN] PackLoader:240 - Cannot read IP mode file for Infineon.AIROC-Wi-Fi-Bluetooth-STM32.1.6.1
2024-10-21 08:25:56,101 [WARN] PackLoader:240 - Cannot read IP mode file for wolfSSL.I-CUBE-wolfSSH.1.4.17
2024-10-21 08:25:56,104 [INFO] ThirdParty:978 - Integrity check success = true
2024-10-21 08:25:56,104 [INFO] IntegrityCheckThread:100 - exiting critical section [integrity check]
2024-10-21 08:25:56,104 [INFO] IntegrityCheckThread:103 - End integrity checks thread
2024-10-21 08:25:56,142 [INFO] WebApp:167 - Instantiating new browser for Auth
2024-10-21 08:25:59,011 [INFO] WebApp:448 - Apply proxy settings
2024-10-21 08:25:59,047 [INFO] WebApp:493 - Chromium authenticates against Manually configured proxy
2024-10-21 08:25:59,083 [INFO] WebApp:501 - Username used for proxy authentication: 
2024-10-21 08:25:59,178 [INFO] WebApp:869 - Register for checkConnection events
2024-10-21 08:25:59,178 [INFO] WebApp:448 - Apply proxy settings
2024-10-21 08:25:59,181 [INFO] WebApp:493 - Chromium authenticates against Manually configured proxy
2024-10-21 08:25:59,182 [INFO] WebApp:501 - Username used for proxy authentication: 
2024-10-21 08:25:59,422 [INFO] WebApp:220 - Starting web application
2024-10-21 08:25:59,422 [INFO] WebApp:578 - Web application path used /Applications/STM32CubeIDE.app/Contents/Eclipse/plugins/com.st.stm32cube.common.mx_6.12.1.202409122256/db/plugins/mcufinder/reactClient1/index.html
2024-10-21 08:26:00,277 [INFO] WebApp:186 - Connection restablished
2024-10-21 08:26:00,373 [INFO] UserAuth:417 - Internet connection configuration mode: 1
2024-10-21 08:41:55,525 [ERROR] LogOutputStream:75 - [STDERR_REDIRECT] 
2024-10-21 13:22:36,054 [INFO] Activator:176 - 


2024-10-21 13:22:36,058 [INFO] Activator:177 - !SESSION log4j initialized
2024-10-21 13:22:42,926 [INFO] LogOutputStream:77 - [STDOUT_REDIRECT] 
2024-10-21 13:22:45,238 [ERROR] LogOutputStream:75 - [STDERR_REDIRECT] 
2024-10-21 13:22:49,194 [INFO] LogOutputStream:77 - [STDOUT_REDIRECT] 
2024-10-21 13:22:52,320 [INFO] ApplicationProperties:184 - Using Application install path: /Applications/STM32CubeIDE.app/Contents/Eclipse/plugins/com.st.stm32cube.common.mx_6.12.1.202409122256
2024-10-21 13:22:52,392 [INFO] DbMcusXml:78 - Set database path to: /Applications/STM32CubeIDE.app/Contents/Eclipse/plugins/com.st.stm32cube.common.mx_6.12.1.202409122256//db//mcu/
2024-10-21 13:22:52,393 [INFO] ApiDb:274 - Set plugin database path to: /Applications/STM32CubeIDE.app/Contents/Eclipse/plugins/com.st.stm32cube.common.mx_6.12.1.202409122256//db//plugins/boardmanager/
2024-10-21 13:22:52,395 [WARN] ApiDb:259 - Overriding images path with different value:  => /Applications/STM32CubeIDE.app/Contents/Eclipse/plugins/com.st.stm32cube.common.mx_6.12.1.202409122256//db//plugins/mcufinder/images/
2024-10-21 13:22:52,411 [INFO] ApiDb:250 - Set database path to: /var/root/.stmcufinder/plugins/mcufinder//mcu/
2024-10-21 13:22:52,413 [INFO] DbMcusAds:125 - Set database path to: /var/root/.stmcufinder/plugins/mcufinder//mcu/
2024-10-21 13:22:52,417 [INFO] CrossReferenceDbSqlite:203 - Set database path to: /var/root/.stmcufinder/plugins/mcufinder//mcu/cs/
2024-10-21 13:22:52,695 [INFO] RulesReader:64 - Compatibility file has been processed (297 Rules)
2024-10-21 13:22:52,885 [INFO] DbMcusXml:78 - Set database path to: /Applications/STM32CubeIDE.app/Contents/Eclipse/plugins/com.st.stm32cube.common.mx_6.12.1.202409122256//db//mcu/
2024-10-21 13:22:52,887 [INFO] ApiDb:274 - Set plugin database path to: /Applications/STM32CubeIDE.app/Contents/Eclipse/plugins/com.st.stm32cube.common.mx_6.12.1.202409122256//db//plugins/boardmanager/
2024-10-21 13:22:52,891 [INFO] ApiDb:261 - Set plugin images path to: /Applications/STM32CubeIDE.app/Contents/Eclipse/plugins/com.st.stm32cube.common.mx_6.12.1.202409122256//db//plugins/mcufinder/images/
2024-10-21 13:22:52,894 [WARN] DbFile:41 - Overriding database path with different value: /var/root/.stmcufinder/plugins/mcufinder/ => /var/root/.stmcufinder/plugins/mcufinder
2024-10-21 13:22:52,894 [INFO] ApiDb:250 - Set database path to: /var/root/.stmcufinder/plugins/mcufinder//mcu/
2024-10-21 13:22:52,894 [WARN] DbFile:41 - Overriding database path with different value: /var/root/.stmcufinder/plugins/mcufinder/ => /var/root/.stmcufinder/plugins/mcufinder
2024-10-21 13:22:52,895 [INFO] DbMcusAds:125 - Set database path to: /var/root/.stmcufinder/plugins/mcufinder//mcu/
2024-10-21 13:22:52,895 [WARN] DbFile:41 - Overriding database path with different value: /var/root/.stmcufinder/plugins/mcufinder/ => /var/root/.stmcufinder/plugins/mcufinder
2024-10-21 13:22:52,895 [WARN] DbFile:41 - Overriding database path with different value: /var/root/.stmcufinder/plugins/mcufinder/ => /var/root/.stmcufinder/plugins/mcufinder
2024-10-21 13:22:52,895 [INFO] CrossReferenceDbSqlite:203 - Set database path to: /var/root/.stmcufinder/plugins/mcufinder//mcu/cs/
2024-10-21 13:22:53,125 [INFO] MainPanel:268 - HeapMemory: 268435456
2024-10-21 13:22:53,843 [INFO] DbMcusXml:78 - Set database path to: /Applications/STM32CubeIDE.app/Contents/Eclipse/plugins/com.st.stm32cube.common.mx_6.12.1.202409122256//db//mcu/
2024-10-21 13:22:53,843 [INFO] ApiDb:274 - Set plugin database path to: /Applications/STM32CubeIDE.app/Contents/Eclipse/plugins/com.st.stm32cube.common.mx_6.12.1.202409122256//db//plugins/boardmanager/
2024-10-21 13:22:53,845 [INFO] ApiDb:261 - Set plugin images path to: /Applications/STM32CubeIDE.app/Contents/Eclipse/plugins/com.st.stm32cube.common.mx_6.12.1.202409122256//db//plugins/mcufinder/images/
2024-10-21 13:22:53,846 [WARN] DbFile:41 - Overriding database path with different value: /var/root/.stmcufinder/plugins/mcufinder/ => /var/root/.stmcufinder/plugins/mcufinder
2024-10-21 13:22:53,846 [INFO] ApiDb:250 - Set database path to: /var/root/.stmcufinder/plugins/mcufinder//mcu/
2024-10-21 13:22:53,846 [WARN] DbFile:41 - Overriding database path with different value: /var/root/.stmcufinder/plugins/mcufinder/ => /var/root/.stmcufinder/plugins/mcufinder
2024-10-21 13:22:53,846 [INFO] DbMcusAds:125 - Set database path to: /var/root/.stmcufinder/plugins/mcufinder//mcu/
2024-10-21 13:22:53,846 [WARN] DbFile:41 - Overriding database path with different value: /var/root/.stmcufinder/plugins/mcufinder/ => /var/root/.stmcufinder/plugins/mcufinder
2024-10-21 13:22:53,846 [WARN] DbFile:41 - Overriding database path with different value: /var/root/.stmcufinder/plugins/mcufinder/ => /var/root/.stmcufinder/plugins/mcufinder
2024-10-21 13:22:53,847 [INFO] CrossReferenceDbSqlite:203 - Set database path to: /var/root/.stmcufinder/plugins/mcufinder//mcu/cs/
2024-10-21 13:22:53,880 [INFO] ApplicationProperties:184 - Using Application install path: /Applications/STM32CubeIDE.app/Contents/Eclipse/plugins/com.st.stm32cube.common.mx_6.12.1.202409122256
2024-10-21 13:22:53,882 [INFO] PluginManage:196 - Search for loadable plugins [exclusion list=, ]
2024-10-21 13:22:53,885 [INFO] PluginManage:310 - Check plugin analytics
2024-10-21 13:22:54,285 [INFO] AnalyticsPlugin:253 - Accepted Software Licenses: 
2024-10-21 13:22:54,286 [INFO] AnalyticsPlugin:255 - Accepted CMSIS Pack Licenses: 
2024-10-21 13:22:54,287 [INFO] AnalyticsPlugin:257 - Accepted Firmware Licenses: 
2024-10-21 13:22:54,304 [INFO] PluginManage:359 - Loaded plugin analytics (category:tool,tabindex:-1)
2024-10-21 13:22:54,307 [INFO] PluginManage:310 - Check plugin cadmodel
2024-10-21 13:22:54,334 [INFO] CADModel:105 - Init CAD model plugin
2024-10-21 13:22:54,335 [INFO] PluginManage:359 - Loaded plugin cadmodel (category:power,tabindex:5)
2024-10-21 13:22:54,336 [INFO] PluginManage:310 - Check plugin clock
2024-10-21 13:22:54,359 [INFO] PluginManage:359 - Loaded plugin clock (category:base,tabindex:2)
2024-10-21 13:22:54,359 [INFO] PluginManage:310 - Check plugin ddr
2024-10-21 13:22:54,362 [INFO] PluginManage:359 - Loaded plugin ddr (category:tool,tabindex:6)
2024-10-21 13:22:54,363 [INFO] PluginManage:310 - Check plugin filemanager
2024-10-21 13:22:54,672 [INFO] PluginManage:359 - Loaded plugin filemanager (category:base,tabindex:10)
2024-10-21 13:22:54,674 [INFO] PluginManage:310 - Check plugin ipmanager
2024-10-21 13:22:54,686 [INFO] PluginManage:359 - Loaded plugin ipmanager (category:base,tabindex:5)
2024-10-21 13:22:54,687 [INFO] PluginManage:310 - Check plugin lpbam
2024-10-21 13:22:54,704 [INFO] PluginManage:359 - Loaded plugin lpbam (category:base,tabindex:0)
2024-10-21 13:22:54,704 [INFO] PluginManage:310 - Check plugin memorymap
2024-10-21 13:22:54,720 [INFO] PluginManage:359 - Loaded plugin memorymap (category:base,tabindex:4)
2024-10-21 13:22:54,720 [INFO] PluginManage:310 - Check plugin pinoutandconfiguration
2024-10-21 13:22:54,731 [INFO] PluginManage:359 - Loaded plugin pinoutandconfiguration (category:base,tabindex:1)
2024-10-21 13:22:54,732 [INFO] PluginManage:310 - Check plugin pinoutconfig
2024-10-21 13:22:54,897 [WARN] SupportedApi:132 - Cannot load RTOS API schema: s4s-elt-must-match.1: The content of 'definitions' must match (annotation?, (simpleType | complexType)?, (unique | key | keyref)*)). A problem was found starting at: attribute.
2024-10-21 13:22:55,464 [INFO] PluginManage:359 - Loaded plugin pinoutconfig (category:base,tabindex:0)
2024-10-21 13:22:55,468 [INFO] PluginManage:310 - Check plugin power
2024-10-21 13:22:55,512 [INFO] PluginManage:359 - Loaded plugin power (category:power,tabindex:4)
2024-10-21 13:22:55,513 [INFO] PluginManage:310 - Check plugin projectmanager
2024-10-21 13:22:55,588 [INFO] PluginManage:359 - Loaded plugin projectmanager (category:projectmanager,tabindex:4)
2024-10-21 13:22:55,589 [INFO] PluginManage:310 - Check plugin rif
2024-10-21 13:22:55,599 [INFO] PluginManage:359 - Loaded plugin rif (category:base,tabindex:3)
2024-10-21 13:22:55,599 [INFO] PluginManage:310 - Check plugin thirdparty
2024-10-21 13:22:55,847 [INFO] PluginManage:359 - Loaded plugin thirdparty (category:base,tabindex:-1)
2024-10-21 13:22:55,847 [INFO] PluginManage:310 - Check plugin tools
2024-10-21 13:22:55,847 [WARN] IntegrityCheckThread:84 - waiting for thirdparty lock release [integrity check]
2024-10-21 13:22:55,852 [INFO] IntegrityCheckThread:86 - entering critical section [integrity check]
2024-10-21 13:22:55,852 [INFO] PluginManage:359 - Loaded plugin tools (category:base,tabindex:7)
2024-10-21 13:22:55,852 [INFO] PluginManage:310 - Check plugin tutovideos
2024-10-21 13:22:55,857 [INFO] ThirdPartyUpdaterWithRetryManager:70 - Updater plugin not ready yet. [1/15]
2024-10-21 13:22:56,164 [INFO] PluginManage:359 - Loaded plugin tutovideos (category:base,tabindex:-1)
2024-10-21 13:22:56,166 [INFO] PluginManage:310 - Check plugin updater
2024-10-21 13:22:56,219 [INFO] PluginManage:359 - Loaded plugin updater (category:base,tabindex:12)
2024-10-21 13:22:56,220 [INFO] PluginManage:310 - Check plugin userauth
2024-10-21 13:22:56,235 [INFO] UserAuth:113 - Init User Auth plugin
2024-10-21 13:22:56,235 [INFO] PluginManage:359 - Loaded plugin userauth (category:base,tabindex:14)
2024-10-21 13:22:56,236 [INFO] PluginManage:283 - PluginManage : Loaded plugins [18]
2024-10-21 13:22:56,650 [INFO] PinOutPanel:1561 - setPackage(No Configuration,No Configuration)
2024-10-21 13:22:56,761 [INFO] CADModel:165 - CPN selected for project level
2024-10-21 13:22:56,761 [INFO] CADModel:114 - Register for checkConnection events
2024-10-21 13:22:56,779 [INFO] IPUIPlugin:80 - create IPUIPlugin
2024-10-21 13:22:56,780 [INFO] PluginManager:220 - loadIPPluginJar : add mdma
2024-10-21 13:22:56,787 [INFO] IPUIPlugin:80 - create IPUIPlugin
2024-10-21 13:22:56,787 [INFO] PluginManager:220 - loadIPPluginJar : add freertos
2024-10-21 13:22:56,792 [INFO] IPUIPlugin:80 - create IPUIPlugin
2024-10-21 13:22:56,792 [INFO] PluginManager:220 - loadIPPluginJar : add gic
2024-10-21 13:22:56,801 [INFO] IPUIPlugin:80 - create IPUIPlugin
2024-10-21 13:22:56,801 [INFO] PluginManager:220 - loadIPPluginJar : add adc
2024-10-21 13:22:56,803 [INFO] IPUIPlugin:80 - create IPUIPlugin
2024-10-21 13:22:56,803 [INFO] PluginManager:220 - loadIPPluginJar : add gtzc
2024-10-21 13:22:56,805 [INFO] IPUIPlugin:80 - create IPUIPlugin
2024-10-21 13:22:56,805 [INFO] PluginManager:220 - loadIPPluginJar : add quadspi
2024-10-21 13:22:56,806 [INFO] IPUIPlugin:80 - create IPUIPlugin
2024-10-21 13:22:56,807 [INFO] PluginManager:220 - loadIPPluginJar : add aes
2024-10-21 13:22:56,809 [INFO] IPUIPlugin:80 - create IPUIPlugin
2024-10-21 13:22:56,809 [INFO] PluginManager:220 - loadIPPluginJar : add pdm2pcm
2024-10-21 13:22:56,810 [INFO] IPUIPlugin:80 - create IPUIPlugin
2024-10-21 13:22:56,810 [INFO] PluginManager:220 - loadIPPluginJar : add hash
2024-10-21 13:22:56,812 [INFO] IPUIPlugin:80 - create IPUIPlugin
2024-10-21 13:22:56,812 [INFO] PluginManager:220 - loadIPPluginJar : add tim
2024-10-21 13:22:56,814 [INFO] IPUIPlugin:80 - create IPUIPlugin
2024-10-21 13:22:56,814 [INFO] PluginManager:220 - loadIPPluginJar : add tsc
2024-10-21 13:22:56,817 [INFO] IPUIPlugin:80 - create IPUIPlugin
2024-10-21 13:22:56,817 [INFO] PluginManager:220 - loadIPPluginJar : add extmemmanager
2024-10-21 13:22:56,819 [INFO] IPUIPlugin:80 - create IPUIPlugin
2024-10-21 13:22:56,819 [INFO] PluginManager:220 - loadIPPluginJar : add ts
2024-10-21 13:22:56,821 [INFO] IPUIPlugin:80 - create IPUIPlugin
2024-10-21 13:22:56,822 [INFO] PluginManager:220 - loadIPPluginJar : add radio
2024-10-21 13:22:56,824 [INFO] IPUIPlugin:80 - create IPUIPlugin
2024-10-21 13:22:56,824 [INFO] PluginManager:220 - loadIPPluginJar : add can
2024-10-21 13:22:56,825 [INFO] IPUIPlugin:80 - create IPUIPlugin
2024-10-21 13:22:56,825 [INFO] PluginManager:220 - loadIPPluginJar : add dma3
2024-10-21 13:22:56,827 [INFO] IPUIPlugin:80 - create IPUIPlugin
2024-10-21 13:22:56,827 [INFO] PluginManager:220 - loadIPPluginJar : add dfsdm
2024-10-21 13:22:56,828 [INFO] IPUIPlugin:80 - create IPUIPlugin
2024-10-21 13:22:56,828 [INFO] PluginManager:220 - loadIPPluginJar : add spi
2024-10-21 13:22:56,830 [INFO] IPUIPlugin:80 - create IPUIPlugin
2024-10-21 13:22:56,830 [INFO] PluginManager:220 - loadIPPluginJar : add gfxmmu
2024-10-21 13:22:56,832 [INFO] IPUIPlugin:80 - create IPUIPlugin
2024-10-21 13:22:56,833 [INFO] PluginManager:220 - loadIPPluginJar : add genericplugin
2024-10-21 13:22:56,835 [INFO] IPUIPlugin:80 - create IPUIPlugin
2024-10-21 13:22:56,835 [INFO] PluginManager:220 - loadIPPluginJar : add cryp
2024-10-21 13:22:56,839 [INFO] IPUIPlugin:80 - create IPUIPlugin
2024-10-21 13:22:56,840 [INFO] PluginManager:220 - loadIPPluginJar : add gpio
2024-10-21 13:22:56,856 [INFO] IPUIPlugin:80 - create IPUIPlugin
2024-10-21 13:22:56,857 [INFO] PluginManager:220 - loadIPPluginJar : add ddr_ctrl_phy
2024-10-21 13:22:56,859 [INFO] IPUIPlugin:80 - create IPUIPlugin
2024-10-21 13:22:56,860 [INFO] PluginManager:220 - loadIPPluginJar : add comp
2024-10-21 13:22:56,862 [INFO] IPUIPlugin:80 - create IPUIPlugin
2024-10-21 13:22:56,862 [INFO] PluginManager:220 - loadIPPluginJar : add tracer_emb
2024-10-21 13:22:56,865 [INFO] IPUIPlugin:80 - create IPUIPlugin
2024-10-21 13:22:56,866 [INFO] PluginManager:220 - loadIPPluginJar : add openamp
2024-10-21 13:22:56,871 [INFO] IPUIPlugin:80 - create IPUIPlugin
2024-10-21 13:22:56,871 [INFO] PluginManager:220 - loadIPPluginJar : add stm32_wpan
2024-10-21 13:22:56,876 [INFO] IPUIPlugin:80 - create IPUIPlugin
2024-10-21 13:22:56,879 [INFO] PluginManager:220 - loadIPPluginJar : add plateformsettings
2024-10-21 13:22:56,883 [INFO] IPUIPlugin:80 - create IPUIPlugin
2024-10-21 13:22:56,883 [INFO] PluginManager:220 - loadIPPluginJar : add ipddr
2024-10-21 13:22:56,887 [INFO] IPUIPlugin:80 - create IPUIPlugin
2024-10-21 13:22:56,887 [INFO] PluginManager:220 - loadIPPluginJar : add usart
2024-10-21 13:22:56,888 [INFO] IPUIPlugin:80 - create IPUIPlugin
2024-10-21 13:22:56,888 [INFO] PluginManager:220 - loadIPPluginJar : add ltdc
2024-10-21 13:22:56,891 [INFO] IPUIPlugin:80 - create IPUIPlugin
2024-10-21 13:22:56,891 [INFO] PluginManager:220 - loadIPPluginJar : add nvic
2024-10-21 13:22:56,892 [INFO] IPUIPlugin:80 - create IPUIPlugin
2024-10-21 13:22:56,892 [INFO] PluginManager:220 - loadIPPluginJar : add fatfs
2024-10-21 13:22:56,898 [INFO] IPUIPlugin:80 - create IPUIPlugin
2024-10-21 13:22:56,899 [INFO] PluginManager:220 - loadIPPluginJar : add linkedlist
2024-10-21 13:22:56,905 [INFO] IPUIPlugin:80 - create IPUIPlugin
2024-10-21 13:22:56,905 [INFO] PluginManager:220 - loadIPPluginJar : add dma
2024-10-21 13:22:56,912 [INFO] IPUIPlugin:80 - create IPUIPlugin
2024-10-21 13:22:56,912 [INFO] PluginManager:220 - loadIPPluginJar : add fmc
2024-10-21 13:22:56,913 [INFO] IPUIPlugin:80 - create IPUIPlugin
2024-10-21 13:22:56,913 [INFO] PluginManager:220 - loadIPPluginJar : add i2s
2024-10-21 13:22:56,915 [INFO] IPUIPlugin:80 - create IPUIPlugin
2024-10-21 13:22:56,915 [INFO] PluginManager:220 - loadIPPluginJar : add ucpd
2024-10-21 13:22:56,918 [INFO] IPUIPlugin:80 - create IPUIPlugin
2024-10-21 13:22:56,918 [INFO] PluginManager:220 - loadIPPluginJar : add lorawan
2024-10-21 13:22:56,920 [INFO] IPUIPlugin:80 - create IPUIPlugin
2024-10-21 13:22:56,921 [INFO] PluginManager:220 - loadIPPluginJar : add opamp
2024-10-21 13:22:56,923 [INFO] IPUIPlugin:80 - create IPUIPlugin
2024-10-21 13:22:56,923 [INFO] PluginManager:220 - loadIPPluginJar : add i3c
2024-10-21 13:22:56,926 [INFO] IPUIPlugin:80 - create IPUIPlugin
2024-10-21 13:22:56,929 [INFO] PluginManager:220 - loadIPPluginJar : add touchsensing
2024-10-21 13:22:56,931 [INFO] IPUIPlugin:80 - create IPUIPlugin
2024-10-21 13:22:56,931 [INFO] PluginManager:220 - loadIPPluginJar : add i2c
2024-10-21 13:22:56,935 [INFO] IPUIPlugin:80 - create IPUIPlugin
2024-10-21 13:22:56,935 [INFO] PluginManager:220 - loadIPPluginJar : add resmgrutility
2024-10-21 13:22:56,939 [INFO] IPUIPlugin:80 - create IPUIPlugin
2024-10-21 13:22:56,939 [INFO] PluginManager:220 - loadIPPluginJar : add sai
2024-10-21 13:22:56,942 [INFO] IPUIPlugin:80 - create IPUIPlugin
2024-10-21 13:22:56,942 [INFO] PluginManager:220 - loadIPPluginJar : add usbx
2024-10-21 13:22:57,083 [INFO] CADModel:165 - CPN selected for project level
2024-10-21 13:22:57,084 [INFO] CADModel:114 - Register for checkConnection events
2024-10-21 13:22:57,085 [FATAL] Updater:334 - Updater called before beeing initialized
2024-10-21 13:22:57,085 [ERROR] CADModel:125 - Updater not yet initialized, retry later 
2024-10-21 13:22:57,714 [INFO] CADModel:165 - CPN selected for project level
2024-10-21 13:22:57,717 [INFO] CADModel:114 - Register for checkConnection events
2024-10-21 13:22:57,717 [FATAL] Updater:334 - Updater called before beeing initialized
2024-10-21 13:22:57,717 [ERROR] CADModel:125 - Updater not yet initialized, retry later 
2024-10-21 13:22:57,722 [FATAL] Updater:334 - Updater called before beeing initialized
2024-10-21 13:22:58,024 [FATAL] Updater:334 - Updater called before beeing initialized
2024-10-21 13:22:58,034 [INFO] DbMcusAds:53 - JSON generation date=Thu Sep 30 02:55:09 EDT 2021 (1632984909247)
2024-10-21 13:22:58,035 [FATAL] Updater:334 - Updater called before beeing initialized
2024-10-21 13:22:58,133 [WARN] DetailPanel:346 - Failed to get advertising image, set to default
2024-10-21 13:22:58,241 [FATAL] Updater:334 - Updater called before beeing initialized
2024-10-21 13:22:58,243 [FATAL] Updater:334 - Updater called before beeing initialized
2024-10-21 13:22:58,243 [FATAL] Updater:334 - Updater called before beeing initialized
2024-10-21 13:22:58,243 [WARN] DetailPanel:346 - Failed to get advertising image, set to default
2024-10-21 13:22:58,244 [FATAL] Updater:334 - Updater called before beeing initialized
2024-10-21 13:22:58,411 [ERROR] Updater:1164 - MainUpdater not yet initialized. External WinMGr cannot be set.
2024-10-21 13:22:58,420 [INFO] Updater:1100 - Updater Version found : 6.12.1
2024-10-21 13:22:58,440 [INFO] ApplicationProperties:184 - Using Application install path: /Applications/STM32CubeIDE.app/Contents/Eclipse/plugins/com.st.stm32cube.common.mx_6.12.1.202409122256
2024-10-21 13:22:58,862 [INFO] ThirdPartyUpdaterWithRetryManager:70 - Updater plugin not ready yet. [2/15]
2024-10-21 13:22:58,948 [INFO] MainUpdater:2873 - connection check result : 10
2024-10-21 13:22:58,949 [INFO] MainUpdater:290 - Updater Check For Update Now.
2024-10-21 13:22:58,950 [INFO] MicroXplorer:498 - Change Database Version : DB.6.0.121
2024-10-21 13:22:58,958 [INFO] McuFinderGlobals:63 - Set McuFinder mode to 2 (CubeIDE integrated)
2024-10-21 13:22:58,960 [INFO] UserAuth:417 - Internet connection configuration mode: 1
2024-10-21 13:22:58,976 [INFO] JxBrowserEngine:152 - Initiate JxBrowser Engine with user profile folder
2024-10-21 13:22:59,349 [INFO] CheckServerUpdateThread:120 - End of CheckServer Thread
2024-10-21 13:23:02,182 [WARN] PackLoader:240 - Cannot read IP mode file for STMicroelectronics.FP-SNS-MOTENVWB1.1.4.0
2024-10-21 13:23:02,224 [WARN] PackLoader:240 - Cannot read IP mode file for STMicroelectronics.X-CUBE-SMBUS.2.1.0
2024-10-21 13:23:02,265 [WARN] PackLoader:240 - Cannot read IP mode file for STMicroelectronics.X-CUBE-WB05N.1.1.0
2024-10-21 13:23:02,410 [WARN] PackLoader:240 - Cannot read IP mode file for STMicroelectronics.X-CUBE-AZRTOS-F7.1.1.0
2024-10-21 13:23:02,760 [WARN] PackLoader:240 - Cannot read IP mode file for STMicroelectronics.X-CUBE-MEMS1.11.0.0
2024-10-21 13:23:03,292 [WARN] PackLoader:240 - Cannot read IP mode file for STMicroelectronics.FP-SNS-FLIGHT1.5.0.2
2024-10-21 13:23:03,360 [WARN] PackLoader:240 - Cannot read IP mode file for STMicroelectronics.X-CUBE-DISPLAY.3.0.0
2024-10-21 13:23:03,419 [WARN] PackLoader:240 - Cannot read IP mode file for STMicroelectronics.X-CUBE-BLE1.7.0.0
2024-10-21 13:23:03,485 [WARN] PackLoader:240 - Cannot read IP mode file for STMicroelectronics.X-CUBE-NFC10.1.0.0
2024-10-21 13:23:03,670 [WARN] PackLoader:240 - Cannot read IP mode file for emotas.I-CUBE-CANOPEN.1.3.0
2024-10-21 13:23:03,948 [WARN] PackLoader:240 - Cannot read IP mode file for STMicroelectronics.X-CUBE-BLEMGR.3.1.0
2024-10-21 13:23:04,013 [WARN] PackLoader:240 - Cannot read IP mode file for STMicroelectronics.FP-SNS-SMARTAG2.1.2.0
2024-10-21 13:23:04,049 [INFO] LogOutputStream:77 - [STDOUT_REDIRECT] 1 : Invalid condition id : UX_CORESTACK_Condition cause : null
2024-10-21 13:23:04,060 [INFO] LogOutputStream:77 - [STDOUT_REDIRECT] 1 : Invalid condition id : UX_CORESTACK_Condition cause : null
2024-10-21 13:23:04,062 [INFO] LogOutputStream:77 - [STDOUT_REDIRECT] 1 : Invalid condition id : UX_CORESTACK_Condition cause : null
2024-10-21 13:23:04,063 [INFO] LogOutputStream:77 - [STDOUT_REDIRECT] 1 : Invalid condition id : UX_CORESTACK_Condition cause : null
2024-10-21 13:23:04,063 [INFO] LogOutputStream:77 - [STDOUT_REDIRECT] 1 : Invalid condition id : UX_CORESTACK_Condition cause : null
2024-10-21 13:23:04,080 [WARN] PackLoader:240 - Cannot read IP mode file for STMicroelectronics.X-CUBE-AZRTOS-WL.2.0.0
2024-10-21 13:23:04,108 [WARN] PackLoader:240 - Cannot read IP mode file for STMicroelectronics.FP-SNS-MOTENV1.5.0.0
2024-10-21 13:23:04,131 [WARN] PackLoader:240 - Cannot read IP mode file for wolfSSL.I-CUBE-wolfMQTT.1.19.0
2024-10-21 13:23:04,161 [WARN] PackLoader:240 - Cannot read IP mode file for WES.I-CUBE-Cesium.1.3.0
2024-10-21 13:23:04,176 [WARN] PackLoader:240 - Cannot read IP mode file for STMicroelectronics.X-CUBE-BLE2.3.3.0
2024-10-21 13:23:04,217 [WARN] PackLoader:240 - Cannot read IP mode file for STMicroelectronics.X-CUBE-NFC9.1.0.0
2024-10-21 13:23:04,234 [WARN] PackLoader:240 - Cannot read IP mode file for STMicroelectronics.X-CUBE-TCPP.4.1.0
2024-10-21 13:23:04,274 [INFO] WebApp:167 - Instantiating new browser for Auth
2024-10-21 13:23:04,276 [WARN] PackLoader:240 - Cannot read IP mode file for STMicroelectronics.X-CUBE-AZRTOS-G0.1.1.0
2024-10-21 13:23:04,314 [WARN] PackLoader:240 - Cannot read IP mode file for STMicroelectronics.X-CUBE-SAFEA1.1.2.2
2024-10-21 13:23:04,410 [WARN] PackLoader:240 - Cannot read IP mode file for STMicroelectronics.X-CUBE-NFC4.3.0.0
2024-10-21 13:23:04,465 [WARN] PackLoader:240 - Cannot read IP mode file for EmbeddedOffice.I-CUBE-FS-RTOS.1.0.1
2024-10-21 13:23:04,471 [ERROR] ConditionMgr:805 - Attr not supported : Dmpu
2024-10-21 13:23:04,474 [ERROR] ConditionMgr:805 - Attr not supported : Dmpu
2024-10-21 13:23:04,475 [ERROR] ConditionMgr:805 - Attr not supported : Dmpu
2024-10-21 13:23:04,475 [ERROR] ConditionMgr:805 - Attr not supported : Dmpu
2024-10-21 13:23:04,475 [ERROR] ConditionMgr:805 - Attr not supported : Dmpu
2024-10-21 13:23:04,475 [ERROR] ConditionMgr:805 - Attr not supported : Dmpu
2024-10-21 13:23:04,476 [ERROR] ConditionMgr:805 - Attr not supported : Dmpu
2024-10-21 13:23:04,476 [ERROR] ConditionMgr:805 - Attr not supported : Dmpu
2024-10-21 13:23:04,476 [ERROR] ConditionMgr:805 - Attr not supported : Dmpu
2024-10-21 13:23:04,476 [ERROR] ConditionMgr:805 - Attr not supported : Dmpu
2024-10-21 13:23:04,476 [ERROR] ConditionMgr:805 - Attr not supported : Dmpu
2024-10-21 13:23:04,476 [ERROR] ConditionMgr:805 - Attr not supported : Dmpu
2024-10-21 13:23:04,478 [ERROR] ConditionMgr:805 - Attr not supported : Dmpu
2024-10-21 13:23:04,479 [ERROR] ConditionMgr:805 - Attr not supported : Dmpu
2024-10-21 13:23:04,479 [ERROR] ConditionMgr:805 - Attr not supported : Dmpu
2024-10-21 13:23:04,479 [ERROR] ConditionMgr:805 - Attr not supported : Dmpu
2024-10-21 13:23:04,479 [ERROR] ConditionMgr:805 - Attr not supported : Dmpu
2024-10-21 13:23:04,479 [ERROR] ConditionMgr:805 - Attr not supported : Dmpu
2024-10-21 13:23:04,479 [ERROR] ConditionMgr:805 - Attr not supported : Dmpu
2024-10-21 13:23:04,479 [ERROR] ConditionMgr:805 - Attr not supported : Dmpu
2024-10-21 13:23:04,480 [ERROR] ConditionMgr:805 - Attr not supported : Dmpu
2024-10-21 13:23:04,480 [ERROR] ConditionMgr:805 - Attr not supported : Dmpu
2024-10-21 13:23:04,481 [ERROR] ConditionMgr:805 - Attr not supported : Dmpu
2024-10-21 13:23:04,482 [ERROR] ConditionMgr:805 - Attr not supported : Dmpu
2024-10-21 13:23:04,482 [ERROR] ConditionMgr:805 - Attr not supported : Dmpu
2024-10-21 13:23:04,483 [ERROR] ConditionMgr:805 - Attr not supported : Dmpu
2024-10-21 13:23:04,483 [ERROR] ConditionMgr:805 - Attr not supported : Dmpu
2024-10-21 13:23:04,483 [ERROR] ConditionMgr:805 - Attr not supported : Dmpu
2024-10-21 13:23:04,483 [ERROR] ConditionMgr:805 - Attr not supported : Dmpu
2024-10-21 13:23:04,483 [ERROR] ConditionMgr:805 - Attr not supported : Dmpu
2024-10-21 13:23:04,483 [ERROR] ConditionMgr:805 - Attr not supported : Dmpu
2024-10-21 13:23:04,483 [ERROR] ConditionMgr:805 - Attr not supported : Dmpu
2024-10-21 13:23:04,483 [ERROR] ConditionMgr:805 - Attr not supported : Dmpu
2024-10-21 13:23:04,484 [ERROR] ConditionMgr:805 - Attr not supported : Dmpu
2024-10-21 13:23:04,484 [ERROR] ConditionMgr:805 - Attr not supported : Dmpu
2024-10-21 13:23:04,484 [ERROR] ConditionMgr:805 - Attr not supported : Dmpu
2024-10-21 13:23:04,485 [ERROR] ConditionMgr:805 - Attr not supported : Dmpu
2024-10-21 13:23:04,485 [ERROR] ConditionMgr:805 - Attr not supported : Dmpu
2024-10-21 13:23:04,486 [ERROR] ConditionMgr:805 - Attr not supported : Dmpu
2024-10-21 13:23:04,487 [ERROR] ConditionMgr:805 - Attr not supported : Dmpu
2024-10-21 13:23:04,487 [ERROR] ConditionMgr:805 - Attr not supported : Dmpu
2024-10-21 13:23:04,487 [ERROR] ConditionMgr:805 - Attr not supported : Dmpu
2024-10-21 13:23:04,487 [ERROR] ConditionMgr:805 - Attr not supported : Dmpu
2024-10-21 13:23:04,487 [ERROR] ConditionMgr:805 - Attr not supported : Dmpu
2024-10-21 13:23:04,487 [ERROR] ConditionMgr:805 - Attr not supported : Dmpu
2024-10-21 13:23:04,488 [ERROR] ConditionMgr:805 - Attr not supported : Dmpu
2024-10-21 13:23:04,488 [ERROR] ConditionMgr:805 - Attr not supported : Dmpu
2024-10-21 13:23:04,488 [ERROR] ConditionMgr:805 - Attr not supported : Dmpu
2024-10-21 13:23:04,488 [ERROR] ConditionMgr:805 - Attr not supported : Dmpu
2024-10-21 13:23:04,488 [ERROR] ConditionMgr:805 - Attr not supported : Dmpu
2024-10-21 13:23:04,488 [ERROR] ConditionMgr:805 - Attr not supported : Dmpu
2024-10-21 13:23:04,488 [ERROR] ConditionMgr:805 - Attr not supported : Dmpu
2024-10-21 13:23:04,489 [ERROR] ConditionMgr:805 - Attr not supported : Dmpu
2024-10-21 13:23:04,489 [ERROR] ConditionMgr:805 - Attr not supported : Dmpu
2024-10-21 13:23:04,489 [ERROR] ConditionMgr:805 - Attr not supported : Dmpu
2024-10-21 13:23:04,489 [ERROR] ConditionMgr:805 - Attr not supported : Dmpu
2024-10-21 13:23:04,489 [ERROR] ConditionMgr:805 - Attr not supported : Dmpu
2024-10-21 13:23:04,489 [ERROR] ConditionMgr:805 - Attr not supported : Dmpu
2024-10-21 13:23:04,489 [ERROR] ConditionMgr:805 - Attr not supported : Dmpu
2024-10-21 13:23:04,489 [ERROR] ConditionMgr:805 - Attr not supported : Dmpu
2024-10-21 13:23:04,489 [ERROR] ConditionMgr:805 - Attr not supported : Dmpu
2024-10-21 13:23:04,489 [ERROR] ConditionMgr:805 - Attr not supported : Dmpu
2024-10-21 13:23:04,489 [ERROR] ConditionMgr:805 - Attr not supported : Dmpu
2024-10-21 13:23:04,489 [ERROR] ConditionMgr:805 - Attr not supported : Dmpu
2024-10-21 13:23:04,502 [WARN] PackLoader:240 - Cannot read IP mode file for RealThread.X-CUBE-RT-Thread_Nano.4.1.1
2024-10-21 13:23:04,511 [WARN] PackLoader:240 - Cannot read IP mode file for STMicroelectronics.FP-ATR-SIGFOX1.3.2.0
2024-10-21 13:23:04,524 [WARN] PackLoader:240 - Cannot read IP mode file for wolfSSL.I-CUBE-wolfSSL.5.7.2
2024-10-21 13:23:04,537 [WARN] PackLoader:240 - Cannot read IP mode file for STMicroelectronics.X-CUBE-EEPRMA1.5.1.0
2024-10-21 13:23:04,553 [WARN] PackLoader:240 - Cannot read IP mode file for ITTIA_DB.I-CUBE-ITTIADB.8.9.0
2024-10-21 13:23:04,683 [WARN] PackLoader:240 - Cannot read IP mode file for SEGGER.I-CUBE-embOS.1.3.1
2024-10-21 13:23:04,838 [WARN] PackLoader:240 - Cannot read IP mode file for STMicroelectronics.X-CUBE-ALGOBUILD.1.4.0
2024-10-21 13:23:04,852 [WARN] PackLoader:240 - Cannot read IP mode file for STMicroelectronics.X-CUBE-AI.9.1.0
2024-10-21 13:23:04,904 [WARN] PackLoader:240 - Cannot read IP mode file for STMicroelectronics.X-CUBE-AZRTOS-F4.1.1.0
2024-10-21 13:23:04,922 [WARN] PackLoader:240 - Cannot read IP mode file for STMicroelectronics.X-CUBE-ISPU.2.1.0
2024-10-21 13:23:04,949 [WARN] PackLoader:240 - Cannot read IP mode file for STMicroelectronics.X-CUBE-FREERTOS.1.2.0
2024-10-21 13:23:04,991 [WARN] PackLoader:240 - Cannot read IP mode file for STMicroelectronics.X-CUBE-AZRTOS-L5.2.0.0
2024-10-21 13:23:05,013 [WARN] PackLoader:240 - Cannot read IP mode file for STMicroelectronics.X-CUBE-NFC6.3.1.0
2024-10-21 13:23:05,029 [WARN] PackLoader:240 - Cannot read IP mode file for STMicroelectronics.X-CUBE-DPower.1.2.0
2024-10-21 13:23:05,039 [WARN] PackLoader:240 - Cannot read IP mode file for STMicroelectronics.X-CUBE-NFC7.1.0.1
2024-10-21 13:23:05,087 [WARN] ConditionMgr:438 - getConditionDescription Invalid condition id : LAN8742 Phy interface Condition cause : null
2024-10-21 13:23:05,090 [WARN] PackLoader:240 - Cannot read IP mode file for STMicroelectronics.X-CUBE-AZRTOS-L4.2.0.0
2024-10-21 13:23:05,095 [WARN] ConditionMgr:1039 - genDependencies : Invalid condition id : LAN8742 Phy interface Condition cause : null
2024-10-21 13:23:05,096 [WARN] ConditionMgr:1039 - genDependencies : Invalid condition id : LAN8742 Phy interface Condition cause : null
2024-10-21 13:23:05,098 [WARN] ConditionMgr:1039 - genDependencies : Invalid condition id : LAN8742 Phy interface Condition cause : null
2024-10-21 13:23:05,126 [WARN] PackLoader:240 - Cannot read IP mode file for STMicroelectronics.X-CUBE-SFXS2LP1.4.0.0
2024-10-21 13:23:05,210 [WARN] PackLoader:240 - Cannot read IP mode file for STMicroelectronics.X-CUBE-AZRTOS-H7.3.3.0
2024-10-21 13:23:05,248 [WARN] PackLoader:240 - Cannot read IP mode file for STMicroelectronics.X-CUBE-IPS.3.0.0
2024-10-21 13:23:05,282 [WARN] ConditionMgr:438 - getConditionDescription Invalid condition id : UX DEVICE CLASS RTOS Condition cause : null
2024-10-21 13:23:05,283 [WARN] ConditionMgr:438 - getConditionDescription Invalid condition id : UX DEVICE CLASS RTOS Condition cause : null
2024-10-21 13:23:05,290 [WARN] PackLoader:240 - Cannot read IP mode file for STMicroelectronics.X-CUBE-AZRTOS-WB.2.0.0
2024-10-21 13:23:05,292 [WARN] ConditionMgr:1039 - genDependencies : Invalid condition id : UX DEVICE CLASS RTOS Condition cause : null
2024-10-21 13:23:05,292 [WARN] ConditionMgr:1039 - genDependencies : Invalid condition id : UX DEVICE CLASS RTOS Condition cause : null
2024-10-21 13:23:05,293 [WARN] ConditionMgr:1039 - genDependencies : Invalid condition id : UX DEVICE CLASS RTOS Condition cause : null
2024-10-21 13:23:05,294 [WARN] ConditionMgr:1039 - genDependencies : Invalid condition id : UX DEVICE CLASS RTOS Condition cause : null
2024-10-21 13:23:05,294 [WARN] ConditionMgr:1039 - genDependencies : Invalid condition id : UX DEVICE CLASS RTOS Condition cause : null
2024-10-21 13:23:05,308 [WARN] PackLoader:240 - Cannot read IP mode file for STMicroelectronics.X-CUBE-GNSS1.7.0.0
2024-10-21 13:23:05,339 [WARN] PackLoader:240 - Cannot read IP mode file for STMicroelectronics.FP-SNS-STBOX1.2.0.0
2024-10-21 13:23:05,370 [WARN] PackLoader:240 - Cannot read IP mode file for STMicroelectronics.X-CUBE-SUBG2.5.0.0
2024-10-21 13:23:05,393 [WARN] PackLoader:240 - Cannot read IP mode file for Cesanta.I-CUBE-Mongoose.7.13.0
2024-10-21 13:23:05,423 [WARN] PackLoader:240 - Cannot read IP mode file for STMicroelectronics.X-CUBE-AZRTOS-G4.2.0.0
2024-10-21 13:23:05,434 [WARN] PackLoader:240 - Cannot read IP mode file for STMicroelectronics.X-CUBE-ALS.1.0.2
2024-10-21 13:23:05,447 [WARN] PackLoader:240 - Cannot read IP mode file for STMicroelectronics.X-CUBE-TOUCHGFX.4.24.1
2024-10-21 13:23:05,452 [WARN] PackLoader:240 - Cannot read IP mode file for wolfSSL.I-CUBE-wolfTPM.3.4.0
2024-10-21 13:23:05,460 [WARN] PackLoader:240 - Cannot read IP mode file for portGmbH.I-Cube-SoM-uGOAL.1.1.0
2024-10-21 13:23:05,500 [WARN] PackLoader:240 - Cannot read IP mode file for STMicroelectronics.X-CUBE-AZRTOS-H7RS.1.0.0
2024-10-21 13:23:05,514 [WARN] PackLoader:240 - Cannot read IP mode file for STMicroelectronics.FP-ATR-ASTRA1.2.0.0
2024-10-21 13:23:05,535 [WARN] PackLoader:240 - Cannot read IP mode file for STMicroelectronics.X-CUBE-TOF1.3.4.2
2024-10-21 13:23:05,604 [WARN] PackLoader:240 - Cannot read IP mode file for Infineon.AIROC-Wi-Fi-Bluetooth-STM32.1.6.1
2024-10-21 13:23:05,655 [WARN] PackLoader:240 - Cannot read IP mode file for wolfSSL.I-CUBE-wolfSSH.1.4.17
2024-10-21 13:23:05,658 [INFO] ThirdParty:978 - Integrity check success = true
2024-10-21 13:23:05,658 [INFO] IntegrityCheckThread:100 - exiting critical section [integrity check]
2024-10-21 13:23:05,658 [INFO] IntegrityCheckThread:103 - End integrity checks thread
2024-10-21 13:23:07,159 [INFO] WebApp:448 - Apply proxy settings
2024-10-21 13:23:07,171 [INFO] WebApp:493 - Chromium authenticates against Manually configured proxy
2024-10-21 13:23:07,204 [INFO] WebApp:501 - Username used for proxy authentication: 
2024-10-21 13:23:07,303 [INFO] WebApp:869 - Register for checkConnection events
2024-10-21 13:23:07,303 [INFO] WebApp:448 - Apply proxy settings
2024-10-21 13:23:07,307 [INFO] WebApp:493 - Chromium authenticates against Manually configured proxy
2024-10-21 13:23:07,308 [INFO] WebApp:501 - Username used for proxy authentication: 
2024-10-21 13:23:07,557 [INFO] WebApp:220 - Starting web application
2024-10-21 13:23:07,558 [INFO] WebApp:578 - Web application path used /Applications/STM32CubeIDE.app/Contents/Eclipse/plugins/com.st.stm32cube.common.mx_6.12.1.202409122256/db/plugins/mcufinder/reactClient1/index.html
2024-10-21 13:23:08,474 [INFO] WebApp:186 - Connection restablished
2024-10-21 13:23:08,600 [INFO] UserAuth:417 - Internet connection configuration mode: 1
2024-10-21 15:04:59,121 [ERROR] LogOutputStream:75 - [STDERR_REDIRECT] 
