2024-11-20 17:48:11,275 [INFO] Activator:176 - 


2024-11-20 17:48:11,280 [INFO] Activator:177 - !SESSION log4j initialized
2024-11-20 17:48:17,104 [INFO] LogOutputStream:77 - [STDOUT_REDIRECT] 
2024-11-20 17:48:18,580 [ERROR] LogOutputStream:75 - [STDERR_REDIRECT] 
2024-11-20 17:48:21,452 [INFO] LogOutputStream:77 - [STDOUT_REDIRECT] 
2024-11-20 17:48:22,902 [INFO] ApplicationProperties:184 - Using Application install path: /Applications/STM32CubeIDE.app/Contents/Eclipse/plugins/com.st.stm32cube.common.mx_6.12.1.202409122256
2024-11-20 17:48:22,917 [INFO] DbMcusXml:78 - Set database path to: /Applications/STM32CubeIDE.app/Contents/Eclipse/plugins/com.st.stm32cube.common.mx_6.12.1.202409122256//db//mcu/
2024-11-20 17:48:22,917 [INFO] ApiDb:274 - Set plugin database path to: /Applications/STM32CubeIDE.app/Contents/Eclipse/plugins/com.st.stm32cube.common.mx_6.12.1.202409122256//db//plugins/boardmanager/
2024-11-20 17:48:22,918 [WARN] ApiDb:259 - Overriding images path with different value:  => /Applications/STM32CubeIDE.app/Contents/Eclipse/plugins/com.st.stm32cube.common.mx_6.12.1.202409122256//db//plugins/mcufinder/images/
2024-11-20 17:48:22,925 [INFO] ApiDb:250 - Set database path to: /var/root/.stmcufinder/plugins/mcufinder//mcu/
2024-11-20 17:48:22,926 [INFO] DbMcusAds:125 - Set database path to: /var/root/.stmcufinder/plugins/mcufinder//mcu/
2024-11-20 17:48:22,928 [INFO] CrossReferenceDbSqlite:203 - Set database path to: /var/root/.stmcufinder/plugins/mcufinder//mcu/cs/
2024-11-20 17:48:23,057 [INFO] RulesReader:64 - Compatibility file has been processed (297 Rules)
2024-11-20 17:48:23,124 [INFO] DbMcusXml:78 - Set database path to: /Applications/STM32CubeIDE.app/Contents/Eclipse/plugins/com.st.stm32cube.common.mx_6.12.1.202409122256//db//mcu/
2024-11-20 17:48:23,124 [INFO] ApiDb:274 - Set plugin database path to: /Applications/STM32CubeIDE.app/Contents/Eclipse/plugins/com.st.stm32cube.common.mx_6.12.1.202409122256//db//plugins/boardmanager/
2024-11-20 17:48:23,124 [INFO] ApiDb:261 - Set plugin images path to: /Applications/STM32CubeIDE.app/Contents/Eclipse/plugins/com.st.stm32cube.common.mx_6.12.1.202409122256//db//plugins/mcufinder/images/
2024-11-20 17:48:23,125 [WARN] DbFile:41 - Overriding database path with different value: /var/root/.stmcufinder/plugins/mcufinder/ => /var/root/.stmcufinder/plugins/mcufinder
2024-11-20 17:48:23,125 [INFO] ApiDb:250 - Set database path to: /var/root/.stmcufinder/plugins/mcufinder//mcu/
2024-11-20 17:48:23,125 [WARN] DbFile:41 - Overriding database path with different value: /var/root/.stmcufinder/plugins/mcufinder/ => /var/root/.stmcufinder/plugins/mcufinder
2024-11-20 17:48:23,125 [INFO] DbMcusAds:125 - Set database path to: /var/root/.stmcufinder/plugins/mcufinder//mcu/
2024-11-20 17:48:23,126 [WARN] DbFile:41 - Overriding database path with different value: /var/root/.stmcufinder/plugins/mcufinder/ => /var/root/.stmcufinder/plugins/mcufinder
2024-11-20 17:48:23,126 [WARN] DbFile:41 - Overriding database path with different value: /var/root/.stmcufinder/plugins/mcufinder/ => /var/root/.stmcufinder/plugins/mcufinder
2024-11-20 17:48:23,126 [INFO] CrossReferenceDbSqlite:203 - Set database path to: /var/root/.stmcufinder/plugins/mcufinder//mcu/cs/
2024-11-20 17:48:23,212 [INFO] MainPanel:268 - HeapMemory: 278921216
2024-11-20 17:48:23,488 [INFO] DbMcusXml:78 - Set database path to: /Applications/STM32CubeIDE.app/Contents/Eclipse/plugins/com.st.stm32cube.common.mx_6.12.1.202409122256//db//mcu/
2024-11-20 17:48:23,489 [INFO] ApiDb:274 - Set plugin database path to: /Applications/STM32CubeIDE.app/Contents/Eclipse/plugins/com.st.stm32cube.common.mx_6.12.1.202409122256//db//plugins/boardmanager/
2024-11-20 17:48:23,489 [INFO] ApiDb:261 - Set plugin images path to: /Applications/STM32CubeIDE.app/Contents/Eclipse/plugins/com.st.stm32cube.common.mx_6.12.1.202409122256//db//plugins/mcufinder/images/
2024-11-20 17:48:23,489 [WARN] DbFile:41 - Overriding database path with different value: /var/root/.stmcufinder/plugins/mcufinder/ => /var/root/.stmcufinder/plugins/mcufinder
2024-11-20 17:48:23,489 [INFO] ApiDb:250 - Set database path to: /var/root/.stmcufinder/plugins/mcufinder//mcu/
2024-11-20 17:48:23,489 [WARN] DbFile:41 - Overriding database path with different value: /var/root/.stmcufinder/plugins/mcufinder/ => /var/root/.stmcufinder/plugins/mcufinder
2024-11-20 17:48:23,489 [INFO] DbMcusAds:125 - Set database path to: /var/root/.stmcufinder/plugins/mcufinder//mcu/
2024-11-20 17:48:23,489 [WARN] DbFile:41 - Overriding database path with different value: /var/root/.stmcufinder/plugins/mcufinder/ => /var/root/.stmcufinder/plugins/mcufinder
2024-11-20 17:48:23,489 [WARN] DbFile:41 - Overriding database path with different value: /var/root/.stmcufinder/plugins/mcufinder/ => /var/root/.stmcufinder/plugins/mcufinder
2024-11-20 17:48:23,490 [INFO] CrossReferenceDbSqlite:203 - Set database path to: /var/root/.stmcufinder/plugins/mcufinder//mcu/cs/
2024-11-20 17:48:23,510 [INFO] ApplicationProperties:184 - Using Application install path: /Applications/STM32CubeIDE.app/Contents/Eclipse/plugins/com.st.stm32cube.common.mx_6.12.1.202409122256
2024-11-20 17:48:23,511 [INFO] PluginManage:196 - Search for loadable plugins [exclusion list=, ]
2024-11-20 17:48:23,512 [INFO] PluginManage:310 - Check plugin analytics
2024-11-20 17:48:23,753 [INFO] AnalyticsPlugin:253 - Accepted Software Licenses: 
2024-11-20 17:48:23,755 [INFO] AnalyticsPlugin:255 - Accepted CMSIS Pack Licenses: 
2024-11-20 17:48:23,755 [INFO] AnalyticsPlugin:257 - Accepted Firmware Licenses: 
2024-11-20 17:48:23,764 [INFO] PluginManage:359 - Loaded plugin analytics (category:tool,tabindex:-1)
2024-11-20 17:48:23,764 [INFO] PluginManage:310 - Check plugin cadmodel
2024-11-20 17:48:23,779 [INFO] CADModel:105 - Init CAD model plugin
2024-11-20 17:48:23,779 [INFO] PluginManage:359 - Loaded plugin cadmodel (category:power,tabindex:5)
2024-11-20 17:48:23,780 [INFO] PluginManage:310 - Check plugin clock
2024-11-20 17:48:23,793 [INFO] PluginManage:359 - Loaded plugin clock (category:base,tabindex:2)
2024-11-20 17:48:23,793 [INFO] PluginManage:310 - Check plugin ddr
2024-11-20 17:48:23,795 [INFO] PluginManage:359 - Loaded plugin ddr (category:tool,tabindex:6)
2024-11-20 17:48:23,796 [INFO] PluginManage:310 - Check plugin filemanager
2024-11-20 17:48:23,967 [INFO] PluginManage:359 - Loaded plugin filemanager (category:base,tabindex:10)
2024-11-20 17:48:23,967 [INFO] PluginManage:310 - Check plugin ipmanager
2024-11-20 17:48:23,974 [INFO] PluginManage:359 - Loaded plugin ipmanager (category:base,tabindex:5)
2024-11-20 17:48:23,974 [INFO] PluginManage:310 - Check plugin lpbam
2024-11-20 17:48:23,988 [INFO] PluginManage:359 - Loaded plugin lpbam (category:base,tabindex:0)
2024-11-20 17:48:23,989 [INFO] PluginManage:310 - Check plugin memorymap
2024-11-20 17:48:23,998 [INFO] PluginManage:359 - Loaded plugin memorymap (category:base,tabindex:4)
2024-11-20 17:48:23,998 [INFO] PluginManage:310 - Check plugin pinoutandconfiguration
2024-11-20 17:48:24,003 [INFO] PluginManage:359 - Loaded plugin pinoutandconfiguration (category:base,tabindex:1)
2024-11-20 17:48:24,004 [INFO] PluginManage:310 - Check plugin pinoutconfig
2024-11-20 17:48:24,101 [WARN] SupportedApi:132 - Cannot load RTOS API schema: s4s-elt-must-match.1: The content of 'definitions' must match (annotation?, (simpleType | complexType)?, (unique | key | keyref)*)). A problem was found starting at: attribute.
2024-11-20 17:48:24,258 [INFO] PluginManage:359 - Loaded plugin pinoutconfig (category:base,tabindex:0)
2024-11-20 17:48:24,258 [INFO] PluginManage:310 - Check plugin power
2024-11-20 17:48:24,272 [INFO] PluginManage:359 - Loaded plugin power (category:power,tabindex:4)
2024-11-20 17:48:24,273 [INFO] PluginManage:310 - Check plugin projectmanager
2024-11-20 17:48:24,304 [INFO] PluginManage:359 - Loaded plugin projectmanager (category:projectmanager,tabindex:4)
2024-11-20 17:48:24,305 [INFO] PluginManage:310 - Check plugin rif
2024-11-20 17:48:24,309 [INFO] PluginManage:359 - Loaded plugin rif (category:base,tabindex:3)
2024-11-20 17:48:24,309 [INFO] PluginManage:310 - Check plugin thirdparty
2024-11-20 17:48:24,617 [INFO] PluginManage:359 - Loaded plugin thirdparty (category:base,tabindex:-1)
2024-11-20 17:48:24,621 [INFO] PluginManage:310 - Check plugin tools
2024-11-20 17:48:24,617 [WARN] IntegrityCheckThread:84 - waiting for thirdparty lock release [integrity check]
2024-11-20 17:48:24,627 [INFO] IntegrityCheckThread:86 - entering critical section [integrity check]
2024-11-20 17:48:24,631 [INFO] ThirdPartyUpdaterWithRetryManager:70 - Updater plugin not ready yet. [1/15]
2024-11-20 17:48:24,636 [INFO] PluginManage:359 - Loaded plugin tools (category:base,tabindex:7)
2024-11-20 17:48:24,636 [INFO] PluginManage:310 - Check plugin tutovideos
2024-11-20 17:48:24,857 [INFO] PluginManage:359 - Loaded plugin tutovideos (category:base,tabindex:-1)
2024-11-20 17:48:24,859 [INFO] PluginManage:310 - Check plugin updater
2024-11-20 17:48:24,911 [INFO] PluginManage:359 - Loaded plugin updater (category:base,tabindex:12)
2024-11-20 17:48:24,911 [INFO] PluginManage:310 - Check plugin userauth
2024-11-20 17:48:24,922 [INFO] UserAuth:113 - Init User Auth plugin
2024-11-20 17:48:24,922 [INFO] PluginManage:359 - Loaded plugin userauth (category:base,tabindex:14)
2024-11-20 17:48:24,923 [INFO] PluginManage:283 - PluginManage : Loaded plugins [18]
2024-11-20 17:48:25,191 [INFO] PinOutPanel:1561 - setPackage(No Configuration,No Configuration)
2024-11-20 17:48:25,272 [INFO] CADModel:165 - CPN selected for project level
2024-11-20 17:48:25,272 [INFO] CADModel:114 - Register for checkConnection events
2024-11-20 17:48:25,284 [INFO] IPUIPlugin:80 - create IPUIPlugin
2024-11-20 17:48:25,284 [INFO] PluginManager:220 - loadIPPluginJar : add mdma
2024-11-20 17:48:25,289 [INFO] IPUIPlugin:80 - create IPUIPlugin
2024-11-20 17:48:25,290 [INFO] PluginManager:220 - loadIPPluginJar : add freertos
2024-11-20 17:48:25,293 [INFO] IPUIPlugin:80 - create IPUIPlugin
2024-11-20 17:48:25,293 [INFO] PluginManager:220 - loadIPPluginJar : add gic
2024-11-20 17:48:25,300 [INFO] IPUIPlugin:80 - create IPUIPlugin
2024-11-20 17:48:25,300 [INFO] PluginManager:220 - loadIPPluginJar : add adc
2024-11-20 17:48:25,302 [INFO] IPUIPlugin:80 - create IPUIPlugin
2024-11-20 17:48:25,302 [INFO] PluginManager:220 - loadIPPluginJar : add gtzc
2024-11-20 17:48:25,303 [INFO] IPUIPlugin:80 - create IPUIPlugin
2024-11-20 17:48:25,303 [INFO] PluginManager:220 - loadIPPluginJar : add quadspi
2024-11-20 17:48:25,305 [INFO] IPUIPlugin:80 - create IPUIPlugin
2024-11-20 17:48:25,305 [INFO] PluginManager:220 - loadIPPluginJar : add aes
2024-11-20 17:48:25,307 [INFO] IPUIPlugin:80 - create IPUIPlugin
2024-11-20 17:48:25,307 [INFO] PluginManager:220 - loadIPPluginJar : add pdm2pcm
2024-11-20 17:48:25,308 [INFO] IPUIPlugin:80 - create IPUIPlugin
2024-11-20 17:48:25,308 [INFO] PluginManager:220 - loadIPPluginJar : add hash
2024-11-20 17:48:25,309 [INFO] IPUIPlugin:80 - create IPUIPlugin
2024-11-20 17:48:25,309 [INFO] PluginManager:220 - loadIPPluginJar : add tim
2024-11-20 17:48:25,311 [INFO] IPUIPlugin:80 - create IPUIPlugin
2024-11-20 17:48:25,311 [INFO] PluginManager:220 - loadIPPluginJar : add tsc
2024-11-20 17:48:25,313 [INFO] IPUIPlugin:80 - create IPUIPlugin
2024-11-20 17:48:25,313 [INFO] PluginManager:220 - loadIPPluginJar : add extmemmanager
2024-11-20 17:48:25,314 [INFO] IPUIPlugin:80 - create IPUIPlugin
2024-11-20 17:48:25,315 [INFO] PluginManager:220 - loadIPPluginJar : add ts
2024-11-20 17:48:25,316 [INFO] IPUIPlugin:80 - create IPUIPlugin
2024-11-20 17:48:25,316 [INFO] PluginManager:220 - loadIPPluginJar : add radio
2024-11-20 17:48:25,317 [INFO] IPUIPlugin:80 - create IPUIPlugin
2024-11-20 17:48:25,317 [INFO] PluginManager:220 - loadIPPluginJar : add can
2024-11-20 17:48:25,319 [INFO] IPUIPlugin:80 - create IPUIPlugin
2024-11-20 17:48:25,319 [INFO] PluginManager:220 - loadIPPluginJar : add dma3
2024-11-20 17:48:25,320 [INFO] IPUIPlugin:80 - create IPUIPlugin
2024-11-20 17:48:25,320 [INFO] PluginManager:220 - loadIPPluginJar : add dfsdm
2024-11-20 17:48:25,322 [INFO] IPUIPlugin:80 - create IPUIPlugin
2024-11-20 17:48:25,322 [INFO] PluginManager:220 - loadIPPluginJar : add spi
2024-11-20 17:48:25,323 [INFO] IPUIPlugin:80 - create IPUIPlugin
2024-11-20 17:48:25,323 [INFO] PluginManager:220 - loadIPPluginJar : add gfxmmu
2024-11-20 17:48:25,325 [INFO] IPUIPlugin:80 - create IPUIPlugin
2024-11-20 17:48:25,325 [INFO] PluginManager:220 - loadIPPluginJar : add genericplugin
2024-11-20 17:48:25,326 [INFO] IPUIPlugin:80 - create IPUIPlugin
2024-11-20 17:48:25,326 [INFO] PluginManager:220 - loadIPPluginJar : add cryp
2024-11-20 17:48:25,330 [INFO] IPUIPlugin:80 - create IPUIPlugin
2024-11-20 17:48:25,330 [INFO] PluginManager:220 - loadIPPluginJar : add gpio
2024-11-20 17:48:25,332 [INFO] IPUIPlugin:80 - create IPUIPlugin
2024-11-20 17:48:25,332 [INFO] PluginManager:220 - loadIPPluginJar : add ddr_ctrl_phy
2024-11-20 17:48:25,333 [INFO] IPUIPlugin:80 - create IPUIPlugin
2024-11-20 17:48:25,334 [INFO] PluginManager:220 - loadIPPluginJar : add comp
2024-11-20 17:48:25,335 [INFO] IPUIPlugin:80 - create IPUIPlugin
2024-11-20 17:48:25,336 [INFO] PluginManager:220 - loadIPPluginJar : add tracer_emb
2024-11-20 17:48:25,338 [INFO] IPUIPlugin:80 - create IPUIPlugin
2024-11-20 17:48:25,338 [INFO] PluginManager:220 - loadIPPluginJar : add openamp
2024-11-20 17:48:25,341 [INFO] IPUIPlugin:80 - create IPUIPlugin
2024-11-20 17:48:25,342 [INFO] PluginManager:220 - loadIPPluginJar : add stm32_wpan
2024-11-20 17:48:25,345 [INFO] IPUIPlugin:80 - create IPUIPlugin
2024-11-20 17:48:25,349 [INFO] PluginManager:220 - loadIPPluginJar : add plateformsettings
2024-11-20 17:48:25,352 [INFO] IPUIPlugin:80 - create IPUIPlugin
2024-11-20 17:48:25,352 [INFO] PluginManager:220 - loadIPPluginJar : add ipddr
2024-11-20 17:48:25,353 [INFO] IPUIPlugin:80 - create IPUIPlugin
2024-11-20 17:48:25,353 [INFO] PluginManager:220 - loadIPPluginJar : add usart
2024-11-20 17:48:25,354 [INFO] IPUIPlugin:80 - create IPUIPlugin
2024-11-20 17:48:25,355 [INFO] PluginManager:220 - loadIPPluginJar : add ltdc
2024-11-20 17:48:25,357 [INFO] IPUIPlugin:80 - create IPUIPlugin
2024-11-20 17:48:25,358 [INFO] PluginManager:220 - loadIPPluginJar : add nvic
2024-11-20 17:48:25,365 [INFO] IPUIPlugin:80 - create IPUIPlugin
2024-11-20 17:48:25,366 [INFO] PluginManager:220 - loadIPPluginJar : add fatfs
2024-11-20 17:48:25,377 [INFO] IPUIPlugin:80 - create IPUIPlugin
2024-11-20 17:48:25,378 [INFO] PluginManager:220 - loadIPPluginJar : add linkedlist
2024-11-20 17:48:25,388 [INFO] IPUIPlugin:80 - create IPUIPlugin
2024-11-20 17:48:25,389 [INFO] PluginManager:220 - loadIPPluginJar : add dma
2024-11-20 17:48:25,396 [INFO] IPUIPlugin:80 - create IPUIPlugin
2024-11-20 17:48:25,397 [INFO] PluginManager:220 - loadIPPluginJar : add fmc
2024-11-20 17:48:25,403 [INFO] IPUIPlugin:80 - create IPUIPlugin
2024-11-20 17:48:25,403 [INFO] PluginManager:220 - loadIPPluginJar : add i2s
2024-11-20 17:48:25,405 [INFO] IPUIPlugin:80 - create IPUIPlugin
2024-11-20 17:48:25,405 [INFO] PluginManager:220 - loadIPPluginJar : add ucpd
2024-11-20 17:48:25,407 [INFO] IPUIPlugin:80 - create IPUIPlugin
2024-11-20 17:48:25,407 [INFO] PluginManager:220 - loadIPPluginJar : add lorawan
2024-11-20 17:48:25,410 [INFO] IPUIPlugin:80 - create IPUIPlugin
2024-11-20 17:48:25,411 [INFO] PluginManager:220 - loadIPPluginJar : add opamp
2024-11-20 17:48:25,414 [INFO] IPUIPlugin:80 - create IPUIPlugin
2024-11-20 17:48:25,414 [INFO] PluginManager:220 - loadIPPluginJar : add i3c
2024-11-20 17:48:25,419 [INFO] IPUIPlugin:80 - create IPUIPlugin
2024-11-20 17:48:25,420 [INFO] PluginManager:220 - loadIPPluginJar : add touchsensing
2024-11-20 17:48:25,422 [INFO] IPUIPlugin:80 - create IPUIPlugin
2024-11-20 17:48:25,422 [INFO] PluginManager:220 - loadIPPluginJar : add i2c
2024-11-20 17:48:25,425 [INFO] IPUIPlugin:80 - create IPUIPlugin
2024-11-20 17:48:25,425 [INFO] PluginManager:220 - loadIPPluginJar : add resmgrutility
2024-11-20 17:48:25,428 [INFO] IPUIPlugin:80 - create IPUIPlugin
2024-11-20 17:48:25,428 [INFO] PluginManager:220 - loadIPPluginJar : add sai
2024-11-20 17:48:25,430 [INFO] IPUIPlugin:80 - create IPUIPlugin
2024-11-20 17:48:25,430 [INFO] PluginManager:220 - loadIPPluginJar : add usbx
2024-11-20 17:48:25,626 [INFO] CADModel:165 - CPN selected for project level
2024-11-20 17:48:25,629 [INFO] CADModel:114 - Register for checkConnection events
2024-11-20 17:48:25,630 [FATAL] Updater:334 - Updater called before beeing initialized
2024-11-20 17:48:25,631 [ERROR] CADModel:125 - Updater not yet initialized, retry later 
2024-11-20 17:48:26,001 [INFO] CADModel:165 - CPN selected for project level
2024-11-20 17:48:26,001 [INFO] CADModel:114 - Register for checkConnection events
2024-11-20 17:48:26,001 [FATAL] Updater:334 - Updater called before beeing initialized
2024-11-20 17:48:26,001 [ERROR] CADModel:125 - Updater not yet initialized, retry later 
2024-11-20 17:48:26,004 [FATAL] Updater:334 - Updater called before beeing initialized
2024-11-20 17:48:26,166 [FATAL] Updater:334 - Updater called before beeing initialized
2024-11-20 17:48:26,171 [INFO] DbMcusAds:53 - JSON generation date=Fri Sep 20 09:04:38 EDT 2024 (1726837478367)
2024-11-20 17:48:26,171 [FATAL] Updater:334 - Updater called before beeing initialized
2024-11-20 17:48:26,576 [WARN] DetailPanel:346 - Failed to get advertising image, set to default
2024-11-20 17:48:26,710 [FATAL] Updater:334 - Updater called before beeing initialized
2024-11-20 17:48:26,719 [FATAL] Updater:334 - Updater called before beeing initialized
2024-11-20 17:48:26,719 [FATAL] Updater:334 - Updater called before beeing initialized
2024-11-20 17:48:26,720 [WARN] DetailPanel:346 - Failed to get advertising image, set to default
2024-11-20 17:48:26,728 [FATAL] Updater:334 - Updater called before beeing initialized
2024-11-20 17:48:26,828 [ERROR] Updater:1164 - MainUpdater not yet initialized. External WinMGr cannot be set.
2024-11-20 17:48:26,835 [INFO] Updater:1100 - Updater Version found : 6.12.1
2024-11-20 17:48:26,852 [INFO] ApplicationProperties:184 - Using Application install path: /Applications/STM32CubeIDE.app/Contents/Eclipse/plugins/com.st.stm32cube.common.mx_6.12.1.202409122256
2024-11-20 17:48:27,237 [INFO] MainUpdater:2873 - connection check result : 10
2024-11-20 17:48:27,238 [INFO] MainUpdater:290 - Updater Check For Update Now.
2024-11-20 17:48:27,238 [INFO] MicroXplorer:498 - Change Database Version : DB.6.0.121
2024-11-20 17:48:27,246 [INFO] McuFinderGlobals:63 - Set McuFinder mode to 2 (CubeIDE integrated)
2024-11-20 17:48:27,250 [INFO] UserAuth:417 - Internet connection configuration mode: 1
2024-11-20 17:48:27,264 [INFO] JxBrowserEngine:152 - Initiate JxBrowser Engine with user profile folder
2024-11-20 17:48:27,522 [INFO] CheckServerUpdateThread:120 - End of CheckServer Thread
2024-11-20 17:48:27,825 [WARN] PackLoader:240 - Cannot read IP mode file for STMicroelectronics.FP-SNS-MOTENVWB1.1.4.0
2024-11-20 17:48:27,859 [WARN] PackLoader:240 - Cannot read IP mode file for STMicroelectronics.FP-ATR-ASTRA1.2.0.1
2024-11-20 17:48:27,885 [WARN] PackLoader:240 - Cannot read IP mode file for STMicroelectronics.X-CUBE-SMBUS.2.1.0
2024-11-20 17:48:27,898 [WARN] PackLoader:240 - Cannot read IP mode file for STMicroelectronics.X-CUBE-WB05N.1.1.0
2024-11-20 17:48:27,949 [WARN] PackLoader:240 - Cannot read IP mode file for STMicroelectronics.X-CUBE-AZRTOS-F7.1.1.0
2024-11-20 17:48:28,109 [WARN] PackLoader:240 - Cannot read IP mode file for STMicroelectronics.X-CUBE-MEMS1.11.0.0
2024-11-20 17:48:28,330 [WARN] PackLoader:240 - Cannot read IP mode file for STMicroelectronics.FP-SNS-FLIGHT1.5.0.2
2024-11-20 17:48:28,348 [WARN] PackLoader:240 - Cannot read IP mode file for STMicroelectronics.X-CUBE-DISPLAY.3.0.0
2024-11-20 17:48:28,370 [WARN] PackLoader:240 - Cannot read IP mode file for STMicroelectronics.X-CUBE-BLE1.7.0.0
2024-11-20 17:48:28,402 [WARN] PackLoader:240 - Cannot read IP mode file for STMicroelectronics.X-CUBE-NFC10.1.0.0
2024-11-20 17:48:28,421 [WARN] PackLoader:240 - Cannot read IP mode file for emotas.I-CUBE-CANOPEN.1.3.0
2024-11-20 17:48:28,445 [WARN] PackLoader:240 - Cannot read IP mode file for STMicroelectronics.X-CUBE-BLEMGR.3.1.0
2024-11-20 17:48:28,469 [WARN] PackLoader:240 - Cannot read IP mode file for STMicroelectronics.FP-SNS-SMARTAG2.1.2.0
2024-11-20 17:48:28,481 [INFO] LogOutputStream:77 - [STDOUT_REDIRECT] 1 : Invalid condition id : UX_CORESTACK_Condition cause : null
2024-11-20 17:48:28,483 [INFO] LogOutputStream:77 - [STDOUT_REDIRECT] 1 : Invalid condition id : UX_CORESTACK_Condition cause : null
2024-11-20 17:48:28,484 [INFO] LogOutputStream:77 - [STDOUT_REDIRECT] 1 : Invalid condition id : UX_CORESTACK_Condition cause : null
2024-11-20 17:48:28,484 [INFO] LogOutputStream:77 - [STDOUT_REDIRECT] 1 : Invalid condition id : UX_CORESTACK_Condition cause : null
2024-11-20 17:48:28,484 [INFO] LogOutputStream:77 - [STDOUT_REDIRECT] 1 : Invalid condition id : UX_CORESTACK_Condition cause : null
2024-11-20 17:48:28,490 [WARN] PackLoader:240 - Cannot read IP mode file for STMicroelectronics.X-CUBE-AZRTOS-WL.2.0.0
2024-11-20 17:48:28,499 [WARN] PackLoader:240 - Cannot read IP mode file for STMicroelectronics.FP-SNS-MOTENV1.5.0.0
2024-11-20 17:48:28,505 [WARN] PackLoader:240 - Cannot read IP mode file for wolfSSL.I-CUBE-wolfMQTT.1.19.0
2024-11-20 17:48:28,530 [WARN] PackLoader:240 - Cannot read IP mode file for WES.I-CUBE-Cesium.1.3.0
2024-11-20 17:48:28,544 [WARN] PackLoader:240 - Cannot read IP mode file for STMicroelectronics.X-CUBE-BLE2.3.3.0
2024-11-20 17:48:28,556 [WARN] PackLoader:240 - Cannot read IP mode file for STMicroelectronics.X-CUBE-NFC9.1.0.0
2024-11-20 17:48:28,569 [WARN] PackLoader:240 - Cannot read IP mode file for STMicroelectronics.X-CUBE-TCPP.4.1.0
2024-11-20 17:48:28,596 [WARN] PackLoader:240 - Cannot read IP mode file for STMicroelectronics.X-CUBE-AZRTOS-G0.1.1.0
2024-11-20 17:48:28,613 [WARN] PackLoader:240 - Cannot read IP mode file for STMicroelectronics.X-CUBE-SAFEA1.1.2.2
2024-11-20 17:48:28,634 [WARN] PackLoader:240 - Cannot read IP mode file for STMicroelectronics.X-CUBE-NFC4.3.0.0
2024-11-20 17:48:28,651 [WARN] PackLoader:240 - Cannot read IP mode file for EmbeddedOffice.I-CUBE-FS-RTOS.1.0.1
2024-11-20 17:48:28,652 [ERROR] ConditionMgr:805 - Attr not supported : Dmpu
2024-11-20 17:48:28,653 [ERROR] ConditionMgr:805 - Attr not supported : Dmpu
2024-11-20 17:48:28,653 [ERROR] ConditionMgr:805 - Attr not supported : Dmpu
2024-11-20 17:48:28,653 [ERROR] ConditionMgr:805 - Attr not supported : Dmpu
2024-11-20 17:48:28,653 [ERROR] ConditionMgr:805 - Attr not supported : Dmpu
2024-11-20 17:48:28,653 [ERROR] ConditionMgr:805 - Attr not supported : Dmpu
2024-11-20 17:48:28,653 [ERROR] ConditionMgr:805 - Attr not supported : Dmpu
2024-11-20 17:48:28,653 [ERROR] ConditionMgr:805 - Attr not supported : Dmpu
2024-11-20 17:48:28,653 [ERROR] ConditionMgr:805 - Attr not supported : Dmpu
2024-11-20 17:48:28,653 [ERROR] ConditionMgr:805 - Attr not supported : Dmpu
2024-11-20 17:48:28,654 [ERROR] ConditionMgr:805 - Attr not supported : Dmpu
2024-11-20 17:48:28,654 [ERROR] ConditionMgr:805 - Attr not supported : Dmpu
2024-11-20 17:48:28,654 [ERROR] ConditionMgr:805 - Attr not supported : Dmpu
2024-11-20 17:48:28,654 [ERROR] ConditionMgr:805 - Attr not supported : Dmpu
2024-11-20 17:48:28,654 [ERROR] ConditionMgr:805 - Attr not supported : Dmpu
2024-11-20 17:48:28,654 [ERROR] ConditionMgr:805 - Attr not supported : Dmpu
2024-11-20 17:48:28,654 [ERROR] ConditionMgr:805 - Attr not supported : Dmpu
2024-11-20 17:48:28,654 [ERROR] ConditionMgr:805 - Attr not supported : Dmpu
2024-11-20 17:48:28,654 [ERROR] ConditionMgr:805 - Attr not supported : Dmpu
2024-11-20 17:48:28,654 [ERROR] ConditionMgr:805 - Attr not supported : Dmpu
2024-11-20 17:48:28,654 [ERROR] ConditionMgr:805 - Attr not supported : Dmpu
2024-11-20 17:48:28,654 [ERROR] ConditionMgr:805 - Attr not supported : Dmpu
2024-11-20 17:48:28,654 [ERROR] ConditionMgr:805 - Attr not supported : Dmpu
2024-11-20 17:48:28,654 [ERROR] ConditionMgr:805 - Attr not supported : Dmpu
2024-11-20 17:48:28,655 [ERROR] ConditionMgr:805 - Attr not supported : Dmpu
2024-11-20 17:48:28,655 [ERROR] ConditionMgr:805 - Attr not supported : Dmpu
2024-11-20 17:48:28,655 [ERROR] ConditionMgr:805 - Attr not supported : Dmpu
2024-11-20 17:48:28,655 [ERROR] ConditionMgr:805 - Attr not supported : Dmpu
2024-11-20 17:48:28,655 [ERROR] ConditionMgr:805 - Attr not supported : Dmpu
2024-11-20 17:48:28,655 [ERROR] ConditionMgr:805 - Attr not supported : Dmpu
2024-11-20 17:48:28,655 [ERROR] ConditionMgr:805 - Attr not supported : Dmpu
2024-11-20 17:48:28,655 [ERROR] ConditionMgr:805 - Attr not supported : Dmpu
2024-11-20 17:48:28,655 [ERROR] ConditionMgr:805 - Attr not supported : Dmpu
2024-11-20 17:48:28,655 [ERROR] ConditionMgr:805 - Attr not supported : Dmpu
2024-11-20 17:48:28,656 [ERROR] ConditionMgr:805 - Attr not supported : Dmpu
2024-11-20 17:48:28,656 [ERROR] ConditionMgr:805 - Attr not supported : Dmpu
2024-11-20 17:48:28,657 [ERROR] ConditionMgr:805 - Attr not supported : Dmpu
2024-11-20 17:48:28,658 [ERROR] ConditionMgr:805 - Attr not supported : Dmpu
2024-11-20 17:48:28,662 [ERROR] ConditionMgr:805 - Attr not supported : Dmpu
2024-11-20 17:48:28,662 [ERROR] ConditionMgr:805 - Attr not supported : Dmpu
2024-11-20 17:48:28,662 [ERROR] ConditionMgr:805 - Attr not supported : Dmpu
2024-11-20 17:48:28,662 [ERROR] ConditionMgr:805 - Attr not supported : Dmpu
2024-11-20 17:48:28,662 [ERROR] ConditionMgr:805 - Attr not supported : Dmpu
2024-11-20 17:48:28,662 [ERROR] ConditionMgr:805 - Attr not supported : Dmpu
2024-11-20 17:48:28,662 [ERROR] ConditionMgr:805 - Attr not supported : Dmpu
2024-11-20 17:48:28,663 [ERROR] ConditionMgr:805 - Attr not supported : Dmpu
2024-11-20 17:48:28,663 [ERROR] ConditionMgr:805 - Attr not supported : Dmpu
2024-11-20 17:48:28,663 [ERROR] ConditionMgr:805 - Attr not supported : Dmpu
2024-11-20 17:48:28,663 [ERROR] ConditionMgr:805 - Attr not supported : Dmpu
2024-11-20 17:48:28,663 [ERROR] ConditionMgr:805 - Attr not supported : Dmpu
2024-11-20 17:48:28,663 [ERROR] ConditionMgr:805 - Attr not supported : Dmpu
2024-11-20 17:48:28,663 [ERROR] ConditionMgr:805 - Attr not supported : Dmpu
2024-11-20 17:48:28,663 [ERROR] ConditionMgr:805 - Attr not supported : Dmpu
2024-11-20 17:48:28,663 [ERROR] ConditionMgr:805 - Attr not supported : Dmpu
2024-11-20 17:48:28,663 [ERROR] ConditionMgr:805 - Attr not supported : Dmpu
2024-11-20 17:48:28,663 [ERROR] ConditionMgr:805 - Attr not supported : Dmpu
2024-11-20 17:48:28,663 [ERROR] ConditionMgr:805 - Attr not supported : Dmpu
2024-11-20 17:48:28,663 [ERROR] ConditionMgr:805 - Attr not supported : Dmpu
2024-11-20 17:48:28,663 [ERROR] ConditionMgr:805 - Attr not supported : Dmpu
2024-11-20 17:48:28,663 [ERROR] ConditionMgr:805 - Attr not supported : Dmpu
2024-11-20 17:48:28,663 [ERROR] ConditionMgr:805 - Attr not supported : Dmpu
2024-11-20 17:48:28,663 [ERROR] ConditionMgr:805 - Attr not supported : Dmpu
2024-11-20 17:48:28,663 [ERROR] ConditionMgr:805 - Attr not supported : Dmpu
2024-11-20 17:48:28,663 [ERROR] ConditionMgr:805 - Attr not supported : Dmpu
2024-11-20 17:48:28,673 [WARN] PackLoader:240 - Cannot read IP mode file for RealThread.X-CUBE-RT-Thread_Nano.4.1.1
2024-11-20 17:48:28,679 [WARN] PackLoader:240 - Cannot read IP mode file for STMicroelectronics.FP-ATR-SIGFOX1.3.2.0
2024-11-20 17:48:28,684 [WARN] PackLoader:240 - Cannot read IP mode file for wolfSSL.I-CUBE-wolfSSL.5.7.2
2024-11-20 17:48:28,690 [WARN] ConditionMgr:438 - getConditionDescription Invalid condition id : Cortex-A Device cause : null
2024-11-20 17:48:28,706 [WARN] ConditionMgr:1039 - genDependencies : Invalid condition id : Cortex-A Device cause : null
2024-11-20 17:48:28,707 [WARN] ConditionMgr:1039 - genDependencies : Invalid condition id : Cortex-A Device cause : null
2024-11-20 17:48:28,707 [WARN] ConditionMgr:1039 - genDependencies : Invalid condition id : Cortex-A Device cause : null
2024-11-20 17:48:28,713 [WARN] PackLoader:240 - Cannot read IP mode file for STMicroelectronics.X-CUBE-EEPRMA1.5.1.0
2024-11-20 17:48:28,722 [WARN] PackLoader:240 - Cannot read IP mode file for ITTIA_DB.I-CUBE-ITTIADB.8.9.0
2024-11-20 17:48:28,790 [WARN] PackLoader:240 - Cannot read IP mode file for SEGGER.I-CUBE-embOS.1.3.1
2024-11-20 17:48:28,919 [WARN] PackLoader:240 - Cannot read IP mode file for STMicroelectronics.X-CUBE-ALGOBUILD.1.4.0
2024-11-20 17:48:28,933 [WARN] PackLoader:240 - Cannot read IP mode file for STMicroelectronics.X-CUBE-AI.9.1.0
2024-11-20 17:48:28,966 [WARN] PackLoader:240 - Cannot read IP mode file for STMicroelectronics.X-CUBE-AZRTOS-F4.1.1.0
2024-11-20 17:48:29,000 [WARN] PackLoader:240 - Cannot read IP mode file for STMicroelectronics.X-CUBE-ISPU.2.1.0
2024-11-20 17:48:29,029 [WARN] PackLoader:240 - Cannot read IP mode file for STMicroelectronics.X-CUBE-FREERTOS.1.2.0
2024-11-20 17:48:29,057 [WARN] PackLoader:240 - Cannot read IP mode file for STMicroelectronics.X-CUBE-AZRTOS-L5.2.0.0
2024-11-20 17:48:29,074 [WARN] PackLoader:240 - Cannot read IP mode file for STMicroelectronics.X-CUBE-NFC6.3.1.0
2024-11-20 17:48:29,090 [WARN] PackLoader:240 - Cannot read IP mode file for STMicroelectronics.X-CUBE-DPower.1.2.0
2024-11-20 17:48:29,096 [WARN] PackLoader:240 - Cannot read IP mode file for STMicroelectronics.X-CUBE-NFC7.1.0.1
2024-11-20 17:48:29,120 [WARN] ConditionMgr:438 - getConditionDescription Invalid condition id : LAN8742 Phy interface Condition cause : null
2024-11-20 17:48:29,122 [WARN] PackLoader:240 - Cannot read IP mode file for STMicroelectronics.X-CUBE-AZRTOS-L4.2.0.0
2024-11-20 17:48:29,125 [WARN] ConditionMgr:1039 - genDependencies : Invalid condition id : LAN8742 Phy interface Condition cause : null
2024-11-20 17:48:29,126 [WARN] ConditionMgr:1039 - genDependencies : Invalid condition id : LAN8742 Phy interface Condition cause : null
2024-11-20 17:48:29,127 [WARN] ConditionMgr:1039 - genDependencies : Invalid condition id : LAN8742 Phy interface Condition cause : null
2024-11-20 17:48:29,150 [WARN] PackLoader:240 - Cannot read IP mode file for STMicroelectronics.X-CUBE-SFXS2LP1.4.0.0
2024-11-20 17:48:29,190 [WARN] PackLoader:240 - Cannot read IP mode file for STMicroelectronics.X-CUBE-AZRTOS-H7.3.3.0
2024-11-20 17:48:29,231 [WARN] PackLoader:240 - Cannot read IP mode file for STMicroelectronics.X-CUBE-IPS.3.0.0
2024-11-20 17:48:29,292 [WARN] ConditionMgr:438 - getConditionDescription Invalid condition id : UX DEVICE CLASS RTOS Condition cause : null
2024-11-20 17:48:29,293 [WARN] ConditionMgr:438 - getConditionDescription Invalid condition id : UX DEVICE CLASS RTOS Condition cause : null
2024-11-20 17:48:29,297 [WARN] PackLoader:240 - Cannot read IP mode file for STMicroelectronics.X-CUBE-AZRTOS-WB.2.0.0
2024-11-20 17:48:29,299 [WARN] ConditionMgr:1039 - genDependencies : Invalid condition id : UX DEVICE CLASS RTOS Condition cause : null
2024-11-20 17:48:29,299 [WARN] ConditionMgr:1039 - genDependencies : Invalid condition id : UX DEVICE CLASS RTOS Condition cause : null
2024-11-20 17:48:29,300 [WARN] ConditionMgr:1039 - genDependencies : Invalid condition id : UX DEVICE CLASS RTOS Condition cause : null
2024-11-20 17:48:29,300 [WARN] ConditionMgr:1039 - genDependencies : Invalid condition id : UX DEVICE CLASS RTOS Condition cause : null
2024-11-20 17:48:29,300 [WARN] ConditionMgr:1039 - genDependencies : Invalid condition id : UX DEVICE CLASS RTOS Condition cause : null
2024-11-20 17:48:29,309 [WARN] PackLoader:240 - Cannot read IP mode file for STMicroelectronics.X-CUBE-GNSS1.7.0.0
2024-11-20 17:48:29,321 [WARN] PackLoader:240 - Cannot read IP mode file for STMicroelectronics.FP-SNS-STBOX1.2.0.0
2024-11-20 17:48:29,338 [WARN] PackLoader:240 - Cannot read IP mode file for STMicroelectronics.X-CUBE-SUBG2.5.0.0
2024-11-20 17:48:29,347 [WARN] PackLoader:240 - Cannot read IP mode file for Cesanta.I-CUBE-Mongoose.7.13.0
2024-11-20 17:48:29,364 [WARN] PackLoader:240 - Cannot read IP mode file for STMicroelectronics.X-CUBE-AZRTOS-G4.2.0.0
2024-11-20 17:48:29,370 [WARN] PackLoader:240 - Cannot read IP mode file for STMicroelectronics.X-CUBE-ALS.1.0.2
2024-11-20 17:48:29,382 [WARN] PackLoader:240 - Cannot read IP mode file for STMicroelectronics.X-CUBE-TOUCHGFX.4.24.1
2024-11-20 17:48:29,392 [WARN] PackLoader:240 - Cannot read IP mode file for wolfSSL.I-CUBE-wolfTPM.3.4.0
2024-11-20 17:48:29,397 [WARN] PackLoader:240 - Cannot read IP mode file for portGmbH.I-Cube-SoM-uGOAL.1.1.0
2024-11-20 17:48:29,418 [WARN] PackLoader:240 - Cannot read IP mode file for STMicroelectronics.X-CUBE-AZRTOS-H7RS.1.0.0
2024-11-20 17:48:29,427 [WARN] PackLoader:240 - Cannot read IP mode file for STMicroelectronics.FP-ATR-ASTRA1.2.0.0
2024-11-20 17:48:29,448 [WARN] PackLoader:240 - Cannot read IP mode file for STMicroelectronics.X-CUBE-TOF1.3.4.2
2024-11-20 17:48:29,497 [WARN] PackLoader:240 - Cannot read IP mode file for Infineon.AIROC-Wi-Fi-Bluetooth-STM32.1.6.1
2024-11-20 17:48:29,521 [WARN] PackLoader:240 - Cannot read IP mode file for wolfSSL.I-CUBE-wolfSSH.1.4.17
2024-11-20 17:48:29,528 [INFO] ThirdParty:978 - Integrity check success = true
2024-11-20 17:48:29,529 [INFO] IntegrityCheckThread:100 - exiting critical section [integrity check]
2024-11-20 17:48:29,529 [INFO] IntegrityCheckThread:103 - End integrity checks thread
2024-11-20 17:48:57,239 [INFO] WebApp:167 - Instantiating new browser for Auth
2024-11-20 17:48:59,273 [INFO] WebApp:448 - Apply proxy settings
2024-11-20 17:48:59,285 [INFO] WebApp:493 - Chromium authenticates against Manually configured proxy
2024-11-20 17:48:59,308 [INFO] WebApp:501 - Username used for proxy authentication: 
2024-11-20 17:48:59,366 [INFO] WebApp:869 - Register for checkConnection events
2024-11-20 17:48:59,366 [INFO] WebApp:448 - Apply proxy settings
2024-11-20 17:48:59,369 [INFO] WebApp:493 - Chromium authenticates against Manually configured proxy
2024-11-20 17:48:59,370 [INFO] WebApp:501 - Username used for proxy authentication: 
2024-11-20 17:48:59,590 [INFO] WebApp:220 - Starting web application
2024-11-20 17:48:59,591 [INFO] WebApp:578 - Web application path used /Applications/STM32CubeIDE.app/Contents/Eclipse/plugins/com.st.stm32cube.common.mx_6.12.1.202409122256/db/plugins/mcufinder/reactClient1/index.html
2024-11-20 17:49:00,133 [INFO] UserAuth:417 - Internet connection configuration mode: 1
2024-11-20 17:49:01,021 [INFO] WebApp:186 - Connection restablished
2024-11-20 17:51:11,835 [ERROR] LogOutputStream:75 - [STDERR_REDIRECT] 
