2024-10-06 16:04:12,659 [INFO] Activator:176 - 


2024-10-06 16:04:12,677 [INFO] Activator:177 - !SESSION log4j initialized
2024-10-06 16:04:22,092 [INFO] LogOutputStream:77 - [STDOUT_REDIRECT] 
2024-10-06 16:04:23,884 [ERROR] LogOutputStream:75 - [STDERR_REDIRECT] 
2024-10-06 16:04:29,380 [INFO] LogOutputStream:77 - [STDOUT_REDIRECT] 
2024-10-06 16:04:32,480 [INFO] ApplicationProperties:184 - Using Application install path: /Applications/STM32CubeIDE.app/Contents/Eclipse/plugins/com.st.stm32cube.common.mx_6.12.0.202406281431
2024-10-06 16:04:32,529 [INFO] DbMcusXml:78 - Set database path to: /Applications/STM32CubeIDE.app/Contents/Eclipse/plugins/com.st.stm32cube.common.mx_6.12.0.202406281431//db//mcu/
2024-10-06 16:04:32,530 [INFO] ApiDb:274 - Set plugin database path to: /Applications/STM32CubeIDE.app/Contents/Eclipse/plugins/com.st.stm32cube.common.mx_6.12.0.202406281431//db//plugins/boardmanager/
2024-10-06 16:04:32,530 [WARN] ApiDb:259 - Overriding images path with different value:  => /Applications/STM32CubeIDE.app/Contents/Eclipse/plugins/com.st.stm32cube.common.mx_6.12.0.202406281431//db//plugins/mcufinder/images/
2024-10-06 16:04:32,554 [INFO] ApiDb:250 - Set database path to: /Users/jewoolee/.stmcufinder/plugins/mcufinder//mcu/
2024-10-06 16:04:32,555 [INFO] DbMcusAds:125 - Set database path to: /Users/jewoolee/.stmcufinder/plugins/mcufinder//mcu/
2024-10-06 16:04:32,559 [INFO] CrossReferenceDbSqlite:203 - Set database path to: /Users/jewoolee/.stmcufinder/plugins/mcufinder//mcu/cs/
2024-10-06 16:04:32,764 [INFO] RulesReader:64 - Compatibility file has been processed (297 Rules)
2024-10-06 16:04:32,867 [INFO] DbMcusXml:78 - Set database path to: /Applications/STM32CubeIDE.app/Contents/Eclipse/plugins/com.st.stm32cube.common.mx_6.12.0.202406281431//db//mcu/
2024-10-06 16:04:32,867 [INFO] ApiDb:274 - Set plugin database path to: /Applications/STM32CubeIDE.app/Contents/Eclipse/plugins/com.st.stm32cube.common.mx_6.12.0.202406281431//db//plugins/boardmanager/
2024-10-06 16:04:32,868 [INFO] ApiDb:261 - Set plugin images path to: /Applications/STM32CubeIDE.app/Contents/Eclipse/plugins/com.st.stm32cube.common.mx_6.12.0.202406281431//db//plugins/mcufinder/images/
2024-10-06 16:04:32,869 [WARN] DbFile:41 - Overriding database path with different value: /Users/jewoolee/.stmcufinder/plugins/mcufinder/ => /Users/jewoolee/.stmcufinder/plugins/mcufinder
2024-10-06 16:04:32,869 [INFO] ApiDb:250 - Set database path to: /Users/jewoolee/.stmcufinder/plugins/mcufinder//mcu/
2024-10-06 16:04:32,869 [WARN] DbFile:41 - Overriding database path with different value: /Users/jewoolee/.stmcufinder/plugins/mcufinder/ => /Users/jewoolee/.stmcufinder/plugins/mcufinder
2024-10-06 16:04:32,869 [INFO] DbMcusAds:125 - Set database path to: /Users/jewoolee/.stmcufinder/plugins/mcufinder//mcu/
2024-10-06 16:04:32,869 [WARN] DbFile:41 - Overriding database path with different value: /Users/jewoolee/.stmcufinder/plugins/mcufinder/ => /Users/jewoolee/.stmcufinder/plugins/mcufinder
2024-10-06 16:04:32,869 [WARN] DbFile:41 - Overriding database path with different value: /Users/jewoolee/.stmcufinder/plugins/mcufinder/ => /Users/jewoolee/.stmcufinder/plugins/mcufinder
2024-10-06 16:04:32,870 [INFO] CrossReferenceDbSqlite:203 - Set database path to: /Users/jewoolee/.stmcufinder/plugins/mcufinder//mcu/cs/
2024-10-06 16:04:33,018 [INFO] MainPanel:268 - HeapMemory: 268435456
2024-10-06 16:04:33,666 [INFO] DbMcusXml:78 - Set database path to: /Applications/STM32CubeIDE.app/Contents/Eclipse/plugins/com.st.stm32cube.common.mx_6.12.0.202406281431//db//mcu/
2024-10-06 16:04:33,666 [INFO] ApiDb:274 - Set plugin database path to: /Applications/STM32CubeIDE.app/Contents/Eclipse/plugins/com.st.stm32cube.common.mx_6.12.0.202406281431//db//plugins/boardmanager/
2024-10-06 16:04:33,666 [INFO] ApiDb:261 - Set plugin images path to: /Applications/STM32CubeIDE.app/Contents/Eclipse/plugins/com.st.stm32cube.common.mx_6.12.0.202406281431//db//plugins/mcufinder/images/
2024-10-06 16:04:33,667 [WARN] DbFile:41 - Overriding database path with different value: /Users/jewoolee/.stmcufinder/plugins/mcufinder/ => /Users/jewoolee/.stmcufinder/plugins/mcufinder
2024-10-06 16:04:33,667 [INFO] ApiDb:250 - Set database path to: /Users/jewoolee/.stmcufinder/plugins/mcufinder//mcu/
2024-10-06 16:04:33,667 [WARN] DbFile:41 - Overriding database path with different value: /Users/jewoolee/.stmcufinder/plugins/mcufinder/ => /Users/jewoolee/.stmcufinder/plugins/mcufinder
2024-10-06 16:04:33,667 [INFO] DbMcusAds:125 - Set database path to: /Users/jewoolee/.stmcufinder/plugins/mcufinder//mcu/
2024-10-06 16:04:33,667 [WARN] DbFile:41 - Overriding database path with different value: /Users/jewoolee/.stmcufinder/plugins/mcufinder/ => /Users/jewoolee/.stmcufinder/plugins/mcufinder
2024-10-06 16:04:33,667 [WARN] DbFile:41 - Overriding database path with different value: /Users/jewoolee/.stmcufinder/plugins/mcufinder/ => /Users/jewoolee/.stmcufinder/plugins/mcufinder
2024-10-06 16:04:33,667 [INFO] CrossReferenceDbSqlite:203 - Set database path to: /Users/jewoolee/.stmcufinder/plugins/mcufinder//mcu/cs/
2024-10-06 16:04:33,695 [INFO] ApplicationProperties:184 - Using Application install path: /Applications/STM32CubeIDE.app/Contents/Eclipse/plugins/com.st.stm32cube.common.mx_6.12.0.202406281431
2024-10-06 16:04:33,697 [INFO] PluginManage:196 - Search for loadable plugins [exclusion list=, ]
2024-10-06 16:04:33,701 [INFO] PluginManage:310 - Check plugin analytics
2024-10-06 16:04:34,374 [INFO] AnalyticsPlugin:253 - Accepted Software Licenses: 
2024-10-06 16:04:34,378 [INFO] AnalyticsPlugin:255 - Accepted CMSIS Pack Licenses: 
2024-10-06 16:04:34,378 [INFO] AnalyticsPlugin:257 - Accepted Firmware Licenses: FW.L4.1.18.0
2024-10-06 16:04:34,406 [INFO] PluginManage:359 - Loaded plugin analytics (category:tool,tabindex:-1)
2024-10-06 16:04:34,408 [INFO] PluginManage:310 - Check plugin cadmodel
2024-10-06 16:04:34,441 [INFO] CADModel:105 - Init CAD model plugin
2024-10-06 16:04:34,442 [INFO] PluginManage:359 - Loaded plugin cadmodel (category:power,tabindex:5)
2024-10-06 16:04:34,444 [INFO] PluginManage:310 - Check plugin clock
2024-10-06 16:04:34,460 [INFO] PluginManage:359 - Loaded plugin clock (category:base,tabindex:2)
2024-10-06 16:04:34,461 [INFO] PluginManage:310 - Check plugin ddr
2024-10-06 16:04:34,463 [INFO] PluginManage:359 - Loaded plugin ddr (category:tool,tabindex:6)
2024-10-06 16:04:34,463 [INFO] PluginManage:310 - Check plugin filemanager
2024-10-06 16:04:34,753 [INFO] PluginManage:359 - Loaded plugin filemanager (category:base,tabindex:10)
2024-10-06 16:04:34,755 [INFO] PluginManage:310 - Check plugin ipmanager
2024-10-06 16:04:34,786 [INFO] PluginManage:359 - Loaded plugin ipmanager (category:base,tabindex:5)
2024-10-06 16:04:34,788 [INFO] PluginManage:310 - Check plugin lpbam
2024-10-06 16:04:34,825 [INFO] PluginManage:359 - Loaded plugin lpbam (category:base,tabindex:0)
2024-10-06 16:04:34,826 [INFO] PluginManage:310 - Check plugin memorymap
2024-10-06 16:04:34,867 [INFO] PluginManage:359 - Loaded plugin memorymap (category:base,tabindex:4)
2024-10-06 16:04:34,868 [INFO] PluginManage:310 - Check plugin pinoutandconfiguration
2024-10-06 16:04:34,884 [INFO] PluginManage:359 - Loaded plugin pinoutandconfiguration (category:base,tabindex:1)
2024-10-06 16:04:34,885 [INFO] PluginManage:310 - Check plugin pinoutconfig
2024-10-06 16:04:35,057 [WARN] SupportedApi:132 - Cannot load RTOS API schema: s4s-elt-must-match.1: The content of 'definitions' must match (annotation?, (simpleType | complexType)?, (unique | key | keyref)*)). A problem was found starting at: attribute.
2024-10-06 16:04:35,351 [INFO] PluginManage:359 - Loaded plugin pinoutconfig (category:base,tabindex:0)
2024-10-06 16:04:35,351 [INFO] PluginManage:310 - Check plugin power
2024-10-06 16:04:35,371 [INFO] PluginManage:359 - Loaded plugin power (category:power,tabindex:4)
2024-10-06 16:04:35,371 [INFO] PluginManage:310 - Check plugin projectmanager
2024-10-06 16:04:35,422 [INFO] PluginManage:359 - Loaded plugin projectmanager (category:projectmanager,tabindex:4)
2024-10-06 16:04:35,422 [INFO] PluginManage:310 - Check plugin rif
2024-10-06 16:04:35,430 [INFO] PluginManage:359 - Loaded plugin rif (category:base,tabindex:3)
2024-10-06 16:04:35,431 [INFO] PluginManage:310 - Check plugin thirdparty
2024-10-06 16:04:35,676 [INFO] PluginManage:359 - Loaded plugin thirdparty (category:base,tabindex:-1)
2024-10-06 16:04:35,677 [INFO] PluginManage:310 - Check plugin tools
2024-10-06 16:04:35,676 [WARN] IntegrityCheckThread:84 - waiting for thirdparty lock release [integrity check]
2024-10-06 16:04:35,680 [INFO] IntegrityCheckThread:86 - entering critical section [integrity check]
2024-10-06 16:04:35,681 [INFO] ThirdPartyUpdaterWithRetryManager:70 - Updater plugin not ready yet. [1/15]
2024-10-06 16:04:35,682 [INFO] PluginManage:359 - Loaded plugin tools (category:base,tabindex:7)
2024-10-06 16:04:35,682 [INFO] PluginManage:310 - Check plugin tutovideos
2024-10-06 16:04:35,924 [INFO] PluginManage:359 - Loaded plugin tutovideos (category:base,tabindex:-1)
2024-10-06 16:04:35,924 [INFO] PluginManage:310 - Check plugin updater
2024-10-06 16:04:35,960 [INFO] PluginManage:359 - Loaded plugin updater (category:base,tabindex:12)
2024-10-06 16:04:35,960 [INFO] PluginManage:310 - Check plugin userauth
2024-10-06 16:04:35,969 [INFO] UserAuth:113 - Init User Auth plugin
2024-10-06 16:04:35,969 [INFO] PluginManage:359 - Loaded plugin userauth (category:base,tabindex:14)
2024-10-06 16:04:35,970 [INFO] PluginManage:283 - PluginManage : Loaded plugins [18]
2024-10-06 16:04:36,328 [INFO] PinOutPanel:1561 - setPackage(No Configuration,No Configuration)
2024-10-06 16:04:36,457 [INFO] CADModel:165 - CPN selected for project level
2024-10-06 16:04:36,457 [INFO] CADModel:114 - Register for checkConnection events
2024-10-06 16:04:36,472 [INFO] IPUIPlugin:80 - create IPUIPlugin
2024-10-06 16:04:36,472 [INFO] PluginManager:220 - loadIPPluginJar : add mdma
2024-10-06 16:04:36,480 [INFO] IPUIPlugin:80 - create IPUIPlugin
2024-10-06 16:04:36,481 [INFO] PluginManager:220 - loadIPPluginJar : add freertos
2024-10-06 16:04:36,486 [INFO] IPUIPlugin:80 - create IPUIPlugin
2024-10-06 16:04:36,486 [INFO] PluginManager:220 - loadIPPluginJar : add gic
2024-10-06 16:04:36,495 [INFO] IPUIPlugin:80 - create IPUIPlugin
2024-10-06 16:04:36,496 [INFO] PluginManager:220 - loadIPPluginJar : add adc
2024-10-06 16:04:36,498 [INFO] IPUIPlugin:80 - create IPUIPlugin
2024-10-06 16:04:36,498 [INFO] PluginManager:220 - loadIPPluginJar : add gtzc
2024-10-06 16:04:36,499 [INFO] IPUIPlugin:80 - create IPUIPlugin
2024-10-06 16:04:36,499 [INFO] PluginManager:220 - loadIPPluginJar : add quadspi
2024-10-06 16:04:36,501 [INFO] IPUIPlugin:80 - create IPUIPlugin
2024-10-06 16:04:36,502 [INFO] PluginManager:220 - loadIPPluginJar : add aes
2024-10-06 16:04:36,504 [INFO] IPUIPlugin:80 - create IPUIPlugin
2024-10-06 16:04:36,504 [INFO] PluginManager:220 - loadIPPluginJar : add pdm2pcm
2024-10-06 16:04:36,506 [INFO] IPUIPlugin:80 - create IPUIPlugin
2024-10-06 16:04:36,506 [INFO] PluginManager:220 - loadIPPluginJar : add hash
2024-10-06 16:04:36,507 [INFO] IPUIPlugin:80 - create IPUIPlugin
2024-10-06 16:04:36,507 [INFO] PluginManager:220 - loadIPPluginJar : add tim
2024-10-06 16:04:36,508 [INFO] IPUIPlugin:80 - create IPUIPlugin
2024-10-06 16:04:36,509 [INFO] PluginManager:220 - loadIPPluginJar : add tsc
2024-10-06 16:04:36,511 [INFO] IPUIPlugin:80 - create IPUIPlugin
2024-10-06 16:04:36,511 [INFO] PluginManager:220 - loadIPPluginJar : add extmemmanager
2024-10-06 16:04:36,512 [INFO] IPUIPlugin:80 - create IPUIPlugin
2024-10-06 16:04:36,513 [INFO] PluginManager:220 - loadIPPluginJar : add ts
2024-10-06 16:04:36,514 [INFO] IPUIPlugin:80 - create IPUIPlugin
2024-10-06 16:04:36,514 [INFO] PluginManager:220 - loadIPPluginJar : add radio
2024-10-06 16:04:36,516 [INFO] IPUIPlugin:80 - create IPUIPlugin
2024-10-06 16:04:36,516 [INFO] PluginManager:220 - loadIPPluginJar : add can
2024-10-06 16:04:36,518 [INFO] IPUIPlugin:80 - create IPUIPlugin
2024-10-06 16:04:36,518 [INFO] PluginManager:220 - loadIPPluginJar : add dma3
2024-10-06 16:04:36,535 [INFO] IPUIPlugin:80 - create IPUIPlugin
2024-10-06 16:04:36,536 [INFO] PluginManager:220 - loadIPPluginJar : add dfsdm
2024-10-06 16:04:36,538 [INFO] IPUIPlugin:80 - create IPUIPlugin
2024-10-06 16:04:36,538 [INFO] PluginManager:220 - loadIPPluginJar : add spi
2024-10-06 16:04:36,539 [INFO] IPUIPlugin:80 - create IPUIPlugin
2024-10-06 16:04:36,540 [INFO] PluginManager:220 - loadIPPluginJar : add gfxmmu
2024-10-06 16:04:36,542 [INFO] IPUIPlugin:80 - create IPUIPlugin
2024-10-06 16:04:36,542 [INFO] PluginManager:220 - loadIPPluginJar : add genericplugin
2024-10-06 16:04:36,544 [INFO] IPUIPlugin:80 - create IPUIPlugin
2024-10-06 16:04:36,544 [INFO] PluginManager:220 - loadIPPluginJar : add cryp
2024-10-06 16:04:36,548 [INFO] IPUIPlugin:80 - create IPUIPlugin
2024-10-06 16:04:36,548 [INFO] PluginManager:220 - loadIPPluginJar : add gpio
2024-10-06 16:04:36,550 [INFO] IPUIPlugin:80 - create IPUIPlugin
2024-10-06 16:04:36,551 [INFO] PluginManager:220 - loadIPPluginJar : add ddr_ctrl_phy
2024-10-06 16:04:36,552 [INFO] IPUIPlugin:80 - create IPUIPlugin
2024-10-06 16:04:36,552 [INFO] PluginManager:220 - loadIPPluginJar : add comp
2024-10-06 16:04:36,554 [INFO] IPUIPlugin:80 - create IPUIPlugin
2024-10-06 16:04:36,554 [INFO] PluginManager:220 - loadIPPluginJar : add tracer_emb
2024-10-06 16:04:36,557 [INFO] IPUIPlugin:80 - create IPUIPlugin
2024-10-06 16:04:36,558 [INFO] PluginManager:220 - loadIPPluginJar : add openamp
2024-10-06 16:04:36,562 [INFO] IPUIPlugin:80 - create IPUIPlugin
2024-10-06 16:04:36,562 [INFO] PluginManager:220 - loadIPPluginJar : add stm32_wpan
2024-10-06 16:04:36,567 [INFO] IPUIPlugin:80 - create IPUIPlugin
2024-10-06 16:04:36,575 [INFO] PluginManager:220 - loadIPPluginJar : add plateformsettings
2024-10-06 16:04:36,578 [INFO] IPUIPlugin:80 - create IPUIPlugin
2024-10-06 16:04:36,578 [INFO] PluginManager:220 - loadIPPluginJar : add ipddr
2024-10-06 16:04:36,580 [INFO] IPUIPlugin:80 - create IPUIPlugin
2024-10-06 16:04:36,581 [INFO] PluginManager:220 - loadIPPluginJar : add usart
2024-10-06 16:04:36,583 [INFO] IPUIPlugin:80 - create IPUIPlugin
2024-10-06 16:04:36,584 [INFO] PluginManager:220 - loadIPPluginJar : add ltdc
2024-10-06 16:04:36,588 [INFO] IPUIPlugin:80 - create IPUIPlugin
2024-10-06 16:04:36,588 [INFO] PluginManager:220 - loadIPPluginJar : add nvic
2024-10-06 16:04:36,589 [INFO] IPUIPlugin:80 - create IPUIPlugin
2024-10-06 16:04:36,589 [INFO] PluginManager:220 - loadIPPluginJar : add fatfs
2024-10-06 16:04:36,595 [INFO] IPUIPlugin:80 - create IPUIPlugin
2024-10-06 16:04:36,596 [INFO] PluginManager:220 - loadIPPluginJar : add linkedlist
2024-10-06 16:04:36,601 [INFO] IPUIPlugin:80 - create IPUIPlugin
2024-10-06 16:04:36,601 [INFO] PluginManager:220 - loadIPPluginJar : add dma
2024-10-06 16:04:36,604 [INFO] IPUIPlugin:80 - create IPUIPlugin
2024-10-06 16:04:36,605 [INFO] PluginManager:220 - loadIPPluginJar : add fmc
2024-10-06 16:04:36,606 [INFO] IPUIPlugin:80 - create IPUIPlugin
2024-10-06 16:04:36,607 [INFO] PluginManager:220 - loadIPPluginJar : add i2s
2024-10-06 16:04:36,609 [INFO] IPUIPlugin:80 - create IPUIPlugin
2024-10-06 16:04:36,609 [INFO] PluginManager:220 - loadIPPluginJar : add ucpd
2024-10-06 16:04:36,611 [INFO] IPUIPlugin:80 - create IPUIPlugin
2024-10-06 16:04:36,611 [INFO] PluginManager:220 - loadIPPluginJar : add lorawan
2024-10-06 16:04:36,614 [INFO] IPUIPlugin:80 - create IPUIPlugin
2024-10-06 16:04:36,614 [INFO] PluginManager:220 - loadIPPluginJar : add opamp
2024-10-06 16:04:36,616 [INFO] IPUIPlugin:80 - create IPUIPlugin
2024-10-06 16:04:36,616 [INFO] PluginManager:220 - loadIPPluginJar : add i3c
2024-10-06 16:04:36,619 [INFO] IPUIPlugin:80 - create IPUIPlugin
2024-10-06 16:04:36,622 [INFO] PluginManager:220 - loadIPPluginJar : add touchsensing
2024-10-06 16:04:36,630 [INFO] IPUIPlugin:80 - create IPUIPlugin
2024-10-06 16:04:36,631 [INFO] PluginManager:220 - loadIPPluginJar : add i2c
2024-10-06 16:04:36,634 [INFO] IPUIPlugin:80 - create IPUIPlugin
2024-10-06 16:04:36,634 [INFO] PluginManager:220 - loadIPPluginJar : add resmgrutility
2024-10-06 16:04:36,636 [INFO] IPUIPlugin:80 - create IPUIPlugin
2024-10-06 16:04:36,636 [INFO] PluginManager:220 - loadIPPluginJar : add sai
2024-10-06 16:04:36,638 [INFO] IPUIPlugin:80 - create IPUIPlugin
2024-10-06 16:04:36,638 [INFO] PluginManager:220 - loadIPPluginJar : add usbx
2024-10-06 16:04:36,784 [INFO] CADModel:165 - CPN selected for project level
2024-10-06 16:04:36,784 [INFO] CADModel:114 - Register for checkConnection events
2024-10-06 16:04:36,784 [FATAL] Updater:334 - Updater called before beeing initialized
2024-10-06 16:04:36,785 [ERROR] CADModel:125 - Updater not yet initialized, retry later 
2024-10-06 16:04:37,136 [INFO] CADModel:165 - CPN selected for project level
2024-10-06 16:04:37,136 [INFO] CADModel:114 - Register for checkConnection events
2024-10-06 16:04:37,137 [FATAL] Updater:334 - Updater called before beeing initialized
2024-10-06 16:04:37,137 [ERROR] CADModel:125 - Updater not yet initialized, retry later 
2024-10-06 16:04:37,140 [FATAL] Updater:334 - Updater called before beeing initialized
2024-10-06 16:04:37,380 [FATAL] Updater:334 - Updater called before beeing initialized
2024-10-06 16:04:37,386 [INFO] DbMcusAds:53 - JSON generation date=Fri Sep 20 09:04:23 EDT 2024 (1726837463113)
2024-10-06 16:04:37,387 [FATAL] Updater:334 - Updater called before beeing initialized
2024-10-06 16:04:38,019 [WARN] DetailPanel:346 - Failed to get advertising image, set to default
2024-10-06 16:04:38,231 [FATAL] Updater:334 - Updater called before beeing initialized
2024-10-06 16:04:38,246 [FATAL] Updater:334 - Updater called before beeing initialized
2024-10-06 16:04:38,246 [FATAL] Updater:334 - Updater called before beeing initialized
2024-10-06 16:04:38,247 [WARN] DetailPanel:346 - Failed to get advertising image, set to default
2024-10-06 16:04:38,262 [FATAL] Updater:334 - Updater called before beeing initialized
2024-10-06 16:04:38,426 [ERROR] Updater:1164 - MainUpdater not yet initialized. External WinMGr cannot be set.
2024-10-06 16:04:38,437 [INFO] Updater:1100 - Updater Version found : 6.12.0
2024-10-06 16:04:38,458 [INFO] ApplicationProperties:184 - Using Application install path: /Applications/STM32CubeIDE.app/Contents/Eclipse/plugins/com.st.stm32cube.common.mx_6.12.0.202406281431
2024-10-06 16:04:38,686 [INFO] ThirdPartyUpdaterWithRetryManager:70 - Updater plugin not ready yet. [2/15]
2024-10-06 16:04:38,936 [INFO] MainUpdater:2873 - connection check result : 10
2024-10-06 16:04:38,937 [INFO] MainUpdater:290 - Updater Check For Update Now.
2024-10-06 16:04:38,938 [INFO] MicroXplorer:498 - Change Database Version : DB.6.0.120
2024-10-06 16:04:38,953 [INFO] McuFinderGlobals:63 - Set McuFinder mode to 2 (CubeIDE integrated)
2024-10-06 16:04:38,956 [INFO] UserAuth:417 - Internet connection configuration mode: 1
2024-10-06 16:04:38,975 [INFO] JxBrowserEngine:152 - Initiate JxBrowser Engine with user profile folder
2024-10-06 16:04:39,304 [INFO] CheckServerUpdateThread:120 - End of CheckServer Thread
2024-10-06 16:04:41,950 [WARN] PackLoader:240 - Cannot read IP mode file for STMicroelectronics.FP-SNS-MOTENVWB1.1.4.0
2024-10-06 16:04:41,995 [WARN] PackLoader:240 - Cannot read IP mode file for STMicroelectronics.X-CUBE-SMBUS.2.1.0
2024-10-06 16:04:42,035 [WARN] PackLoader:240 - Cannot read IP mode file for STMicroelectronics.X-CUBE-WB05N.1.1.0
2024-10-06 16:04:42,105 [WARN] PackLoader:240 - Cannot read IP mode file for STMicroelectronics.X-CUBE-AZRTOS-F7.1.1.0
2024-10-06 16:04:42,368 [WARN] PackLoader:240 - Cannot read IP mode file for STMicroelectronics.X-CUBE-MEMS1.11.0.0
2024-10-06 16:04:42,982 [WARN] PackLoader:240 - Cannot read IP mode file for STMicroelectronics.FP-SNS-FLIGHT1.5.0.2
2024-10-06 16:04:43,020 [WARN] PackLoader:240 - Cannot read IP mode file for STMicroelectronics.X-CUBE-DISPLAY.3.0.0
2024-10-06 16:04:43,045 [WARN] PackLoader:240 - Cannot read IP mode file for STMicroelectronics.X-CUBE-BLE1.7.0.0
2024-10-06 16:04:43,061 [WARN] PackLoader:240 - Cannot read IP mode file for STMicroelectronics.X-CUBE-NFC10.1.0.0
2024-10-06 16:04:43,092 [WARN] PackLoader:240 - Cannot read IP mode file for emotas.I-CUBE-CANOPEN.1.3.0
2024-10-06 16:04:43,130 [WARN] PackLoader:240 - Cannot read IP mode file for STMicroelectronics.X-CUBE-BLEMGR.3.1.0
2024-10-06 16:04:43,158 [WARN] PackLoader:240 - Cannot read IP mode file for STMicroelectronics.FP-SNS-SMARTAG2.1.2.0
2024-10-06 16:04:43,180 [INFO] LogOutputStream:77 - [STDOUT_REDIRECT] 1 : Invalid condition id : UX_CORESTACK_Condition cause : null
2024-10-06 16:04:43,187 [INFO] LogOutputStream:77 - [STDOUT_REDIRECT] 1 : Invalid condition id : UX_CORESTACK_Condition cause : null
2024-10-06 16:04:43,188 [INFO] LogOutputStream:77 - [STDOUT_REDIRECT] 1 : Invalid condition id : UX_CORESTACK_Condition cause : null
2024-10-06 16:04:43,188 [INFO] LogOutputStream:77 - [STDOUT_REDIRECT] 1 : Invalid condition id : UX_CORESTACK_Condition cause : null
2024-10-06 16:04:43,188 [INFO] LogOutputStream:77 - [STDOUT_REDIRECT] 1 : Invalid condition id : UX_CORESTACK_Condition cause : null
2024-10-06 16:04:43,199 [WARN] PackLoader:240 - Cannot read IP mode file for STMicroelectronics.X-CUBE-AZRTOS-WL.2.0.0
2024-10-06 16:04:43,222 [WARN] PackLoader:240 - Cannot read IP mode file for STMicroelectronics.FP-SNS-MOTENV1.5.0.0
2024-10-06 16:04:43,230 [WARN] PackLoader:240 - Cannot read IP mode file for wolfSSL.I-CUBE-wolfMQTT.1.19.0
2024-10-06 16:04:43,246 [WARN] PackLoader:240 - Cannot read IP mode file for WES.I-CUBE-Cesium.1.3.0
2024-10-06 16:04:43,259 [WARN] PackLoader:240 - Cannot read IP mode file for STMicroelectronics.X-CUBE-BLE2.3.3.0
2024-10-06 16:04:43,279 [WARN] PackLoader:240 - Cannot read IP mode file for STMicroelectronics.X-CUBE-NFC9.1.0.0
2024-10-06 16:04:43,295 [WARN] PackLoader:240 - Cannot read IP mode file for STMicroelectronics.X-CUBE-TCPP.4.1.0
2024-10-06 16:04:43,342 [WARN] PackLoader:240 - Cannot read IP mode file for STMicroelectronics.X-CUBE-AZRTOS-G0.1.1.0
2024-10-06 16:04:43,367 [WARN] PackLoader:240 - Cannot read IP mode file for STMicroelectronics.X-CUBE-SAFEA1.1.2.2
2024-10-06 16:04:43,378 [WARN] PackLoader:240 - Cannot read IP mode file for STMicroelectronics.X-CUBE-NFC4.3.0.0
2024-10-06 16:04:43,411 [WARN] PackLoader:240 - Cannot read IP mode file for EmbeddedOffice.I-CUBE-FS-RTOS.1.0.1
2024-10-06 16:04:43,414 [ERROR] ConditionMgr:805 - Attr not supported : Dmpu
2024-10-06 16:04:43,416 [ERROR] ConditionMgr:805 - Attr not supported : Dmpu
2024-10-06 16:04:43,416 [ERROR] ConditionMgr:805 - Attr not supported : Dmpu
2024-10-06 16:04:43,416 [ERROR] ConditionMgr:805 - Attr not supported : Dmpu
2024-10-06 16:04:43,416 [ERROR] ConditionMgr:805 - Attr not supported : Dmpu
2024-10-06 16:04:43,416 [ERROR] ConditionMgr:805 - Attr not supported : Dmpu
2024-10-06 16:04:43,416 [ERROR] ConditionMgr:805 - Attr not supported : Dmpu
2024-10-06 16:04:43,416 [ERROR] ConditionMgr:805 - Attr not supported : Dmpu
2024-10-06 16:04:43,416 [ERROR] ConditionMgr:805 - Attr not supported : Dmpu
2024-10-06 16:04:43,416 [ERROR] ConditionMgr:805 - Attr not supported : Dmpu
2024-10-06 16:04:43,416 [ERROR] ConditionMgr:805 - Attr not supported : Dmpu
2024-10-06 16:04:43,416 [ERROR] ConditionMgr:805 - Attr not supported : Dmpu
2024-10-06 16:04:43,417 [ERROR] ConditionMgr:805 - Attr not supported : Dmpu
2024-10-06 16:04:43,417 [ERROR] ConditionMgr:805 - Attr not supported : Dmpu
2024-10-06 16:04:43,417 [ERROR] ConditionMgr:805 - Attr not supported : Dmpu
2024-10-06 16:04:43,417 [ERROR] ConditionMgr:805 - Attr not supported : Dmpu
2024-10-06 16:04:43,417 [ERROR] ConditionMgr:805 - Attr not supported : Dmpu
2024-10-06 16:04:43,417 [ERROR] ConditionMgr:805 - Attr not supported : Dmpu
2024-10-06 16:04:43,417 [ERROR] ConditionMgr:805 - Attr not supported : Dmpu
2024-10-06 16:04:43,417 [ERROR] ConditionMgr:805 - Attr not supported : Dmpu
2024-10-06 16:04:43,417 [ERROR] ConditionMgr:805 - Attr not supported : Dmpu
2024-10-06 16:04:43,417 [ERROR] ConditionMgr:805 - Attr not supported : Dmpu
2024-10-06 16:04:43,418 [ERROR] ConditionMgr:805 - Attr not supported : Dmpu
2024-10-06 16:04:43,418 [ERROR] ConditionMgr:805 - Attr not supported : Dmpu
2024-10-06 16:04:43,418 [ERROR] ConditionMgr:805 - Attr not supported : Dmpu
2024-10-06 16:04:43,418 [ERROR] ConditionMgr:805 - Attr not supported : Dmpu
2024-10-06 16:04:43,418 [ERROR] ConditionMgr:805 - Attr not supported : Dmpu
2024-10-06 16:04:43,418 [ERROR] ConditionMgr:805 - Attr not supported : Dmpu
2024-10-06 16:04:43,418 [ERROR] ConditionMgr:805 - Attr not supported : Dmpu
2024-10-06 16:04:43,418 [ERROR] ConditionMgr:805 - Attr not supported : Dmpu
2024-10-06 16:04:43,418 [ERROR] ConditionMgr:805 - Attr not supported : Dmpu
2024-10-06 16:04:43,418 [ERROR] ConditionMgr:805 - Attr not supported : Dmpu
2024-10-06 16:04:43,418 [ERROR] ConditionMgr:805 - Attr not supported : Dmpu
2024-10-06 16:04:43,418 [ERROR] ConditionMgr:805 - Attr not supported : Dmpu
2024-10-06 16:04:43,418 [ERROR] ConditionMgr:805 - Attr not supported : Dmpu
2024-10-06 16:04:43,418 [ERROR] ConditionMgr:805 - Attr not supported : Dmpu
2024-10-06 16:04:43,419 [ERROR] ConditionMgr:805 - Attr not supported : Dmpu
2024-10-06 16:04:43,419 [ERROR] ConditionMgr:805 - Attr not supported : Dmpu
2024-10-06 16:04:43,419 [ERROR] ConditionMgr:805 - Attr not supported : Dmpu
2024-10-06 16:04:43,419 [ERROR] ConditionMgr:805 - Attr not supported : Dmpu
2024-10-06 16:04:43,419 [ERROR] ConditionMgr:805 - Attr not supported : Dmpu
2024-10-06 16:04:43,420 [ERROR] ConditionMgr:805 - Attr not supported : Dmpu
2024-10-06 16:04:43,420 [ERROR] ConditionMgr:805 - Attr not supported : Dmpu
2024-10-06 16:04:43,420 [ERROR] ConditionMgr:805 - Attr not supported : Dmpu
2024-10-06 16:04:43,420 [ERROR] ConditionMgr:805 - Attr not supported : Dmpu
2024-10-06 16:04:43,420 [ERROR] ConditionMgr:805 - Attr not supported : Dmpu
2024-10-06 16:04:43,420 [ERROR] ConditionMgr:805 - Attr not supported : Dmpu
2024-10-06 16:04:43,420 [ERROR] ConditionMgr:805 - Attr not supported : Dmpu
2024-10-06 16:04:43,420 [ERROR] ConditionMgr:805 - Attr not supported : Dmpu
2024-10-06 16:04:43,420 [ERROR] ConditionMgr:805 - Attr not supported : Dmpu
2024-10-06 16:04:43,420 [ERROR] ConditionMgr:805 - Attr not supported : Dmpu
2024-10-06 16:04:43,420 [ERROR] ConditionMgr:805 - Attr not supported : Dmpu
2024-10-06 16:04:43,420 [ERROR] ConditionMgr:805 - Attr not supported : Dmpu
2024-10-06 16:04:43,420 [ERROR] ConditionMgr:805 - Attr not supported : Dmpu
2024-10-06 16:04:43,420 [ERROR] ConditionMgr:805 - Attr not supported : Dmpu
2024-10-06 16:04:43,420 [ERROR] ConditionMgr:805 - Attr not supported : Dmpu
2024-10-06 16:04:43,420 [ERROR] ConditionMgr:805 - Attr not supported : Dmpu
2024-10-06 16:04:43,420 [ERROR] ConditionMgr:805 - Attr not supported : Dmpu
2024-10-06 16:04:43,421 [ERROR] ConditionMgr:805 - Attr not supported : Dmpu
2024-10-06 16:04:43,421 [ERROR] ConditionMgr:805 - Attr not supported : Dmpu
2024-10-06 16:04:43,421 [ERROR] ConditionMgr:805 - Attr not supported : Dmpu
2024-10-06 16:04:43,421 [ERROR] ConditionMgr:805 - Attr not supported : Dmpu
2024-10-06 16:04:43,421 [ERROR] ConditionMgr:805 - Attr not supported : Dmpu
2024-10-06 16:04:43,421 [ERROR] ConditionMgr:805 - Attr not supported : Dmpu
2024-10-06 16:04:43,426 [WARN] PackLoader:240 - Cannot read IP mode file for RealThread.X-CUBE-RT-Thread_Nano.4.1.1
2024-10-06 16:04:43,431 [WARN] PackLoader:240 - Cannot read IP mode file for STMicroelectronics.FP-ATR-SIGFOX1.3.2.0
2024-10-06 16:04:43,439 [WARN] PackLoader:240 - Cannot read IP mode file for wolfSSL.I-CUBE-wolfSSL.5.7.2
2024-10-06 16:04:43,468 [WARN] PackLoader:240 - Cannot read IP mode file for STMicroelectronics.X-CUBE-EEPRMA1.5.1.0
2024-10-06 16:04:43,487 [WARN] PackLoader:240 - Cannot read IP mode file for ITTIA_DB.I-CUBE-ITTIADB.8.9.0
2024-10-06 16:04:43,653 [WARN] PackLoader:240 - Cannot read IP mode file for SEGGER.I-CUBE-embOS.1.3.1
2024-10-06 16:04:43,771 [WARN] PackLoader:240 - Cannot read IP mode file for STMicroelectronics.X-CUBE-ALGOBUILD.1.4.0
2024-10-06 16:04:43,794 [WARN] PackLoader:240 - Cannot read IP mode file for STMicroelectronics.X-CUBE-AI.9.1.0
2024-10-06 16:04:43,806 [WARN] PackLoader:240 - Cannot read IP mode file for STMicroelectronics.X-CUBE-GNSS1.6.0.0
2024-10-06 16:04:43,859 [WARN] PackLoader:240 - Cannot read IP mode file for STMicroelectronics.X-CUBE-AZRTOS-F4.1.1.0
2024-10-06 16:04:43,877 [WARN] PackLoader:240 - Cannot read IP mode file for STMicroelectronics.X-CUBE-ISPU.2.1.0
2024-10-06 16:04:43,891 [WARN] PackLoader:240 - Cannot read IP mode file for STMicroelectronics.X-CUBE-FREERTOS.1.2.0
2024-10-06 16:04:43,925 [WARN] PackLoader:240 - Cannot read IP mode file for STMicroelectronics.X-CUBE-AZRTOS-L5.2.0.0
2024-10-06 16:04:43,944 [WARN] PackLoader:240 - Cannot read IP mode file for STMicroelectronics.X-CUBE-NFC6.3.1.0
2024-10-06 16:04:43,974 [WARN] PackLoader:240 - Cannot read IP mode file for STMicroelectronics.X-CUBE-DPower.1.2.0
2024-10-06 16:04:43,983 [WARN] PackLoader:240 - Cannot read IP mode file for STMicroelectronics.X-CUBE-AI.9.0.0
2024-10-06 16:04:43,992 [WARN] PackLoader:240 - Cannot read IP mode file for STMicroelectronics.X-CUBE-NFC7.1.0.1
2024-10-06 16:04:44,034 [WARN] ConditionMgr:438 - getConditionDescription Invalid condition id : LAN8742 Phy interface Condition cause : null
2024-10-06 16:04:44,037 [WARN] PackLoader:240 - Cannot read IP mode file for STMicroelectronics.X-CUBE-AZRTOS-L4.2.0.0
2024-10-06 16:04:44,043 [WARN] ConditionMgr:1039 - genDependencies : Invalid condition id : LAN8742 Phy interface Condition cause : null
2024-10-06 16:04:44,044 [WARN] ConditionMgr:1039 - genDependencies : Invalid condition id : LAN8742 Phy interface Condition cause : null
2024-10-06 16:04:44,047 [WARN] ConditionMgr:1039 - genDependencies : Invalid condition id : LAN8742 Phy interface Condition cause : null
2024-10-06 16:04:44,069 [WARN] PackLoader:240 - Cannot read IP mode file for STMicroelectronics.X-CUBE-SFXS2LP1.4.0.0
2024-10-06 16:04:44,122 [WARN] PackLoader:240 - Cannot read IP mode file for STMicroelectronics.X-CUBE-AZRTOS-H7.3.3.0
2024-10-06 16:04:44,175 [WARN] PackLoader:240 - Cannot read IP mode file for STMicroelectronics.X-CUBE-IPS.3.0.0
2024-10-06 16:04:44,230 [WARN] ConditionMgr:438 - getConditionDescription Invalid condition id : UX DEVICE CLASS RTOS Condition cause : null
2024-10-06 16:04:44,230 [WARN] ConditionMgr:438 - getConditionDescription Invalid condition id : UX DEVICE CLASS RTOS Condition cause : null
2024-10-06 16:04:44,238 [WARN] PackLoader:240 - Cannot read IP mode file for STMicroelectronics.X-CUBE-AZRTOS-WB.2.0.0
2024-10-06 16:04:44,240 [WARN] ConditionMgr:1039 - genDependencies : Invalid condition id : UX DEVICE CLASS RTOS Condition cause : null
2024-10-06 16:04:44,240 [WARN] ConditionMgr:1039 - genDependencies : Invalid condition id : UX DEVICE CLASS RTOS Condition cause : null
2024-10-06 16:04:44,242 [WARN] ConditionMgr:1039 - genDependencies : Invalid condition id : UX DEVICE CLASS RTOS Condition cause : null
2024-10-06 16:04:44,243 [WARN] ConditionMgr:1039 - genDependencies : Invalid condition id : UX DEVICE CLASS RTOS Condition cause : null
2024-10-06 16:04:44,243 [WARN] ConditionMgr:1039 - genDependencies : Invalid condition id : UX DEVICE CLASS RTOS Condition cause : null
2024-10-06 16:04:44,255 [WARN] PackLoader:240 - Cannot read IP mode file for STMicroelectronics.X-CUBE-GNSS1.7.0.0
2024-10-06 16:04:44,280 [WARN] PackLoader:240 - Cannot read IP mode file for STMicroelectronics.FP-SNS-STBOX1.2.0.0
2024-10-06 16:04:44,309 [WARN] PackLoader:240 - Cannot read IP mode file for STMicroelectronics.X-CUBE-SUBG2.5.0.0
2024-10-06 16:04:44,329 [WARN] PackLoader:240 - Cannot read IP mode file for Cesanta.I-CUBE-Mongoose.7.13.0
2024-10-06 16:04:44,355 [WARN] PackLoader:240 - Cannot read IP mode file for STMicroelectronics.X-CUBE-AZRTOS-G4.2.0.0
2024-10-06 16:04:44,382 [WARN] PackLoader:240 - Cannot read IP mode file for STMicroelectronics.X-CUBE-ISPU.2.0.0
2024-10-06 16:04:44,391 [WARN] PackLoader:240 - Cannot read IP mode file for STMicroelectronics.X-CUBE-ALS.1.0.2
2024-10-06 16:04:44,398 [WARN] PackLoader:240 - Cannot read IP mode file for STMicroelectronics.X-CUBE-TOUCHGFX.4.24.0
2024-10-06 16:04:44,401 [WARN] PackLoader:240 - Cannot read IP mode file for STMicroelectronics.X-CUBE-TOUCHGFX.4.24.1
2024-10-06 16:04:44,408 [WARN] PackLoader:240 - Cannot read IP mode file for wolfSSL.I-CUBE-wolfTPM.3.4.0
2024-10-06 16:04:44,415 [WARN] PackLoader:240 - Cannot read IP mode file for portGmbH.I-Cube-SoM-uGOAL.1.1.0
2024-10-06 16:04:44,452 [WARN] PackLoader:240 - Cannot read IP mode file for STMicroelectronics.X-CUBE-AZRTOS-H7RS.1.0.0
2024-10-06 16:04:44,468 [WARN] PackLoader:240 - Cannot read IP mode file for STMicroelectronics.FP-ATR-ASTRA1.2.0.0
2024-10-06 16:04:44,495 [WARN] PackLoader:240 - Cannot read IP mode file for STMicroelectronics.X-CUBE-TOF1.3.4.2
2024-10-06 16:04:44,577 [WARN] PackLoader:240 - Cannot read IP mode file for Infineon.AIROC-Wi-Fi-Bluetooth-STM32.1.6.1
2024-10-06 16:04:44,667 [WARN] PackLoader:240 - Cannot read IP mode file for wolfSSL.I-CUBE-wolfSSH.1.4.17
2024-10-06 16:04:44,674 [INFO] ThirdParty:978 - Integrity check success = true
2024-10-06 16:04:44,674 [INFO] IntegrityCheckThread:100 - exiting critical section [integrity check]
2024-10-06 16:04:44,674 [INFO] IntegrityCheckThread:103 - End integrity checks thread
2024-10-06 16:05:27,337 [INFO] WebApp:167 - Instantiating new browser for Auth
2024-10-06 16:05:30,546 [INFO] WebApp:448 - Apply proxy settings
2024-10-06 16:05:30,585 [INFO] WebApp:493 - Chromium authenticates against Manually configured proxy
2024-10-06 16:05:30,620 [INFO] WebApp:501 - Username used for proxy authentication: 
2024-10-06 16:05:30,711 [INFO] WebApp:869 - Register for checkConnection events
2024-10-06 16:05:30,712 [INFO] WebApp:448 - Apply proxy settings
2024-10-06 16:05:30,716 [INFO] WebApp:493 - Chromium authenticates against Manually configured proxy
2024-10-06 16:05:30,717 [INFO] WebApp:501 - Username used for proxy authentication: 
2024-10-06 16:05:30,998 [INFO] WebApp:220 - Starting web application
2024-10-06 16:05:30,999 [INFO] WebApp:578 - Web application path used /Applications/STM32CubeIDE.app/Contents/Eclipse/plugins/com.st.stm32cube.common.mx_6.12.0.202406281431/db/plugins/mcufinder/reactClient1/index.html
2024-10-06 16:05:31,722 [INFO] WebApp:186 - Connection restablished
2024-10-06 16:05:31,852 [INFO] UserAuth:417 - Internet connection configuration mode: 1
2024-10-06 17:24:50,287 [INFO] WebApp:189 - Connection lost
2024-10-06 17:24:53,270 [INFO] WebApp:186 - Connection restablished
2024-10-06 17:25:22,798 [INFO] WebApp:189 - Connection lost
2024-10-06 17:25:28,301 [INFO] WebApp:186 - Connection restablished
2024-10-06 17:25:52,137 [INFO] WebApp:189 - Connection lost
2024-10-06 17:25:56,316 [INFO] WebApp:186 - Connection restablished
2024-10-06 17:26:53,139 [INFO] WebApp:189 - Connection lost
2024-10-06 17:26:59,738 [INFO] WebApp:186 - Connection restablished
2024-10-06 17:27:48,515 [INFO] WebApp:189 - Connection lost
2024-10-06 17:28:26,601 [INFO] WebApp:186 - Connection restablished
2024-10-06 17:28:45,233 [INFO] WebApp:189 - Connection lost
2024-10-06 17:28:51,841 [INFO] WebApp:186 - Connection restablished
2024-10-06 17:30:08,151 [INFO] WebApp:189 - Connection lost
2024-10-06 17:30:36,820 [INFO] WebApp:186 - Connection restablished
2024-10-06 17:32:40,715 [INFO] WebApp:189 - Connection lost
2024-10-06 17:35:30,425 [INFO] WebApp:186 - Connection restablished
2024-10-06 17:39:33,739 [ERROR] LogOutputStream:75 - [STDERR_REDIRECT] 
