2024-10-01 13:36:48,121 [INFO] Activator:176 - 


2024-10-01 13:36:48,128 [INFO] Activator:177 - !SESSION log4j initialized
2024-10-01 13:36:53,841 [INFO] LogOutputStream:77 - [STDOUT_REDIRECT] 
2024-10-01 13:36:54,365 [ERROR] LogOutputStream:75 - [STDERR_REDIRECT] 
2024-10-01 13:36:57,187 [INFO] LogOutputStream:77 - [STDOUT_REDIRECT] 
2024-10-01 13:36:58,385 [INFO] ApplicationProperties:184 - Using Application install path: /Applications/STM32CubeIDE.app/Contents/Eclipse/plugins/com.st.stm32cube.common.mx_6.12.0.202406281431
2024-10-01 13:36:58,407 [INFO] DbMcusXml:78 - Set database path to: /Applications/STM32CubeIDE.app/Contents/Eclipse/plugins/com.st.stm32cube.common.mx_6.12.0.202406281431//db//mcu/
2024-10-01 13:36:58,407 [INFO] ApiDb:274 - Set plugin database path to: /Applications/STM32CubeIDE.app/Contents/Eclipse/plugins/com.st.stm32cube.common.mx_6.12.0.202406281431//db//plugins/boardmanager/
2024-10-01 13:36:58,408 [WARN] ApiDb:259 - Overriding images path with different value:  => /Applications/STM32CubeIDE.app/Contents/Eclipse/plugins/com.st.stm32cube.common.mx_6.12.0.202406281431//db//plugins/mcufinder/images/
2024-10-01 13:36:58,421 [INFO] ApiDb:250 - Set database path to: /Users/jewoolee/.stmcufinder/plugins/mcufinder//mcu/
2024-10-01 13:36:58,422 [INFO] DbMcusAds:125 - Set database path to: /Users/jewoolee/.stmcufinder/plugins/mcufinder//mcu/
2024-10-01 13:36:58,424 [INFO] CrossReferenceDbSqlite:203 - Set database path to: /Users/jewoolee/.stmcufinder/plugins/mcufinder//mcu/cs/
2024-10-01 13:36:58,581 [INFO] RulesReader:64 - Compatibility file has been processed (297 Rules)
2024-10-01 13:36:58,650 [INFO] DbMcusXml:78 - Set database path to: /Applications/STM32CubeIDE.app/Contents/Eclipse/plugins/com.st.stm32cube.common.mx_6.12.0.202406281431//db//mcu/
2024-10-01 13:36:58,651 [INFO] ApiDb:274 - Set plugin database path to: /Applications/STM32CubeIDE.app/Contents/Eclipse/plugins/com.st.stm32cube.common.mx_6.12.0.202406281431//db//plugins/boardmanager/
2024-10-01 13:36:58,651 [INFO] ApiDb:261 - Set plugin images path to: /Applications/STM32CubeIDE.app/Contents/Eclipse/plugins/com.st.stm32cube.common.mx_6.12.0.202406281431//db//plugins/mcufinder/images/
2024-10-01 13:36:58,651 [WARN] DbFile:41 - Overriding database path with different value: /Users/jewoolee/.stmcufinder/plugins/mcufinder/ => /Users/jewoolee/.stmcufinder/plugins/mcufinder
2024-10-01 13:36:58,652 [INFO] ApiDb:250 - Set database path to: /Users/jewoolee/.stmcufinder/plugins/mcufinder//mcu/
2024-10-01 13:36:58,652 [WARN] DbFile:41 - Overriding database path with different value: /Users/jewoolee/.stmcufinder/plugins/mcufinder/ => /Users/jewoolee/.stmcufinder/plugins/mcufinder
2024-10-01 13:36:58,652 [INFO] DbMcusAds:125 - Set database path to: /Users/jewoolee/.stmcufinder/plugins/mcufinder//mcu/
2024-10-01 13:36:58,652 [WARN] DbFile:41 - Overriding database path with different value: /Users/jewoolee/.stmcufinder/plugins/mcufinder/ => /Users/jewoolee/.stmcufinder/plugins/mcufinder
2024-10-01 13:36:58,652 [WARN] DbFile:41 - Overriding database path with different value: /Users/jewoolee/.stmcufinder/plugins/mcufinder/ => /Users/jewoolee/.stmcufinder/plugins/mcufinder
2024-10-01 13:36:58,652 [INFO] CrossReferenceDbSqlite:203 - Set database path to: /Users/jewoolee/.stmcufinder/plugins/mcufinder//mcu/cs/
2024-10-01 13:36:58,740 [INFO] MainPanel:268 - HeapMemory: 270532608
2024-10-01 13:36:59,671 [INFO] DbMcusXml:78 - Set database path to: /Applications/STM32CubeIDE.app/Contents/Eclipse/plugins/com.st.stm32cube.common.mx_6.12.0.202406281431//db//mcu/
2024-10-01 13:36:59,673 [INFO] ApiDb:274 - Set plugin database path to: /Applications/STM32CubeIDE.app/Contents/Eclipse/plugins/com.st.stm32cube.common.mx_6.12.0.202406281431//db//plugins/boardmanager/
2024-10-01 13:36:59,675 [INFO] ApiDb:261 - Set plugin images path to: /Applications/STM32CubeIDE.app/Contents/Eclipse/plugins/com.st.stm32cube.common.mx_6.12.0.202406281431//db//plugins/mcufinder/images/
2024-10-01 13:36:59,683 [WARN] DbFile:41 - Overriding database path with different value: /Users/jewoolee/.stmcufinder/plugins/mcufinder/ => /Users/jewoolee/.stmcufinder/plugins/mcufinder
2024-10-01 13:36:59,683 [INFO] ApiDb:250 - Set database path to: /Users/jewoolee/.stmcufinder/plugins/mcufinder//mcu/
2024-10-01 13:36:59,683 [WARN] DbFile:41 - Overriding database path with different value: /Users/jewoolee/.stmcufinder/plugins/mcufinder/ => /Users/jewoolee/.stmcufinder/plugins/mcufinder
2024-10-01 13:36:59,683 [INFO] DbMcusAds:125 - Set database path to: /Users/jewoolee/.stmcufinder/plugins/mcufinder//mcu/
2024-10-01 13:36:59,683 [WARN] DbFile:41 - Overriding database path with different value: /Users/jewoolee/.stmcufinder/plugins/mcufinder/ => /Users/jewoolee/.stmcufinder/plugins/mcufinder
2024-10-01 13:36:59,684 [WARN] DbFile:41 - Overriding database path with different value: /Users/jewoolee/.stmcufinder/plugins/mcufinder/ => /Users/jewoolee/.stmcufinder/plugins/mcufinder
2024-10-01 13:36:59,684 [INFO] CrossReferenceDbSqlite:203 - Set database path to: /Users/jewoolee/.stmcufinder/plugins/mcufinder//mcu/cs/
2024-10-01 13:36:59,752 [INFO] ApplicationProperties:184 - Using Application install path: /Applications/STM32CubeIDE.app/Contents/Eclipse/plugins/com.st.stm32cube.common.mx_6.12.0.202406281431
2024-10-01 13:36:59,753 [INFO] PluginManage:196 - Search for loadable plugins [exclusion list=, ]
2024-10-01 13:36:59,758 [INFO] PluginManage:310 - Check plugin analytics
2024-10-01 13:37:00,147 [INFO] AnalyticsPlugin:253 - Accepted Software Licenses: 
2024-10-01 13:37:00,147 [INFO] AnalyticsPlugin:255 - Accepted CMSIS Pack Licenses: 
2024-10-01 13:37:00,147 [INFO] AnalyticsPlugin:257 - Accepted Firmware Licenses: FW.L4.1.18.0
2024-10-01 13:37:00,155 [INFO] PluginManage:359 - Loaded plugin analytics (category:tool,tabindex:-1)
2024-10-01 13:37:00,157 [INFO] PluginManage:310 - Check plugin cadmodel
2024-10-01 13:37:00,172 [INFO] CADModel:105 - Init CAD model plugin
2024-10-01 13:37:00,173 [INFO] PluginManage:359 - Loaded plugin cadmodel (category:power,tabindex:5)
2024-10-01 13:37:00,173 [INFO] PluginManage:310 - Check plugin clock
2024-10-01 13:37:00,183 [INFO] PluginManage:359 - Loaded plugin clock (category:base,tabindex:2)
2024-10-01 13:37:00,184 [INFO] PluginManage:310 - Check plugin ddr
2024-10-01 13:37:00,185 [INFO] PluginManage:359 - Loaded plugin ddr (category:tool,tabindex:6)
2024-10-01 13:37:00,186 [INFO] PluginManage:310 - Check plugin filemanager
2024-10-01 13:37:00,430 [INFO] PluginManage:359 - Loaded plugin filemanager (category:base,tabindex:10)
2024-10-01 13:37:00,431 [INFO] PluginManage:310 - Check plugin ipmanager
2024-10-01 13:37:00,565 [INFO] PluginManage:359 - Loaded plugin ipmanager (category:base,tabindex:5)
2024-10-01 13:37:00,568 [INFO] PluginManage:310 - Check plugin lpbam
2024-10-01 13:37:00,675 [INFO] PluginManage:359 - Loaded plugin lpbam (category:base,tabindex:0)
2024-10-01 13:37:00,676 [INFO] PluginManage:310 - Check plugin memorymap
2024-10-01 13:37:00,698 [INFO] PluginManage:359 - Loaded plugin memorymap (category:base,tabindex:4)
2024-10-01 13:37:00,698 [INFO] PluginManage:310 - Check plugin pinoutandconfiguration
2024-10-01 13:37:00,731 [INFO] PluginManage:359 - Loaded plugin pinoutandconfiguration (category:base,tabindex:1)
2024-10-01 13:37:00,731 [INFO] PluginManage:310 - Check plugin pinoutconfig
2024-10-01 13:37:00,898 [WARN] SupportedApi:132 - Cannot load RTOS API schema: s4s-elt-must-match.1: The content of 'definitions' must match (annotation?, (simpleType | complexType)?, (unique | key | keyref)*)). A problem was found starting at: attribute.
2024-10-01 13:37:01,109 [INFO] PluginManage:359 - Loaded plugin pinoutconfig (category:base,tabindex:0)
2024-10-01 13:37:01,109 [INFO] PluginManage:310 - Check plugin power
2024-10-01 13:37:01,120 [INFO] PluginManage:359 - Loaded plugin power (category:power,tabindex:4)
2024-10-01 13:37:01,120 [INFO] PluginManage:310 - Check plugin projectmanager
2024-10-01 13:37:01,146 [INFO] PluginManage:359 - Loaded plugin projectmanager (category:projectmanager,tabindex:4)
2024-10-01 13:37:01,146 [INFO] PluginManage:310 - Check plugin rif
2024-10-01 13:37:01,152 [INFO] PluginManage:359 - Loaded plugin rif (category:base,tabindex:3)
2024-10-01 13:37:01,152 [INFO] PluginManage:310 - Check plugin thirdparty
2024-10-01 13:37:01,323 [INFO] PluginManage:359 - Loaded plugin thirdparty (category:base,tabindex:-1)
2024-10-01 13:37:01,324 [INFO] PluginManage:310 - Check plugin tools
2024-10-01 13:37:01,324 [WARN] IntegrityCheckThread:84 - waiting for thirdparty lock release [integrity check]
2024-10-01 13:37:01,393 [INFO] IntegrityCheckThread:86 - entering critical section [integrity check]
2024-10-01 13:37:01,409 [INFO] ThirdPartyUpdaterWithRetryManager:70 - Updater plugin not ready yet. [1/15]
2024-10-01 13:37:01,415 [INFO] PluginManage:359 - Loaded plugin tools (category:base,tabindex:7)
2024-10-01 13:37:01,416 [INFO] PluginManage:310 - Check plugin tutovideos
2024-10-01 13:37:01,661 [INFO] PluginManage:359 - Loaded plugin tutovideos (category:base,tabindex:-1)
2024-10-01 13:37:01,663 [INFO] PluginManage:310 - Check plugin updater
2024-10-01 13:37:01,707 [INFO] PluginManage:359 - Loaded plugin updater (category:base,tabindex:12)
2024-10-01 13:37:01,707 [INFO] PluginManage:310 - Check plugin userauth
2024-10-01 13:37:01,714 [INFO] UserAuth:113 - Init User Auth plugin
2024-10-01 13:37:01,714 [INFO] PluginManage:359 - Loaded plugin userauth (category:base,tabindex:14)
2024-10-01 13:37:01,715 [INFO] PluginManage:283 - PluginManage : Loaded plugins [18]
2024-10-01 13:37:01,962 [INFO] PinOutPanel:1561 - setPackage(No Configuration,No Configuration)
2024-10-01 13:37:02,112 [INFO] CADModel:165 - CPN selected for project level
2024-10-01 13:37:02,114 [INFO] CADModel:114 - Register for checkConnection events
2024-10-01 13:37:02,150 [INFO] IPUIPlugin:80 - create IPUIPlugin
2024-10-01 13:37:02,152 [INFO] PluginManager:220 - loadIPPluginJar : add mdma
2024-10-01 13:37:02,161 [INFO] IPUIPlugin:80 - create IPUIPlugin
2024-10-01 13:37:02,162 [INFO] PluginManager:220 - loadIPPluginJar : add freertos
2024-10-01 13:37:02,168 [INFO] IPUIPlugin:80 - create IPUIPlugin
2024-10-01 13:37:02,168 [INFO] PluginManager:220 - loadIPPluginJar : add gic
2024-10-01 13:37:02,178 [INFO] IPUIPlugin:80 - create IPUIPlugin
2024-10-01 13:37:02,179 [INFO] PluginManager:220 - loadIPPluginJar : add adc
2024-10-01 13:37:02,182 [INFO] IPUIPlugin:80 - create IPUIPlugin
2024-10-01 13:37:02,182 [INFO] PluginManager:220 - loadIPPluginJar : add gtzc
2024-10-01 13:37:02,183 [INFO] IPUIPlugin:80 - create IPUIPlugin
2024-10-01 13:37:02,183 [INFO] PluginManager:220 - loadIPPluginJar : add quadspi
2024-10-01 13:37:02,185 [INFO] IPUIPlugin:80 - create IPUIPlugin
2024-10-01 13:37:02,185 [INFO] PluginManager:220 - loadIPPluginJar : add aes
2024-10-01 13:37:02,188 [INFO] IPUIPlugin:80 - create IPUIPlugin
2024-10-01 13:37:02,188 [INFO] PluginManager:220 - loadIPPluginJar : add pdm2pcm
2024-10-01 13:37:02,189 [INFO] IPUIPlugin:80 - create IPUIPlugin
2024-10-01 13:37:02,189 [INFO] PluginManager:220 - loadIPPluginJar : add hash
2024-10-01 13:37:02,190 [INFO] IPUIPlugin:80 - create IPUIPlugin
2024-10-01 13:37:02,191 [INFO] PluginManager:220 - loadIPPluginJar : add tim
2024-10-01 13:37:02,193 [INFO] IPUIPlugin:80 - create IPUIPlugin
2024-10-01 13:37:02,193 [INFO] PluginManager:220 - loadIPPluginJar : add tsc
2024-10-01 13:37:02,196 [INFO] IPUIPlugin:80 - create IPUIPlugin
2024-10-01 13:37:02,196 [INFO] PluginManager:220 - loadIPPluginJar : add extmemmanager
2024-10-01 13:37:02,200 [INFO] IPUIPlugin:80 - create IPUIPlugin
2024-10-01 13:37:02,201 [INFO] PluginManager:220 - loadIPPluginJar : add ts
2024-10-01 13:37:02,203 [INFO] IPUIPlugin:80 - create IPUIPlugin
2024-10-01 13:37:02,203 [INFO] PluginManager:220 - loadIPPluginJar : add radio
2024-10-01 13:37:02,204 [INFO] IPUIPlugin:80 - create IPUIPlugin
2024-10-01 13:37:02,205 [INFO] PluginManager:220 - loadIPPluginJar : add can
2024-10-01 13:37:02,206 [INFO] IPUIPlugin:80 - create IPUIPlugin
2024-10-01 13:37:02,206 [INFO] PluginManager:220 - loadIPPluginJar : add dma3
2024-10-01 13:37:02,207 [INFO] IPUIPlugin:80 - create IPUIPlugin
2024-10-01 13:37:02,207 [INFO] PluginManager:220 - loadIPPluginJar : add dfsdm
2024-10-01 13:37:02,208 [INFO] IPUIPlugin:80 - create IPUIPlugin
2024-10-01 13:37:02,208 [INFO] PluginManager:220 - loadIPPluginJar : add spi
2024-10-01 13:37:02,209 [INFO] IPUIPlugin:80 - create IPUIPlugin
2024-10-01 13:37:02,209 [INFO] PluginManager:220 - loadIPPluginJar : add gfxmmu
2024-10-01 13:37:02,211 [INFO] IPUIPlugin:80 - create IPUIPlugin
2024-10-01 13:37:02,211 [INFO] PluginManager:220 - loadIPPluginJar : add genericplugin
2024-10-01 13:37:02,212 [INFO] IPUIPlugin:80 - create IPUIPlugin
2024-10-01 13:37:02,212 [INFO] PluginManager:220 - loadIPPluginJar : add cryp
2024-10-01 13:37:02,215 [INFO] IPUIPlugin:80 - create IPUIPlugin
2024-10-01 13:37:02,215 [INFO] PluginManager:220 - loadIPPluginJar : add gpio
2024-10-01 13:37:02,217 [INFO] IPUIPlugin:80 - create IPUIPlugin
2024-10-01 13:37:02,217 [INFO] PluginManager:220 - loadIPPluginJar : add ddr_ctrl_phy
2024-10-01 13:37:02,218 [INFO] IPUIPlugin:80 - create IPUIPlugin
2024-10-01 13:37:02,219 [INFO] PluginManager:220 - loadIPPluginJar : add comp
2024-10-01 13:37:02,220 [INFO] IPUIPlugin:80 - create IPUIPlugin
2024-10-01 13:37:02,220 [INFO] PluginManager:220 - loadIPPluginJar : add tracer_emb
2024-10-01 13:37:02,222 [INFO] IPUIPlugin:80 - create IPUIPlugin
2024-10-01 13:37:02,223 [INFO] PluginManager:220 - loadIPPluginJar : add openamp
2024-10-01 13:37:02,226 [INFO] IPUIPlugin:80 - create IPUIPlugin
2024-10-01 13:37:02,226 [INFO] PluginManager:220 - loadIPPluginJar : add stm32_wpan
2024-10-01 13:37:02,230 [INFO] IPUIPlugin:80 - create IPUIPlugin
2024-10-01 13:37:02,244 [INFO] PluginManager:220 - loadIPPluginJar : add plateformsettings
2024-10-01 13:37:02,247 [INFO] IPUIPlugin:80 - create IPUIPlugin
2024-10-01 13:37:02,247 [INFO] PluginManager:220 - loadIPPluginJar : add ipddr
2024-10-01 13:37:02,248 [INFO] IPUIPlugin:80 - create IPUIPlugin
2024-10-01 13:37:02,248 [INFO] PluginManager:220 - loadIPPluginJar : add usart
2024-10-01 13:37:02,250 [INFO] IPUIPlugin:80 - create IPUIPlugin
2024-10-01 13:37:02,250 [INFO] PluginManager:220 - loadIPPluginJar : add ltdc
2024-10-01 13:37:02,252 [INFO] IPUIPlugin:80 - create IPUIPlugin
2024-10-01 13:37:02,253 [INFO] PluginManager:220 - loadIPPluginJar : add nvic
2024-10-01 13:37:02,254 [INFO] IPUIPlugin:80 - create IPUIPlugin
2024-10-01 13:37:02,254 [INFO] PluginManager:220 - loadIPPluginJar : add fatfs
2024-10-01 13:37:02,259 [INFO] IPUIPlugin:80 - create IPUIPlugin
2024-10-01 13:37:02,259 [INFO] PluginManager:220 - loadIPPluginJar : add linkedlist
2024-10-01 13:37:02,263 [INFO] IPUIPlugin:80 - create IPUIPlugin
2024-10-01 13:37:02,263 [INFO] PluginManager:220 - loadIPPluginJar : add dma
2024-10-01 13:37:02,265 [INFO] IPUIPlugin:80 - create IPUIPlugin
2024-10-01 13:37:02,265 [INFO] PluginManager:220 - loadIPPluginJar : add fmc
2024-10-01 13:37:02,267 [INFO] IPUIPlugin:80 - create IPUIPlugin
2024-10-01 13:37:02,267 [INFO] PluginManager:220 - loadIPPluginJar : add i2s
2024-10-01 13:37:02,268 [INFO] IPUIPlugin:80 - create IPUIPlugin
2024-10-01 13:37:02,268 [INFO] PluginManager:220 - loadIPPluginJar : add ucpd
2024-10-01 13:37:02,269 [INFO] IPUIPlugin:80 - create IPUIPlugin
2024-10-01 13:37:02,269 [INFO] PluginManager:220 - loadIPPluginJar : add lorawan
2024-10-01 13:37:02,279 [INFO] IPUIPlugin:80 - create IPUIPlugin
2024-10-01 13:37:02,279 [INFO] PluginManager:220 - loadIPPluginJar : add opamp
2024-10-01 13:37:02,281 [INFO] IPUIPlugin:80 - create IPUIPlugin
2024-10-01 13:37:02,282 [INFO] PluginManager:220 - loadIPPluginJar : add i3c
2024-10-01 13:37:02,284 [INFO] IPUIPlugin:80 - create IPUIPlugin
2024-10-01 13:37:02,286 [INFO] PluginManager:220 - loadIPPluginJar : add touchsensing
2024-10-01 13:37:02,288 [INFO] IPUIPlugin:80 - create IPUIPlugin
2024-10-01 13:37:02,288 [INFO] PluginManager:220 - loadIPPluginJar : add i2c
2024-10-01 13:37:02,290 [INFO] IPUIPlugin:80 - create IPUIPlugin
2024-10-01 13:37:02,290 [INFO] PluginManager:220 - loadIPPluginJar : add resmgrutility
2024-10-01 13:37:02,291 [INFO] IPUIPlugin:80 - create IPUIPlugin
2024-10-01 13:37:02,291 [INFO] PluginManager:220 - loadIPPluginJar : add sai
2024-10-01 13:37:02,293 [INFO] IPUIPlugin:80 - create IPUIPlugin
2024-10-01 13:37:02,293 [INFO] PluginManager:220 - loadIPPluginJar : add usbx
2024-10-01 13:37:02,428 [INFO] CADModel:165 - CPN selected for project level
2024-10-01 13:37:02,429 [INFO] CADModel:114 - Register for checkConnection events
2024-10-01 13:37:02,429 [FATAL] Updater:334 - Updater called before beeing initialized
2024-10-01 13:37:02,430 [ERROR] CADModel:125 - Updater not yet initialized, retry later 
2024-10-01 13:37:02,661 [INFO] CADModel:165 - CPN selected for project level
2024-10-01 13:37:02,661 [INFO] CADModel:114 - Register for checkConnection events
2024-10-01 13:37:02,661 [FATAL] Updater:334 - Updater called before beeing initialized
2024-10-01 13:37:02,662 [ERROR] CADModel:125 - Updater not yet initialized, retry later 
2024-10-01 13:37:02,664 [FATAL] Updater:334 - Updater called before beeing initialized
2024-10-01 13:37:02,828 [FATAL] Updater:334 - Updater called before beeing initialized
2024-10-01 13:37:02,833 [INFO] DbMcusAds:53 - JSON generation date=Mon Sep 16 10:40:22 EDT 2024 (1726497622318)
2024-10-01 13:37:02,834 [FATAL] Updater:334 - Updater called before beeing initialized
2024-10-01 13:37:02,929 [WARN] DetailPanel:346 - Failed to get advertising image, set to default
2024-10-01 13:37:03,074 [FATAL] Updater:334 - Updater called before beeing initialized
2024-10-01 13:37:03,083 [FATAL] Updater:334 - Updater called before beeing initialized
2024-10-01 13:37:03,083 [FATAL] Updater:334 - Updater called before beeing initialized
2024-10-01 13:37:03,084 [WARN] DetailPanel:346 - Failed to get advertising image, set to default
2024-10-01 13:37:03,093 [FATAL] Updater:334 - Updater called before beeing initialized
2024-10-01 13:37:03,192 [ERROR] Updater:1164 - MainUpdater not yet initialized. External WinMGr cannot be set.
2024-10-01 13:37:03,201 [INFO] Updater:1100 - Updater Version found : 6.12.0
2024-10-01 13:37:03,214 [INFO] ApplicationProperties:184 - Using Application install path: /Applications/STM32CubeIDE.app/Contents/Eclipse/plugins/com.st.stm32cube.common.mx_6.12.0.202406281431
2024-10-01 13:37:03,627 [INFO] MainUpdater:2873 - connection check result : 10
2024-10-01 13:37:03,628 [INFO] MainUpdater:290 - Updater Check For Update Now.
2024-10-01 13:37:03,628 [INFO] MicroXplorer:498 - Change Database Version : DB.6.0.120
2024-10-01 13:37:03,640 [INFO] McuFinderGlobals:63 - Set McuFinder mode to 2 (CubeIDE integrated)
2024-10-01 13:37:03,643 [INFO] UserAuth:417 - Internet connection configuration mode: 1
2024-10-01 13:37:03,669 [INFO] JxBrowserEngine:152 - Initiate JxBrowser Engine with user profile folder
2024-10-01 13:37:15,955 [INFO] Activator:176 - 


2024-10-01 13:37:15,958 [INFO] Activator:177 - !SESSION log4j initialized
2024-10-01 13:37:21,767 [INFO] LogOutputStream:77 - [STDOUT_REDIRECT] 
2024-10-01 13:37:22,067 [ERROR] LogOutputStream:75 - [STDERR_REDIRECT] 
2024-10-01 13:37:25,404 [INFO] LogOutputStream:77 - [STDOUT_REDIRECT] 
2024-10-01 13:37:26,836 [INFO] ApplicationProperties:184 - Using Application install path: /Applications/STM32CubeIDE.app/Contents/Eclipse/plugins/com.st.stm32cube.common.mx_6.12.0.202406281431
2024-10-01 13:37:26,854 [INFO] DbMcusXml:78 - Set database path to: /Applications/STM32CubeIDE.app/Contents/Eclipse/plugins/com.st.stm32cube.common.mx_6.12.0.202406281431//db//mcu/
2024-10-01 13:37:26,854 [INFO] ApiDb:274 - Set plugin database path to: /Applications/STM32CubeIDE.app/Contents/Eclipse/plugins/com.st.stm32cube.common.mx_6.12.0.202406281431//db//plugins/boardmanager/
2024-10-01 13:37:26,856 [WARN] ApiDb:259 - Overriding images path with different value:  => /Applications/STM32CubeIDE.app/Contents/Eclipse/plugins/com.st.stm32cube.common.mx_6.12.0.202406281431//db//plugins/mcufinder/images/
2024-10-01 13:37:26,867 [INFO] ApiDb:250 - Set database path to: /Users/jewoolee/.stmcufinder/plugins/mcufinder//mcu/
2024-10-01 13:37:26,868 [INFO] DbMcusAds:125 - Set database path to: /Users/jewoolee/.stmcufinder/plugins/mcufinder//mcu/
2024-10-01 13:37:26,870 [INFO] CrossReferenceDbSqlite:203 - Set database path to: /Users/jewoolee/.stmcufinder/plugins/mcufinder//mcu/cs/
2024-10-01 13:37:27,117 [INFO] RulesReader:64 - Compatibility file has been processed (297 Rules)
2024-10-01 13:37:27,208 [INFO] DbMcusXml:78 - Set database path to: /Applications/STM32CubeIDE.app/Contents/Eclipse/plugins/com.st.stm32cube.common.mx_6.12.0.202406281431//db//mcu/
2024-10-01 13:37:27,209 [INFO] ApiDb:274 - Set plugin database path to: /Applications/STM32CubeIDE.app/Contents/Eclipse/plugins/com.st.stm32cube.common.mx_6.12.0.202406281431//db//plugins/boardmanager/
2024-10-01 13:37:27,210 [INFO] ApiDb:261 - Set plugin images path to: /Applications/STM32CubeIDE.app/Contents/Eclipse/plugins/com.st.stm32cube.common.mx_6.12.0.202406281431//db//plugins/mcufinder/images/
2024-10-01 13:37:27,214 [WARN] DbFile:41 - Overriding database path with different value: /Users/jewoolee/.stmcufinder/plugins/mcufinder/ => /Users/jewoolee/.stmcufinder/plugins/mcufinder
2024-10-01 13:37:27,214 [INFO] ApiDb:250 - Set database path to: /Users/jewoolee/.stmcufinder/plugins/mcufinder//mcu/
2024-10-01 13:37:27,214 [WARN] DbFile:41 - Overriding database path with different value: /Users/jewoolee/.stmcufinder/plugins/mcufinder/ => /Users/jewoolee/.stmcufinder/plugins/mcufinder
2024-10-01 13:37:27,214 [INFO] DbMcusAds:125 - Set database path to: /Users/jewoolee/.stmcufinder/plugins/mcufinder//mcu/
2024-10-01 13:37:27,214 [WARN] DbFile:41 - Overriding database path with different value: /Users/jewoolee/.stmcufinder/plugins/mcufinder/ => /Users/jewoolee/.stmcufinder/plugins/mcufinder
2024-10-01 13:37:27,214 [WARN] DbFile:41 - Overriding database path with different value: /Users/jewoolee/.stmcufinder/plugins/mcufinder/ => /Users/jewoolee/.stmcufinder/plugins/mcufinder
2024-10-01 13:37:27,214 [INFO] CrossReferenceDbSqlite:203 - Set database path to: /Users/jewoolee/.stmcufinder/plugins/mcufinder//mcu/cs/
2024-10-01 13:37:27,368 [INFO] MainPanel:268 - HeapMemory: 268435456
2024-10-01 13:37:27,689 [INFO] DbMcusXml:78 - Set database path to: /Applications/STM32CubeIDE.app/Contents/Eclipse/plugins/com.st.stm32cube.common.mx_6.12.0.202406281431//db//mcu/
2024-10-01 13:37:27,689 [INFO] ApiDb:274 - Set plugin database path to: /Applications/STM32CubeIDE.app/Contents/Eclipse/plugins/com.st.stm32cube.common.mx_6.12.0.202406281431//db//plugins/boardmanager/
2024-10-01 13:37:27,690 [INFO] ApiDb:261 - Set plugin images path to: /Applications/STM32CubeIDE.app/Contents/Eclipse/plugins/com.st.stm32cube.common.mx_6.12.0.202406281431//db//plugins/mcufinder/images/
2024-10-01 13:37:27,690 [WARN] DbFile:41 - Overriding database path with different value: /Users/jewoolee/.stmcufinder/plugins/mcufinder/ => /Users/jewoolee/.stmcufinder/plugins/mcufinder
2024-10-01 13:37:27,690 [INFO] ApiDb:250 - Set database path to: /Users/jewoolee/.stmcufinder/plugins/mcufinder//mcu/
2024-10-01 13:37:27,690 [WARN] DbFile:41 - Overriding database path with different value: /Users/jewoolee/.stmcufinder/plugins/mcufinder/ => /Users/jewoolee/.stmcufinder/plugins/mcufinder
2024-10-01 13:37:27,690 [INFO] DbMcusAds:125 - Set database path to: /Users/jewoolee/.stmcufinder/plugins/mcufinder//mcu/
2024-10-01 13:37:27,690 [WARN] DbFile:41 - Overriding database path with different value: /Users/jewoolee/.stmcufinder/plugins/mcufinder/ => /Users/jewoolee/.stmcufinder/plugins/mcufinder
2024-10-01 13:37:27,690 [WARN] DbFile:41 - Overriding database path with different value: /Users/jewoolee/.stmcufinder/plugins/mcufinder/ => /Users/jewoolee/.stmcufinder/plugins/mcufinder
2024-10-01 13:37:27,690 [INFO] CrossReferenceDbSqlite:203 - Set database path to: /Users/jewoolee/.stmcufinder/plugins/mcufinder//mcu/cs/
2024-10-01 13:37:27,709 [INFO] ApplicationProperties:184 - Using Application install path: /Applications/STM32CubeIDE.app/Contents/Eclipse/plugins/com.st.stm32cube.common.mx_6.12.0.202406281431
2024-10-01 13:37:27,711 [INFO] PluginManage:196 - Search for loadable plugins [exclusion list=, ]
2024-10-01 13:37:27,712 [INFO] PluginManage:310 - Check plugin analytics
2024-10-01 13:37:28,003 [INFO] AnalyticsPlugin:253 - Accepted Software Licenses: 
2024-10-01 13:37:28,004 [INFO] AnalyticsPlugin:255 - Accepted CMSIS Pack Licenses: 
2024-10-01 13:37:28,004 [INFO] AnalyticsPlugin:257 - Accepted Firmware Licenses: FW.L4.1.18.0
2024-10-01 13:37:28,011 [INFO] PluginManage:359 - Loaded plugin analytics (category:tool,tabindex:-1)
2024-10-01 13:37:28,011 [INFO] PluginManage:310 - Check plugin cadmodel
2024-10-01 13:37:28,027 [INFO] CADModel:105 - Init CAD model plugin
2024-10-01 13:37:28,028 [INFO] PluginManage:359 - Loaded plugin cadmodel (category:power,tabindex:5)
2024-10-01 13:37:28,029 [INFO] PluginManage:310 - Check plugin clock
2024-10-01 13:37:28,041 [INFO] PluginManage:359 - Loaded plugin clock (category:base,tabindex:2)
2024-10-01 13:37:28,041 [INFO] PluginManage:310 - Check plugin ddr
2024-10-01 13:37:28,043 [INFO] PluginManage:359 - Loaded plugin ddr (category:tool,tabindex:6)
2024-10-01 13:37:28,043 [INFO] PluginManage:310 - Check plugin filemanager
2024-10-01 13:37:28,180 [INFO] PluginManage:359 - Loaded plugin filemanager (category:base,tabindex:10)
2024-10-01 13:37:28,181 [INFO] PluginManage:310 - Check plugin ipmanager
2024-10-01 13:37:28,190 [INFO] PluginManage:359 - Loaded plugin ipmanager (category:base,tabindex:5)
2024-10-01 13:37:28,191 [INFO] PluginManage:310 - Check plugin lpbam
2024-10-01 13:37:28,198 [INFO] PluginManage:359 - Loaded plugin lpbam (category:base,tabindex:0)
2024-10-01 13:37:28,198 [INFO] PluginManage:310 - Check plugin memorymap
2024-10-01 13:37:28,208 [INFO] PluginManage:359 - Loaded plugin memorymap (category:base,tabindex:4)
2024-10-01 13:37:28,208 [INFO] PluginManage:310 - Check plugin pinoutandconfiguration
2024-10-01 13:37:28,215 [INFO] PluginManage:359 - Loaded plugin pinoutandconfiguration (category:base,tabindex:1)
2024-10-01 13:37:28,216 [INFO] PluginManage:310 - Check plugin pinoutconfig
2024-10-01 13:37:28,458 [WARN] SupportedApi:132 - Cannot load RTOS API schema: s4s-elt-must-match.1: The content of 'definitions' must match (annotation?, (simpleType | complexType)?, (unique | key | keyref)*)). A problem was found starting at: attribute.
2024-10-01 13:37:28,791 [INFO] PluginManage:359 - Loaded plugin pinoutconfig (category:base,tabindex:0)
2024-10-01 13:37:28,791 [INFO] PluginManage:310 - Check plugin power
2024-10-01 13:37:28,809 [INFO] PluginManage:359 - Loaded plugin power (category:power,tabindex:4)
2024-10-01 13:37:28,810 [INFO] PluginManage:310 - Check plugin projectmanager
2024-10-01 13:37:28,850 [INFO] PluginManage:359 - Loaded plugin projectmanager (category:projectmanager,tabindex:4)
2024-10-01 13:37:28,850 [INFO] PluginManage:310 - Check plugin rif
2024-10-01 13:37:28,859 [INFO] PluginManage:359 - Loaded plugin rif (category:base,tabindex:3)
2024-10-01 13:37:28,859 [INFO] PluginManage:310 - Check plugin thirdparty
2024-10-01 13:37:29,064 [INFO] PluginManage:359 - Loaded plugin thirdparty (category:base,tabindex:-1)
2024-10-01 13:37:29,065 [INFO] PluginManage:310 - Check plugin tools
2024-10-01 13:37:29,064 [WARN] IntegrityCheckThread:84 - waiting for thirdparty lock release [integrity check]
2024-10-01 13:37:29,066 [INFO] IntegrityCheckThread:86 - entering critical section [integrity check]
2024-10-01 13:37:29,068 [INFO] ThirdPartyUpdaterWithRetryManager:70 - Updater plugin not ready yet. [1/15]
2024-10-01 13:37:29,068 [INFO] PluginManage:359 - Loaded plugin tools (category:base,tabindex:7)
2024-10-01 13:37:29,068 [INFO] PluginManage:310 - Check plugin tutovideos
2024-10-01 13:37:29,265 [INFO] PluginManage:359 - Loaded plugin tutovideos (category:base,tabindex:-1)
2024-10-01 13:37:29,267 [INFO] PluginManage:310 - Check plugin updater
2024-10-01 13:37:29,317 [INFO] PluginManage:359 - Loaded plugin updater (category:base,tabindex:12)
2024-10-01 13:37:29,318 [INFO] PluginManage:310 - Check plugin userauth
2024-10-01 13:37:29,330 [INFO] UserAuth:113 - Init User Auth plugin
2024-10-01 13:37:29,330 [INFO] PluginManage:359 - Loaded plugin userauth (category:base,tabindex:14)
2024-10-01 13:37:29,332 [INFO] PluginManage:283 - PluginManage : Loaded plugins [18]
2024-10-01 13:37:29,600 [INFO] PinOutPanel:1561 - setPackage(No Configuration,No Configuration)
2024-10-01 13:37:29,799 [INFO] CADModel:165 - CPN selected for project level
2024-10-01 13:37:29,801 [INFO] CADModel:114 - Register for checkConnection events
2024-10-01 13:37:29,833 [INFO] IPUIPlugin:80 - create IPUIPlugin
2024-10-01 13:37:29,834 [INFO] PluginManager:220 - loadIPPluginJar : add mdma
2024-10-01 13:37:29,841 [INFO] IPUIPlugin:80 - create IPUIPlugin
2024-10-01 13:37:29,842 [INFO] PluginManager:220 - loadIPPluginJar : add freertos
2024-10-01 13:37:29,845 [INFO] IPUIPlugin:80 - create IPUIPlugin
2024-10-01 13:37:29,845 [INFO] PluginManager:220 - loadIPPluginJar : add gic
2024-10-01 13:37:29,852 [INFO] IPUIPlugin:80 - create IPUIPlugin
2024-10-01 13:37:29,852 [INFO] PluginManager:220 - loadIPPluginJar : add adc
2024-10-01 13:37:29,853 [INFO] IPUIPlugin:80 - create IPUIPlugin
2024-10-01 13:37:29,854 [INFO] PluginManager:220 - loadIPPluginJar : add gtzc
2024-10-01 13:37:29,855 [INFO] IPUIPlugin:80 - create IPUIPlugin
2024-10-01 13:37:29,855 [INFO] PluginManager:220 - loadIPPluginJar : add quadspi
2024-10-01 13:37:29,856 [INFO] IPUIPlugin:80 - create IPUIPlugin
2024-10-01 13:37:29,856 [INFO] PluginManager:220 - loadIPPluginJar : add aes
2024-10-01 13:37:29,858 [INFO] IPUIPlugin:80 - create IPUIPlugin
2024-10-01 13:37:29,858 [INFO] PluginManager:220 - loadIPPluginJar : add pdm2pcm
2024-10-01 13:37:29,859 [INFO] IPUIPlugin:80 - create IPUIPlugin
2024-10-01 13:37:29,859 [INFO] PluginManager:220 - loadIPPluginJar : add hash
2024-10-01 13:37:29,861 [INFO] IPUIPlugin:80 - create IPUIPlugin
2024-10-01 13:37:29,861 [INFO] PluginManager:220 - loadIPPluginJar : add tim
2024-10-01 13:37:29,862 [INFO] IPUIPlugin:80 - create IPUIPlugin
2024-10-01 13:37:29,862 [INFO] PluginManager:220 - loadIPPluginJar : add tsc
2024-10-01 13:37:29,863 [INFO] IPUIPlugin:80 - create IPUIPlugin
2024-10-01 13:37:29,863 [INFO] PluginManager:220 - loadIPPluginJar : add extmemmanager
2024-10-01 13:37:29,865 [INFO] IPUIPlugin:80 - create IPUIPlugin
2024-10-01 13:37:29,865 [INFO] PluginManager:220 - loadIPPluginJar : add ts
2024-10-01 13:37:29,866 [INFO] IPUIPlugin:80 - create IPUIPlugin
2024-10-01 13:37:29,866 [INFO] PluginManager:220 - loadIPPluginJar : add radio
2024-10-01 13:37:29,867 [INFO] IPUIPlugin:80 - create IPUIPlugin
2024-10-01 13:37:29,867 [INFO] PluginManager:220 - loadIPPluginJar : add can
2024-10-01 13:37:29,868 [INFO] IPUIPlugin:80 - create IPUIPlugin
2024-10-01 13:37:29,868 [INFO] PluginManager:220 - loadIPPluginJar : add dma3
2024-10-01 13:37:29,869 [INFO] IPUIPlugin:80 - create IPUIPlugin
2024-10-01 13:37:29,869 [INFO] PluginManager:220 - loadIPPluginJar : add dfsdm
2024-10-01 13:37:29,870 [INFO] IPUIPlugin:80 - create IPUIPlugin
2024-10-01 13:37:29,870 [INFO] PluginManager:220 - loadIPPluginJar : add spi
2024-10-01 13:37:29,872 [INFO] IPUIPlugin:80 - create IPUIPlugin
2024-10-01 13:37:29,872 [INFO] PluginManager:220 - loadIPPluginJar : add gfxmmu
2024-10-01 13:37:29,874 [INFO] IPUIPlugin:80 - create IPUIPlugin
2024-10-01 13:37:29,874 [INFO] PluginManager:220 - loadIPPluginJar : add genericplugin
2024-10-01 13:37:29,876 [INFO] IPUIPlugin:80 - create IPUIPlugin
2024-10-01 13:37:29,876 [INFO] PluginManager:220 - loadIPPluginJar : add cryp
2024-10-01 13:37:29,878 [INFO] IPUIPlugin:80 - create IPUIPlugin
2024-10-01 13:37:29,878 [INFO] PluginManager:220 - loadIPPluginJar : add gpio
2024-10-01 13:37:29,881 [INFO] IPUIPlugin:80 - create IPUIPlugin
2024-10-01 13:37:29,881 [INFO] PluginManager:220 - loadIPPluginJar : add ddr_ctrl_phy
2024-10-01 13:37:29,882 [INFO] IPUIPlugin:80 - create IPUIPlugin
2024-10-01 13:37:29,882 [INFO] PluginManager:220 - loadIPPluginJar : add comp
2024-10-01 13:37:29,884 [INFO] IPUIPlugin:80 - create IPUIPlugin
2024-10-01 13:37:29,884 [INFO] PluginManager:220 - loadIPPluginJar : add tracer_emb
2024-10-01 13:37:29,887 [INFO] IPUIPlugin:80 - create IPUIPlugin
2024-10-01 13:37:29,887 [INFO] PluginManager:220 - loadIPPluginJar : add openamp
2024-10-01 13:37:29,890 [INFO] IPUIPlugin:80 - create IPUIPlugin
2024-10-01 13:37:29,890 [INFO] PluginManager:220 - loadIPPluginJar : add stm32_wpan
2024-10-01 13:37:29,893 [INFO] IPUIPlugin:80 - create IPUIPlugin
2024-10-01 13:37:29,903 [INFO] PluginManager:220 - loadIPPluginJar : add plateformsettings
2024-10-01 13:37:29,906 [INFO] IPUIPlugin:80 - create IPUIPlugin
2024-10-01 13:37:29,906 [INFO] PluginManager:220 - loadIPPluginJar : add ipddr
2024-10-01 13:37:29,907 [INFO] IPUIPlugin:80 - create IPUIPlugin
2024-10-01 13:37:29,907 [INFO] PluginManager:220 - loadIPPluginJar : add usart
2024-10-01 13:37:29,909 [INFO] IPUIPlugin:80 - create IPUIPlugin
2024-10-01 13:37:29,909 [INFO] PluginManager:220 - loadIPPluginJar : add ltdc
2024-10-01 13:37:29,911 [INFO] IPUIPlugin:80 - create IPUIPlugin
2024-10-01 13:37:29,911 [INFO] PluginManager:220 - loadIPPluginJar : add nvic
2024-10-01 13:37:29,912 [INFO] IPUIPlugin:80 - create IPUIPlugin
2024-10-01 13:37:29,913 [INFO] PluginManager:220 - loadIPPluginJar : add fatfs
2024-10-01 13:37:29,917 [INFO] IPUIPlugin:80 - create IPUIPlugin
2024-10-01 13:37:29,917 [INFO] PluginManager:220 - loadIPPluginJar : add linkedlist
2024-10-01 13:37:29,921 [INFO] IPUIPlugin:80 - create IPUIPlugin
2024-10-01 13:37:29,921 [INFO] PluginManager:220 - loadIPPluginJar : add dma
2024-10-01 13:37:29,923 [INFO] IPUIPlugin:80 - create IPUIPlugin
2024-10-01 13:37:29,923 [INFO] PluginManager:220 - loadIPPluginJar : add fmc
2024-10-01 13:37:29,924 [INFO] IPUIPlugin:80 - create IPUIPlugin
2024-10-01 13:37:29,924 [INFO] PluginManager:220 - loadIPPluginJar : add i2s
2024-10-01 13:37:29,925 [INFO] IPUIPlugin:80 - create IPUIPlugin
2024-10-01 13:37:29,925 [INFO] PluginManager:220 - loadIPPluginJar : add ucpd
2024-10-01 13:37:29,927 [INFO] IPUIPlugin:80 - create IPUIPlugin
2024-10-01 13:37:29,927 [INFO] PluginManager:220 - loadIPPluginJar : add lorawan
2024-10-01 13:37:29,929 [INFO] IPUIPlugin:80 - create IPUIPlugin
2024-10-01 13:37:29,929 [INFO] PluginManager:220 - loadIPPluginJar : add opamp
2024-10-01 13:37:29,931 [INFO] IPUIPlugin:80 - create IPUIPlugin
2024-10-01 13:37:29,931 [INFO] PluginManager:220 - loadIPPluginJar : add i3c
2024-10-01 13:37:29,938 [INFO] IPUIPlugin:80 - create IPUIPlugin
2024-10-01 13:37:29,943 [INFO] PluginManager:220 - loadIPPluginJar : add touchsensing
2024-10-01 13:37:29,953 [INFO] IPUIPlugin:80 - create IPUIPlugin
2024-10-01 13:37:29,954 [INFO] PluginManager:220 - loadIPPluginJar : add i2c
2024-10-01 13:37:29,961 [INFO] IPUIPlugin:80 - create IPUIPlugin
2024-10-01 13:37:29,961 [INFO] PluginManager:220 - loadIPPluginJar : add resmgrutility
2024-10-01 13:37:29,970 [INFO] IPUIPlugin:80 - create IPUIPlugin
2024-10-01 13:37:29,970 [INFO] PluginManager:220 - loadIPPluginJar : add sai
2024-10-01 13:37:29,973 [INFO] IPUIPlugin:80 - create IPUIPlugin
2024-10-01 13:37:29,973 [INFO] PluginManager:220 - loadIPPluginJar : add usbx
2024-10-01 13:37:30,137 [INFO] CADModel:165 - CPN selected for project level
2024-10-01 13:37:30,141 [INFO] CADModel:114 - Register for checkConnection events
2024-10-01 13:37:30,142 [FATAL] Updater:334 - Updater called before beeing initialized
2024-10-01 13:37:30,147 [ERROR] CADModel:125 - Updater not yet initialized, retry later 
2024-10-01 13:37:30,463 [INFO] CADModel:165 - CPN selected for project level
2024-10-01 13:37:30,464 [INFO] CADModel:114 - Register for checkConnection events
2024-10-01 13:37:30,464 [FATAL] Updater:334 - Updater called before beeing initialized
2024-10-01 13:37:30,464 [ERROR] CADModel:125 - Updater not yet initialized, retry later 
2024-10-01 13:37:30,467 [FATAL] Updater:334 - Updater called before beeing initialized
2024-10-01 13:37:30,624 [FATAL] Updater:334 - Updater called before beeing initialized
2024-10-01 13:37:30,631 [INFO] DbMcusAds:53 - JSON generation date=Mon Sep 16 10:40:22 EDT 2024 (1726497622318)
2024-10-01 13:37:30,631 [FATAL] Updater:334 - Updater called before beeing initialized
2024-10-01 13:37:30,695 [WARN] DetailPanel:346 - Failed to get advertising image, set to default
2024-10-01 13:37:30,771 [FATAL] Updater:334 - Updater called before beeing initialized
2024-10-01 13:37:30,772 [FATAL] Updater:334 - Updater called before beeing initialized
2024-10-01 13:37:30,772 [FATAL] Updater:334 - Updater called before beeing initialized
2024-10-01 13:37:30,772 [WARN] DetailPanel:346 - Failed to get advertising image, set to default
2024-10-01 13:37:30,773 [FATAL] Updater:334 - Updater called before beeing initialized
2024-10-01 13:37:30,832 [ERROR] Updater:1164 - MainUpdater not yet initialized. External WinMGr cannot be set.
2024-10-01 13:37:30,838 [INFO] Updater:1100 - Updater Version found : 6.12.0
2024-10-01 13:37:30,851 [INFO] ApplicationProperties:184 - Using Application install path: /Applications/STM32CubeIDE.app/Contents/Eclipse/plugins/com.st.stm32cube.common.mx_6.12.0.202406281431
2024-10-01 13:37:31,177 [INFO] MainUpdater:2873 - connection check result : 10
2024-10-01 13:37:31,177 [INFO] MainUpdater:290 - Updater Check For Update Now.
2024-10-01 13:37:31,178 [INFO] MicroXplorer:498 - Change Database Version : DB.6.0.120
2024-10-01 13:37:31,187 [INFO] McuFinderGlobals:63 - Set McuFinder mode to 2 (CubeIDE integrated)
2024-10-01 13:37:31,189 [INFO] UserAuth:417 - Internet connection configuration mode: 1
2024-10-01 13:37:31,200 [INFO] JxBrowserEngine:152 - Initiate JxBrowser Engine with user profile folder
2024-10-01 13:37:31,438 [INFO] CheckServerUpdateThread:120 - End of CheckServer Thread
2024-10-01 13:37:32,321 [WARN] PackLoader:240 - Cannot read IP mode file for STMicroelectronics.FP-SNS-MOTENVWB1.1.4.0
2024-10-01 13:37:32,379 [WARN] PackLoader:240 - Cannot read IP mode file for STMicroelectronics.X-CUBE-SMBUS.2.1.0
2024-10-01 13:37:32,523 [WARN] PackLoader:240 - Cannot read IP mode file for STMicroelectronics.X-CUBE-AZRTOS-F7.1.1.0
2024-10-01 13:37:32,847 [WARN] PackLoader:240 - Cannot read IP mode file for STMicroelectronics.X-CUBE-MEMS1.11.0.0
2024-10-01 13:37:33,145 [WARN] PackLoader:240 - Cannot read IP mode file for STMicroelectronics.FP-SNS-FLIGHT1.5.0.2
2024-10-01 13:37:33,186 [WARN] PackLoader:240 - Cannot read IP mode file for STMicroelectronics.X-CUBE-DISPLAY.3.0.0
2024-10-01 13:37:33,209 [WARN] PackLoader:240 - Cannot read IP mode file for STMicroelectronics.X-CUBE-BLE1.7.0.0
2024-10-01 13:37:33,243 [WARN] PackLoader:240 - Cannot read IP mode file for STMicroelectronics.X-CUBE-NFC10.1.0.0
2024-10-01 13:37:33,261 [WARN] PackLoader:240 - Cannot read IP mode file for emotas.I-CUBE-CANOPEN.1.3.0
2024-10-01 13:37:33,307 [WARN] PackLoader:240 - Cannot read IP mode file for STMicroelectronics.X-CUBE-BLEMGR.3.1.0
2024-10-01 13:37:33,328 [WARN] PackLoader:240 - Cannot read IP mode file for STMicroelectronics.FP-SNS-SMARTAG2.1.2.0
2024-10-01 13:37:33,354 [INFO] LogOutputStream:77 - [STDOUT_REDIRECT] 1 : Invalid condition id : UX_CORESTACK_Condition cause : null
2024-10-01 13:37:33,354 [INFO] LogOutputStream:77 - [STDOUT_REDIRECT] 1 : Invalid condition id : UX_CORESTACK_Condition cause : null
2024-10-01 13:37:33,354 [INFO] LogOutputStream:77 - [STDOUT_REDIRECT] 1 : Invalid condition id : UX_CORESTACK_Condition cause : null
2024-10-01 13:37:33,354 [INFO] LogOutputStream:77 - [STDOUT_REDIRECT] 1 : Invalid condition id : UX_CORESTACK_Condition cause : null
2024-10-01 13:37:33,355 [INFO] LogOutputStream:77 - [STDOUT_REDIRECT] 1 : Invalid condition id : UX_CORESTACK_Condition cause : null
2024-10-01 13:37:33,363 [WARN] PackLoader:240 - Cannot read IP mode file for STMicroelectronics.X-CUBE-AZRTOS-WL.2.0.0
2024-10-01 13:37:33,380 [WARN] PackLoader:240 - Cannot read IP mode file for STMicroelectronics.FP-SNS-MOTENV1.5.0.0
2024-10-01 13:37:33,391 [WARN] PackLoader:240 - Cannot read IP mode file for wolfSSL.I-CUBE-wolfMQTT.1.19.0
2024-10-01 13:37:33,413 [WARN] PackLoader:240 - Cannot read IP mode file for WES.I-CUBE-Cesium.1.3.0
2024-10-01 13:37:33,420 [WARN] PackLoader:240 - Cannot read IP mode file for STMicroelectronics.X-CUBE-BLE2.3.3.0
2024-10-01 13:37:33,430 [WARN] PackLoader:240 - Cannot read IP mode file for STMicroelectronics.X-CUBE-NFC9.1.0.0
2024-10-01 13:37:33,448 [WARN] PackLoader:240 - Cannot read IP mode file for STMicroelectronics.X-CUBE-TCPP.4.1.0
2024-10-01 13:37:33,485 [WARN] PackLoader:240 - Cannot read IP mode file for STMicroelectronics.X-CUBE-AZRTOS-G0.1.1.0
2024-10-01 13:37:33,511 [WARN] PackLoader:240 - Cannot read IP mode file for STMicroelectronics.X-CUBE-SAFEA1.1.2.2
2024-10-01 13:37:33,536 [WARN] PackLoader:240 - Cannot read IP mode file for STMicroelectronics.X-CUBE-NFC4.3.0.0
2024-10-01 13:37:33,572 [WARN] PackLoader:240 - Cannot read IP mode file for EmbeddedOffice.I-CUBE-FS-RTOS.1.0.1
2024-10-01 13:37:33,583 [ERROR] ConditionMgr:805 - Attr not supported : Dmpu
2024-10-01 13:37:33,584 [ERROR] ConditionMgr:805 - Attr not supported : Dmpu
2024-10-01 13:37:33,585 [ERROR] ConditionMgr:805 - Attr not supported : Dmpu
2024-10-01 13:37:33,585 [ERROR] ConditionMgr:805 - Attr not supported : Dmpu
2024-10-01 13:37:33,585 [ERROR] ConditionMgr:805 - Attr not supported : Dmpu
2024-10-01 13:37:33,585 [ERROR] ConditionMgr:805 - Attr not supported : Dmpu
2024-10-01 13:37:33,585 [ERROR] ConditionMgr:805 - Attr not supported : Dmpu
2024-10-01 13:37:33,585 [ERROR] ConditionMgr:805 - Attr not supported : Dmpu
2024-10-01 13:37:33,585 [ERROR] ConditionMgr:805 - Attr not supported : Dmpu
2024-10-01 13:37:33,585 [ERROR] ConditionMgr:805 - Attr not supported : Dmpu
2024-10-01 13:37:33,585 [ERROR] ConditionMgr:805 - Attr not supported : Dmpu
2024-10-01 13:37:33,585 [ERROR] ConditionMgr:805 - Attr not supported : Dmpu
2024-10-01 13:37:33,585 [ERROR] ConditionMgr:805 - Attr not supported : Dmpu
2024-10-01 13:37:33,585 [ERROR] ConditionMgr:805 - Attr not supported : Dmpu
2024-10-01 13:37:33,585 [ERROR] ConditionMgr:805 - Attr not supported : Dmpu
2024-10-01 13:37:33,585 [ERROR] ConditionMgr:805 - Attr not supported : Dmpu
2024-10-01 13:37:33,586 [ERROR] ConditionMgr:805 - Attr not supported : Dmpu
2024-10-01 13:37:33,586 [ERROR] ConditionMgr:805 - Attr not supported : Dmpu
2024-10-01 13:37:33,586 [ERROR] ConditionMgr:805 - Attr not supported : Dmpu
2024-10-01 13:37:33,586 [ERROR] ConditionMgr:805 - Attr not supported : Dmpu
2024-10-01 13:37:33,586 [ERROR] ConditionMgr:805 - Attr not supported : Dmpu
2024-10-01 13:37:33,586 [ERROR] ConditionMgr:805 - Attr not supported : Dmpu
2024-10-01 13:37:33,586 [ERROR] ConditionMgr:805 - Attr not supported : Dmpu
2024-10-01 13:37:33,587 [ERROR] ConditionMgr:805 - Attr not supported : Dmpu
2024-10-01 13:37:33,587 [ERROR] ConditionMgr:805 - Attr not supported : Dmpu
2024-10-01 13:37:33,587 [ERROR] ConditionMgr:805 - Attr not supported : Dmpu
2024-10-01 13:37:33,587 [ERROR] ConditionMgr:805 - Attr not supported : Dmpu
2024-10-01 13:37:33,587 [ERROR] ConditionMgr:805 - Attr not supported : Dmpu
2024-10-01 13:37:33,587 [ERROR] ConditionMgr:805 - Attr not supported : Dmpu
2024-10-01 13:37:33,587 [ERROR] ConditionMgr:805 - Attr not supported : Dmpu
2024-10-01 13:37:33,587 [ERROR] ConditionMgr:805 - Attr not supported : Dmpu
2024-10-01 13:37:33,588 [ERROR] ConditionMgr:805 - Attr not supported : Dmpu
2024-10-01 13:37:33,588 [ERROR] ConditionMgr:805 - Attr not supported : Dmpu
2024-10-01 13:37:33,588 [ERROR] ConditionMgr:805 - Attr not supported : Dmpu
2024-10-01 13:37:33,588 [ERROR] ConditionMgr:805 - Attr not supported : Dmpu
2024-10-01 13:37:33,588 [ERROR] ConditionMgr:805 - Attr not supported : Dmpu
2024-10-01 13:37:33,588 [ERROR] ConditionMgr:805 - Attr not supported : Dmpu
2024-10-01 13:37:33,589 [ERROR] ConditionMgr:805 - Attr not supported : Dmpu
2024-10-01 13:37:33,589 [ERROR] ConditionMgr:805 - Attr not supported : Dmpu
2024-10-01 13:37:33,589 [ERROR] ConditionMgr:805 - Attr not supported : Dmpu
2024-10-01 13:37:33,590 [ERROR] ConditionMgr:805 - Attr not supported : Dmpu
2024-10-01 13:37:33,590 [ERROR] ConditionMgr:805 - Attr not supported : Dmpu
2024-10-01 13:37:33,590 [ERROR] ConditionMgr:805 - Attr not supported : Dmpu
2024-10-01 13:37:33,590 [ERROR] ConditionMgr:805 - Attr not supported : Dmpu
2024-10-01 13:37:33,590 [ERROR] ConditionMgr:805 - Attr not supported : Dmpu
2024-10-01 13:37:33,590 [ERROR] ConditionMgr:805 - Attr not supported : Dmpu
2024-10-01 13:37:33,590 [ERROR] ConditionMgr:805 - Attr not supported : Dmpu
2024-10-01 13:37:33,590 [ERROR] ConditionMgr:805 - Attr not supported : Dmpu
2024-10-01 13:37:33,590 [ERROR] ConditionMgr:805 - Attr not supported : Dmpu
2024-10-01 13:37:33,590 [ERROR] ConditionMgr:805 - Attr not supported : Dmpu
2024-10-01 13:37:33,590 [ERROR] ConditionMgr:805 - Attr not supported : Dmpu
2024-10-01 13:37:33,590 [ERROR] ConditionMgr:805 - Attr not supported : Dmpu
2024-10-01 13:37:33,590 [ERROR] ConditionMgr:805 - Attr not supported : Dmpu
2024-10-01 13:37:33,590 [ERROR] ConditionMgr:805 - Attr not supported : Dmpu
2024-10-01 13:37:33,590 [ERROR] ConditionMgr:805 - Attr not supported : Dmpu
2024-10-01 13:37:33,591 [ERROR] ConditionMgr:805 - Attr not supported : Dmpu
2024-10-01 13:37:33,591 [ERROR] ConditionMgr:805 - Attr not supported : Dmpu
2024-10-01 13:37:33,591 [ERROR] ConditionMgr:805 - Attr not supported : Dmpu
2024-10-01 13:37:33,591 [ERROR] ConditionMgr:805 - Attr not supported : Dmpu
2024-10-01 13:37:33,591 [ERROR] ConditionMgr:805 - Attr not supported : Dmpu
2024-10-01 13:37:33,591 [ERROR] ConditionMgr:805 - Attr not supported : Dmpu
2024-10-01 13:37:33,591 [ERROR] ConditionMgr:805 - Attr not supported : Dmpu
2024-10-01 13:37:33,591 [ERROR] ConditionMgr:805 - Attr not supported : Dmpu
2024-10-01 13:37:33,591 [ERROR] ConditionMgr:805 - Attr not supported : Dmpu
2024-10-01 13:37:33,599 [WARN] PackLoader:240 - Cannot read IP mode file for RealThread.X-CUBE-RT-Thread_Nano.4.1.1
2024-10-01 13:37:33,604 [WARN] PackLoader:240 - Cannot read IP mode file for STMicroelectronics.FP-ATR-SIGFOX1.3.2.0
2024-10-01 13:37:33,610 [WARN] PackLoader:240 - Cannot read IP mode file for wolfSSL.I-CUBE-wolfSSL.5.7.2
2024-10-01 13:37:33,621 [WARN] PackLoader:240 - Cannot read IP mode file for STMicroelectronics.X-CUBE-EEPRMA1.5.1.0
2024-10-01 13:37:33,630 [WARN] PackLoader:240 - Cannot read IP mode file for ITTIA_DB.I-CUBE-ITTIADB.8.9.0
2024-10-01 13:37:33,743 [WARN] PackLoader:240 - Cannot read IP mode file for SEGGER.I-CUBE-embOS.1.3.1
2024-10-01 13:37:33,838 [WARN] PackLoader:240 - Cannot read IP mode file for STMicroelectronics.X-CUBE-ALGOBUILD.1.4.0
2024-10-01 13:37:33,845 [WARN] PackLoader:240 - Cannot read IP mode file for STMicroelectronics.X-CUBE-GNSS1.6.0.0
2024-10-01 13:37:33,878 [WARN] PackLoader:240 - Cannot read IP mode file for STMicroelectronics.X-CUBE-AZRTOS-F4.1.1.0
2024-10-01 13:37:33,887 [WARN] PackLoader:240 - Cannot read IP mode file for STMicroelectronics.X-CUBE-ISPU.2.1.0
2024-10-01 13:37:33,901 [WARN] PackLoader:240 - Cannot read IP mode file for STMicroelectronics.X-CUBE-FREERTOS.1.2.0
2024-10-01 13:37:33,923 [WARN] PackLoader:240 - Cannot read IP mode file for STMicroelectronics.X-CUBE-AZRTOS-L5.2.0.0
2024-10-01 13:37:33,936 [WARN] PackLoader:240 - Cannot read IP mode file for STMicroelectronics.X-CUBE-NFC6.3.1.0
2024-10-01 13:37:33,946 [WARN] PackLoader:240 - Cannot read IP mode file for STMicroelectronics.X-CUBE-DPower.1.2.0
2024-10-01 13:37:33,950 [WARN] PackLoader:240 - Cannot read IP mode file for STMicroelectronics.X-CUBE-AI.9.0.0
2024-10-01 13:37:33,955 [WARN] PackLoader:240 - Cannot read IP mode file for STMicroelectronics.X-CUBE-NFC7.1.0.1
2024-10-01 13:37:34,002 [WARN] ConditionMgr:438 - getConditionDescription Invalid condition id : LAN8742 Phy interface Condition cause : null
2024-10-01 13:37:34,004 [WARN] PackLoader:240 - Cannot read IP mode file for STMicroelectronics.X-CUBE-AZRTOS-L4.2.0.0
2024-10-01 13:37:34,010 [WARN] ConditionMgr:1039 - genDependencies : Invalid condition id : LAN8742 Phy interface Condition cause : null
2024-10-01 13:37:34,011 [WARN] ConditionMgr:1039 - genDependencies : Invalid condition id : LAN8742 Phy interface Condition cause : null
2024-10-01 13:37:34,012 [WARN] ConditionMgr:1039 - genDependencies : Invalid condition id : LAN8742 Phy interface Condition cause : null
2024-10-01 13:37:34,118 [WARN] PackLoader:240 - Cannot read IP mode file for STMicroelectronics.X-CUBE-SFXS2LP1.4.0.0
2024-10-01 13:37:34,189 [WARN] PackLoader:240 - Cannot read IP mode file for STMicroelectronics.X-CUBE-AZRTOS-H7.3.3.0
2024-10-01 13:37:34,221 [WARN] ConditionMgr:438 - getConditionDescription Invalid condition id : UX DEVICE CLASS RTOS Condition cause : null
2024-10-01 13:37:34,221 [WARN] ConditionMgr:438 - getConditionDescription Invalid condition id : UX DEVICE CLASS RTOS Condition cause : null
2024-10-01 13:37:34,225 [WARN] PackLoader:240 - Cannot read IP mode file for STMicroelectronics.X-CUBE-AZRTOS-WB.2.0.0
2024-10-01 13:37:34,226 [WARN] ConditionMgr:1039 - genDependencies : Invalid condition id : UX DEVICE CLASS RTOS Condition cause : null
2024-10-01 13:37:34,226 [WARN] ConditionMgr:1039 - genDependencies : Invalid condition id : UX DEVICE CLASS RTOS Condition cause : null
2024-10-01 13:37:34,227 [WARN] ConditionMgr:1039 - genDependencies : Invalid condition id : UX DEVICE CLASS RTOS Condition cause : null
2024-10-01 13:37:34,227 [WARN] ConditionMgr:1039 - genDependencies : Invalid condition id : UX DEVICE CLASS RTOS Condition cause : null
2024-10-01 13:37:34,227 [WARN] ConditionMgr:1039 - genDependencies : Invalid condition id : UX DEVICE CLASS RTOS Condition cause : null
2024-10-01 13:37:34,241 [WARN] PackLoader:240 - Cannot read IP mode file for STMicroelectronics.X-CUBE-GNSS1.7.0.0
2024-10-01 13:37:34,256 [WARN] PackLoader:240 - Cannot read IP mode file for STMicroelectronics.FP-SNS-STBOX1.2.0.0
2024-10-01 13:37:34,276 [WARN] PackLoader:240 - Cannot read IP mode file for STMicroelectronics.X-CUBE-SUBG2.5.0.0
2024-10-01 13:37:34,286 [WARN] PackLoader:240 - Cannot read IP mode file for Cesanta.I-CUBE-Mongoose.7.13.0
2024-10-01 13:37:34,304 [WARN] PackLoader:240 - Cannot read IP mode file for STMicroelectronics.X-CUBE-AZRTOS-G4.2.0.0
2024-10-01 13:37:34,316 [WARN] PackLoader:240 - Cannot read IP mode file for STMicroelectronics.X-CUBE-ISPU.2.0.0
2024-10-01 13:37:34,319 [WARN] PackLoader:240 - Cannot read IP mode file for STMicroelectronics.X-CUBE-ALS.1.0.2
2024-10-01 13:37:34,329 [WARN] PackLoader:240 - Cannot read IP mode file for STMicroelectronics.X-CUBE-TOUCHGFX.4.24.0
2024-10-01 13:37:34,331 [WARN] PackLoader:240 - Cannot read IP mode file for STMicroelectronics.X-CUBE-TOUCHGFX.4.24.1
2024-10-01 13:37:34,332 [WARN] PackLoader:240 - Cannot read IP mode file for wolfSSL.I-CUBE-wolfTPM.3.4.0
2024-10-01 13:37:34,337 [WARN] PackLoader:240 - Cannot read IP mode file for portGmbH.I-Cube-SoM-uGOAL.1.1.0
2024-10-01 13:37:34,357 [WARN] PackLoader:240 - Cannot read IP mode file for STMicroelectronics.X-CUBE-AZRTOS-H7RS.1.0.0
2024-10-01 13:37:34,365 [WARN] PackLoader:240 - Cannot read IP mode file for STMicroelectronics.FP-ATR-ASTRA1.2.0.0
2024-10-01 13:37:34,377 [WARN] PackLoader:240 - Cannot read IP mode file for STMicroelectronics.X-CUBE-TOF1.3.4.2
2024-10-01 13:37:34,413 [WARN] PackLoader:240 - Cannot read IP mode file for Infineon.AIROC-Wi-Fi-Bluetooth-STM32.1.6.1
2024-10-01 13:37:34,424 [WARN] PackLoader:240 - Cannot read IP mode file for wolfSSL.I-CUBE-wolfSSH.1.4.17
2024-10-01 13:37:34,432 [INFO] ThirdParty:978 - Integrity check success = true
2024-10-01 13:37:34,433 [INFO] IntegrityCheckThread:100 - exiting critical section [integrity check]
2024-10-01 13:37:34,433 [INFO] IntegrityCheckThread:103 - End integrity checks thread
2024-10-01 13:37:36,488 [INFO] WebApp:167 - Instantiating new browser for Auth
2024-10-01 13:37:38,409 [INFO] WebApp:448 - Apply proxy settings
2024-10-01 13:37:38,421 [INFO] WebApp:493 - Chromium authenticates against Manually configured proxy
2024-10-01 13:37:38,451 [INFO] WebApp:501 - Username used for proxy authentication: 
2024-10-01 13:37:38,528 [INFO] WebApp:869 - Register for checkConnection events
2024-10-01 13:37:38,528 [INFO] WebApp:448 - Apply proxy settings
2024-10-01 13:37:38,531 [INFO] WebApp:493 - Chromium authenticates against Manually configured proxy
2024-10-01 13:37:38,532 [INFO] WebApp:501 - Username used for proxy authentication: 
2024-10-01 13:37:38,723 [INFO] WebApp:220 - Starting web application
2024-10-01 13:37:38,723 [INFO] WebApp:578 - Web application path used /Applications/STM32CubeIDE.app/Contents/Eclipse/plugins/com.st.stm32cube.common.mx_6.12.0.202406281431/db/plugins/mcufinder/reactClient1/index.html
2024-10-01 13:37:39,336 [INFO] UserAuth:417 - Internet connection configuration mode: 1
2024-10-01 13:37:39,635 [INFO] WebApp:186 - Connection restablished
2024-10-01 14:04:30,410 [INFO] WebApp:189 - Connection lost
2024-10-01 14:04:38,477 [INFO] WebApp:186 - Connection restablished
2024-10-01 15:00:01,465 [INFO] WebApp:189 - Connection lost
2024-10-01 15:00:07,128 [INFO] WebApp:186 - Connection restablished
2024-10-01 15:01:28,154 [INFO] WebApp:189 - Connection lost
2024-10-01 15:01:34,322 [INFO] WebApp:186 - Connection restablished
2024-10-01 15:02:12,807 [INFO] WebApp:189 - Connection lost
2024-10-01 15:02:17,487 [INFO] WebApp:186 - Connection restablished
2024-10-01 15:03:00,861 [INFO] WebApp:189 - Connection lost
2024-10-01 15:03:06,437 [INFO] WebApp:186 - Connection restablished
2024-10-01 15:03:23,699 [INFO] WebApp:189 - Connection lost
2024-10-01 15:03:29,505 [INFO] WebApp:186 - Connection restablished
2024-10-01 15:04:15,063 [INFO] WebApp:189 - Connection lost
2024-10-01 15:04:26,067 [INFO] WebApp:186 - Connection restablished
2024-10-01 15:04:51,052 [INFO] WebApp:189 - Connection lost
2024-10-01 15:04:57,906 [INFO] WebApp:186 - Connection restablished
2024-10-01 15:05:16,712 [INFO] WebApp:189 - Connection lost
2024-10-01 15:05:21,365 [INFO] WebApp:186 - Connection restablished
2024-10-01 15:06:19,160 [INFO] WebApp:189 - Connection lost
2024-10-01 15:06:23,714 [INFO] WebApp:186 - Connection restablished
2024-10-01 15:06:48,519 [INFO] WebApp:189 - Connection lost
2024-10-01 15:06:53,363 [INFO] WebApp:186 - Connection restablished
2024-10-01 15:07:21,839 [INFO] WebApp:189 - Connection lost
2024-10-01 15:07:27,060 [INFO] WebApp:186 - Connection restablished
2024-10-01 15:07:53,307 [INFO] WebApp:189 - Connection lost
2024-10-01 15:07:57,942 [INFO] WebApp:186 - Connection restablished
2024-10-01 15:08:38,686 [INFO] WebApp:189 - Connection lost
2024-10-01 15:08:43,568 [INFO] WebApp:186 - Connection restablished
2024-10-01 15:09:09,572 [INFO] WebApp:189 - Connection lost
2024-10-01 15:09:14,677 [INFO] WebApp:186 - Connection restablished
2024-10-01 15:11:10,548 [INFO] WebApp:189 - Connection lost
2024-10-01 15:11:52,556 [INFO] WebApp:186 - Connection restablished
2024-10-01 15:12:46,311 [INFO] WebApp:189 - Connection lost
2024-10-01 15:13:24,584 [INFO] WebApp:186 - Connection restablished
2024-10-01 15:14:11,720 [INFO] WebApp:189 - Connection lost
2024-10-01 15:14:16,960 [INFO] WebApp:186 - Connection restablished
2024-10-01 15:14:33,603 [INFO] WebApp:189 - Connection lost
2024-10-01 15:14:38,403 [INFO] WebApp:186 - Connection restablished
2024-10-01 15:15:13,357 [INFO] WebApp:189 - Connection lost
2024-10-01 15:15:18,208 [INFO] WebApp:186 - Connection restablished
2024-10-01 15:15:39,557 [INFO] WebApp:189 - Connection lost
2024-10-01 15:15:44,527 [INFO] WebApp:186 - Connection restablished
2024-10-01 15:16:27,458 [INFO] WebApp:189 - Connection lost
2024-10-01 15:16:32,505 [INFO] WebApp:186 - Connection restablished
2024-10-01 15:17:10,182 [INFO] WebApp:189 - Connection lost
2024-10-01 15:17:15,286 [INFO] WebApp:186 - Connection restablished
2024-10-01 15:23:21,672 [ERROR] LogOutputStream:75 - [STDERR_REDIRECT] 
