2024-10-29 13:50:41,949 [INFO] Activator:176 - 


2024-10-29 13:50:41,959 [INFO] Activator:177 - !SESSION log4j initialized
2024-10-29 13:50:50,473 [INFO] LogOutputStream:77 - [STDOUT_REDIRECT] 
2024-10-29 13:50:51,285 [ERROR] LogOutputStream:75 - [STDERR_REDIRECT] 
2024-10-29 13:50:54,775 [INFO] LogOutputStream:77 - [STDOUT_REDIRECT] 
2024-10-29 13:50:57,792 [INFO] ApplicationProperties:184 - Using Application install path: /Applications/STM32CubeIDE.app/Contents/Eclipse/plugins/com.st.stm32cube.common.mx_6.12.1.202409122256
2024-10-29 13:50:57,814 [INFO] DbMcusXml:78 - Set database path to: /Applications/STM32CubeIDE.app/Contents/Eclipse/plugins/com.st.stm32cube.common.mx_6.12.1.202409122256//db//mcu/
2024-10-29 13:50:57,814 [INFO] ApiDb:274 - Set plugin database path to: /Applications/STM32CubeIDE.app/Contents/Eclipse/plugins/com.st.stm32cube.common.mx_6.12.1.202409122256//db//plugins/boardmanager/
2024-10-29 13:50:57,815 [WARN] ApiDb:259 - Overriding images path with different value:  => /Applications/STM32CubeIDE.app/Contents/Eclipse/plugins/com.st.stm32cube.common.mx_6.12.1.202409122256//db//plugins/mcufinder/images/
2024-10-29 13:50:57,825 [INFO] ApiDb:250 - Set database path to: /var/root/.stmcufinder/plugins/mcufinder//mcu/
2024-10-29 13:50:57,828 [INFO] DbMcusAds:125 - Set database path to: /var/root/.stmcufinder/plugins/mcufinder//mcu/
2024-10-29 13:50:57,831 [INFO] CrossReferenceDbSqlite:203 - Set database path to: /var/root/.stmcufinder/plugins/mcufinder//mcu/cs/
2024-10-29 13:50:58,043 [INFO] RulesReader:64 - Compatibility file has been processed (297 Rules)
2024-10-29 13:50:58,135 [INFO] DbMcusXml:78 - Set database path to: /Applications/STM32CubeIDE.app/Contents/Eclipse/plugins/com.st.stm32cube.common.mx_6.12.1.202409122256//db//mcu/
2024-10-29 13:50:58,135 [INFO] ApiDb:274 - Set plugin database path to: /Applications/STM32CubeIDE.app/Contents/Eclipse/plugins/com.st.stm32cube.common.mx_6.12.1.202409122256//db//plugins/boardmanager/
2024-10-29 13:50:58,136 [INFO] ApiDb:261 - Set plugin images path to: /Applications/STM32CubeIDE.app/Contents/Eclipse/plugins/com.st.stm32cube.common.mx_6.12.1.202409122256//db//plugins/mcufinder/images/
2024-10-29 13:50:58,136 [WARN] DbFile:41 - Overriding database path with different value: /var/root/.stmcufinder/plugins/mcufinder/ => /var/root/.stmcufinder/plugins/mcufinder
2024-10-29 13:50:58,136 [INFO] ApiDb:250 - Set database path to: /var/root/.stmcufinder/plugins/mcufinder//mcu/
2024-10-29 13:50:58,137 [WARN] DbFile:41 - Overriding database path with different value: /var/root/.stmcufinder/plugins/mcufinder/ => /var/root/.stmcufinder/plugins/mcufinder
2024-10-29 13:50:58,137 [INFO] DbMcusAds:125 - Set database path to: /var/root/.stmcufinder/plugins/mcufinder//mcu/
2024-10-29 13:50:58,137 [WARN] DbFile:41 - Overriding database path with different value: /var/root/.stmcufinder/plugins/mcufinder/ => /var/root/.stmcufinder/plugins/mcufinder
2024-10-29 13:50:58,137 [WARN] DbFile:41 - Overriding database path with different value: /var/root/.stmcufinder/plugins/mcufinder/ => /var/root/.stmcufinder/plugins/mcufinder
2024-10-29 13:50:58,137 [INFO] CrossReferenceDbSqlite:203 - Set database path to: /var/root/.stmcufinder/plugins/mcufinder//mcu/cs/
2024-10-29 13:50:58,259 [INFO] MainPanel:268 - HeapMemory: 307232768
2024-10-29 13:50:58,933 [INFO] DbMcusXml:78 - Set database path to: /Applications/STM32CubeIDE.app/Contents/Eclipse/plugins/com.st.stm32cube.common.mx_6.12.1.202409122256//db//mcu/
2024-10-29 13:50:58,934 [INFO] ApiDb:274 - Set plugin database path to: /Applications/STM32CubeIDE.app/Contents/Eclipse/plugins/com.st.stm32cube.common.mx_6.12.1.202409122256//db//plugins/boardmanager/
2024-10-29 13:50:58,934 [INFO] ApiDb:261 - Set plugin images path to: /Applications/STM32CubeIDE.app/Contents/Eclipse/plugins/com.st.stm32cube.common.mx_6.12.1.202409122256//db//plugins/mcufinder/images/
2024-10-29 13:50:58,935 [WARN] DbFile:41 - Overriding database path with different value: /var/root/.stmcufinder/plugins/mcufinder/ => /var/root/.stmcufinder/plugins/mcufinder
2024-10-29 13:50:58,935 [INFO] ApiDb:250 - Set database path to: /var/root/.stmcufinder/plugins/mcufinder//mcu/
2024-10-29 13:50:58,935 [WARN] DbFile:41 - Overriding database path with different value: /var/root/.stmcufinder/plugins/mcufinder/ => /var/root/.stmcufinder/plugins/mcufinder
2024-10-29 13:50:58,935 [INFO] DbMcusAds:125 - Set database path to: /var/root/.stmcufinder/plugins/mcufinder//mcu/
2024-10-29 13:50:58,935 [WARN] DbFile:41 - Overriding database path with different value: /var/root/.stmcufinder/plugins/mcufinder/ => /var/root/.stmcufinder/plugins/mcufinder
2024-10-29 13:50:58,935 [WARN] DbFile:41 - Overriding database path with different value: /var/root/.stmcufinder/plugins/mcufinder/ => /var/root/.stmcufinder/plugins/mcufinder
2024-10-29 13:50:58,935 [INFO] CrossReferenceDbSqlite:203 - Set database path to: /var/root/.stmcufinder/plugins/mcufinder//mcu/cs/
2024-10-29 13:50:58,964 [INFO] ApplicationProperties:184 - Using Application install path: /Applications/STM32CubeIDE.app/Contents/Eclipse/plugins/com.st.stm32cube.common.mx_6.12.1.202409122256
2024-10-29 13:50:58,966 [INFO] PluginManage:196 - Search for loadable plugins [exclusion list=, ]
2024-10-29 13:50:58,968 [INFO] PluginManage:310 - Check plugin analytics
2024-10-29 13:50:59,392 [INFO] AnalyticsPlugin:253 - Accepted Software Licenses: 
2024-10-29 13:50:59,392 [INFO] AnalyticsPlugin:255 - Accepted CMSIS Pack Licenses: 
2024-10-29 13:50:59,392 [INFO] AnalyticsPlugin:257 - Accepted Firmware Licenses: 
2024-10-29 13:50:59,405 [INFO] PluginManage:359 - Loaded plugin analytics (category:tool,tabindex:-1)
2024-10-29 13:50:59,406 [INFO] PluginManage:310 - Check plugin cadmodel
2024-10-29 13:50:59,424 [INFO] CADModel:105 - Init CAD model plugin
2024-10-29 13:50:59,424 [INFO] PluginManage:359 - Loaded plugin cadmodel (category:power,tabindex:5)
2024-10-29 13:50:59,425 [INFO] PluginManage:310 - Check plugin clock
2024-10-29 13:50:59,438 [INFO] PluginManage:359 - Loaded plugin clock (category:base,tabindex:2)
2024-10-29 13:50:59,439 [INFO] PluginManage:310 - Check plugin ddr
2024-10-29 13:50:59,442 [INFO] PluginManage:359 - Loaded plugin ddr (category:tool,tabindex:6)
2024-10-29 13:50:59,442 [INFO] PluginManage:310 - Check plugin filemanager
2024-10-29 13:50:59,694 [INFO] PluginManage:359 - Loaded plugin filemanager (category:base,tabindex:10)
2024-10-29 13:50:59,695 [INFO] PluginManage:310 - Check plugin ipmanager
2024-10-29 13:50:59,705 [INFO] PluginManage:359 - Loaded plugin ipmanager (category:base,tabindex:5)
2024-10-29 13:50:59,705 [INFO] PluginManage:310 - Check plugin lpbam
2024-10-29 13:50:59,720 [INFO] PluginManage:359 - Loaded plugin lpbam (category:base,tabindex:0)
2024-10-29 13:50:59,720 [INFO] PluginManage:310 - Check plugin memorymap
2024-10-29 13:50:59,734 [INFO] PluginManage:359 - Loaded plugin memorymap (category:base,tabindex:4)
2024-10-29 13:50:59,735 [INFO] PluginManage:310 - Check plugin pinoutandconfiguration
2024-10-29 13:50:59,745 [INFO] PluginManage:359 - Loaded plugin pinoutandconfiguration (category:base,tabindex:1)
2024-10-29 13:50:59,745 [INFO] PluginManage:310 - Check plugin pinoutconfig
2024-10-29 13:50:59,884 [WARN] SupportedApi:132 - Cannot load RTOS API schema: s4s-elt-must-match.1: The content of 'definitions' must match (annotation?, (simpleType | complexType)?, (unique | key | keyref)*)). A problem was found starting at: attribute.
2024-10-29 13:51:00,110 [INFO] PluginManage:359 - Loaded plugin pinoutconfig (category:base,tabindex:0)
2024-10-29 13:51:00,110 [INFO] PluginManage:310 - Check plugin power
2024-10-29 13:51:00,134 [INFO] PluginManage:359 - Loaded plugin power (category:power,tabindex:4)
2024-10-29 13:51:00,134 [INFO] PluginManage:310 - Check plugin projectmanager
2024-10-29 13:51:00,182 [INFO] PluginManage:359 - Loaded plugin projectmanager (category:projectmanager,tabindex:4)
2024-10-29 13:51:00,182 [INFO] PluginManage:310 - Check plugin rif
2024-10-29 13:51:00,190 [INFO] PluginManage:359 - Loaded plugin rif (category:base,tabindex:3)
2024-10-29 13:51:00,193 [INFO] PluginManage:310 - Check plugin thirdparty
2024-10-29 13:51:00,473 [INFO] PluginManage:359 - Loaded plugin thirdparty (category:base,tabindex:-1)
2024-10-29 13:51:00,473 [WARN] IntegrityCheckThread:84 - waiting for thirdparty lock release [integrity check]
2024-10-29 13:51:00,473 [INFO] IntegrityCheckThread:86 - entering critical section [integrity check]
2024-10-29 13:51:00,475 [INFO] PluginManage:310 - Check plugin tools
2024-10-29 13:51:00,475 [INFO] ThirdPartyUpdaterWithRetryManager:70 - Updater plugin not ready yet. [1/15]
2024-10-29 13:51:00,481 [INFO] PluginManage:359 - Loaded plugin tools (category:base,tabindex:7)
2024-10-29 13:51:00,481 [INFO] PluginManage:310 - Check plugin tutovideos
2024-10-29 13:51:00,828 [INFO] PluginManage:359 - Loaded plugin tutovideos (category:base,tabindex:-1)
2024-10-29 13:51:00,828 [INFO] PluginManage:310 - Check plugin updater
2024-10-29 13:51:00,876 [INFO] PluginManage:359 - Loaded plugin updater (category:base,tabindex:12)
2024-10-29 13:51:00,876 [INFO] PluginManage:310 - Check plugin userauth
2024-10-29 13:51:00,893 [INFO] UserAuth:113 - Init User Auth plugin
2024-10-29 13:51:00,894 [INFO] PluginManage:359 - Loaded plugin userauth (category:base,tabindex:14)
2024-10-29 13:51:00,895 [INFO] PluginManage:283 - PluginManage : Loaded plugins [18]
2024-10-29 13:51:01,570 [INFO] PinOutPanel:1561 - setPackage(No Configuration,No Configuration)
2024-10-29 13:51:01,692 [INFO] CADModel:165 - CPN selected for project level
2024-10-29 13:51:01,692 [INFO] CADModel:114 - Register for checkConnection events
2024-10-29 13:51:01,713 [INFO] IPUIPlugin:80 - create IPUIPlugin
2024-10-29 13:51:01,714 [INFO] PluginManager:220 - loadIPPluginJar : add mdma
2024-10-29 13:51:01,721 [INFO] IPUIPlugin:80 - create IPUIPlugin
2024-10-29 13:51:01,722 [INFO] PluginManager:220 - loadIPPluginJar : add freertos
2024-10-29 13:51:01,726 [INFO] IPUIPlugin:80 - create IPUIPlugin
2024-10-29 13:51:01,726 [INFO] PluginManager:220 - loadIPPluginJar : add gic
2024-10-29 13:51:01,736 [INFO] IPUIPlugin:80 - create IPUIPlugin
2024-10-29 13:51:01,736 [INFO] PluginManager:220 - loadIPPluginJar : add adc
2024-10-29 13:51:01,738 [INFO] IPUIPlugin:80 - create IPUIPlugin
2024-10-29 13:51:01,738 [INFO] PluginManager:220 - loadIPPluginJar : add gtzc
2024-10-29 13:51:01,739 [INFO] IPUIPlugin:80 - create IPUIPlugin
2024-10-29 13:51:01,739 [INFO] PluginManager:220 - loadIPPluginJar : add quadspi
2024-10-29 13:51:01,741 [INFO] IPUIPlugin:80 - create IPUIPlugin
2024-10-29 13:51:01,741 [INFO] PluginManager:220 - loadIPPluginJar : add aes
2024-10-29 13:51:01,743 [INFO] IPUIPlugin:80 - create IPUIPlugin
2024-10-29 13:51:01,743 [INFO] PluginManager:220 - loadIPPluginJar : add pdm2pcm
2024-10-29 13:51:01,746 [INFO] IPUIPlugin:80 - create IPUIPlugin
2024-10-29 13:51:01,746 [INFO] PluginManager:220 - loadIPPluginJar : add hash
2024-10-29 13:51:01,747 [INFO] IPUIPlugin:80 - create IPUIPlugin
2024-10-29 13:51:01,748 [INFO] PluginManager:220 - loadIPPluginJar : add tim
2024-10-29 13:51:01,749 [INFO] IPUIPlugin:80 - create IPUIPlugin
2024-10-29 13:51:01,750 [INFO] PluginManager:220 - loadIPPluginJar : add tsc
2024-10-29 13:51:01,752 [INFO] IPUIPlugin:80 - create IPUIPlugin
2024-10-29 13:51:01,753 [INFO] PluginManager:220 - loadIPPluginJar : add extmemmanager
2024-10-29 13:51:01,755 [INFO] IPUIPlugin:80 - create IPUIPlugin
2024-10-29 13:51:01,755 [INFO] PluginManager:220 - loadIPPluginJar : add ts
2024-10-29 13:51:01,757 [INFO] IPUIPlugin:80 - create IPUIPlugin
2024-10-29 13:51:01,758 [INFO] PluginManager:220 - loadIPPluginJar : add radio
2024-10-29 13:51:01,760 [INFO] IPUIPlugin:80 - create IPUIPlugin
2024-10-29 13:51:01,760 [INFO] PluginManager:220 - loadIPPluginJar : add can
2024-10-29 13:51:01,761 [INFO] IPUIPlugin:80 - create IPUIPlugin
2024-10-29 13:51:01,762 [INFO] PluginManager:220 - loadIPPluginJar : add dma3
2024-10-29 13:51:01,763 [INFO] IPUIPlugin:80 - create IPUIPlugin
2024-10-29 13:51:01,763 [INFO] PluginManager:220 - loadIPPluginJar : add dfsdm
2024-10-29 13:51:01,769 [INFO] IPUIPlugin:80 - create IPUIPlugin
2024-10-29 13:51:01,769 [INFO] PluginManager:220 - loadIPPluginJar : add spi
2024-10-29 13:51:01,776 [INFO] IPUIPlugin:80 - create IPUIPlugin
2024-10-29 13:51:01,776 [INFO] PluginManager:220 - loadIPPluginJar : add gfxmmu
2024-10-29 13:51:01,782 [INFO] IPUIPlugin:80 - create IPUIPlugin
2024-10-29 13:51:01,782 [INFO] PluginManager:220 - loadIPPluginJar : add genericplugin
2024-10-29 13:51:01,784 [INFO] IPUIPlugin:80 - create IPUIPlugin
2024-10-29 13:51:01,784 [INFO] PluginManager:220 - loadIPPluginJar : add cryp
2024-10-29 13:51:01,790 [INFO] IPUIPlugin:80 - create IPUIPlugin
2024-10-29 13:51:01,790 [INFO] PluginManager:220 - loadIPPluginJar : add gpio
2024-10-29 13:51:01,795 [INFO] IPUIPlugin:80 - create IPUIPlugin
2024-10-29 13:51:01,795 [INFO] PluginManager:220 - loadIPPluginJar : add ddr_ctrl_phy
2024-10-29 13:51:01,797 [INFO] IPUIPlugin:80 - create IPUIPlugin
2024-10-29 13:51:01,797 [INFO] PluginManager:220 - loadIPPluginJar : add comp
2024-10-29 13:51:01,799 [INFO] IPUIPlugin:80 - create IPUIPlugin
2024-10-29 13:51:01,800 [INFO] PluginManager:220 - loadIPPluginJar : add tracer_emb
2024-10-29 13:51:01,803 [INFO] IPUIPlugin:80 - create IPUIPlugin
2024-10-29 13:51:01,804 [INFO] PluginManager:220 - loadIPPluginJar : add openamp
2024-10-29 13:51:01,809 [INFO] IPUIPlugin:80 - create IPUIPlugin
2024-10-29 13:51:01,809 [INFO] PluginManager:220 - loadIPPluginJar : add stm32_wpan
2024-10-29 13:51:01,814 [INFO] IPUIPlugin:80 - create IPUIPlugin
2024-10-29 13:51:01,828 [INFO] PluginManager:220 - loadIPPluginJar : add plateformsettings
2024-10-29 13:51:01,831 [INFO] IPUIPlugin:80 - create IPUIPlugin
2024-10-29 13:51:01,831 [INFO] PluginManager:220 - loadIPPluginJar : add ipddr
2024-10-29 13:51:01,833 [INFO] IPUIPlugin:80 - create IPUIPlugin
2024-10-29 13:51:01,834 [INFO] PluginManager:220 - loadIPPluginJar : add usart
2024-10-29 13:51:01,835 [INFO] IPUIPlugin:80 - create IPUIPlugin
2024-10-29 13:51:01,835 [INFO] PluginManager:220 - loadIPPluginJar : add ltdc
2024-10-29 13:51:01,837 [INFO] IPUIPlugin:80 - create IPUIPlugin
2024-10-29 13:51:01,838 [INFO] PluginManager:220 - loadIPPluginJar : add nvic
2024-10-29 13:51:01,839 [INFO] IPUIPlugin:80 - create IPUIPlugin
2024-10-29 13:51:01,840 [INFO] PluginManager:220 - loadIPPluginJar : add fatfs
2024-10-29 13:51:01,849 [INFO] IPUIPlugin:80 - create IPUIPlugin
2024-10-29 13:51:01,849 [INFO] PluginManager:220 - loadIPPluginJar : add linkedlist
2024-10-29 13:51:01,860 [INFO] IPUIPlugin:80 - create IPUIPlugin
2024-10-29 13:51:01,860 [INFO] PluginManager:220 - loadIPPluginJar : add dma
2024-10-29 13:51:01,865 [INFO] IPUIPlugin:80 - create IPUIPlugin
2024-10-29 13:51:01,865 [INFO] PluginManager:220 - loadIPPluginJar : add fmc
2024-10-29 13:51:01,866 [INFO] IPUIPlugin:80 - create IPUIPlugin
2024-10-29 13:51:01,867 [INFO] PluginManager:220 - loadIPPluginJar : add i2s
2024-10-29 13:51:01,868 [INFO] IPUIPlugin:80 - create IPUIPlugin
2024-10-29 13:51:01,868 [INFO] PluginManager:220 - loadIPPluginJar : add ucpd
2024-10-29 13:51:01,870 [INFO] IPUIPlugin:80 - create IPUIPlugin
2024-10-29 13:51:01,871 [INFO] PluginManager:220 - loadIPPluginJar : add lorawan
2024-10-29 13:51:01,872 [INFO] IPUIPlugin:80 - create IPUIPlugin
2024-10-29 13:51:01,873 [INFO] PluginManager:220 - loadIPPluginJar : add opamp
2024-10-29 13:51:01,875 [INFO] IPUIPlugin:80 - create IPUIPlugin
2024-10-29 13:51:01,875 [INFO] PluginManager:220 - loadIPPluginJar : add i3c
2024-10-29 13:51:01,881 [INFO] IPUIPlugin:80 - create IPUIPlugin
2024-10-29 13:51:01,882 [INFO] PluginManager:220 - loadIPPluginJar : add touchsensing
2024-10-29 13:51:01,886 [INFO] IPUIPlugin:80 - create IPUIPlugin
2024-10-29 13:51:01,886 [INFO] PluginManager:220 - loadIPPluginJar : add i2c
2024-10-29 13:51:01,889 [INFO] IPUIPlugin:80 - create IPUIPlugin
2024-10-29 13:51:01,889 [INFO] PluginManager:220 - loadIPPluginJar : add resmgrutility
2024-10-29 13:51:01,891 [INFO] IPUIPlugin:80 - create IPUIPlugin
2024-10-29 13:51:01,891 [INFO] PluginManager:220 - loadIPPluginJar : add sai
2024-10-29 13:51:01,893 [INFO] IPUIPlugin:80 - create IPUIPlugin
2024-10-29 13:51:01,894 [INFO] PluginManager:220 - loadIPPluginJar : add usbx
2024-10-29 13:51:02,053 [INFO] CADModel:165 - CPN selected for project level
2024-10-29 13:51:02,054 [INFO] CADModel:114 - Register for checkConnection events
2024-10-29 13:51:02,055 [FATAL] Updater:334 - Updater called before beeing initialized
2024-10-29 13:51:02,055 [ERROR] CADModel:125 - Updater not yet initialized, retry later 
2024-10-29 13:51:02,594 [INFO] CADModel:165 - CPN selected for project level
2024-10-29 13:51:02,595 [INFO] CADModel:114 - Register for checkConnection events
2024-10-29 13:51:02,596 [FATAL] Updater:334 - Updater called before beeing initialized
2024-10-29 13:51:02,596 [ERROR] CADModel:125 - Updater not yet initialized, retry later 
2024-10-29 13:51:02,603 [FATAL] Updater:334 - Updater called before beeing initialized
2024-10-29 13:51:03,139 [FATAL] Updater:334 - Updater called before beeing initialized
2024-10-29 13:51:03,154 [INFO] DbMcusAds:53 - JSON generation date=Thu Sep 30 02:55:09 EDT 2021 (1632984909247)
2024-10-29 13:51:03,155 [FATAL] Updater:334 - Updater called before beeing initialized
2024-10-29 13:51:03,266 [WARN] DetailPanel:346 - Failed to get advertising image, set to default
2024-10-29 13:51:03,374 [FATAL] Updater:334 - Updater called before beeing initialized
2024-10-29 13:51:03,376 [FATAL] Updater:334 - Updater called before beeing initialized
2024-10-29 13:51:03,376 [FATAL] Updater:334 - Updater called before beeing initialized
2024-10-29 13:51:03,376 [WARN] DetailPanel:346 - Failed to get advertising image, set to default
2024-10-29 13:51:03,377 [FATAL] Updater:334 - Updater called before beeing initialized
2024-10-29 13:51:03,482 [INFO] ThirdPartyUpdaterWithRetryManager:70 - Updater plugin not ready yet. [2/15]
2024-10-29 13:51:03,515 [ERROR] Updater:1164 - MainUpdater not yet initialized. External WinMGr cannot be set.
2024-10-29 13:51:03,528 [INFO] Updater:1100 - Updater Version found : 6.12.1
2024-10-29 13:51:03,548 [INFO] ApplicationProperties:184 - Using Application install path: /Applications/STM32CubeIDE.app/Contents/Eclipse/plugins/com.st.stm32cube.common.mx_6.12.1.202409122256
2024-10-29 13:51:04,076 [INFO] MainUpdater:2873 - connection check result : 10
2024-10-29 13:51:04,077 [INFO] MainUpdater:290 - Updater Check For Update Now.
2024-10-29 13:51:04,078 [INFO] MicroXplorer:498 - Change Database Version : DB.6.0.121
2024-10-29 13:51:04,087 [INFO] McuFinderGlobals:63 - Set McuFinder mode to 2 (CubeIDE integrated)
2024-10-29 13:51:04,091 [INFO] UserAuth:417 - Internet connection configuration mode: 1
2024-10-29 13:51:04,115 [INFO] JxBrowserEngine:152 - Initiate JxBrowser Engine with user profile folder
2024-10-29 13:51:04,485 [INFO] CheckServerUpdateThread:120 - End of CheckServer Thread
2024-10-29 13:51:06,826 [WARN] PackLoader:240 - Cannot read IP mode file for STMicroelectronics.FP-SNS-MOTENVWB1.1.4.0
2024-10-29 13:51:06,868 [WARN] PackLoader:240 - Cannot read IP mode file for STMicroelectronics.X-CUBE-SMBUS.2.1.0
2024-10-29 13:51:06,895 [WARN] PackLoader:240 - Cannot read IP mode file for STMicroelectronics.X-CUBE-WB05N.1.1.0
2024-10-29 13:51:06,956 [WARN] PackLoader:240 - Cannot read IP mode file for STMicroelectronics.X-CUBE-AZRTOS-F7.1.1.0
2024-10-29 13:51:07,227 [WARN] PackLoader:240 - Cannot read IP mode file for STMicroelectronics.X-CUBE-MEMS1.11.0.0
2024-10-29 13:51:07,739 [WARN] PackLoader:240 - Cannot read IP mode file for STMicroelectronics.FP-SNS-FLIGHT1.5.0.2
2024-10-29 13:51:07,794 [WARN] PackLoader:240 - Cannot read IP mode file for STMicroelectronics.X-CUBE-DISPLAY.3.0.0
2024-10-29 13:51:07,901 [WARN] PackLoader:240 - Cannot read IP mode file for STMicroelectronics.X-CUBE-BLE1.7.0.0
2024-10-29 13:51:07,956 [WARN] PackLoader:240 - Cannot read IP mode file for STMicroelectronics.X-CUBE-NFC10.1.0.0
2024-10-29 13:51:08,005 [WARN] PackLoader:240 - Cannot read IP mode file for emotas.I-CUBE-CANOPEN.1.3.0
2024-10-29 13:51:08,041 [WARN] PackLoader:240 - Cannot read IP mode file for STMicroelectronics.X-CUBE-BLEMGR.3.1.0
2024-10-29 13:51:08,059 [WARN] PackLoader:240 - Cannot read IP mode file for STMicroelectronics.FP-SNS-SMARTAG2.1.2.0
2024-10-29 13:51:08,084 [INFO] LogOutputStream:77 - [STDOUT_REDIRECT] 1 : Invalid condition id : UX_CORESTACK_Condition cause : null
2024-10-29 13:51:08,088 [INFO] LogOutputStream:77 - [STDOUT_REDIRECT] 1 : Invalid condition id : UX_CORESTACK_Condition cause : null
2024-10-29 13:51:08,088 [INFO] LogOutputStream:77 - [STDOUT_REDIRECT] 1 : Invalid condition id : UX_CORESTACK_Condition cause : null
2024-10-29 13:51:08,088 [INFO] LogOutputStream:77 - [STDOUT_REDIRECT] 1 : Invalid condition id : UX_CORESTACK_Condition cause : null
2024-10-29 13:51:08,089 [INFO] LogOutputStream:77 - [STDOUT_REDIRECT] 1 : Invalid condition id : UX_CORESTACK_Condition cause : null
2024-10-29 13:51:08,101 [WARN] PackLoader:240 - Cannot read IP mode file for STMicroelectronics.X-CUBE-AZRTOS-WL.2.0.0
2024-10-29 13:51:08,116 [WARN] PackLoader:240 - Cannot read IP mode file for STMicroelectronics.FP-SNS-MOTENV1.5.0.0
2024-10-29 13:51:08,138 [WARN] PackLoader:240 - Cannot read IP mode file for wolfSSL.I-CUBE-wolfMQTT.1.19.0
2024-10-29 13:51:08,158 [WARN] PackLoader:240 - Cannot read IP mode file for WES.I-CUBE-Cesium.1.3.0
2024-10-29 13:51:08,165 [WARN] PackLoader:240 - Cannot read IP mode file for STMicroelectronics.X-CUBE-BLE2.3.3.0
2024-10-29 13:51:08,186 [WARN] PackLoader:240 - Cannot read IP mode file for STMicroelectronics.X-CUBE-NFC9.1.0.0
2024-10-29 13:51:08,208 [WARN] PackLoader:240 - Cannot read IP mode file for STMicroelectronics.X-CUBE-TCPP.4.1.0
2024-10-29 13:51:08,262 [WARN] PackLoader:240 - Cannot read IP mode file for STMicroelectronics.X-CUBE-AZRTOS-G0.1.1.0
2024-10-29 13:51:08,278 [WARN] PackLoader:240 - Cannot read IP mode file for STMicroelectronics.X-CUBE-SAFEA1.1.2.2
2024-10-29 13:51:08,314 [WARN] PackLoader:240 - Cannot read IP mode file for STMicroelectronics.X-CUBE-NFC4.3.0.0
2024-10-29 13:51:08,352 [WARN] PackLoader:240 - Cannot read IP mode file for EmbeddedOffice.I-CUBE-FS-RTOS.1.0.1
2024-10-29 13:51:08,359 [ERROR] ConditionMgr:805 - Attr not supported : Dmpu
2024-10-29 13:51:08,363 [ERROR] ConditionMgr:805 - Attr not supported : Dmpu
2024-10-29 13:51:08,363 [ERROR] ConditionMgr:805 - Attr not supported : Dmpu
2024-10-29 13:51:08,364 [ERROR] ConditionMgr:805 - Attr not supported : Dmpu
2024-10-29 13:51:08,364 [ERROR] ConditionMgr:805 - Attr not supported : Dmpu
2024-10-29 13:51:08,364 [ERROR] ConditionMgr:805 - Attr not supported : Dmpu
2024-10-29 13:51:08,364 [ERROR] ConditionMgr:805 - Attr not supported : Dmpu
2024-10-29 13:51:08,364 [ERROR] ConditionMgr:805 - Attr not supported : Dmpu
2024-10-29 13:51:08,364 [ERROR] ConditionMgr:805 - Attr not supported : Dmpu
2024-10-29 13:51:08,364 [ERROR] ConditionMgr:805 - Attr not supported : Dmpu
2024-10-29 13:51:08,364 [ERROR] ConditionMgr:805 - Attr not supported : Dmpu
2024-10-29 13:51:08,364 [ERROR] ConditionMgr:805 - Attr not supported : Dmpu
2024-10-29 13:51:08,365 [ERROR] ConditionMgr:805 - Attr not supported : Dmpu
2024-10-29 13:51:08,365 [ERROR] ConditionMgr:805 - Attr not supported : Dmpu
2024-10-29 13:51:08,365 [ERROR] ConditionMgr:805 - Attr not supported : Dmpu
2024-10-29 13:51:08,365 [ERROR] ConditionMgr:805 - Attr not supported : Dmpu
2024-10-29 13:51:08,365 [ERROR] ConditionMgr:805 - Attr not supported : Dmpu
2024-10-29 13:51:08,365 [ERROR] ConditionMgr:805 - Attr not supported : Dmpu
2024-10-29 13:51:08,365 [ERROR] ConditionMgr:805 - Attr not supported : Dmpu
2024-10-29 13:51:08,365 [ERROR] ConditionMgr:805 - Attr not supported : Dmpu
2024-10-29 13:51:08,366 [ERROR] ConditionMgr:805 - Attr not supported : Dmpu
2024-10-29 13:51:08,366 [ERROR] ConditionMgr:805 - Attr not supported : Dmpu
2024-10-29 13:51:08,366 [ERROR] ConditionMgr:805 - Attr not supported : Dmpu
2024-10-29 13:51:08,367 [ERROR] ConditionMgr:805 - Attr not supported : Dmpu
2024-10-29 13:51:08,368 [ERROR] ConditionMgr:805 - Attr not supported : Dmpu
2024-10-29 13:51:08,368 [ERROR] ConditionMgr:805 - Attr not supported : Dmpu
2024-10-29 13:51:08,368 [ERROR] ConditionMgr:805 - Attr not supported : Dmpu
2024-10-29 13:51:08,368 [ERROR] ConditionMgr:805 - Attr not supported : Dmpu
2024-10-29 13:51:08,368 [ERROR] ConditionMgr:805 - Attr not supported : Dmpu
2024-10-29 13:51:08,368 [ERROR] ConditionMgr:805 - Attr not supported : Dmpu
2024-10-29 13:51:08,368 [ERROR] ConditionMgr:805 - Attr not supported : Dmpu
2024-10-29 13:51:08,368 [ERROR] ConditionMgr:805 - Attr not supported : Dmpu
2024-10-29 13:51:08,368 [ERROR] ConditionMgr:805 - Attr not supported : Dmpu
2024-10-29 13:51:08,368 [ERROR] ConditionMgr:805 - Attr not supported : Dmpu
2024-10-29 13:51:08,368 [ERROR] ConditionMgr:805 - Attr not supported : Dmpu
2024-10-29 13:51:08,368 [ERROR] ConditionMgr:805 - Attr not supported : Dmpu
2024-10-29 13:51:08,369 [ERROR] ConditionMgr:805 - Attr not supported : Dmpu
2024-10-29 13:51:08,371 [ERROR] ConditionMgr:805 - Attr not supported : Dmpu
2024-10-29 13:51:08,371 [ERROR] ConditionMgr:805 - Attr not supported : Dmpu
2024-10-29 13:51:08,371 [ERROR] ConditionMgr:805 - Attr not supported : Dmpu
2024-10-29 13:51:08,371 [ERROR] ConditionMgr:805 - Attr not supported : Dmpu
2024-10-29 13:51:08,371 [ERROR] ConditionMgr:805 - Attr not supported : Dmpu
2024-10-29 13:51:08,372 [ERROR] ConditionMgr:805 - Attr not supported : Dmpu
2024-10-29 13:51:08,372 [ERROR] ConditionMgr:805 - Attr not supported : Dmpu
2024-10-29 13:51:08,372 [ERROR] ConditionMgr:805 - Attr not supported : Dmpu
2024-10-29 13:51:08,372 [ERROR] ConditionMgr:805 - Attr not supported : Dmpu
2024-10-29 13:51:08,372 [ERROR] ConditionMgr:805 - Attr not supported : Dmpu
2024-10-29 13:51:08,372 [ERROR] ConditionMgr:805 - Attr not supported : Dmpu
2024-10-29 13:51:08,372 [ERROR] ConditionMgr:805 - Attr not supported : Dmpu
2024-10-29 13:51:08,372 [ERROR] ConditionMgr:805 - Attr not supported : Dmpu
2024-10-29 13:51:08,372 [ERROR] ConditionMgr:805 - Attr not supported : Dmpu
2024-10-29 13:51:08,372 [ERROR] ConditionMgr:805 - Attr not supported : Dmpu
2024-10-29 13:51:08,372 [ERROR] ConditionMgr:805 - Attr not supported : Dmpu
2024-10-29 13:51:08,372 [ERROR] ConditionMgr:805 - Attr not supported : Dmpu
2024-10-29 13:51:08,373 [ERROR] ConditionMgr:805 - Attr not supported : Dmpu
2024-10-29 13:51:08,373 [ERROR] ConditionMgr:805 - Attr not supported : Dmpu
2024-10-29 13:51:08,373 [ERROR] ConditionMgr:805 - Attr not supported : Dmpu
2024-10-29 13:51:08,373 [ERROR] ConditionMgr:805 - Attr not supported : Dmpu
2024-10-29 13:51:08,373 [ERROR] ConditionMgr:805 - Attr not supported : Dmpu
2024-10-29 13:51:08,373 [ERROR] ConditionMgr:805 - Attr not supported : Dmpu
2024-10-29 13:51:08,373 [ERROR] ConditionMgr:805 - Attr not supported : Dmpu
2024-10-29 13:51:08,373 [ERROR] ConditionMgr:805 - Attr not supported : Dmpu
2024-10-29 13:51:08,373 [ERROR] ConditionMgr:805 - Attr not supported : Dmpu
2024-10-29 13:51:08,373 [ERROR] ConditionMgr:805 - Attr not supported : Dmpu
2024-10-29 13:51:08,386 [WARN] PackLoader:240 - Cannot read IP mode file for RealThread.X-CUBE-RT-Thread_Nano.4.1.1
2024-10-29 13:51:08,390 [WARN] PackLoader:240 - Cannot read IP mode file for STMicroelectronics.FP-ATR-SIGFOX1.3.2.0
2024-10-29 13:51:08,403 [WARN] PackLoader:240 - Cannot read IP mode file for wolfSSL.I-CUBE-wolfSSL.5.7.2
2024-10-29 13:51:08,417 [WARN] PackLoader:240 - Cannot read IP mode file for STMicroelectronics.X-CUBE-EEPRMA1.5.1.0
2024-10-29 13:51:08,430 [WARN] PackLoader:240 - Cannot read IP mode file for ITTIA_DB.I-CUBE-ITTIADB.8.9.0
2024-10-29 13:51:08,660 [WARN] PackLoader:240 - Cannot read IP mode file for SEGGER.I-CUBE-embOS.1.3.1
2024-10-29 13:51:09,084 [WARN] PackLoader:240 - Cannot read IP mode file for STMicroelectronics.X-CUBE-ALGOBUILD.1.4.0
2024-10-29 13:51:09,097 [WARN] PackLoader:240 - Cannot read IP mode file for STMicroelectronics.X-CUBE-AI.9.1.0
2024-10-29 13:51:09,138 [WARN] PackLoader:240 - Cannot read IP mode file for STMicroelectronics.X-CUBE-AZRTOS-F4.1.1.0
2024-10-29 13:51:09,182 [WARN] PackLoader:240 - Cannot read IP mode file for STMicroelectronics.X-CUBE-ISPU.2.1.0
2024-10-29 13:51:09,221 [WARN] PackLoader:240 - Cannot read IP mode file for STMicroelectronics.X-CUBE-FREERTOS.1.2.0
2024-10-29 13:51:09,270 [WARN] PackLoader:240 - Cannot read IP mode file for STMicroelectronics.X-CUBE-AZRTOS-L5.2.0.0
2024-10-29 13:51:09,293 [WARN] PackLoader:240 - Cannot read IP mode file for STMicroelectronics.X-CUBE-NFC6.3.1.0
2024-10-29 13:51:09,309 [WARN] PackLoader:240 - Cannot read IP mode file for STMicroelectronics.X-CUBE-DPower.1.2.0
2024-10-29 13:51:09,311 [INFO] WebApp:167 - Instantiating new browser for Auth
2024-10-29 13:51:09,318 [WARN] PackLoader:240 - Cannot read IP mode file for STMicroelectronics.X-CUBE-NFC7.1.0.1
2024-10-29 13:51:09,418 [WARN] ConditionMgr:438 - getConditionDescription Invalid condition id : LAN8742 Phy interface Condition cause : null
2024-10-29 13:51:09,425 [WARN] PackLoader:240 - Cannot read IP mode file for STMicroelectronics.X-CUBE-AZRTOS-L4.2.0.0
2024-10-29 13:51:09,438 [WARN] ConditionMgr:1039 - genDependencies : Invalid condition id : LAN8742 Phy interface Condition cause : null
2024-10-29 13:51:09,442 [WARN] ConditionMgr:1039 - genDependencies : Invalid condition id : LAN8742 Phy interface Condition cause : null
2024-10-29 13:51:09,447 [WARN] ConditionMgr:1039 - genDependencies : Invalid condition id : LAN8742 Phy interface Condition cause : null
2024-10-29 13:51:09,479 [WARN] PackLoader:240 - Cannot read IP mode file for STMicroelectronics.X-CUBE-SFXS2LP1.4.0.0
2024-10-29 13:51:09,550 [WARN] PackLoader:240 - Cannot read IP mode file for STMicroelectronics.X-CUBE-AZRTOS-H7.3.3.0
2024-10-29 13:51:09,579 [WARN] PackLoader:240 - Cannot read IP mode file for STMicroelectronics.X-CUBE-IPS.3.0.0
2024-10-29 13:51:09,609 [WARN] ConditionMgr:438 - getConditionDescription Invalid condition id : UX DEVICE CLASS RTOS Condition cause : null
2024-10-29 13:51:09,609 [WARN] ConditionMgr:438 - getConditionDescription Invalid condition id : UX DEVICE CLASS RTOS Condition cause : null
2024-10-29 13:51:09,616 [WARN] PackLoader:240 - Cannot read IP mode file for STMicroelectronics.X-CUBE-AZRTOS-WB.2.0.0
2024-10-29 13:51:09,618 [WARN] ConditionMgr:1039 - genDependencies : Invalid condition id : UX DEVICE CLASS RTOS Condition cause : null
2024-10-29 13:51:09,618 [WARN] ConditionMgr:1039 - genDependencies : Invalid condition id : UX DEVICE CLASS RTOS Condition cause : null
2024-10-29 13:51:09,619 [WARN] ConditionMgr:1039 - genDependencies : Invalid condition id : UX DEVICE CLASS RTOS Condition cause : null
2024-10-29 13:51:09,620 [WARN] ConditionMgr:1039 - genDependencies : Invalid condition id : UX DEVICE CLASS RTOS Condition cause : null
2024-10-29 13:51:09,620 [WARN] ConditionMgr:1039 - genDependencies : Invalid condition id : UX DEVICE CLASS RTOS Condition cause : null
2024-10-29 13:51:09,633 [WARN] PackLoader:240 - Cannot read IP mode file for STMicroelectronics.X-CUBE-GNSS1.7.0.0
2024-10-29 13:51:09,645 [WARN] PackLoader:240 - Cannot read IP mode file for STMicroelectronics.FP-SNS-STBOX1.2.0.0
2024-10-29 13:51:09,670 [WARN] PackLoader:240 - Cannot read IP mode file for STMicroelectronics.X-CUBE-SUBG2.5.0.0
2024-10-29 13:51:09,685 [WARN] PackLoader:240 - Cannot read IP mode file for Cesanta.I-CUBE-Mongoose.7.13.0
2024-10-29 13:51:09,710 [WARN] PackLoader:240 - Cannot read IP mode file for STMicroelectronics.X-CUBE-AZRTOS-G4.2.0.0
2024-10-29 13:51:09,721 [WARN] PackLoader:240 - Cannot read IP mode file for STMicroelectronics.X-CUBE-ALS.1.0.2
2024-10-29 13:51:09,726 [WARN] PackLoader:240 - Cannot read IP mode file for STMicroelectronics.X-CUBE-TOUCHGFX.4.24.1
2024-10-29 13:51:09,732 [WARN] PackLoader:240 - Cannot read IP mode file for wolfSSL.I-CUBE-wolfTPM.3.4.0
2024-10-29 13:51:09,739 [WARN] PackLoader:240 - Cannot read IP mode file for portGmbH.I-Cube-SoM-uGOAL.1.1.0
2024-10-29 13:51:09,771 [WARN] PackLoader:240 - Cannot read IP mode file for STMicroelectronics.X-CUBE-AZRTOS-H7RS.1.0.0
2024-10-29 13:51:09,782 [WARN] PackLoader:240 - Cannot read IP mode file for STMicroelectronics.FP-ATR-ASTRA1.2.0.0
2024-10-29 13:51:09,802 [WARN] PackLoader:240 - Cannot read IP mode file for STMicroelectronics.X-CUBE-TOF1.3.4.2
2024-10-29 13:51:09,869 [WARN] PackLoader:240 - Cannot read IP mode file for Infineon.AIROC-Wi-Fi-Bluetooth-STM32.1.6.1
2024-10-29 13:51:09,896 [WARN] PackLoader:240 - Cannot read IP mode file for wolfSSL.I-CUBE-wolfSSH.1.4.17
2024-10-29 13:51:09,898 [INFO] ThirdParty:978 - Integrity check success = true
2024-10-29 13:51:09,898 [INFO] IntegrityCheckThread:100 - exiting critical section [integrity check]
2024-10-29 13:51:09,898 [INFO] IntegrityCheckThread:103 - End integrity checks thread
2024-10-29 13:51:12,095 [INFO] WebApp:448 - Apply proxy settings
2024-10-29 13:51:12,130 [INFO] WebApp:493 - Chromium authenticates against Manually configured proxy
2024-10-29 13:51:12,173 [INFO] WebApp:501 - Username used for proxy authentication: 
2024-10-29 13:51:12,281 [INFO] WebApp:869 - Register for checkConnection events
2024-10-29 13:51:12,282 [INFO] WebApp:448 - Apply proxy settings
2024-10-29 13:51:12,285 [INFO] WebApp:493 - Chromium authenticates against Manually configured proxy
2024-10-29 13:51:12,286 [INFO] WebApp:501 - Username used for proxy authentication: 
2024-10-29 13:51:12,544 [INFO] WebApp:220 - Starting web application
2024-10-29 13:51:12,545 [INFO] WebApp:578 - Web application path used /Applications/STM32CubeIDE.app/Contents/Eclipse/plugins/com.st.stm32cube.common.mx_6.12.1.202409122256/db/plugins/mcufinder/reactClient1/index.html
2024-10-29 13:51:13,423 [INFO] WebApp:186 - Connection restablished
2024-10-29 13:51:13,552 [INFO] UserAuth:417 - Internet connection configuration mode: 1
2024-10-29 13:51:32,054 [INFO] WebApp:189 - Connection lost
2024-10-29 15:02:40,896 [ERROR] LogOutputStream:75 - [STDERR_REDIRECT] 
