2024-09-28 13:21:16,623 [INFO] Activator:176 - 


2024-09-28 13:21:16,629 [INFO] Activator:177 - !SESSION log4j initialized
2024-09-28 13:21:22,113 [INFO] LogOutputStream:77 - [STDOUT_REDIRECT] 
2024-09-28 13:21:22,564 [ERROR] LogOutputStream:75 - [STDERR_REDIRECT] 
2024-09-28 13:21:25,135 [INFO] LogOutputStream:77 - [STDOUT_REDIRECT] 
2024-09-28 13:21:26,492 [INFO] ApplicationProperties:184 - Using Application install path: /Applications/STM32CubeIDE.app/Contents/Eclipse/plugins/com.st.stm32cube.common.mx_6.12.0.202406281431
2024-09-28 13:21:26,507 [INFO] DbMcusXml:78 - Set database path to: /Applications/STM32CubeIDE.app/Contents/Eclipse/plugins/com.st.stm32cube.common.mx_6.12.0.202406281431//db//mcu/
2024-09-28 13:21:26,507 [INFO] ApiDb:274 - Set plugin database path to: /Applications/STM32CubeIDE.app/Contents/Eclipse/plugins/com.st.stm32cube.common.mx_6.12.0.202406281431//db//plugins/boardmanager/
2024-09-28 13:21:26,507 [WARN] ApiDb:259 - Overriding images path with different value:  => /Applications/STM32CubeIDE.app/Contents/Eclipse/plugins/com.st.stm32cube.common.mx_6.12.0.202406281431//db//plugins/mcufinder/images/
2024-09-28 13:21:26,515 [INFO] ApiDb:250 - Set database path to: /Users/jewoolee/.stmcufinder/plugins/mcufinder//mcu/
2024-09-28 13:21:26,516 [INFO] DbMcusAds:125 - Set database path to: /Users/jewoolee/.stmcufinder/plugins/mcufinder//mcu/
2024-09-28 13:21:26,518 [INFO] CrossReferenceDbSqlite:203 - Set database path to: /Users/jewoolee/.stmcufinder/plugins/mcufinder//mcu/cs/
2024-09-28 13:21:26,647 [INFO] RulesReader:64 - Compatibility file has been processed (297 Rules)
2024-09-28 13:21:26,712 [INFO] DbMcusXml:78 - Set database path to: /Applications/STM32CubeIDE.app/Contents/Eclipse/plugins/com.st.stm32cube.common.mx_6.12.0.202406281431//db//mcu/
2024-09-28 13:21:26,712 [INFO] ApiDb:274 - Set plugin database path to: /Applications/STM32CubeIDE.app/Contents/Eclipse/plugins/com.st.stm32cube.common.mx_6.12.0.202406281431//db//plugins/boardmanager/
2024-09-28 13:21:26,712 [INFO] ApiDb:261 - Set plugin images path to: /Applications/STM32CubeIDE.app/Contents/Eclipse/plugins/com.st.stm32cube.common.mx_6.12.0.202406281431//db//plugins/mcufinder/images/
2024-09-28 13:21:26,713 [WARN] DbFile:41 - Overriding database path with different value: /Users/jewoolee/.stmcufinder/plugins/mcufinder/ => /Users/jewoolee/.stmcufinder/plugins/mcufinder
2024-09-28 13:21:26,713 [INFO] ApiDb:250 - Set database path to: /Users/jewoolee/.stmcufinder/plugins/mcufinder//mcu/
2024-09-28 13:21:26,713 [WARN] DbFile:41 - Overriding database path with different value: /Users/jewoolee/.stmcufinder/plugins/mcufinder/ => /Users/jewoolee/.stmcufinder/plugins/mcufinder
2024-09-28 13:21:26,713 [INFO] DbMcusAds:125 - Set database path to: /Users/jewoolee/.stmcufinder/plugins/mcufinder//mcu/
2024-09-28 13:21:26,713 [WARN] DbFile:41 - Overriding database path with different value: /Users/jewoolee/.stmcufinder/plugins/mcufinder/ => /Users/jewoolee/.stmcufinder/plugins/mcufinder
2024-09-28 13:21:26,713 [WARN] DbFile:41 - Overriding database path with different value: /Users/jewoolee/.stmcufinder/plugins/mcufinder/ => /Users/jewoolee/.stmcufinder/plugins/mcufinder
2024-09-28 13:21:26,713 [INFO] CrossReferenceDbSqlite:203 - Set database path to: /Users/jewoolee/.stmcufinder/plugins/mcufinder//mcu/cs/
2024-09-28 13:21:26,789 [INFO] MainPanel:268 - HeapMemory: 268435456
2024-09-28 13:21:27,274 [INFO] DbMcusXml:78 - Set database path to: /Applications/STM32CubeIDE.app/Contents/Eclipse/plugins/com.st.stm32cube.common.mx_6.12.0.202406281431//db//mcu/
2024-09-28 13:21:27,274 [INFO] ApiDb:274 - Set plugin database path to: /Applications/STM32CubeIDE.app/Contents/Eclipse/plugins/com.st.stm32cube.common.mx_6.12.0.202406281431//db//plugins/boardmanager/
2024-09-28 13:21:27,275 [INFO] ApiDb:261 - Set plugin images path to: /Applications/STM32CubeIDE.app/Contents/Eclipse/plugins/com.st.stm32cube.common.mx_6.12.0.202406281431//db//plugins/mcufinder/images/
2024-09-28 13:21:27,275 [WARN] DbFile:41 - Overriding database path with different value: /Users/jewoolee/.stmcufinder/plugins/mcufinder/ => /Users/jewoolee/.stmcufinder/plugins/mcufinder
2024-09-28 13:21:27,275 [INFO] ApiDb:250 - Set database path to: /Users/jewoolee/.stmcufinder/plugins/mcufinder//mcu/
2024-09-28 13:21:27,275 [WARN] DbFile:41 - Overriding database path with different value: /Users/jewoolee/.stmcufinder/plugins/mcufinder/ => /Users/jewoolee/.stmcufinder/plugins/mcufinder
2024-09-28 13:21:27,276 [INFO] DbMcusAds:125 - Set database path to: /Users/jewoolee/.stmcufinder/plugins/mcufinder//mcu/
2024-09-28 13:21:27,276 [WARN] DbFile:41 - Overriding database path with different value: /Users/jewoolee/.stmcufinder/plugins/mcufinder/ => /Users/jewoolee/.stmcufinder/plugins/mcufinder
2024-09-28 13:21:27,276 [WARN] DbFile:41 - Overriding database path with different value: /Users/jewoolee/.stmcufinder/plugins/mcufinder/ => /Users/jewoolee/.stmcufinder/plugins/mcufinder
2024-09-28 13:21:27,276 [INFO] CrossReferenceDbSqlite:203 - Set database path to: /Users/jewoolee/.stmcufinder/plugins/mcufinder//mcu/cs/
2024-09-28 13:21:27,294 [INFO] ApplicationProperties:184 - Using Application install path: /Applications/STM32CubeIDE.app/Contents/Eclipse/plugins/com.st.stm32cube.common.mx_6.12.0.202406281431
2024-09-28 13:21:27,295 [INFO] PluginManage:196 - Search for loadable plugins [exclusion list=, ]
2024-09-28 13:21:27,297 [INFO] PluginManage:310 - Check plugin analytics
2024-09-28 13:21:27,524 [INFO] AnalyticsPlugin:253 - Accepted Software Licenses: 
2024-09-28 13:21:27,525 [INFO] AnalyticsPlugin:255 - Accepted CMSIS Pack Licenses: 
2024-09-28 13:21:27,525 [INFO] AnalyticsPlugin:257 - Accepted Firmware Licenses: FW.L4.1.18.0
2024-09-28 13:21:27,532 [INFO] PluginManage:359 - Loaded plugin analytics (category:tool,tabindex:-1)
2024-09-28 13:21:27,533 [INFO] PluginManage:310 - Check plugin cadmodel
2024-09-28 13:21:27,543 [INFO] CADModel:105 - Init CAD model plugin
2024-09-28 13:21:27,544 [INFO] PluginManage:359 - Loaded plugin cadmodel (category:power,tabindex:5)
2024-09-28 13:21:27,544 [INFO] PluginManage:310 - Check plugin clock
2024-09-28 13:21:27,554 [INFO] PluginManage:359 - Loaded plugin clock (category:base,tabindex:2)
2024-09-28 13:21:27,554 [INFO] PluginManage:310 - Check plugin ddr
2024-09-28 13:21:27,556 [INFO] PluginManage:359 - Loaded plugin ddr (category:tool,tabindex:6)
2024-09-28 13:21:27,556 [INFO] PluginManage:310 - Check plugin filemanager
2024-09-28 13:21:27,722 [INFO] PluginManage:359 - Loaded plugin filemanager (category:base,tabindex:10)
2024-09-28 13:21:27,723 [INFO] PluginManage:310 - Check plugin ipmanager
2024-09-28 13:21:27,755 [INFO] PluginManage:359 - Loaded plugin ipmanager (category:base,tabindex:5)
2024-09-28 13:21:27,756 [INFO] PluginManage:310 - Check plugin lpbam
2024-09-28 13:21:27,768 [INFO] PluginManage:359 - Loaded plugin lpbam (category:base,tabindex:0)
2024-09-28 13:21:27,768 [INFO] PluginManage:310 - Check plugin memorymap
2024-09-28 13:21:27,781 [INFO] PluginManage:359 - Loaded plugin memorymap (category:base,tabindex:4)
2024-09-28 13:21:27,782 [INFO] PluginManage:310 - Check plugin pinoutandconfiguration
2024-09-28 13:21:27,789 [INFO] PluginManage:359 - Loaded plugin pinoutandconfiguration (category:base,tabindex:1)
2024-09-28 13:21:27,789 [INFO] PluginManage:310 - Check plugin pinoutconfig
2024-09-28 13:21:27,887 [WARN] SupportedApi:132 - Cannot load RTOS API schema: s4s-elt-must-match.1: The content of 'definitions' must match (annotation?, (simpleType | complexType)?, (unique | key | keyref)*)). A problem was found starting at: attribute.
2024-09-28 13:21:28,184 [INFO] PluginManage:359 - Loaded plugin pinoutconfig (category:base,tabindex:0)
2024-09-28 13:21:28,187 [INFO] PluginManage:310 - Check plugin power
2024-09-28 13:21:28,224 [INFO] PluginManage:359 - Loaded plugin power (category:power,tabindex:4)
2024-09-28 13:21:28,224 [INFO] PluginManage:310 - Check plugin projectmanager
2024-09-28 13:21:28,370 [INFO] PluginManage:359 - Loaded plugin projectmanager (category:projectmanager,tabindex:4)
2024-09-28 13:21:28,372 [INFO] PluginManage:310 - Check plugin rif
2024-09-28 13:21:28,391 [INFO] PluginManage:359 - Loaded plugin rif (category:base,tabindex:3)
2024-09-28 13:21:28,393 [INFO] PluginManage:310 - Check plugin thirdparty
2024-09-28 13:21:28,678 [INFO] PluginManage:359 - Loaded plugin thirdparty (category:base,tabindex:-1)
2024-09-28 13:21:28,680 [INFO] PluginManage:310 - Check plugin tools
2024-09-28 13:21:28,678 [WARN] IntegrityCheckThread:84 - waiting for thirdparty lock release [integrity check]
2024-09-28 13:21:28,681 [INFO] IntegrityCheckThread:86 - entering critical section [integrity check]
2024-09-28 13:21:28,683 [INFO] ThirdPartyUpdaterWithRetryManager:70 - Updater plugin not ready yet. [1/15]
2024-09-28 13:21:28,685 [INFO] PluginManage:359 - Loaded plugin tools (category:base,tabindex:7)
2024-09-28 13:21:28,686 [INFO] PluginManage:310 - Check plugin tutovideos
2024-09-28 13:21:28,854 [INFO] PluginManage:359 - Loaded plugin tutovideos (category:base,tabindex:-1)
2024-09-28 13:21:28,854 [INFO] PluginManage:310 - Check plugin updater
2024-09-28 13:21:28,878 [INFO] PluginManage:359 - Loaded plugin updater (category:base,tabindex:12)
2024-09-28 13:21:28,878 [INFO] PluginManage:310 - Check plugin userauth
2024-09-28 13:21:28,884 [INFO] UserAuth:113 - Init User Auth plugin
2024-09-28 13:21:28,884 [INFO] PluginManage:359 - Loaded plugin userauth (category:base,tabindex:14)
2024-09-28 13:21:28,884 [INFO] PluginManage:283 - PluginManage : Loaded plugins [18]
2024-09-28 13:21:29,139 [INFO] PinOutPanel:1561 - setPackage(No Configuration,No Configuration)
2024-09-28 13:21:29,317 [INFO] CADModel:165 - CPN selected for project level
2024-09-28 13:21:29,318 [INFO] CADModel:114 - Register for checkConnection events
2024-09-28 13:21:29,340 [INFO] IPUIPlugin:80 - create IPUIPlugin
2024-09-28 13:21:29,342 [INFO] PluginManager:220 - loadIPPluginJar : add mdma
2024-09-28 13:21:29,349 [INFO] IPUIPlugin:80 - create IPUIPlugin
2024-09-28 13:21:29,350 [INFO] PluginManager:220 - loadIPPluginJar : add freertos
2024-09-28 13:21:29,353 [INFO] IPUIPlugin:80 - create IPUIPlugin
2024-09-28 13:21:29,353 [INFO] PluginManager:220 - loadIPPluginJar : add gic
2024-09-28 13:21:29,360 [INFO] IPUIPlugin:80 - create IPUIPlugin
2024-09-28 13:21:29,360 [INFO] PluginManager:220 - loadIPPluginJar : add adc
2024-09-28 13:21:29,362 [INFO] IPUIPlugin:80 - create IPUIPlugin
2024-09-28 13:21:29,362 [INFO] PluginManager:220 - loadIPPluginJar : add gtzc
2024-09-28 13:21:29,363 [INFO] IPUIPlugin:80 - create IPUIPlugin
2024-09-28 13:21:29,363 [INFO] PluginManager:220 - loadIPPluginJar : add quadspi
2024-09-28 13:21:29,364 [INFO] IPUIPlugin:80 - create IPUIPlugin
2024-09-28 13:21:29,364 [INFO] PluginManager:220 - loadIPPluginJar : add aes
2024-09-28 13:21:29,366 [INFO] IPUIPlugin:80 - create IPUIPlugin
2024-09-28 13:21:29,366 [INFO] PluginManager:220 - loadIPPluginJar : add pdm2pcm
2024-09-28 13:21:29,368 [INFO] IPUIPlugin:80 - create IPUIPlugin
2024-09-28 13:21:29,368 [INFO] PluginManager:220 - loadIPPluginJar : add hash
2024-09-28 13:21:29,369 [INFO] IPUIPlugin:80 - create IPUIPlugin
2024-09-28 13:21:29,369 [INFO] PluginManager:220 - loadIPPluginJar : add tim
2024-09-28 13:21:29,369 [INFO] IPUIPlugin:80 - create IPUIPlugin
2024-09-28 13:21:29,370 [INFO] PluginManager:220 - loadIPPluginJar : add tsc
2024-09-28 13:21:29,371 [INFO] IPUIPlugin:80 - create IPUIPlugin
2024-09-28 13:21:29,371 [INFO] PluginManager:220 - loadIPPluginJar : add extmemmanager
2024-09-28 13:21:29,373 [INFO] IPUIPlugin:80 - create IPUIPlugin
2024-09-28 13:21:29,373 [INFO] PluginManager:220 - loadIPPluginJar : add ts
2024-09-28 13:21:29,374 [INFO] IPUIPlugin:80 - create IPUIPlugin
2024-09-28 13:21:29,374 [INFO] PluginManager:220 - loadIPPluginJar : add radio
2024-09-28 13:21:29,376 [INFO] IPUIPlugin:80 - create IPUIPlugin
2024-09-28 13:21:29,376 [INFO] PluginManager:220 - loadIPPluginJar : add can
2024-09-28 13:21:29,377 [INFO] IPUIPlugin:80 - create IPUIPlugin
2024-09-28 13:21:29,377 [INFO] PluginManager:220 - loadIPPluginJar : add dma3
2024-09-28 13:21:29,378 [INFO] IPUIPlugin:80 - create IPUIPlugin
2024-09-28 13:21:29,378 [INFO] PluginManager:220 - loadIPPluginJar : add dfsdm
2024-09-28 13:21:29,379 [INFO] IPUIPlugin:80 - create IPUIPlugin
2024-09-28 13:21:29,379 [INFO] PluginManager:220 - loadIPPluginJar : add spi
2024-09-28 13:21:29,380 [INFO] IPUIPlugin:80 - create IPUIPlugin
2024-09-28 13:21:29,381 [INFO] PluginManager:220 - loadIPPluginJar : add gfxmmu
2024-09-28 13:21:29,382 [INFO] IPUIPlugin:80 - create IPUIPlugin
2024-09-28 13:21:29,383 [INFO] PluginManager:220 - loadIPPluginJar : add genericplugin
2024-09-28 13:21:29,384 [INFO] IPUIPlugin:80 - create IPUIPlugin
2024-09-28 13:21:29,384 [INFO] PluginManager:220 - loadIPPluginJar : add cryp
2024-09-28 13:21:29,387 [INFO] IPUIPlugin:80 - create IPUIPlugin
2024-09-28 13:21:29,388 [INFO] PluginManager:220 - loadIPPluginJar : add gpio
2024-09-28 13:21:29,390 [INFO] IPUIPlugin:80 - create IPUIPlugin
2024-09-28 13:21:29,391 [INFO] PluginManager:220 - loadIPPluginJar : add ddr_ctrl_phy
2024-09-28 13:21:29,392 [INFO] IPUIPlugin:80 - create IPUIPlugin
2024-09-28 13:21:29,392 [INFO] PluginManager:220 - loadIPPluginJar : add comp
2024-09-28 13:21:29,393 [INFO] IPUIPlugin:80 - create IPUIPlugin
2024-09-28 13:21:29,394 [INFO] PluginManager:220 - loadIPPluginJar : add tracer_emb
2024-09-28 13:21:29,396 [INFO] IPUIPlugin:80 - create IPUIPlugin
2024-09-28 13:21:29,396 [INFO] PluginManager:220 - loadIPPluginJar : add openamp
2024-09-28 13:21:29,400 [INFO] IPUIPlugin:80 - create IPUIPlugin
2024-09-28 13:21:29,400 [INFO] PluginManager:220 - loadIPPluginJar : add stm32_wpan
2024-09-28 13:21:29,404 [INFO] IPUIPlugin:80 - create IPUIPlugin
2024-09-28 13:21:29,413 [INFO] PluginManager:220 - loadIPPluginJar : add plateformsettings
2024-09-28 13:21:29,415 [INFO] IPUIPlugin:80 - create IPUIPlugin
2024-09-28 13:21:29,416 [INFO] PluginManager:220 - loadIPPluginJar : add ipddr
2024-09-28 13:21:29,417 [INFO] IPUIPlugin:80 - create IPUIPlugin
2024-09-28 13:21:29,417 [INFO] PluginManager:220 - loadIPPluginJar : add usart
2024-09-28 13:21:29,418 [INFO] IPUIPlugin:80 - create IPUIPlugin
2024-09-28 13:21:29,418 [INFO] PluginManager:220 - loadIPPluginJar : add ltdc
2024-09-28 13:21:29,420 [INFO] IPUIPlugin:80 - create IPUIPlugin
2024-09-28 13:21:29,420 [INFO] PluginManager:220 - loadIPPluginJar : add nvic
2024-09-28 13:21:29,421 [INFO] IPUIPlugin:80 - create IPUIPlugin
2024-09-28 13:21:29,422 [INFO] PluginManager:220 - loadIPPluginJar : add fatfs
2024-09-28 13:21:29,426 [INFO] IPUIPlugin:80 - create IPUIPlugin
2024-09-28 13:21:29,426 [INFO] PluginManager:220 - loadIPPluginJar : add linkedlist
2024-09-28 13:21:29,430 [INFO] IPUIPlugin:80 - create IPUIPlugin
2024-09-28 13:21:29,430 [INFO] PluginManager:220 - loadIPPluginJar : add dma
2024-09-28 13:21:29,432 [INFO] IPUIPlugin:80 - create IPUIPlugin
2024-09-28 13:21:29,432 [INFO] PluginManager:220 - loadIPPluginJar : add fmc
2024-09-28 13:21:29,434 [INFO] IPUIPlugin:80 - create IPUIPlugin
2024-09-28 13:21:29,434 [INFO] PluginManager:220 - loadIPPluginJar : add i2s
2024-09-28 13:21:29,436 [INFO] IPUIPlugin:80 - create IPUIPlugin
2024-09-28 13:21:29,436 [INFO] PluginManager:220 - loadIPPluginJar : add ucpd
2024-09-28 13:21:29,437 [INFO] IPUIPlugin:80 - create IPUIPlugin
2024-09-28 13:21:29,438 [INFO] PluginManager:220 - loadIPPluginJar : add lorawan
2024-09-28 13:21:29,440 [INFO] IPUIPlugin:80 - create IPUIPlugin
2024-09-28 13:21:29,440 [INFO] PluginManager:220 - loadIPPluginJar : add opamp
2024-09-28 13:21:29,442 [INFO] IPUIPlugin:80 - create IPUIPlugin
2024-09-28 13:21:29,442 [INFO] PluginManager:220 - loadIPPluginJar : add i3c
2024-09-28 13:21:29,444 [INFO] IPUIPlugin:80 - create IPUIPlugin
2024-09-28 13:21:29,444 [INFO] PluginManager:220 - loadIPPluginJar : add touchsensing
2024-09-28 13:21:29,446 [INFO] IPUIPlugin:80 - create IPUIPlugin
2024-09-28 13:21:29,446 [INFO] PluginManager:220 - loadIPPluginJar : add i2c
2024-09-28 13:21:29,448 [INFO] IPUIPlugin:80 - create IPUIPlugin
2024-09-28 13:21:29,448 [INFO] PluginManager:220 - loadIPPluginJar : add resmgrutility
2024-09-28 13:21:29,450 [INFO] IPUIPlugin:80 - create IPUIPlugin
2024-09-28 13:21:29,450 [INFO] PluginManager:220 - loadIPPluginJar : add sai
2024-09-28 13:21:29,452 [INFO] IPUIPlugin:80 - create IPUIPlugin
2024-09-28 13:21:29,453 [INFO] PluginManager:220 - loadIPPluginJar : add usbx
2024-09-28 13:21:29,570 [INFO] CADModel:165 - CPN selected for project level
2024-09-28 13:21:29,571 [INFO] CADModel:114 - Register for checkConnection events
2024-09-28 13:21:29,571 [FATAL] Updater:334 - Updater called before beeing initialized
2024-09-28 13:21:29,574 [ERROR] CADModel:125 - Updater not yet initialized, retry later 
2024-09-28 13:21:29,779 [INFO] CADModel:165 - CPN selected for project level
2024-09-28 13:21:29,779 [INFO] CADModel:114 - Register for checkConnection events
2024-09-28 13:21:29,779 [FATAL] Updater:334 - Updater called before beeing initialized
2024-09-28 13:21:29,779 [ERROR] CADModel:125 - Updater not yet initialized, retry later 
2024-09-28 13:21:29,782 [FATAL] Updater:334 - Updater called before beeing initialized
2024-09-28 13:21:29,943 [FATAL] Updater:334 - Updater called before beeing initialized
2024-09-28 13:21:29,948 [INFO] DbMcusAds:53 - JSON generation date=Mon Sep 16 10:40:22 EDT 2024 (1726497622318)
2024-09-28 13:21:29,949 [FATAL] Updater:334 - Updater called before beeing initialized
2024-09-28 13:21:30,010 [WARN] DetailPanel:346 - Failed to get advertising image, set to default
2024-09-28 13:21:30,076 [FATAL] Updater:334 - Updater called before beeing initialized
2024-09-28 13:21:30,077 [FATAL] Updater:334 - Updater called before beeing initialized
2024-09-28 13:21:30,077 [FATAL] Updater:334 - Updater called before beeing initialized
2024-09-28 13:21:30,077 [WARN] DetailPanel:346 - Failed to get advertising image, set to default
2024-09-28 13:21:30,078 [FATAL] Updater:334 - Updater called before beeing initialized
2024-09-28 13:21:30,143 [ERROR] Updater:1164 - MainUpdater not yet initialized. External WinMGr cannot be set.
2024-09-28 13:21:30,150 [INFO] Updater:1100 - Updater Version found : 6.12.0
2024-09-28 13:21:30,164 [INFO] ApplicationProperties:184 - Using Application install path: /Applications/STM32CubeIDE.app/Contents/Eclipse/plugins/com.st.stm32cube.common.mx_6.12.0.202406281431
2024-09-28 13:21:30,483 [INFO] MainUpdater:2873 - connection check result : 10
2024-09-28 13:21:30,484 [INFO] MainUpdater:290 - Updater Check For Update Now.
2024-09-28 13:21:30,484 [INFO] MicroXplorer:498 - Change Database Version : DB.6.0.120
2024-09-28 13:21:30,493 [INFO] McuFinderGlobals:63 - Set McuFinder mode to 2 (CubeIDE integrated)
2024-09-28 13:21:30,496 [INFO] UserAuth:417 - Internet connection configuration mode: 1
2024-09-28 13:21:30,512 [INFO] JxBrowserEngine:152 - Initiate JxBrowser Engine with user profile folder
2024-09-28 13:21:30,741 [INFO] CheckServerUpdateThread:120 - End of CheckServer Thread
2024-09-28 13:21:31,938 [WARN] PackLoader:240 - Cannot read IP mode file for STMicroelectronics.FP-SNS-MOTENVWB1.1.4.0
2024-09-28 13:21:31,978 [WARN] PackLoader:240 - Cannot read IP mode file for STMicroelectronics.X-CUBE-SMBUS.2.1.0
2024-09-28 13:21:32,053 [WARN] PackLoader:240 - Cannot read IP mode file for STMicroelectronics.X-CUBE-AZRTOS-F7.1.1.0
2024-09-28 13:21:32,190 [WARN] PackLoader:240 - Cannot read IP mode file for STMicroelectronics.X-CUBE-MEMS1.11.0.0
2024-09-28 13:21:32,447 [WARN] PackLoader:240 - Cannot read IP mode file for STMicroelectronics.FP-SNS-FLIGHT1.5.0.2
2024-09-28 13:21:32,473 [WARN] PackLoader:240 - Cannot read IP mode file for STMicroelectronics.X-CUBE-DISPLAY.3.0.0
2024-09-28 13:21:32,492 [WARN] PackLoader:240 - Cannot read IP mode file for STMicroelectronics.X-CUBE-BLE1.7.0.0
2024-09-28 13:21:32,511 [WARN] PackLoader:240 - Cannot read IP mode file for emotas.I-CUBE-CANOPEN.1.3.0
2024-09-28 13:21:32,549 [WARN] PackLoader:240 - Cannot read IP mode file for STMicroelectronics.X-CUBE-BLEMGR.3.1.0
2024-09-28 13:21:32,560 [WARN] PackLoader:240 - Cannot read IP mode file for STMicroelectronics.FP-SNS-SMARTAG2.1.2.0
2024-09-28 13:21:32,585 [INFO] LogOutputStream:77 - [STDOUT_REDIRECT] 1 : Invalid condition id : UX_CORESTACK_Condition cause : null
2024-09-28 13:21:32,588 [INFO] LogOutputStream:77 - [STDOUT_REDIRECT] 1 : Invalid condition id : UX_CORESTACK_Condition cause : null
2024-09-28 13:21:32,588 [INFO] LogOutputStream:77 - [STDOUT_REDIRECT] 1 : Invalid condition id : UX_CORESTACK_Condition cause : null
2024-09-28 13:21:32,588 [INFO] LogOutputStream:77 - [STDOUT_REDIRECT] 1 : Invalid condition id : UX_CORESTACK_Condition cause : null
2024-09-28 13:21:32,588 [INFO] LogOutputStream:77 - [STDOUT_REDIRECT] 1 : Invalid condition id : UX_CORESTACK_Condition cause : null
2024-09-28 13:21:32,596 [WARN] PackLoader:240 - Cannot read IP mode file for STMicroelectronics.X-CUBE-AZRTOS-WL.2.0.0
2024-09-28 13:21:32,611 [WARN] PackLoader:240 - Cannot read IP mode file for STMicroelectronics.FP-SNS-MOTENV1.5.0.0
2024-09-28 13:21:32,619 [WARN] PackLoader:240 - Cannot read IP mode file for wolfSSL.I-CUBE-wolfMQTT.1.19.0
2024-09-28 13:21:32,628 [WARN] PackLoader:240 - Cannot read IP mode file for WES.I-CUBE-Cesium.1.3.0
2024-09-28 13:21:32,634 [WARN] PackLoader:240 - Cannot read IP mode file for STMicroelectronics.X-CUBE-BLE2.3.3.0
2024-09-28 13:21:32,640 [WARN] PackLoader:240 - Cannot read IP mode file for STMicroelectronics.X-CUBE-TCPP.4.1.0
2024-09-28 13:21:32,673 [WARN] PackLoader:240 - Cannot read IP mode file for STMicroelectronics.X-CUBE-AZRTOS-G0.1.1.0
2024-09-28 13:21:32,698 [WARN] PackLoader:240 - Cannot read IP mode file for STMicroelectronics.X-CUBE-SAFEA1.1.2.2
2024-09-28 13:21:32,719 [WARN] PackLoader:240 - Cannot read IP mode file for STMicroelectronics.X-CUBE-NFC4.3.0.0
2024-09-28 13:21:32,757 [WARN] PackLoader:240 - Cannot read IP mode file for EmbeddedOffice.I-CUBE-FS-RTOS.1.0.1
2024-09-28 13:21:32,761 [ERROR] ConditionMgr:805 - Attr not supported : Dmpu
2024-09-28 13:21:32,763 [ERROR] ConditionMgr:805 - Attr not supported : Dmpu
2024-09-28 13:21:32,764 [ERROR] ConditionMgr:805 - Attr not supported : Dmpu
2024-09-28 13:21:32,764 [ERROR] ConditionMgr:805 - Attr not supported : Dmpu
2024-09-28 13:21:32,764 [ERROR] ConditionMgr:805 - Attr not supported : Dmpu
2024-09-28 13:21:32,764 [ERROR] ConditionMgr:805 - Attr not supported : Dmpu
2024-09-28 13:21:32,764 [ERROR] ConditionMgr:805 - Attr not supported : Dmpu
2024-09-28 13:21:32,764 [ERROR] ConditionMgr:805 - Attr not supported : Dmpu
2024-09-28 13:21:32,764 [ERROR] ConditionMgr:805 - Attr not supported : Dmpu
2024-09-28 13:21:32,764 [ERROR] ConditionMgr:805 - Attr not supported : Dmpu
2024-09-28 13:21:32,764 [ERROR] ConditionMgr:805 - Attr not supported : Dmpu
2024-09-28 13:21:32,764 [ERROR] ConditionMgr:805 - Attr not supported : Dmpu
2024-09-28 13:21:32,764 [ERROR] ConditionMgr:805 - Attr not supported : Dmpu
2024-09-28 13:21:32,764 [ERROR] ConditionMgr:805 - Attr not supported : Dmpu
2024-09-28 13:21:32,764 [ERROR] ConditionMgr:805 - Attr not supported : Dmpu
2024-09-28 13:21:32,765 [ERROR] ConditionMgr:805 - Attr not supported : Dmpu
2024-09-28 13:21:32,765 [ERROR] ConditionMgr:805 - Attr not supported : Dmpu
2024-09-28 13:21:32,765 [ERROR] ConditionMgr:805 - Attr not supported : Dmpu
2024-09-28 13:21:32,765 [ERROR] ConditionMgr:805 - Attr not supported : Dmpu
2024-09-28 13:21:32,765 [ERROR] ConditionMgr:805 - Attr not supported : Dmpu
2024-09-28 13:21:32,766 [ERROR] ConditionMgr:805 - Attr not supported : Dmpu
2024-09-28 13:21:32,766 [ERROR] ConditionMgr:805 - Attr not supported : Dmpu
2024-09-28 13:21:32,766 [ERROR] ConditionMgr:805 - Attr not supported : Dmpu
2024-09-28 13:21:32,766 [ERROR] ConditionMgr:805 - Attr not supported : Dmpu
2024-09-28 13:21:32,766 [ERROR] ConditionMgr:805 - Attr not supported : Dmpu
2024-09-28 13:21:32,766 [ERROR] ConditionMgr:805 - Attr not supported : Dmpu
2024-09-28 13:21:32,766 [ERROR] ConditionMgr:805 - Attr not supported : Dmpu
2024-09-28 13:21:32,766 [ERROR] ConditionMgr:805 - Attr not supported : Dmpu
2024-09-28 13:21:32,766 [ERROR] ConditionMgr:805 - Attr not supported : Dmpu
2024-09-28 13:21:32,767 [ERROR] ConditionMgr:805 - Attr not supported : Dmpu
2024-09-28 13:21:32,767 [ERROR] ConditionMgr:805 - Attr not supported : Dmpu
2024-09-28 13:21:32,767 [ERROR] ConditionMgr:805 - Attr not supported : Dmpu
2024-09-28 13:21:32,767 [ERROR] ConditionMgr:805 - Attr not supported : Dmpu
2024-09-28 13:21:32,767 [ERROR] ConditionMgr:805 - Attr not supported : Dmpu
2024-09-28 13:21:32,767 [ERROR] ConditionMgr:805 - Attr not supported : Dmpu
2024-09-28 13:21:32,767 [ERROR] ConditionMgr:805 - Attr not supported : Dmpu
2024-09-28 13:21:32,768 [ERROR] ConditionMgr:805 - Attr not supported : Dmpu
2024-09-28 13:21:32,771 [ERROR] ConditionMgr:805 - Attr not supported : Dmpu
2024-09-28 13:21:32,776 [ERROR] ConditionMgr:805 - Attr not supported : Dmpu
2024-09-28 13:21:32,776 [ERROR] ConditionMgr:805 - Attr not supported : Dmpu
2024-09-28 13:21:32,777 [ERROR] ConditionMgr:805 - Attr not supported : Dmpu
2024-09-28 13:21:32,777 [ERROR] ConditionMgr:805 - Attr not supported : Dmpu
2024-09-28 13:21:32,777 [ERROR] ConditionMgr:805 - Attr not supported : Dmpu
2024-09-28 13:21:32,777 [ERROR] ConditionMgr:805 - Attr not supported : Dmpu
2024-09-28 13:21:32,777 [ERROR] ConditionMgr:805 - Attr not supported : Dmpu
2024-09-28 13:21:32,777 [ERROR] ConditionMgr:805 - Attr not supported : Dmpu
2024-09-28 13:21:32,777 [ERROR] ConditionMgr:805 - Attr not supported : Dmpu
2024-09-28 13:21:32,777 [ERROR] ConditionMgr:805 - Attr not supported : Dmpu
2024-09-28 13:21:32,777 [ERROR] ConditionMgr:805 - Attr not supported : Dmpu
2024-09-28 13:21:32,777 [ERROR] ConditionMgr:805 - Attr not supported : Dmpu
2024-09-28 13:21:32,778 [ERROR] ConditionMgr:805 - Attr not supported : Dmpu
2024-09-28 13:21:32,778 [ERROR] ConditionMgr:805 - Attr not supported : Dmpu
2024-09-28 13:21:32,778 [ERROR] ConditionMgr:805 - Attr not supported : Dmpu
2024-09-28 13:21:32,778 [ERROR] ConditionMgr:805 - Attr not supported : Dmpu
2024-09-28 13:21:32,778 [ERROR] ConditionMgr:805 - Attr not supported : Dmpu
2024-09-28 13:21:32,778 [ERROR] ConditionMgr:805 - Attr not supported : Dmpu
2024-09-28 13:21:32,778 [ERROR] ConditionMgr:805 - Attr not supported : Dmpu
2024-09-28 13:21:32,778 [ERROR] ConditionMgr:805 - Attr not supported : Dmpu
2024-09-28 13:21:32,778 [ERROR] ConditionMgr:805 - Attr not supported : Dmpu
2024-09-28 13:21:32,778 [ERROR] ConditionMgr:805 - Attr not supported : Dmpu
2024-09-28 13:21:32,778 [ERROR] ConditionMgr:805 - Attr not supported : Dmpu
2024-09-28 13:21:32,778 [ERROR] ConditionMgr:805 - Attr not supported : Dmpu
2024-09-28 13:21:32,778 [ERROR] ConditionMgr:805 - Attr not supported : Dmpu
2024-09-28 13:21:32,778 [ERROR] ConditionMgr:805 - Attr not supported : Dmpu
2024-09-28 13:21:32,798 [WARN] PackLoader:240 - Cannot read IP mode file for RealThread.X-CUBE-RT-Thread_Nano.4.1.1
2024-09-28 13:21:32,813 [WARN] PackLoader:240 - Cannot read IP mode file for STMicroelectronics.FP-ATR-SIGFOX1.3.2.0
2024-09-28 13:21:32,823 [WARN] PackLoader:240 - Cannot read IP mode file for wolfSSL.I-CUBE-wolfSSL.5.7.2
2024-09-28 13:21:32,836 [WARN] PackLoader:240 - Cannot read IP mode file for STMicroelectronics.X-CUBE-EEPRMA1.5.1.0
2024-09-28 13:21:32,853 [WARN] PackLoader:240 - Cannot read IP mode file for ITTIA_DB.I-CUBE-ITTIADB.8.9.0
2024-09-28 13:21:32,921 [WARN] PackLoader:240 - Cannot read IP mode file for SEGGER.I-CUBE-embOS.1.3.1
2024-09-28 13:21:32,995 [WARN] PackLoader:240 - Cannot read IP mode file for STMicroelectronics.X-CUBE-ALGOBUILD.1.4.0
2024-09-28 13:21:33,002 [WARN] PackLoader:240 - Cannot read IP mode file for STMicroelectronics.X-CUBE-GNSS1.6.0.0
2024-09-28 13:21:33,023 [WARN] PackLoader:240 - Cannot read IP mode file for STMicroelectronics.X-CUBE-AZRTOS-F4.1.1.0
2024-09-28 13:21:33,046 [WARN] PackLoader:240 - Cannot read IP mode file for STMicroelectronics.X-CUBE-ISPU.2.1.0
2024-09-28 13:21:33,058 [WARN] PackLoader:240 - Cannot read IP mode file for STMicroelectronics.X-CUBE-FREERTOS.1.2.0
2024-09-28 13:21:33,092 [WARN] PackLoader:240 - Cannot read IP mode file for STMicroelectronics.X-CUBE-AZRTOS-L5.2.0.0
2024-09-28 13:21:33,107 [WARN] PackLoader:240 - Cannot read IP mode file for STMicroelectronics.X-CUBE-NFC6.3.1.0
2024-09-28 13:21:33,117 [WARN] PackLoader:240 - Cannot read IP mode file for STMicroelectronics.X-CUBE-DPower.1.2.0
2024-09-28 13:21:33,120 [WARN] PackLoader:240 - Cannot read IP mode file for STMicroelectronics.X-CUBE-AI.9.0.0
2024-09-28 13:21:33,125 [WARN] PackLoader:240 - Cannot read IP mode file for STMicroelectronics.X-CUBE-NFC7.1.0.1
2024-09-28 13:21:33,146 [WARN] ConditionMgr:438 - getConditionDescription Invalid condition id : LAN8742 Phy interface Condition cause : null
2024-09-28 13:21:33,147 [WARN] PackLoader:240 - Cannot read IP mode file for STMicroelectronics.X-CUBE-AZRTOS-L4.2.0.0
2024-09-28 13:21:33,152 [WARN] ConditionMgr:1039 - genDependencies : Invalid condition id : LAN8742 Phy interface Condition cause : null
2024-09-28 13:21:33,152 [WARN] ConditionMgr:1039 - genDependencies : Invalid condition id : LAN8742 Phy interface Condition cause : null
2024-09-28 13:21:33,153 [WARN] ConditionMgr:1039 - genDependencies : Invalid condition id : LAN8742 Phy interface Condition cause : null
2024-09-28 13:21:33,173 [WARN] PackLoader:240 - Cannot read IP mode file for STMicroelectronics.X-CUBE-SFXS2LP1.4.0.0
2024-09-28 13:21:33,217 [WARN] PackLoader:240 - Cannot read IP mode file for STMicroelectronics.X-CUBE-AZRTOS-H7.3.3.0
2024-09-28 13:21:33,247 [WARN] ConditionMgr:438 - getConditionDescription Invalid condition id : UX DEVICE CLASS RTOS Condition cause : null
2024-09-28 13:21:33,248 [WARN] ConditionMgr:438 - getConditionDescription Invalid condition id : UX DEVICE CLASS RTOS Condition cause : null
2024-09-28 13:21:33,251 [WARN] PackLoader:240 - Cannot read IP mode file for STMicroelectronics.X-CUBE-AZRTOS-WB.2.0.0
2024-09-28 13:21:33,252 [WARN] ConditionMgr:1039 - genDependencies : Invalid condition id : UX DEVICE CLASS RTOS Condition cause : null
2024-09-28 13:21:33,252 [WARN] ConditionMgr:1039 - genDependencies : Invalid condition id : UX DEVICE CLASS RTOS Condition cause : null
2024-09-28 13:21:33,253 [WARN] ConditionMgr:1039 - genDependencies : Invalid condition id : UX DEVICE CLASS RTOS Condition cause : null
2024-09-28 13:21:33,253 [WARN] ConditionMgr:1039 - genDependencies : Invalid condition id : UX DEVICE CLASS RTOS Condition cause : null
2024-09-28 13:21:33,254 [WARN] ConditionMgr:1039 - genDependencies : Invalid condition id : UX DEVICE CLASS RTOS Condition cause : null
2024-09-28 13:21:33,267 [WARN] PackLoader:240 - Cannot read IP mode file for STMicroelectronics.X-CUBE-GNSS1.7.0.0
2024-09-28 13:21:33,290 [WARN] PackLoader:240 - Cannot read IP mode file for STMicroelectronics.FP-SNS-STBOX1.2.0.0
2024-09-28 13:21:33,306 [WARN] PackLoader:240 - Cannot read IP mode file for STMicroelectronics.X-CUBE-SUBG2.5.0.0
2024-09-28 13:21:33,316 [WARN] PackLoader:240 - Cannot read IP mode file for Cesanta.I-CUBE-Mongoose.7.13.0
2024-09-28 13:21:33,332 [WARN] PackLoader:240 - Cannot read IP mode file for STMicroelectronics.X-CUBE-AZRTOS-G4.2.0.0
2024-09-28 13:21:33,340 [WARN] PackLoader:240 - Cannot read IP mode file for STMicroelectronics.X-CUBE-ISPU.2.0.0
2024-09-28 13:21:33,345 [WARN] PackLoader:240 - Cannot read IP mode file for STMicroelectronics.X-CUBE-ALS.1.0.2
2024-09-28 13:21:33,350 [WARN] PackLoader:240 - Cannot read IP mode file for STMicroelectronics.X-CUBE-TOUCHGFX.4.24.0
2024-09-28 13:21:33,352 [WARN] PackLoader:240 - Cannot read IP mode file for STMicroelectronics.X-CUBE-TOUCHGFX.4.24.1
2024-09-28 13:21:33,356 [WARN] PackLoader:240 - Cannot read IP mode file for wolfSSL.I-CUBE-wolfTPM.3.4.0
2024-09-28 13:21:33,361 [WARN] PackLoader:240 - Cannot read IP mode file for portGmbH.I-Cube-SoM-uGOAL.1.1.0
2024-09-28 13:21:33,382 [WARN] PackLoader:240 - Cannot read IP mode file for STMicroelectronics.X-CUBE-AZRTOS-H7RS.1.0.0
2024-09-28 13:21:33,392 [WARN] PackLoader:240 - Cannot read IP mode file for STMicroelectronics.FP-ATR-ASTRA1.2.0.0
2024-09-28 13:21:33,404 [WARN] PackLoader:240 - Cannot read IP mode file for STMicroelectronics.X-CUBE-TOF1.3.4.2
2024-09-28 13:21:33,451 [WARN] PackLoader:240 - Cannot read IP mode file for Infineon.AIROC-Wi-Fi-Bluetooth-STM32.1.6.1
2024-09-28 13:21:33,479 [WARN] PackLoader:240 - Cannot read IP mode file for wolfSSL.I-CUBE-wolfSSH.1.4.17
2024-09-28 13:21:33,483 [INFO] ThirdParty:978 - Integrity check success = true
2024-09-28 13:21:33,483 [INFO] IntegrityCheckThread:100 - exiting critical section [integrity check]
2024-09-28 13:21:33,483 [INFO] IntegrityCheckThread:103 - End integrity checks thread
2024-09-28 13:21:35,107 [INFO] WebApp:167 - Instantiating new browser for Auth
2024-09-28 13:21:36,716 [INFO] WebApp:448 - Apply proxy settings
2024-09-28 13:21:36,727 [INFO] WebApp:493 - Chromium authenticates against Manually configured proxy
2024-09-28 13:21:36,753 [INFO] WebApp:501 - Username used for proxy authentication: 
2024-09-28 13:21:36,822 [INFO] WebApp:869 - Register for checkConnection events
2024-09-28 13:21:36,822 [INFO] WebApp:448 - Apply proxy settings
2024-09-28 13:21:36,825 [INFO] WebApp:493 - Chromium authenticates against Manually configured proxy
2024-09-28 13:21:36,826 [INFO] WebApp:501 - Username used for proxy authentication: 
2024-09-28 13:21:37,026 [INFO] WebApp:220 - Starting web application
2024-09-28 13:21:37,026 [INFO] WebApp:578 - Web application path used /Applications/STM32CubeIDE.app/Contents/Eclipse/plugins/com.st.stm32cube.common.mx_6.12.0.202406281431/db/plugins/mcufinder/reactClient1/index.html
2024-09-28 13:21:37,627 [INFO] UserAuth:417 - Internet connection configuration mode: 1
2024-09-28 13:21:37,689 [INFO] WebApp:186 - Connection restablished
2024-09-28 15:19:57,279 [INFO] WebApp:189 - Connection lost
2024-09-28 15:20:01,145 [INFO] WebApp:186 - Connection restablished
2024-09-28 15:21:02,952 [INFO] WebApp:189 - Connection lost
2024-09-28 15:21:13,727 [INFO] WebApp:186 - Connection restablished
2024-09-28 15:22:47,263 [INFO] WebApp:189 - Connection lost
2024-09-28 15:22:51,786 [INFO] WebApp:186 - Connection restablished
2024-09-28 15:23:49,347 [INFO] WebApp:189 - Connection lost
2024-09-28 15:23:54,634 [INFO] WebApp:186 - Connection restablished
2024-09-28 15:24:42,844 [INFO] WebApp:189 - Connection lost
2024-09-28 15:24:47,795 [INFO] WebApp:186 - Connection restablished
2024-09-28 15:26:51,128 [INFO] WebApp:189 - Connection lost
2024-09-28 15:26:55,931 [INFO] WebApp:186 - Connection restablished
2024-09-28 15:29:49,274 [INFO] WebApp:189 - Connection lost
2024-09-28 16:40:06,430 [INFO] WebApp:186 - Connection restablished
